[0.017s] Invoking command in '/home/jorge/capture_ws/build/cnn_pkg': CMAKE_PREFIX_PATH=/home/jorge/capture_ws/install/ros2_aruco_interfaces:/home/jorge/capture_ws/install/cnn_pkg:/home/jorge/capture_ws/install/realsense2_description:/home/jorge/capture_ws/install/realsense2_camera:/home/jorge/capture_ws/install/realsense2_camera_msgs:/home/jorge/capture_ws/install/dnn_pkg:/home/jorge/capture_ws/install/alg1_pkg:/home/jorge/capture_ws/install/ros2_aruco:/opt/ros/foxy /usr/bin/cmake --build /home/jorge/capture_ws/build/cnn_pkg -- -j8 -l8
[0.077s] [35m[1mScanning dependencies of target get_aruco_exe[0m
[0.077s] [35m[1mScanning dependencies of target send_frames_exe[0m
[0.083s] [35m[1mScanning dependencies of target sort_dataset_exe[0m
[0.119s] [ 40%] Built target get_frames_exe
[0.119s] [ 40%] Built target get_frames2_exe
[0.126s] [ 50%] [32mBuilding CXX object CMakeFiles/get_aruco_exe.dir/src/get_aruco_code.cpp.o[0m
[0.131s] [ 60%] [32mBuilding CXX object CMakeFiles/send_frames_exe.dir/src/send_frames_code.cpp.o[0m
[0.146s] [ 70%] [32mBuilding CXX object CMakeFiles/sort_dataset_exe.dir/src/sort_dataset_code.cpp.o[0m
[3.527s] [01m[K/home/jorge/capture_ws/src/cnn_pkg/src/send_frames_code.cpp:[m[K In member function ‘[01m[Kvoid SendFramesNode::publishImage()[m[K’:
[3.528s] [01m[K/home/jorge/capture_ws/src/cnn_pkg/src/send_frames_code.cpp:46:19:[m[K [01;35m[Kwarning: [m[Kcomparison of integer expressions of different signedness: ‘[01m[Kint[m[K’ and ‘[01m[Kstd::vector<std::__cxx11::basic_string<char> >::size_type[m[K’ {aka ‘[01m[Klong unsigned int[m[K’} [[01;35m[K-Wsign-compare[m[K]
[3.528s]    46 |         if ([01;35m[Kcount < files.size()[m[K) {
[3.528s]       |             [01;35m[K~~~~~~^~~~~~~~~~~~~~[m[K
[6.812s] [ 80%] [32m[1mLinking CXX executable send_frames_exe[0m
[7.578s] [ 80%] Built target send_frames_exe
[8.562s] [ 90%] [32m[1mLinking CXX executable get_aruco_exe[0m
[9.045s] [ 90%] Built target get_aruco_exe
[9.644s] [100%] [32m[1mLinking CXX executable sort_dataset_exe[0m
[10.555s] [100%] Built target sort_dataset_exe
[10.574s] Invoked command in '/home/jorge/capture_ws/build/cnn_pkg' returned '0': CMAKE_PREFIX_PATH=/home/jorge/capture_ws/install/ros2_aruco_interfaces:/home/jorge/capture_ws/install/cnn_pkg:/home/jorge/capture_ws/install/realsense2_description:/home/jorge/capture_ws/install/realsense2_camera:/home/jorge/capture_ws/install/realsense2_camera_msgs:/home/jorge/capture_ws/install/dnn_pkg:/home/jorge/capture_ws/install/alg1_pkg:/home/jorge/capture_ws/install/ros2_aruco:/opt/ros/foxy /usr/bin/cmake --build /home/jorge/capture_ws/build/cnn_pkg -- -j8 -l8
[10.640s] Invoking command in '/home/jorge/capture_ws/build/cnn_pkg': CMAKE_PREFIX_PATH=/home/jorge/capture_ws/install/ros2_aruco_interfaces:/home/jorge/capture_ws/install/cnn_pkg:/home/jorge/capture_ws/install/realsense2_description:/home/jorge/capture_ws/install/realsense2_camera:/home/jorge/capture_ws/install/realsense2_camera_msgs:/home/jorge/capture_ws/install/dnn_pkg:/home/jorge/capture_ws/install/alg1_pkg:/home/jorge/capture_ws/install/ros2_aruco:/opt/ros/foxy /usr/bin/cmake --install /home/jorge/capture_ws/build/cnn_pkg
[10.652s] -- Install configuration: ""
[10.652s] -- Up-to-date: /home/jorge/capture_ws/install/cnn_pkg/lib/cnn_pkg/get_frames_exe
[10.653s] -- Up-to-date: /home/jorge/capture_ws/install/cnn_pkg/lib/cnn_pkg/get_frames2_exe
[10.653s] -- Installing: /home/jorge/capture_ws/install/cnn_pkg/lib/cnn_pkg/send_frames_exe
[10.663s] -- Set runtime path of "/home/jorge/capture_ws/install/cnn_pkg/lib/cnn_pkg/send_frames_exe" to ""
[10.663s] -- Installing: /home/jorge/capture_ws/install/cnn_pkg/lib/cnn_pkg/get_aruco_exe
[10.667s] -- Set runtime path of "/home/jorge/capture_ws/install/cnn_pkg/lib/cnn_pkg/get_aruco_exe" to ""
[10.668s] -- Installing: /home/jorge/capture_ws/install/cnn_pkg/lib/cnn_pkg/sort_dataset_exe
[10.671s] -- Set runtime path of "/home/jorge/capture_ws/install/cnn_pkg/lib/cnn_pkg/sort_dataset_exe" to ""
[10.671s] -- Up-to-date: /home/jorge/capture_ws/install/cnn_pkg/share/ament_index/resource_index/package_run_dependencies/cnn_pkg
[10.672s] -- Up-to-date: /home/jorge/capture_ws/install/cnn_pkg/share/ament_index/resource_index/parent_prefix_path/cnn_pkg
[10.672s] -- Up-to-date: /home/jorge/capture_ws/install/cnn_pkg/share/cnn_pkg/environment/ament_prefix_path.sh
[10.672s] -- Up-to-date: /home/jorge/capture_ws/install/cnn_pkg/share/cnn_pkg/environment/ament_prefix_path.dsv
[10.672s] -- Up-to-date: /home/jorge/capture_ws/install/cnn_pkg/share/cnn_pkg/environment/path.sh
[10.673s] -- Up-to-date: /home/jorge/capture_ws/install/cnn_pkg/share/cnn_pkg/environment/path.dsv
[10.673s] -- Up-to-date: /home/jorge/capture_ws/install/cnn_pkg/share/cnn_pkg/local_setup.bash
[10.673s] -- Up-to-date: /home/jorge/capture_ws/install/cnn_pkg/share/cnn_pkg/local_setup.sh
[10.673s] -- Up-to-date: /home/jorge/capture_ws/install/cnn_pkg/share/cnn_pkg/local_setup.zsh
[10.674s] -- Up-to-date: /home/jorge/capture_ws/install/cnn_pkg/share/cnn_pkg/local_setup.dsv
[10.674s] -- Installing: /home/jorge/capture_ws/install/cnn_pkg/share/cnn_pkg/package.dsv
[10.674s] -- Up-to-date: /home/jorge/capture_ws/install/cnn_pkg/share/ament_index/resource_index/packages/cnn_pkg
[10.674s] -- Up-to-date: /home/jorge/capture_ws/install/cnn_pkg/share/cnn_pkg/cmake/cnn_pkgConfig.cmake
[10.674s] -- Up-to-date: /home/jorge/capture_ws/install/cnn_pkg/share/cnn_pkg/cmake/cnn_pkgConfig-version.cmake
[10.674s] -- Up-to-date: /home/jorge/capture_ws/install/cnn_pkg/share/cnn_pkg/package.xml
[10.677s] Invoked command in '/home/jorge/capture_ws/build/cnn_pkg' returned '0': CMAKE_PREFIX_PATH=/home/jorge/capture_ws/install/ros2_aruco_interfaces:/home/jorge/capture_ws/install/cnn_pkg:/home/jorge/capture_ws/install/realsense2_description:/home/jorge/capture_ws/install/realsense2_camera:/home/jorge/capture_ws/install/realsense2_camera_msgs:/home/jorge/capture_ws/install/dnn_pkg:/home/jorge/capture_ws/install/alg1_pkg:/home/jorge/capture_ws/install/ros2_aruco:/opt/ros/foxy /usr/bin/cmake --install /home/jorge/capture_ws/build/cnn_pkg
