[0.134s] Invoking command in '/home/jorge/capture_ws/build/realsense2_camera_msgs': CMAKE_PREFIX_PATH=${CMAKE_PREFIX_PATH}:/home/jorge/capture_ws/install/ros2_aruco:/opt/ros/foxy /usr/bin/cmake --build /home/jorge/capture_ws/build/realsense2_camera_msgs -- -j8 -l8
[0.652s] [ 10%] Built target realsense2_camera_msgs__cpp
[0.652s] [ 12%] Built target realsense2_camera_msgs__rosidl_generator_c
[0.653s] [ 23%] Built target realsense2_camera_msgs__rosidl_typesupport_cpp
[0.653s] [ 34%] Built target realsense2_camera_msgs__rosidl_typesupport_introspection_c
[0.654s] [ 45%] Built target realsense2_camera_msgs__rosidl_typesupport_c
[0.655s] [ 56%] Built target realsense2_camera_msgs__rosidl_typesupport_introspection_cpp
[0.655s] [ 67%] Built target realsense2_camera_msgs__rosidl_typesupport_fastrtps_cpp
[0.656s] [ 78%] Built target realsense2_camera_msgs__rosidl_typesupport_fastrtps_c
[0.658s] [ 78%] Built target realsense2_camera_msgs
[0.658s] [ 80%] Built target realsense2_camera_msgs__py
[0.660s] [ 89%] Built target realsense2_camera_msgs__python
[0.661s] [ 92%] Built target realsense2_camera_msgs__rosidl_typesupport_fastrtps_c__pyext
[0.661s] [ 96%] Built target realsense2_camera_msgs__rosidl_typesupport_c__pyext
[0.661s] [100%] Built target realsense2_camera_msgs__rosidl_typesupport_introspection_c__pyext
[0.680s] Invoked command in '/home/jorge/capture_ws/build/realsense2_camera_msgs' returned '0': CMAKE_PREFIX_PATH=${CMAKE_PREFIX_PATH}:/home/jorge/capture_ws/install/ros2_aruco:/opt/ros/foxy /usr/bin/cmake --build /home/jorge/capture_ws/build/realsense2_camera_msgs -- -j8 -l8
[0.835s] Invoking command in '/home/jorge/capture_ws/build/realsense2_camera_msgs': CMAKE_PREFIX_PATH=${CMAKE_PREFIX_PATH}:/home/jorge/capture_ws/install/ros2_aruco:/opt/ros/foxy /usr/bin/cmake --install /home/jorge/capture_ws/build/realsense2_camera_msgs
[0.845s] -- Install configuration: ""
[0.845s] -- Up-to-date: /home/jorge/capture_ws/install/realsense2_camera_msgs/share/ament_index/resource_index/rosidl_interfaces/realsense2_camera_msgs
[0.845s] -- Up-to-date: /home/jorge/capture_ws/install/realsense2_camera_msgs/include/realsense2_camera_msgs
[0.845s] -- Up-to-date: /home/jorge/capture_ws/install/realsense2_camera_msgs/include/realsense2_camera_msgs/msg
[0.846s] -- Up-to-date: /home/jorge/capture_ws/install/realsense2_camera_msgs/include/realsense2_camera_msgs/msg/imu_info.h
[0.846s] -- Up-to-date: /home/jorge/capture_ws/install/realsense2_camera_msgs/include/realsense2_camera_msgs/msg/metadata.h
[0.846s] -- Up-to-date: /home/jorge/capture_ws/install/realsense2_camera_msgs/include/realsense2_camera_msgs/msg/detail
[0.846s] -- Up-to-date: /home/jorge/capture_ws/install/realsense2_camera_msgs/include/realsense2_camera_msgs/msg/detail/metadata__type_support.h
[0.846s] -- Up-to-date: /home/jorge/capture_ws/install/realsense2_camera_msgs/include/realsense2_camera_msgs/msg/detail/imu_info__type_support.h
[0.846s] -- Up-to-date: /home/jorge/capture_ws/install/realsense2_camera_msgs/include/realsense2_camera_msgs/msg/detail/extrinsics__functions.c
[0.846s] -- Up-to-date: /home/jorge/capture_ws/install/realsense2_camera_msgs/include/realsense2_camera_msgs/msg/detail/imu_info__functions.c
[0.847s] -- Up-to-date: /home/jorge/capture_ws/install/realsense2_camera_msgs/include/realsense2_camera_msgs/msg/detail/metadata__functions.h
[0.847s] -- Up-to-date: /home/jorge/capture_ws/install/realsense2_camera_msgs/include/realsense2_camera_msgs/msg/detail/extrinsics__functions.h
[0.847s] -- Up-to-date: /home/jorge/capture_ws/install/realsense2_camera_msgs/include/realsense2_camera_msgs/msg/detail/extrinsics__type_support.h
[0.847s] -- Up-to-date: /home/jorge/capture_ws/install/realsense2_camera_msgs/include/realsense2_camera_msgs/msg/detail/extrinsics__struct.h
[0.847s] -- Up-to-date: /home/jorge/capture_ws/install/realsense2_camera_msgs/include/realsense2_camera_msgs/msg/detail/metadata__functions.c
[0.847s] -- Up-to-date: /home/jorge/capture_ws/install/realsense2_camera_msgs/include/realsense2_camera_msgs/msg/detail/imu_info__struct.h
[0.847s] -- Up-to-date: /home/jorge/capture_ws/install/realsense2_camera_msgs/include/realsense2_camera_msgs/msg/detail/metadata__struct.h
[0.848s] -- Up-to-date: /home/jorge/capture_ws/install/realsense2_camera_msgs/include/realsense2_camera_msgs/msg/detail/imu_info__functions.h
[0.848s] -- Up-to-date: /home/jorge/capture_ws/install/realsense2_camera_msgs/include/realsense2_camera_msgs/msg/extrinsics.h
[0.848s] -- Up-to-date: /home/jorge/capture_ws/install/realsense2_camera_msgs/include/realsense2_camera_msgs/msg/rosidl_generator_c__visibility_control.h
[0.848s] -- Up-to-date: /home/jorge/capture_ws/install/realsense2_camera_msgs/include/realsense2_camera_msgs/srv
[0.848s] -- Up-to-date: /home/jorge/capture_ws/install/realsense2_camera_msgs/include/realsense2_camera_msgs/srv/detail
[0.849s] -- Up-to-date: /home/jorge/capture_ws/install/realsense2_camera_msgs/include/realsense2_camera_msgs/srv/detail/device_info__functions.c
[0.849s] -- Up-to-date: /home/jorge/capture_ws/install/realsense2_camera_msgs/include/realsense2_camera_msgs/srv/detail/device_info__type_support.h
[0.849s] -- Up-to-date: /home/jorge/capture_ws/install/realsense2_camera_msgs/include/realsense2_camera_msgs/srv/detail/device_info__functions.h
[0.849s] -- Up-to-date: /home/jorge/capture_ws/install/realsense2_camera_msgs/include/realsense2_camera_msgs/srv/detail/device_info__struct.h
[0.850s] -- Up-to-date: /home/jorge/capture_ws/install/realsense2_camera_msgs/include/realsense2_camera_msgs/srv/device_info.h
[0.850s] -- Up-to-date: /home/jorge/capture_ws/install/realsense2_camera_msgs/share/realsense2_camera_msgs/environment/library_path.sh
[0.850s] -- Up-to-date: /home/jorge/capture_ws/install/realsense2_camera_msgs/share/realsense2_camera_msgs/environment/library_path.dsv
[0.850s] -- Up-to-date: /home/jorge/capture_ws/install/realsense2_camera_msgs/lib/librealsense2_camera_msgs__rosidl_generator_c.so
[0.851s] -- Up-to-date: /home/jorge/capture_ws/install/realsense2_camera_msgs/include/realsense2_camera_msgs
[0.851s] -- Up-to-date: /home/jorge/capture_ws/install/realsense2_camera_msgs/include/realsense2_camera_msgs/msg
[0.851s] -- Up-to-date: /home/jorge/capture_ws/install/realsense2_camera_msgs/include/realsense2_camera_msgs/msg/detail
[0.851s] -- Up-to-date: /home/jorge/capture_ws/install/realsense2_camera_msgs/include/realsense2_camera_msgs/msg/detail/imu_info__rosidl_typesupport_fastrtps_c.h
[0.851s] -- Up-to-date: /home/jorge/capture_ws/install/realsense2_camera_msgs/include/realsense2_camera_msgs/msg/detail/metadata__rosidl_typesupport_fastrtps_c.h
[0.851s] -- Up-to-date: /home/jorge/capture_ws/install/realsense2_camera_msgs/include/realsense2_camera_msgs/msg/detail/extrinsics__rosidl_typesupport_fastrtps_c.h
[0.852s] -- Up-to-date: /home/jorge/capture_ws/install/realsense2_camera_msgs/include/realsense2_camera_msgs/msg/rosidl_typesupport_fastrtps_c__visibility_control.h
[0.852s] -- Up-to-date: /home/jorge/capture_ws/install/realsense2_camera_msgs/include/realsense2_camera_msgs/srv
[0.852s] -- Up-to-date: /home/jorge/capture_ws/install/realsense2_camera_msgs/include/realsense2_camera_msgs/srv/detail
[0.852s] -- Up-to-date: /home/jorge/capture_ws/install/realsense2_camera_msgs/include/realsense2_camera_msgs/srv/detail/device_info__rosidl_typesupport_fastrtps_c.h
[0.853s] -- Up-to-date: /home/jorge/capture_ws/install/realsense2_camera_msgs/lib/librealsense2_camera_msgs__rosidl_typesupport_fastrtps_c.so
[0.853s] -- Up-to-date: /home/jorge/capture_ws/install/realsense2_camera_msgs/include/realsense2_camera_msgs
[0.853s] -- Up-to-date: /home/jorge/capture_ws/install/realsense2_camera_msgs/include/realsense2_camera_msgs/msg
[0.853s] -- Up-to-date: /home/jorge/capture_ws/install/realsense2_camera_msgs/include/realsense2_camera_msgs/msg/detail
[0.854s] -- Up-to-date: /home/jorge/capture_ws/install/realsense2_camera_msgs/include/realsense2_camera_msgs/msg/detail/extrinsics__rosidl_typesupport_fastrtps_cpp.hpp
[0.854s] -- Up-to-date: /home/jorge/capture_ws/install/realsense2_camera_msgs/include/realsense2_camera_msgs/msg/detail/metadata__rosidl_typesupport_fastrtps_cpp.hpp
[0.854s] -- Up-to-date: /home/jorge/capture_ws/install/realsense2_camera_msgs/include/realsense2_camera_msgs/msg/detail/imu_info__rosidl_typesupport_fastrtps_cpp.hpp
[0.854s] -- Up-to-date: /home/jorge/capture_ws/install/realsense2_camera_msgs/include/realsense2_camera_msgs/msg/detail/dds_fastrtps
[0.854s] -- Up-to-date: /home/jorge/capture_ws/install/realsense2_camera_msgs/include/realsense2_camera_msgs/msg/rosidl_typesupport_fastrtps_cpp__visibility_control.h
[0.854s] -- Up-to-date: /home/jorge/capture_ws/install/realsense2_camera_msgs/include/realsense2_camera_msgs/srv
[0.854s] -- Up-to-date: /home/jorge/capture_ws/install/realsense2_camera_msgs/include/realsense2_camera_msgs/srv/detail
[0.855s] -- Up-to-date: /home/jorge/capture_ws/install/realsense2_camera_msgs/include/realsense2_camera_msgs/srv/detail/device_info__rosidl_typesupport_fastrtps_cpp.hpp
[0.855s] -- Up-to-date: /home/jorge/capture_ws/install/realsense2_camera_msgs/include/realsense2_camera_msgs/srv/detail/dds_fastrtps
[0.855s] -- Up-to-date: /home/jorge/capture_ws/install/realsense2_camera_msgs/lib/librealsense2_camera_msgs__rosidl_typesupport_fastrtps_cpp.so
[0.855s] -- Up-to-date: /home/jorge/capture_ws/install/realsense2_camera_msgs/include/realsense2_camera_msgs
[0.855s] -- Up-to-date: /home/jorge/capture_ws/install/realsense2_camera_msgs/include/realsense2_camera_msgs/msg
[0.855s] -- Up-to-date: /home/jorge/capture_ws/install/realsense2_camera_msgs/include/realsense2_camera_msgs/msg/detail
[0.856s] -- Up-to-date: /home/jorge/capture_ws/install/realsense2_camera_msgs/include/realsense2_camera_msgs/msg/detail/extrinsics__rosidl_typesupport_introspection_c.h
[0.856s] -- Up-to-date: /home/jorge/capture_ws/install/realsense2_camera_msgs/include/realsense2_camera_msgs/msg/detail/metadata__type_support.c
[0.856s] -- Up-to-date: /home/jorge/capture_ws/install/realsense2_camera_msgs/include/realsense2_camera_msgs/msg/detail/extrinsics__type_support.c
[0.856s] -- Up-to-date: /home/jorge/capture_ws/install/realsense2_camera_msgs/include/realsense2_camera_msgs/msg/detail/imu_info__rosidl_typesupport_introspection_c.h
[0.856s] -- Up-to-date: /home/jorge/capture_ws/install/realsense2_camera_msgs/include/realsense2_camera_msgs/msg/detail/imu_info__type_support.c
[0.856s] -- Up-to-date: /home/jorge/capture_ws/install/realsense2_camera_msgs/include/realsense2_camera_msgs/msg/detail/metadata__rosidl_typesupport_introspection_c.h
[0.856s] -- Up-to-date: /home/jorge/capture_ws/install/realsense2_camera_msgs/include/realsense2_camera_msgs/msg/rosidl_typesupport_introspection_c__visibility_control.h
[0.856s] -- Up-to-date: /home/jorge/capture_ws/install/realsense2_camera_msgs/include/realsense2_camera_msgs/srv
[0.857s] -- Up-to-date: /home/jorge/capture_ws/install/realsense2_camera_msgs/include/realsense2_camera_msgs/srv/detail
[0.857s] -- Up-to-date: /home/jorge/capture_ws/install/realsense2_camera_msgs/include/realsense2_camera_msgs/srv/detail/device_info__rosidl_typesupport_introspection_c.h
[0.857s] -- Up-to-date: /home/jorge/capture_ws/install/realsense2_camera_msgs/include/realsense2_camera_msgs/srv/detail/device_info__type_support.c
[0.857s] -- Up-to-date: /home/jorge/capture_ws/install/realsense2_camera_msgs/lib/librealsense2_camera_msgs__rosidl_typesupport_introspection_c.so
[0.857s] -- Up-to-date: /home/jorge/capture_ws/install/realsense2_camera_msgs/lib/librealsense2_camera_msgs__rosidl_typesupport_c.so
[0.857s] -- Up-to-date: /home/jorge/capture_ws/install/realsense2_camera_msgs/include/realsense2_camera_msgs
[0.857s] -- Up-to-date: /home/jorge/capture_ws/install/realsense2_camera_msgs/include/realsense2_camera_msgs/msg
[0.857s] -- Up-to-date: /home/jorge/capture_ws/install/realsense2_camera_msgs/include/realsense2_camera_msgs/msg/imu_info.hpp
[0.857s] -- Up-to-date: /home/jorge/capture_ws/install/realsense2_camera_msgs/include/realsense2_camera_msgs/msg/detail
[0.858s] -- Up-to-date: /home/jorge/capture_ws/install/realsense2_camera_msgs/include/realsense2_camera_msgs/msg/detail/imu_info__struct.hpp
[0.858s] -- Up-to-date: /home/jorge/capture_ws/install/realsense2_camera_msgs/include/realsense2_camera_msgs/msg/detail/metadata__type_support.hpp
[0.858s] -- Up-to-date: /home/jorge/capture_ws/install/realsense2_camera_msgs/include/realsense2_camera_msgs/msg/detail/imu_info__traits.hpp
[0.858s] -- Up-to-date: /home/jorge/capture_ws/install/realsense2_camera_msgs/include/realsense2_camera_msgs/msg/detail/metadata__struct.hpp
[0.858s] -- Up-to-date: /home/jorge/capture_ws/install/realsense2_camera_msgs/include/realsense2_camera_msgs/msg/detail/metadata__traits.hpp
[0.858s] -- Up-to-date: /home/jorge/capture_ws/install/realsense2_camera_msgs/include/realsense2_camera_msgs/msg/detail/extrinsics__type_support.hpp
[0.858s] -- Up-to-date: /home/jorge/capture_ws/install/realsense2_camera_msgs/include/realsense2_camera_msgs/msg/detail/imu_info__type_support.hpp
[0.858s] -- Up-to-date: /home/jorge/capture_ws/install/realsense2_camera_msgs/include/realsense2_camera_msgs/msg/detail/extrinsics__struct.hpp
[0.858s] -- Up-to-date: /home/jorge/capture_ws/install/realsense2_camera_msgs/include/realsense2_camera_msgs/msg/detail/extrinsics__builder.hpp
[0.859s] -- Up-to-date: /home/jorge/capture_ws/install/realsense2_camera_msgs/include/realsense2_camera_msgs/msg/detail/imu_info__builder.hpp
[0.859s] -- Up-to-date: /home/jorge/capture_ws/install/realsense2_camera_msgs/include/realsense2_camera_msgs/msg/detail/metadata__builder.hpp
[0.859s] -- Up-to-date: /home/jorge/capture_ws/install/realsense2_camera_msgs/include/realsense2_camera_msgs/msg/detail/extrinsics__traits.hpp
[0.859s] -- Up-to-date: /home/jorge/capture_ws/install/realsense2_camera_msgs/include/realsense2_camera_msgs/msg/extrinsics.hpp
[0.859s] -- Up-to-date: /home/jorge/capture_ws/install/realsense2_camera_msgs/include/realsense2_camera_msgs/msg/metadata.hpp
[0.859s] -- Up-to-date: /home/jorge/capture_ws/install/realsense2_camera_msgs/include/realsense2_camera_msgs/msg/rosidl_generator_cpp__visibility_control.hpp
[0.859s] -- Up-to-date: /home/jorge/capture_ws/install/realsense2_camera_msgs/include/realsense2_camera_msgs/srv
[0.860s] -- Up-to-date: /home/jorge/capture_ws/install/realsense2_camera_msgs/include/realsense2_camera_msgs/srv/device_info.hpp
[0.860s] -- Up-to-date: /home/jorge/capture_ws/install/realsense2_camera_msgs/include/realsense2_camera_msgs/srv/detail
[0.860s] -- Up-to-date: /home/jorge/capture_ws/install/realsense2_camera_msgs/include/realsense2_camera_msgs/srv/detail/device_info__type_support.hpp
[0.860s] -- Up-to-date: /home/jorge/capture_ws/install/realsense2_camera_msgs/include/realsense2_camera_msgs/srv/detail/device_info__builder.hpp
[0.860s] -- Up-to-date: /home/jorge/capture_ws/install/realsense2_camera_msgs/include/realsense2_camera_msgs/srv/detail/device_info__traits.hpp
[0.860s] -- Up-to-date: /home/jorge/capture_ws/install/realsense2_camera_msgs/include/realsense2_camera_msgs/srv/detail/device_info__struct.hpp
[0.860s] -- Up-to-date: /home/jorge/capture_ws/install/realsense2_camera_msgs/include/realsense2_camera_msgs
[0.861s] -- Up-to-date: /home/jorge/capture_ws/install/realsense2_camera_msgs/include/realsense2_camera_msgs/msg
[0.861s] -- Up-to-date: /home/jorge/capture_ws/install/realsense2_camera_msgs/include/realsense2_camera_msgs/msg/detail
[0.861s] -- Up-to-date: /home/jorge/capture_ws/install/realsense2_camera_msgs/include/realsense2_camera_msgs/msg/detail/imu_info__rosidl_typesupport_introspection_cpp.hpp
[0.861s] -- Up-to-date: /home/jorge/capture_ws/install/realsense2_camera_msgs/include/realsense2_camera_msgs/msg/detail/extrinsics__rosidl_typesupport_introspection_cpp.hpp
[0.861s] -- Up-to-date: /home/jorge/capture_ws/install/realsense2_camera_msgs/include/realsense2_camera_msgs/msg/detail/extrinsics__type_support.cpp
[0.861s] -- Up-to-date: /home/jorge/capture_ws/install/realsense2_camera_msgs/include/realsense2_camera_msgs/msg/detail/metadata__type_support.cpp
[0.861s] -- Up-to-date: /home/jorge/capture_ws/install/realsense2_camera_msgs/include/realsense2_camera_msgs/msg/detail/imu_info__type_support.cpp
[0.861s] -- Up-to-date: /home/jorge/capture_ws/install/realsense2_camera_msgs/include/realsense2_camera_msgs/msg/detail/metadata__rosidl_typesupport_introspection_cpp.hpp
[0.861s] -- Up-to-date: /home/jorge/capture_ws/install/realsense2_camera_msgs/include/realsense2_camera_msgs/srv
[0.862s] -- Up-to-date: /home/jorge/capture_ws/install/realsense2_camera_msgs/include/realsense2_camera_msgs/srv/detail
[0.862s] -- Up-to-date: /home/jorge/capture_ws/install/realsense2_camera_msgs/include/realsense2_camera_msgs/srv/detail/device_info__rosidl_typesupport_introspection_cpp.hpp
[0.862s] -- Up-to-date: /home/jorge/capture_ws/install/realsense2_camera_msgs/include/realsense2_camera_msgs/srv/detail/device_info__type_support.cpp
[0.862s] -- Up-to-date: /home/jorge/capture_ws/install/realsense2_camera_msgs/lib/librealsense2_camera_msgs__rosidl_typesupport_introspection_cpp.so
[0.862s] -- Up-to-date: /home/jorge/capture_ws/install/realsense2_camera_msgs/lib/librealsense2_camera_msgs__rosidl_typesupport_cpp.so
[0.862s] -- Up-to-date: /home/jorge/capture_ws/install/realsense2_camera_msgs/share/realsense2_camera_msgs/environment/pythonpath.sh
[0.862s] -- Up-to-date: /home/jorge/capture_ws/install/realsense2_camera_msgs/share/realsense2_camera_msgs/environment/pythonpath.dsv
[0.862s] -- Up-to-date: /home/jorge/capture_ws/install/realsense2_camera_msgs/lib/python3.8/site-packages/realsense2_camera_msgs/__init__.py
[0.908s] -- Up-to-date: /home/jorge/capture_ws/install/realsense2_camera_msgs/lib/python3.8/site-packages/realsense2_camera_msgs/msg
[0.908s] -- Up-to-date: /home/jorge/capture_ws/install/realsense2_camera_msgs/lib/python3.8/site-packages/realsense2_camera_msgs/msg/__init__.py
[0.908s] -- Up-to-date: /home/jorge/capture_ws/install/realsense2_camera_msgs/lib/python3.8/site-packages/realsense2_camera_msgs/msg/_imu_info_s.c
[0.908s] -- Up-to-date: /home/jorge/capture_ws/install/realsense2_camera_msgs/lib/python3.8/site-packages/realsense2_camera_msgs/msg/_extrinsics_s.c
[0.909s] -- Up-to-date: /home/jorge/capture_ws/install/realsense2_camera_msgs/lib/python3.8/site-packages/realsense2_camera_msgs/msg/_metadata_s.c
[0.909s] -- Up-to-date: /home/jorge/capture_ws/install/realsense2_camera_msgs/lib/python3.8/site-packages/realsense2_camera_msgs/msg/_imu_info.py
[0.909s] -- Up-to-date: /home/jorge/capture_ws/install/realsense2_camera_msgs/lib/python3.8/site-packages/realsense2_camera_msgs/msg/_extrinsics.py
[0.909s] -- Up-to-date: /home/jorge/capture_ws/install/realsense2_camera_msgs/lib/python3.8/site-packages/realsense2_camera_msgs/msg/_metadata.py
[0.909s] -- Up-to-date: /home/jorge/capture_ws/install/realsense2_camera_msgs/lib/python3.8/site-packages/realsense2_camera_msgs/srv
[0.909s] -- Up-to-date: /home/jorge/capture_ws/install/realsense2_camera_msgs/lib/python3.8/site-packages/realsense2_camera_msgs/srv/__init__.py
[0.909s] -- Up-to-date: /home/jorge/capture_ws/install/realsense2_camera_msgs/lib/python3.8/site-packages/realsense2_camera_msgs/srv/_device_info.py
[0.909s] -- Up-to-date: /home/jorge/capture_ws/install/realsense2_camera_msgs/lib/python3.8/site-packages/realsense2_camera_msgs/srv/_device_info_s.c
[0.909s] -- Up-to-date: /home/jorge/capture_ws/install/realsense2_camera_msgs/lib/python3.8/site-packages/realsense2_camera_msgs/realsense2_camera_msgs_s__rosidl_typesupport_fastrtps_c.cpython-38-x86_64-linux-gnu.so
[0.910s] -- Up-to-date: /home/jorge/capture_ws/install/realsense2_camera_msgs/lib/python3.8/site-packages/realsense2_camera_msgs/realsense2_camera_msgs_s__rosidl_typesupport_introspection_c.cpython-38-x86_64-linux-gnu.so
[0.911s] -- Up-to-date: /home/jorge/capture_ws/install/realsense2_camera_msgs/lib/python3.8/site-packages/realsense2_camera_msgs/realsense2_camera_msgs_s__rosidl_typesupport_c.cpython-38-x86_64-linux-gnu.so
[0.912s] -- Up-to-date: /home/jorge/capture_ws/install/realsense2_camera_msgs/lib/librealsense2_camera_msgs__python.so
[0.912s] -- Up-to-date: /home/jorge/capture_ws/install/realsense2_camera_msgs/share/realsense2_camera_msgs/msg/IMUInfo.idl
[0.912s] -- Up-to-date: /home/jorge/capture_ws/install/realsense2_camera_msgs/share/realsense2_camera_msgs/msg/Extrinsics.idl
[0.912s] -- Up-to-date: /home/jorge/capture_ws/install/realsense2_camera_msgs/share/realsense2_camera_msgs/msg/Metadata.idl
[0.913s] -- Up-to-date: /home/jorge/capture_ws/install/realsense2_camera_msgs/share/realsense2_camera_msgs/srv/DeviceInfo.idl
[0.913s] -- Up-to-date: /home/jorge/capture_ws/install/realsense2_camera_msgs/share/realsense2_camera_msgs/msg/IMUInfo.msg
[0.913s] -- Up-to-date: /home/jorge/capture_ws/install/realsense2_camera_msgs/share/realsense2_camera_msgs/msg/Extrinsics.msg
[0.913s] -- Up-to-date: /home/jorge/capture_ws/install/realsense2_camera_msgs/share/realsense2_camera_msgs/msg/Metadata.msg
[0.915s] -- Up-to-date: /home/jorge/capture_ws/install/realsense2_camera_msgs/share/realsense2_camera_msgs/srv/DeviceInfo.srv
[0.915s] -- Up-to-date: /home/jorge/capture_ws/install/realsense2_camera_msgs/share/realsense2_camera_msgs/srv/DeviceInfo_Request.msg
[0.916s] -- Up-to-date: /home/jorge/capture_ws/install/realsense2_camera_msgs/share/realsense2_camera_msgs/srv/DeviceInfo_Response.msg
[0.916s] -- Up-to-date: /home/jorge/capture_ws/install/realsense2_camera_msgs/share/ament_index/resource_index/package_run_dependencies/realsense2_camera_msgs
[0.916s] -- Up-to-date: /home/jorge/capture_ws/install/realsense2_camera_msgs/share/ament_index/resource_index/parent_prefix_path/realsense2_camera_msgs
[0.916s] -- Up-to-date: /home/jorge/capture_ws/install/realsense2_camera_msgs/share/realsense2_camera_msgs/environment/ament_prefix_path.sh
[0.917s] -- Up-to-date: /home/jorge/capture_ws/install/realsense2_camera_msgs/share/realsense2_camera_msgs/environment/ament_prefix_path.dsv
[0.917s] -- Up-to-date: /home/jorge/capture_ws/install/realsense2_camera_msgs/share/realsense2_camera_msgs/environment/path.sh
[0.917s] -- Up-to-date: /home/jorge/capture_ws/install/realsense2_camera_msgs/share/realsense2_camera_msgs/environment/path.dsv
[0.917s] -- Up-to-date: /home/jorge/capture_ws/install/realsense2_camera_msgs/share/realsense2_camera_msgs/local_setup.bash
[0.917s] -- Up-to-date: /home/jorge/capture_ws/install/realsense2_camera_msgs/share/realsense2_camera_msgs/local_setup.sh
[0.920s] -- Up-to-date: /home/jorge/capture_ws/install/realsense2_camera_msgs/share/realsense2_camera_msgs/local_setup.zsh
[0.920s] -- Up-to-date: /home/jorge/capture_ws/install/realsense2_camera_msgs/share/realsense2_camera_msgs/local_setup.dsv
[0.920s] -- Installing: /home/jorge/capture_ws/install/realsense2_camera_msgs/share/realsense2_camera_msgs/package.dsv
[0.921s] -- Up-to-date: /home/jorge/capture_ws/install/realsense2_camera_msgs/share/ament_index/resource_index/packages/realsense2_camera_msgs
[0.921s] -- Up-to-date: /home/jorge/capture_ws/install/realsense2_camera_msgs/share/realsense2_camera_msgs/cmake/realsense2_camera_msgs__rosidl_generator_cExport.cmake
[0.924s] -- Up-to-date: /home/jorge/capture_ws/install/realsense2_camera_msgs/share/realsense2_camera_msgs/cmake/realsense2_camera_msgs__rosidl_generator_cExport-noconfig.cmake
[0.924s] -- Up-to-date: /home/jorge/capture_ws/install/realsense2_camera_msgs/share/realsense2_camera_msgs/cmake/realsense2_camera_msgs__rosidl_typesupport_introspection_cExport.cmake
[0.924s] -- Up-to-date: /home/jorge/capture_ws/install/realsense2_camera_msgs/share/realsense2_camera_msgs/cmake/realsense2_camera_msgs__rosidl_typesupport_introspection_cExport-noconfig.cmake
[0.924s] -- Up-to-date: /home/jorge/capture_ws/install/realsense2_camera_msgs/share/realsense2_camera_msgs/cmake/realsense2_camera_msgs__rosidl_typesupport_cExport.cmake
[0.924s] -- Up-to-date: /home/jorge/capture_ws/install/realsense2_camera_msgs/share/realsense2_camera_msgs/cmake/realsense2_camera_msgs__rosidl_typesupport_cExport-noconfig.cmake
[0.924s] -- Up-to-date: /home/jorge/capture_ws/install/realsense2_camera_msgs/share/realsense2_camera_msgs/cmake/realsense2_camera_msgs__rosidl_generator_cppExport.cmake
[0.925s] -- Up-to-date: /home/jorge/capture_ws/install/realsense2_camera_msgs/share/realsense2_camera_msgs/cmake/realsense2_camera_msgs__rosidl_typesupport_introspection_cppExport.cmake
[0.925s] -- Up-to-date: /home/jorge/capture_ws/install/realsense2_camera_msgs/share/realsense2_camera_msgs/cmake/realsense2_camera_msgs__rosidl_typesupport_introspection_cppExport-noconfig.cmake
[0.925s] -- Up-to-date: /home/jorge/capture_ws/install/realsense2_camera_msgs/share/realsense2_camera_msgs/cmake/realsense2_camera_msgs__rosidl_typesupport_cppExport.cmake
[0.925s] -- Up-to-date: /home/jorge/capture_ws/install/realsense2_camera_msgs/share/realsense2_camera_msgs/cmake/realsense2_camera_msgs__rosidl_typesupport_cppExport-noconfig.cmake
[0.925s] -- Up-to-date: /home/jorge/capture_ws/install/realsense2_camera_msgs/share/realsense2_camera_msgs/cmake/rosidl_cmake-extras.cmake
[0.926s] -- Up-to-date: /home/jorge/capture_ws/install/realsense2_camera_msgs/share/realsense2_camera_msgs/cmake/ament_cmake_export_dependencies-extras.cmake
[0.926s] -- Up-to-date: /home/jorge/capture_ws/install/realsense2_camera_msgs/share/realsense2_camera_msgs/cmake/ament_cmake_export_libraries-extras.cmake
[0.926s] -- Up-to-date: /home/jorge/capture_ws/install/realsense2_camera_msgs/share/realsense2_camera_msgs/cmake/ament_cmake_export_targets-extras.cmake
[0.926s] -- Up-to-date: /home/jorge/capture_ws/install/realsense2_camera_msgs/share/realsense2_camera_msgs/cmake/ament_cmake_export_include_directories-extras.cmake
[0.926s] -- Up-to-date: /home/jorge/capture_ws/install/realsense2_camera_msgs/share/realsense2_camera_msgs/cmake/rosidl_cmake_export_typesupport_libraries-extras.cmake
[0.926s] -- Up-to-date: /home/jorge/capture_ws/install/realsense2_camera_msgs/share/realsense2_camera_msgs/cmake/rosidl_cmake_export_typesupport_targets-extras.cmake
[0.926s] -- Up-to-date: /home/jorge/capture_ws/install/realsense2_camera_msgs/share/realsense2_camera_msgs/cmake/realsense2_camera_msgsConfig.cmake
[0.926s] -- Up-to-date: /home/jorge/capture_ws/install/realsense2_camera_msgs/share/realsense2_camera_msgs/cmake/realsense2_camera_msgsConfig-version.cmake
[0.926s] -- Up-to-date: /home/jorge/capture_ws/install/realsense2_camera_msgs/share/realsense2_camera_msgs/package.xml
[0.927s] Invoked command in '/home/jorge/capture_ws/build/realsense2_camera_msgs' returned '0': CMAKE_PREFIX_PATH=${CMAKE_PREFIX_PATH}:/home/jorge/capture_ws/install/ros2_aruco:/opt/ros/foxy /usr/bin/cmake --install /home/jorge/capture_ws/build/realsense2_camera_msgs
