[0.021s] Invoking command in '/home/jorge/capture_ws/build/cnn_pkg': CMAKE_PREFIX_PATH=/home/jorge/capture_ws/install/ros2_aruco_interfaces:/home/jorge/capture_ws/install/cnn_pkg:/home/jorge/capture_ws/install/realsense2_description:/home/jorge/capture_ws/install/realsense2_camera:/home/jorge/capture_ws/install/realsense2_camera_msgs:/home/jorge/capture_ws/install/dnn_pkg:/home/jorge/capture_ws/install/alg1_pkg:/home/jorge/capture_ws/install/ros2_aruco:/opt/ros/foxy /usr/bin/cmake --build /home/jorge/capture_ws/build/cnn_pkg -- -j8 -l8
[0.089s] [35m[1mScanning dependencies of target sort_dataset_exe[0m
[0.107s] [ 20%] Built target get_frames_exe
[0.107s] [ 40%] Built target get_frames2_exe
[0.111s] [ 60%] Built target get_aruco_exe
[0.121s] [ 80%] Built target send_frames_exe
[0.141s] [ 90%] [32mBuilding CXX object CMakeFiles/sort_dataset_exe.dir/src/sort_dataset_code.cpp.o[0m
[8.771s] [100%] [32m[1mLinking CXX executable sort_dataset_exe[0m
[9.616s] [100%] Built target sort_dataset_exe
[9.636s] Invoked command in '/home/jorge/capture_ws/build/cnn_pkg' returned '0': CMAKE_PREFIX_PATH=/home/jorge/capture_ws/install/ros2_aruco_interfaces:/home/jorge/capture_ws/install/cnn_pkg:/home/jorge/capture_ws/install/realsense2_description:/home/jorge/capture_ws/install/realsense2_camera:/home/jorge/capture_ws/install/realsense2_camera_msgs:/home/jorge/capture_ws/install/dnn_pkg:/home/jorge/capture_ws/install/alg1_pkg:/home/jorge/capture_ws/install/ros2_aruco:/opt/ros/foxy /usr/bin/cmake --build /home/jorge/capture_ws/build/cnn_pkg -- -j8 -l8
[9.705s] Invoking command in '/home/jorge/capture_ws/build/cnn_pkg': CMAKE_PREFIX_PATH=/home/jorge/capture_ws/install/ros2_aruco_interfaces:/home/jorge/capture_ws/install/cnn_pkg:/home/jorge/capture_ws/install/realsense2_description:/home/jorge/capture_ws/install/realsense2_camera:/home/jorge/capture_ws/install/realsense2_camera_msgs:/home/jorge/capture_ws/install/dnn_pkg:/home/jorge/capture_ws/install/alg1_pkg:/home/jorge/capture_ws/install/ros2_aruco:/opt/ros/foxy /usr/bin/cmake --install /home/jorge/capture_ws/build/cnn_pkg
[9.717s] -- Install configuration: ""
[9.717s] -- Up-to-date: /home/jorge/capture_ws/install/cnn_pkg/lib/cnn_pkg/get_frames_exe
[9.718s] -- Up-to-date: /home/jorge/capture_ws/install/cnn_pkg/lib/cnn_pkg/get_frames2_exe
[9.718s] -- Up-to-date: /home/jorge/capture_ws/install/cnn_pkg/lib/cnn_pkg/send_frames_exe
[9.719s] -- Up-to-date: /home/jorge/capture_ws/install/cnn_pkg/lib/cnn_pkg/get_aruco_exe
[9.720s] -- Installing: /home/jorge/capture_ws/install/cnn_pkg/lib/cnn_pkg/sort_dataset_exe
[9.723s] -- Set runtime path of "/home/jorge/capture_ws/install/cnn_pkg/lib/cnn_pkg/sort_dataset_exe" to ""
[9.723s] -- Up-to-date: /home/jorge/capture_ws/install/cnn_pkg/share/ament_index/resource_index/package_run_dependencies/cnn_pkg
[9.723s] -- Up-to-date: /home/jorge/capture_ws/install/cnn_pkg/share/ament_index/resource_index/parent_prefix_path/cnn_pkg
[9.723s] -- Up-to-date: /home/jorge/capture_ws/install/cnn_pkg/share/cnn_pkg/environment/ament_prefix_path.sh
[9.724s] -- Up-to-date: /home/jorge/capture_ws/install/cnn_pkg/share/cnn_pkg/environment/ament_prefix_path.dsv
[9.724s] -- Up-to-date: /home/jorge/capture_ws/install/cnn_pkg/share/cnn_pkg/environment/path.sh
[9.724s] -- Up-to-date: /home/jorge/capture_ws/install/cnn_pkg/share/cnn_pkg/environment/path.dsv
[9.724s] -- Up-to-date: /home/jorge/capture_ws/install/cnn_pkg/share/cnn_pkg/local_setup.bash
[9.724s] -- Up-to-date: /home/jorge/capture_ws/install/cnn_pkg/share/cnn_pkg/local_setup.sh
[9.724s] -- Up-to-date: /home/jorge/capture_ws/install/cnn_pkg/share/cnn_pkg/local_setup.zsh
[9.724s] -- Up-to-date: /home/jorge/capture_ws/install/cnn_pkg/share/cnn_pkg/local_setup.dsv
[9.725s] -- Installing: /home/jorge/capture_ws/install/cnn_pkg/share/cnn_pkg/package.dsv
[9.725s] -- Up-to-date: /home/jorge/capture_ws/install/cnn_pkg/share/ament_index/resource_index/packages/cnn_pkg
[9.725s] -- Up-to-date: /home/jorge/capture_ws/install/cnn_pkg/share/cnn_pkg/cmake/cnn_pkgConfig.cmake
[9.725s] -- Up-to-date: /home/jorge/capture_ws/install/cnn_pkg/share/cnn_pkg/cmake/cnn_pkgConfig-version.cmake
[9.725s] -- Up-to-date: /home/jorge/capture_ws/install/cnn_pkg/share/cnn_pkg/package.xml
[9.727s] Invoked command in '/home/jorge/capture_ws/build/cnn_pkg' returned '0': CMAKE_PREFIX_PATH=/home/jorge/capture_ws/install/ros2_aruco_interfaces:/home/jorge/capture_ws/install/cnn_pkg:/home/jorge/capture_ws/install/realsense2_description:/home/jorge/capture_ws/install/realsense2_camera:/home/jorge/capture_ws/install/realsense2_camera_msgs:/home/jorge/capture_ws/install/dnn_pkg:/home/jorge/capture_ws/install/alg1_pkg:/home/jorge/capture_ws/install/ros2_aruco:/opt/ros/foxy /usr/bin/cmake --install /home/jorge/capture_ws/build/cnn_pkg
