[0.019s] Invoking command in '/home/jorge/capture_ws/build/cnn_pkg': CMAKE_PREFIX_PATH=/home/jorge/capture_ws/install/ros2_aruco_interfaces:/home/jorge/capture_ws/install/cnn_pkg:/home/jorge/capture_ws/install/realsense2_description:/home/jorge/capture_ws/install/realsense2_camera:/home/jorge/capture_ws/install/realsense2_camera_msgs:/home/jorge/capture_ws/install/dnn_pkg:/home/jorge/capture_ws/install/alg1_pkg:/home/jorge/capture_ws/install/ros2_aruco:/opt/ros/foxy /usr/bin/cmake --build /home/jorge/capture_ws/build/cnn_pkg -- -j8 -l8
[0.066s] -- Found ament_cmake: 0.9.12 (/opt/ros/foxy/share/ament_cmake/cmake)
[0.092s] -- Using PYTHON_EXECUTABLE: /usr/bin/python3
[0.380s] -- Found rclcpp: 2.4.3 (/opt/ros/foxy/share/rclcpp/cmake)
[0.428s] -- Using all available rosidl_typesupport_c: rosidl_typesupport_fastrtps_c;rosidl_typesupport_introspection_c
[0.432s] -- Found rosidl_adapter: 1.3.1 (/opt/ros/foxy/share/rosidl_adapter/cmake)
[0.584s] -- Using all available rosidl_typesupport_cpp: rosidl_typesupport_fastrtps_cpp;rosidl_typesupport_introspection_cpp
[0.636s] -- Found rmw_implementation_cmake: 1.0.4 (/opt/ros/foxy/share/rmw_implementation_cmake/cmake)
[0.638s] -- Using RMW implementation 'rmw_fastrtps_cpp' as default
[0.779s] -- Found cv_bridge: 3.0.7 (/opt/ros/foxy/share/cv_bridge/cmake)
[0.907s] -- Found ros2_aruco_interfaces: 0.1.0 (/home/jorge/capture_ws/install/ros2_aruco_interfaces/share/ros2_aruco_interfaces/cmake)
[0.999s] CMake Error at /opt/ros/foxy/share/ament_cmake_target_dependencies/cmake/ament_target_dependencies.cmake:77 (message):
[0.999s]   ament_target_dependencies() the passed package name 'tensorflow_cc' was not
[0.999s]   found before
[0.999s] Call Stack (most recent call first):
[0.999s]   CMakeLists.txt:51 (ament_target_dependencies)
[0.999s] 
[0.999s] 
[1.001s] -- Configuring incomplete, errors occurred!
[1.001s] See also "/home/jorge/capture_ws/build/cnn_pkg/CMakeFiles/CMakeOutput.log".
[1.001s] See also "/home/jorge/capture_ws/build/cnn_pkg/CMakeFiles/CMakeError.log".
[1.007s] make: *** [Makefile:442: cmake_check_build_system] Error 1
[1.010s] Invoked command in '/home/jorge/capture_ws/build/cnn_pkg' returned '2': CMAKE_PREFIX_PATH=/home/jorge/capture_ws/install/ros2_aruco_interfaces:/home/jorge/capture_ws/install/cnn_pkg:/home/jorge/capture_ws/install/realsense2_description:/home/jorge/capture_ws/install/realsense2_camera:/home/jorge/capture_ws/install/realsense2_camera_msgs:/home/jorge/capture_ws/install/dnn_pkg:/home/jorge/capture_ws/install/alg1_pkg:/home/jorge/capture_ws/install/ros2_aruco:/opt/ros/foxy /usr/bin/cmake --build /home/jorge/capture_ws/build/cnn_pkg -- -j8 -l8
