[1.563s] Invoking command in '/home/jorge/capture_ws/src/ros2_aruco/ros2_aruco': PYTHONPATH=/home/jorge/capture_ws/build/ros2_aruco/prefix_override:/home/jorge/capture_ws/install/ros2_aruco/lib/python3.8/site-packages:${PYTHONPATH} /usr/bin/python3 -W ignore:setup.py install is deprecated setup.py egg_info --egg-base ../../../build/ros2_aruco build --build-base /home/jorge/capture_ws/build/ros2_aruco/build install --record /home/jorge/capture_ws/build/ros2_aruco/install.log --single-version-externally-managed install_data
[1.939s] running egg_info
[1.939s] writing ../../../build/ros2_aruco/ros2_aruco.egg-info/PKG-INFO
[1.940s] writing dependency_links to ../../../build/ros2_aruco/ros2_aruco.egg-info/dependency_links.txt
[1.940s] writing entry points to ../../../build/ros2_aruco/ros2_aruco.egg-info/entry_points.txt
[1.940s] writing requirements to ../../../build/ros2_aruco/ros2_aruco.egg-info/requires.txt
[1.940s] writing top-level names to ../../../build/ros2_aruco/ros2_aruco.egg-info/top_level.txt
[1.993s] reading manifest file '../../../build/ros2_aruco/ros2_aruco.egg-info/SOURCES.txt'
[1.995s] writing manifest file '../../../build/ros2_aruco/ros2_aruco.egg-info/SOURCES.txt'
[1.996s] running build
[1.996s] running build_py
[1.996s] copying ros2_aruco/aruco_node.py -> /home/jorge/capture_ws/build/ros2_aruco/build/lib/ros2_aruco
[1.997s] running install
[1.999s] running install_lib
[2.000s] copying /home/jorge/capture_ws/build/ros2_aruco/build/lib/ros2_aruco/aruco_node.py -> /home/jorge/capture_ws/install/ros2_aruco/lib/python3.8/site-packages/ros2_aruco
[2.001s] byte-compiling /home/jorge/capture_ws/install/ros2_aruco/lib/python3.8/site-packages/ros2_aruco/aruco_node.py to aruco_node.cpython-38.pyc
[2.004s] running install_data
[2.005s] running install_egg_info
[2.007s] removing '/home/jorge/capture_ws/install/ros2_aruco/lib/python3.8/site-packages/ros2_aruco-0.1.0-py3.8.egg-info' (and everything under it)
[2.007s] Copying ../../../build/ros2_aruco/ros2_aruco.egg-info to /home/jorge/capture_ws/install/ros2_aruco/lib/python3.8/site-packages/ros2_aruco-0.1.0-py3.8.egg-info
[2.008s] running install_scripts
[2.037s] Installing aruco_generate_marker script to /home/jorge/capture_ws/install/ros2_aruco/lib/ros2_aruco
[2.038s] Installing aruco_node script to /home/jorge/capture_ws/install/ros2_aruco/lib/ros2_aruco
[2.038s] writing list of installed files to '/home/jorge/capture_ws/build/ros2_aruco/install.log'
[2.077s] Invoked command in '/home/jorge/capture_ws/src/ros2_aruco/ros2_aruco' returned '0': PYTHONPATH=/home/jorge/capture_ws/build/ros2_aruco/prefix_override:/home/jorge/capture_ws/install/ros2_aruco/lib/python3.8/site-packages:${PYTHONPATH} /usr/bin/python3 -W ignore:setup.py install is deprecated setup.py egg_info --egg-base ../../../build/ros2_aruco build --build-base /home/jorge/capture_ws/build/ros2_aruco/build install --record /home/jorge/capture_ws/build/ros2_aruco/install.log --single-version-externally-managed install_data
