[0.044s] Invoking command in '/home/jorge/capture_ws/build/realsense2_camera_msgs': CMAKE_PREFIX_PATH=${CMAKE_PREFIX_PATH}:/home/jorge/capture_ws/install/ros2_aruco:/opt/ros/foxy /usr/bin/cmake /home/jorge/capture_ws/src/realsense-ros/realsense2_camera_msgs -DCMAKE_INSTALL_PREFIX=/home/jorge/capture_ws/install/realsense2_camera_msgs
[0.504s] -- The C compiler identification is GNU 9.4.0
[0.504s] -- The CXX compiler identification is GNU 9.4.0
[0.504s] -- Check for working C compiler: /usr/bin/cc
[0.561s] -- Check for working C compiler: /usr/bin/cc -- works
[0.562s] -- Detecting C compiler ABI info
[0.672s] -- Detecting C compiler ABI info - done
[0.699s] -- Detecting C compile features
[0.699s] -- Detecting C compile features - done
[0.704s] -- Check for working CXX compiler: /usr/bin/c++
[0.839s] -- Check for working CXX compiler: /usr/bin/c++ -- works
[0.841s] -- Detecting CXX compiler ABI info
[0.976s] -- Detecting CXX compiler ABI info - done
[1.027s] -- Detecting CXX compile features
[1.028s] -- Detecting CXX compile features - done
[1.033s] -- Found ament_cmake: 0.9.12 (/opt/ros/foxy/share/ament_cmake/cmake)
[1.084s] -- Found PythonInterp: /usr/bin/python3 (found suitable version "3.8.10", minimum required is "3") 
[1.084s] -- Using PYTHON_EXECUTABLE: /usr/bin/python3
[1.412s] -- Found rosidl_default_generators: 1.0.1 (/opt/ros/foxy/share/rosidl_default_generators/cmake)
[1.422s] -- Using all available rosidl_typesupport_c: rosidl_typesupport_fastrtps_c;rosidl_typesupport_introspection_c
[1.439s] -- Found rosidl_adapter: 1.3.1 (/opt/ros/foxy/share/rosidl_adapter/cmake)
[1.600s] -- Found OpenSSL: /usr/lib/x86_64-linux-gnu/libcrypto.so (found version "1.1.1f")  
[1.647s] -- Found FastRTPS: /opt/ros/foxy/include  
[1.772s] -- Using all available rosidl_typesupport_cpp: rosidl_typesupport_fastrtps_cpp;rosidl_typesupport_introspection_cpp
[1.837s] -- Found builtin_interfaces: 1.0.0 (/opt/ros/foxy/share/builtin_interfaces/cmake)
[1.866s] -- Found std_msgs: 2.0.5 (/opt/ros/foxy/share/std_msgs/cmake)
[1.939s] -- Found PythonInterp: /usr/bin/python3 (found version "3.8.10") 
[2.215s] -- Found ament_cmake_cppcheck: 0.9.8 (/opt/ros/foxy/share/ament_cmake_cppcheck/cmake)
[2.218s] -- Found ament_cmake_cpplint: 0.9.8 (/opt/ros/foxy/share/ament_cmake_cpplint/cmake)
[2.222s] -- Found ament_cmake_uncrustify: 0.9.8 (/opt/ros/foxy/share/ament_cmake_uncrustify/cmake)
[2.226s] -- Found ament_cmake_ros: 0.9.2 (/opt/ros/foxy/share/ament_cmake_ros/cmake)
[2.505s] -- Using all available rosidl_typesupport_c: rosidl_typesupport_fastrtps_c;rosidl_typesupport_introspection_c
[2.624s] -- Using all available rosidl_typesupport_cpp: rosidl_typesupport_fastrtps_cpp;rosidl_typesupport_introspection_cpp
[2.655s] -- Found PythonInterp: /usr/bin/python3 (found suitable version "3.8.10", minimum required is "3.5") 
[2.659s] -- Found python_cmake_module: 0.8.1 (/opt/ros/foxy/share/python_cmake_module/cmake)
[2.691s] -- Found PythonLibs: /usr/lib/x86_64-linux-gnu/libpython3.8.so (found suitable version "3.8.10", minimum required is "3.5") 
[2.691s] -- Using PYTHON_EXECUTABLE: /usr/bin/python3
[2.692s] -- Using PYTHON_INCLUDE_DIRS: /usr/include/python3.8
[2.692s] -- Using PYTHON_LIBRARIES: /usr/lib/x86_64-linux-gnu/libpython3.8.so
[2.718s] -- Found PythonExtra: .so  
[2.810s] -- Found ament_cmake_flake8: 0.9.8 (/opt/ros/foxy/share/ament_cmake_flake8/cmake)
[2.813s] -- Found ament_cmake_pep257: 0.9.8 (/opt/ros/foxy/share/ament_cmake_pep257/cmake)
[2.838s] -- Configuring done
[2.944s] -- Generating done
[2.950s] -- Build files have been written to: /home/jorge/capture_ws/build/realsense2_camera_msgs
[2.965s] Invoked command in '/home/jorge/capture_ws/build/realsense2_camera_msgs' returned '0': CMAKE_PREFIX_PATH=${CMAKE_PREFIX_PATH}:/home/jorge/capture_ws/install/ros2_aruco:/opt/ros/foxy /usr/bin/cmake /home/jorge/capture_ws/src/realsense-ros/realsense2_camera_msgs -DCMAKE_INSTALL_PREFIX=/home/jorge/capture_ws/install/realsense2_camera_msgs
[2.970s] Invoking command in '/home/jorge/capture_ws/build/realsense2_camera_msgs': CMAKE_PREFIX_PATH=${CMAKE_PREFIX_PATH}:/home/jorge/capture_ws/install/ros2_aruco:/opt/ros/foxy /usr/bin/cmake --build /home/jorge/capture_ws/build/realsense2_camera_msgs -- -j8 -l8
[3.028s] [35m[1mScanning dependencies of target realsense2_camera_msgs__cpp[0m
[3.031s] [  1%] [34m[1mGenerating C code for ROS interfaces[0m
[3.047s] [  3%] [34m[1mGenerating C++ code for ROS interfaces[0m
[4.229s] [  3%] Built target realsense2_camera_msgs__cpp
[4.275s] [  5%] [34m[1mGenerating C++ type support for eProsima Fast-RTPS[0m
[4.298s] [  7%] [34m[1mGenerating C++ type support dispatch for ROS interfaces[0m
[4.307s] [  9%] [34m[1mGenerating C++ introspection for ROS interfaces[0m
[4.345s] [35m[1mScanning dependencies of target realsense2_camera_msgs__rosidl_generator_c[0m
[4.393s] [ 10%] [32mBuilding C object CMakeFiles/realsense2_camera_msgs__rosidl_generator_c.dir/rosidl_generator_c/realsense2_camera_msgs/msg/detail/imu_info__functions.c.o[0m
[4.409s] [ 12%] [32mBuilding C object CMakeFiles/realsense2_camera_msgs__rosidl_generator_c.dir/rosidl_generator_c/realsense2_camera_msgs/msg/detail/extrinsics__functions.c.o[0m
[4.431s] [ 14%] [32mBuilding C object CMakeFiles/realsense2_camera_msgs__rosidl_generator_c.dir/rosidl_generator_c/realsense2_camera_msgs/msg/detail/metadata__functions.c.o[0m
[4.463s] [ 16%] [32mBuilding C object CMakeFiles/realsense2_camera_msgs__rosidl_generator_c.dir/rosidl_generator_c/realsense2_camera_msgs/srv/detail/device_info__functions.c.o[0m
[4.775s] [ 18%] [32m[1mLinking C shared library librealsense2_camera_msgs__rosidl_generator_c.so[0m
[4.927s] [ 18%] Built target realsense2_camera_msgs__rosidl_generator_c
[4.950s] [ 20%] [34m[1mGenerating C introspection for ROS interfaces[0m
[4.989s] [ 21%] [34m[1mGenerating C type support dispatch for ROS interfaces[0m
[5.390s] [35m[1mScanning dependencies of target realsense2_camera_msgs__rosidl_typesupport_cpp[0m
[5.467s] [ 23%] [32mBuilding CXX object CMakeFiles/realsense2_camera_msgs__rosidl_typesupport_cpp.dir/rosidl_typesupport_cpp/realsense2_camera_msgs/msg/imu_info__type_support.cpp.o[0m
[5.500s] [ 25%] [32mBuilding CXX object CMakeFiles/realsense2_camera_msgs__rosidl_typesupport_cpp.dir/rosidl_typesupport_cpp/realsense2_camera_msgs/msg/metadata__type_support.cpp.o[0m
[5.504s] [ 27%] [32mBuilding CXX object CMakeFiles/realsense2_camera_msgs__rosidl_typesupport_cpp.dir/rosidl_typesupport_cpp/realsense2_camera_msgs/msg/extrinsics__type_support.cpp.o[0m
[5.526s] [ 29%] [32mBuilding CXX object CMakeFiles/realsense2_camera_msgs__rosidl_typesupport_cpp.dir/rosidl_typesupport_cpp/realsense2_camera_msgs/srv/device_info__type_support.cpp.o[0m
[5.545s] [35m[1mScanning dependencies of target realsense2_camera_msgs__rosidl_typesupport_fastrtps_cpp[0m
[5.668s] [ 30%] [32mBuilding CXX object CMakeFiles/realsense2_camera_msgs__rosidl_typesupport_fastrtps_cpp.dir/rosidl_typesupport_fastrtps_cpp/realsense2_camera_msgs/msg/detail/dds_fastrtps/imu_info__type_support.cpp.o[0m
[5.891s] [35m[1mScanning dependencies of target realsense2_camera_msgs__rosidl_typesupport_introspection_cpp[0m
[5.945s] [ 32%] [32mBuilding CXX object CMakeFiles/realsense2_camera_msgs__rosidl_typesupport_introspection_cpp.dir/rosidl_typesupport_introspection_cpp/realsense2_camera_msgs/msg/detail/imu_info__type_support.cpp.o[0m
[6.065s] [35m[1mScanning dependencies of target realsense2_camera_msgs__rosidl_typesupport_introspection_c[0m
[6.113s] [35m[1mScanning dependencies of target realsense2_camera_msgs__rosidl_typesupport_c[0m
[6.158s] [ 34%] [32mBuilding C object CMakeFiles/realsense2_camera_msgs__rosidl_typesupport_introspection_c.dir/rosidl_typesupport_introspection_c/realsense2_camera_msgs/msg/detail/imu_info__type_support.c.o[0m
[6.202s] [ 36%] [32mBuilding CXX object CMakeFiles/realsense2_camera_msgs__rosidl_typesupport_c.dir/rosidl_typesupport_c/realsense2_camera_msgs/msg/imu_info__type_support.cpp.o[0m
[6.295s] [ 38%] [32mBuilding CXX object CMakeFiles/realsense2_camera_msgs__rosidl_typesupport_c.dir/rosidl_typesupport_c/realsense2_camera_msgs/msg/extrinsics__type_support.cpp.o[0m
[6.322s] [ 40%] [32mBuilding C object CMakeFiles/realsense2_camera_msgs__rosidl_typesupport_introspection_c.dir/rosidl_typesupport_introspection_c/realsense2_camera_msgs/msg/detail/extrinsics__type_support.c.o[0m
[6.376s] [ 41%] [32mBuilding CXX object CMakeFiles/realsense2_camera_msgs__rosidl_typesupport_c.dir/rosidl_typesupport_c/realsense2_camera_msgs/msg/metadata__type_support.cpp.o[0m
[6.389s] [ 43%] [32mBuilding C object CMakeFiles/realsense2_camera_msgs__rosidl_typesupport_introspection_c.dir/rosidl_typesupport_introspection_c/realsense2_camera_msgs/msg/detail/metadata__type_support.c.o[0m
[6.446s] [ 45%] [32mBuilding CXX object CMakeFiles/realsense2_camera_msgs__rosidl_typesupport_c.dir/rosidl_typesupport_c/realsense2_camera_msgs/srv/device_info__type_support.cpp.o[0m
[6.480s] [ 47%] [32mBuilding C object CMakeFiles/realsense2_camera_msgs__rosidl_typesupport_introspection_c.dir/rosidl_typesupport_introspection_c/realsense2_camera_msgs/srv/detail/device_info__type_support.c.o[0m
[6.502s] [ 49%] [32mBuilding CXX object CMakeFiles/realsense2_camera_msgs__rosidl_typesupport_fastrtps_cpp.dir/rosidl_typesupport_fastrtps_cpp/realsense2_camera_msgs/msg/detail/dds_fastrtps/extrinsics__type_support.cpp.o[0m
[6.519s] [ 50%] [32mBuilding CXX object CMakeFiles/realsense2_camera_msgs__rosidl_typesupport_fastrtps_cpp.dir/rosidl_typesupport_fastrtps_cpp/realsense2_camera_msgs/msg/detail/dds_fastrtps/metadata__type_support.cpp.o[0m
[6.548s] [ 52%] [32mBuilding CXX object CMakeFiles/realsense2_camera_msgs__rosidl_typesupport_fastrtps_cpp.dir/rosidl_typesupport_fastrtps_cpp/realsense2_camera_msgs/srv/detail/dds_fastrtps/device_info__type_support.cpp.o[0m
[6.548s] [ 54%] [32m[1mLinking CXX shared library librealsense2_camera_msgs__rosidl_typesupport_c.so[0m
[6.594s] [ 56%] [32mBuilding CXX object CMakeFiles/realsense2_camera_msgs__rosidl_typesupport_introspection_cpp.dir/rosidl_typesupport_introspection_cpp/realsense2_camera_msgs/msg/detail/extrinsics__type_support.cpp.o[0m
[6.607s] [ 58%] [32m[1mLinking C shared library librealsense2_camera_msgs__rosidl_typesupport_introspection_c.so[0m
[6.640s] [ 60%] [32m[1mLinking CXX shared library librealsense2_camera_msgs__rosidl_typesupport_cpp.so[0m
[6.700s] [ 60%] Built target realsense2_camera_msgs__rosidl_typesupport_c
[6.743s] [ 60%] Built target realsense2_camera_msgs__rosidl_typesupport_introspection_c
[6.761s] [ 61%] [32mBuilding CXX object CMakeFiles/realsense2_camera_msgs__rosidl_typesupport_introspection_cpp.dir/rosidl_typesupport_introspection_cpp/realsense2_camera_msgs/srv/detail/device_info__type_support.cpp.o[0m
[6.781s] [ 63%] [32mBuilding CXX object CMakeFiles/realsense2_camera_msgs__rosidl_typesupport_introspection_cpp.dir/rosidl_typesupport_introspection_cpp/realsense2_camera_msgs/msg/detail/metadata__type_support.cpp.o[0m
[6.838s] [ 63%] Built target realsense2_camera_msgs__rosidl_typesupport_cpp
[7.601s] [ 65%] [32m[1mLinking CXX shared library librealsense2_camera_msgs__rosidl_typesupport_introspection_cpp.so[0m
[7.691s] [ 67%] [32m[1mLinking CXX shared library librealsense2_camera_msgs__rosidl_typesupport_fastrtps_cpp.so[0m
[7.720s] [ 67%] Built target realsense2_camera_msgs__rosidl_typesupport_introspection_cpp
[7.830s] [ 67%] Built target realsense2_camera_msgs__rosidl_typesupport_fastrtps_cpp
[7.847s] [ 69%] [34m[1mGenerating C type support for eProsima Fast-RTPS[0m
[8.620s] [35m[1mScanning dependencies of target realsense2_camera_msgs__rosidl_typesupport_fastrtps_c[0m
[8.654s] [ 70%] [32mBuilding CXX object CMakeFiles/realsense2_camera_msgs__rosidl_typesupport_fastrtps_c.dir/rosidl_typesupport_fastrtps_c/realsense2_camera_msgs/msg/detail/imu_info__type_support_c.cpp.o[0m
[8.657s] [ 72%] [32mBuilding CXX object CMakeFiles/realsense2_camera_msgs__rosidl_typesupport_fastrtps_c.dir/rosidl_typesupport_fastrtps_c/realsense2_camera_msgs/msg/detail/extrinsics__type_support_c.cpp.o[0m
[8.657s] [ 74%] [32mBuilding CXX object CMakeFiles/realsense2_camera_msgs__rosidl_typesupport_fastrtps_c.dir/rosidl_typesupport_fastrtps_c/realsense2_camera_msgs/msg/detail/metadata__type_support_c.cpp.o[0m
[8.663s] [ 76%] [32mBuilding CXX object CMakeFiles/realsense2_camera_msgs__rosidl_typesupport_fastrtps_c.dir/rosidl_typesupport_fastrtps_c/realsense2_camera_msgs/srv/detail/device_info__type_support_c.cpp.o[0m
[9.437s] [ 78%] [32m[1mLinking CXX shared library librealsense2_camera_msgs__rosidl_typesupport_fastrtps_c.so[0m
[9.619s] [ 78%] Built target realsense2_camera_msgs__rosidl_typesupport_fastrtps_c
[9.638s] [35m[1mScanning dependencies of target realsense2_camera_msgs[0m
[9.657s] [ 78%] Built target realsense2_camera_msgs
[9.678s] [35m[1mScanning dependencies of target realsense2_camera_msgs__py[0m
[9.699s] [ 80%] [34m[1mGenerating Python code for ROS interfaces[0m
[11.113s] [ 80%] Built target realsense2_camera_msgs__py
[11.128s] [35m[1mScanning dependencies of target realsense2_camera_msgs__python[0m
[11.175s] [ 83%] [32mBuilding C object CMakeFiles/realsense2_camera_msgs__python.dir/rosidl_generator_py/realsense2_camera_msgs/msg/_imu_info_s.c.o[0m
[11.175s] [ 83%] [32mBuilding C object CMakeFiles/realsense2_camera_msgs__python.dir/rosidl_generator_py/realsense2_camera_msgs/msg/_extrinsics_s.c.o[0m
[11.175s] [ 85%] [32mBuilding C object CMakeFiles/realsense2_camera_msgs__python.dir/rosidl_generator_py/realsense2_camera_msgs/msg/_metadata_s.c.o[0m
[11.190s] [ 87%] [32mBuilding C object CMakeFiles/realsense2_camera_msgs__python.dir/rosidl_generator_py/realsense2_camera_msgs/srv/_device_info_s.c.o[0m
[11.381s] [ 89%] [32m[1mLinking C shared library rosidl_generator_py/realsense2_camera_msgs/librealsense2_camera_msgs__python.so[0m
[11.460s] [ 89%] Built target realsense2_camera_msgs__python
[11.479s] [35m[1mScanning dependencies of target realsense2_camera_msgs__rosidl_typesupport_fastrtps_c__pyext[0m
[11.479s] [35m[1mScanning dependencies of target realsense2_camera_msgs__rosidl_typesupport_c__pyext[0m
[11.479s] [35m[1mScanning dependencies of target realsense2_camera_msgs__rosidl_typesupport_introspection_c__pyext[0m
[11.516s] [ 90%] [32mBuilding C object CMakeFiles/realsense2_camera_msgs__rosidl_typesupport_introspection_c__pyext.dir/rosidl_generator_py/realsense2_camera_msgs/_realsense2_camera_msgs_s.ep.rosidl_typesupport_introspection_c.c.o[0m
[11.523s] [ 92%] [32mBuilding C object CMakeFiles/realsense2_camera_msgs__rosidl_typesupport_fastrtps_c__pyext.dir/rosidl_generator_py/realsense2_camera_msgs/_realsense2_camera_msgs_s.ep.rosidl_typesupport_fastrtps_c.c.o[0m
[11.523s] [ 94%] [32mBuilding C object CMakeFiles/realsense2_camera_msgs__rosidl_typesupport_c__pyext.dir/rosidl_generator_py/realsense2_camera_msgs/_realsense2_camera_msgs_s.ep.rosidl_typesupport_c.c.o[0m
[11.680s] [ 96%] [32m[1mLinking C shared library rosidl_generator_py/realsense2_camera_msgs/realsense2_camera_msgs_s__rosidl_typesupport_c.cpython-38-x86_64-linux-gnu.so[0m
[11.686s] [ 98%] [32m[1mLinking C shared library rosidl_generator_py/realsense2_camera_msgs/realsense2_camera_msgs_s__rosidl_typesupport_introspection_c.cpython-38-x86_64-linux-gnu.so[0m
[11.701s] [100%] [32m[1mLinking CXX shared library rosidl_generator_py/realsense2_camera_msgs/realsense2_camera_msgs_s__rosidl_typesupport_fastrtps_c.cpython-38-x86_64-linux-gnu.so[0m
[11.755s] [100%] Built target realsense2_camera_msgs__rosidl_typesupport_introspection_c__pyext
[11.762s] [100%] Built target realsense2_camera_msgs__rosidl_typesupport_c__pyext
[11.838s] [100%] Built target realsense2_camera_msgs__rosidl_typesupport_fastrtps_c__pyext
[11.855s] Invoked command in '/home/jorge/capture_ws/build/realsense2_camera_msgs' returned '0': CMAKE_PREFIX_PATH=${CMAKE_PREFIX_PATH}:/home/jorge/capture_ws/install/ros2_aruco:/opt/ros/foxy /usr/bin/cmake --build /home/jorge/capture_ws/build/realsense2_camera_msgs -- -j8 -l8
[11.976s] Invoking command in '/home/jorge/capture_ws/build/realsense2_camera_msgs': CMAKE_PREFIX_PATH=${CMAKE_PREFIX_PATH}:/home/jorge/capture_ws/install/ros2_aruco:/opt/ros/foxy /usr/bin/cmake --install /home/jorge/capture_ws/build/realsense2_camera_msgs
[11.986s] -- Install configuration: ""
[11.986s] -- Installing: /home/jorge/capture_ws/install/realsense2_camera_msgs/share/ament_index/resource_index/rosidl_interfaces/realsense2_camera_msgs
[11.987s] -- Installing: /home/jorge/capture_ws/install/realsense2_camera_msgs/include/realsense2_camera_msgs
[11.987s] -- Installing: /home/jorge/capture_ws/install/realsense2_camera_msgs/include/realsense2_camera_msgs/msg
[11.987s] -- Installing: /home/jorge/capture_ws/install/realsense2_camera_msgs/include/realsense2_camera_msgs/msg/imu_info.h
[11.987s] -- Installing: /home/jorge/capture_ws/install/realsense2_camera_msgs/include/realsense2_camera_msgs/msg/metadata.h
[11.988s] -- Installing: /home/jorge/capture_ws/install/realsense2_camera_msgs/include/realsense2_camera_msgs/msg/detail
[11.988s] -- Installing: /home/jorge/capture_ws/install/realsense2_camera_msgs/include/realsense2_camera_msgs/msg/detail/metadata__type_support.h
[11.988s] -- Installing: /home/jorge/capture_ws/install/realsense2_camera_msgs/include/realsense2_camera_msgs/msg/detail/imu_info__type_support.h
[11.988s] -- Installing: /home/jorge/capture_ws/install/realsense2_camera_msgs/include/realsense2_camera_msgs/msg/detail/extrinsics__functions.c
[11.989s] -- Installing: /home/jorge/capture_ws/install/realsense2_camera_msgs/include/realsense2_camera_msgs/msg/detail/imu_info__functions.c
[11.989s] -- Installing: /home/jorge/capture_ws/install/realsense2_camera_msgs/include/realsense2_camera_msgs/msg/detail/metadata__functions.h
[11.989s] -- Installing: /home/jorge/capture_ws/install/realsense2_camera_msgs/include/realsense2_camera_msgs/msg/detail/extrinsics__functions.h
[11.989s] -- Installing: /home/jorge/capture_ws/install/realsense2_camera_msgs/include/realsense2_camera_msgs/msg/detail/extrinsics__type_support.h
[11.989s] -- Installing: /home/jorge/capture_ws/install/realsense2_camera_msgs/include/realsense2_camera_msgs/msg/detail/extrinsics__struct.h
[11.990s] -- Installing: /home/jorge/capture_ws/install/realsense2_camera_msgs/include/realsense2_camera_msgs/msg/detail/metadata__functions.c
[11.990s] -- Installing: /home/jorge/capture_ws/install/realsense2_camera_msgs/include/realsense2_camera_msgs/msg/detail/imu_info__struct.h
[11.990s] -- Installing: /home/jorge/capture_ws/install/realsense2_camera_msgs/include/realsense2_camera_msgs/msg/detail/metadata__struct.h
[11.990s] -- Installing: /home/jorge/capture_ws/install/realsense2_camera_msgs/include/realsense2_camera_msgs/msg/detail/imu_info__functions.h
[11.991s] -- Installing: /home/jorge/capture_ws/install/realsense2_camera_msgs/include/realsense2_camera_msgs/msg/extrinsics.h
[11.991s] -- Installing: /home/jorge/capture_ws/install/realsense2_camera_msgs/include/realsense2_camera_msgs/msg/rosidl_generator_c__visibility_control.h
[11.991s] -- Installing: /home/jorge/capture_ws/install/realsense2_camera_msgs/include/realsense2_camera_msgs/srv
[11.991s] -- Installing: /home/jorge/capture_ws/install/realsense2_camera_msgs/include/realsense2_camera_msgs/srv/detail
[11.991s] -- Installing: /home/jorge/capture_ws/install/realsense2_camera_msgs/include/realsense2_camera_msgs/srv/detail/device_info__functions.c
[11.991s] -- Installing: /home/jorge/capture_ws/install/realsense2_camera_msgs/include/realsense2_camera_msgs/srv/detail/device_info__type_support.h
[11.991s] -- Installing: /home/jorge/capture_ws/install/realsense2_camera_msgs/include/realsense2_camera_msgs/srv/detail/device_info__functions.h
[11.992s] -- Installing: /home/jorge/capture_ws/install/realsense2_camera_msgs/include/realsense2_camera_msgs/srv/detail/device_info__struct.h
[11.992s] -- Installing: /home/jorge/capture_ws/install/realsense2_camera_msgs/include/realsense2_camera_msgs/srv/device_info.h
[11.992s] -- Installing: /home/jorge/capture_ws/install/realsense2_camera_msgs/share/realsense2_camera_msgs/environment/library_path.sh
[11.993s] -- Installing: /home/jorge/capture_ws/install/realsense2_camera_msgs/share/realsense2_camera_msgs/environment/library_path.dsv
[11.993s] -- Installing: /home/jorge/capture_ws/install/realsense2_camera_msgs/lib/librealsense2_camera_msgs__rosidl_generator_c.so
[11.993s] -- Set runtime path of "/home/jorge/capture_ws/install/realsense2_camera_msgs/lib/librealsense2_camera_msgs__rosidl_generator_c.so" to ""
[11.993s] -- Up-to-date: /home/jorge/capture_ws/install/realsense2_camera_msgs/include/realsense2_camera_msgs
[11.993s] -- Up-to-date: /home/jorge/capture_ws/install/realsense2_camera_msgs/include/realsense2_camera_msgs/msg
[11.994s] -- Up-to-date: /home/jorge/capture_ws/install/realsense2_camera_msgs/include/realsense2_camera_msgs/msg/detail
[11.994s] -- Installing: /home/jorge/capture_ws/install/realsense2_camera_msgs/include/realsense2_camera_msgs/msg/detail/imu_info__rosidl_typesupport_fastrtps_c.h
[11.994s] -- Installing: /home/jorge/capture_ws/install/realsense2_camera_msgs/include/realsense2_camera_msgs/msg/detail/metadata__rosidl_typesupport_fastrtps_c.h
[11.994s] -- Installing: /home/jorge/capture_ws/install/realsense2_camera_msgs/include/realsense2_camera_msgs/msg/detail/extrinsics__rosidl_typesupport_fastrtps_c.h
[11.994s] -- Installing: /home/jorge/capture_ws/install/realsense2_camera_msgs/include/realsense2_camera_msgs/msg/rosidl_typesupport_fastrtps_c__visibility_control.h
[11.995s] -- Up-to-date: /home/jorge/capture_ws/install/realsense2_camera_msgs/include/realsense2_camera_msgs/srv
[11.995s] -- Up-to-date: /home/jorge/capture_ws/install/realsense2_camera_msgs/include/realsense2_camera_msgs/srv/detail
[11.995s] -- Installing: /home/jorge/capture_ws/install/realsense2_camera_msgs/include/realsense2_camera_msgs/srv/detail/device_info__rosidl_typesupport_fastrtps_c.h
[11.995s] -- Installing: /home/jorge/capture_ws/install/realsense2_camera_msgs/lib/librealsense2_camera_msgs__rosidl_typesupport_fastrtps_c.so
[11.996s] -- Set runtime path of "/home/jorge/capture_ws/install/realsense2_camera_msgs/lib/librealsense2_camera_msgs__rosidl_typesupport_fastrtps_c.so" to ""
[11.996s] -- Up-to-date: /home/jorge/capture_ws/install/realsense2_camera_msgs/include/realsense2_camera_msgs
[11.996s] -- Up-to-date: /home/jorge/capture_ws/install/realsense2_camera_msgs/include/realsense2_camera_msgs/msg
[11.996s] -- Up-to-date: /home/jorge/capture_ws/install/realsense2_camera_msgs/include/realsense2_camera_msgs/msg/detail
[11.997s] -- Installing: /home/jorge/capture_ws/install/realsense2_camera_msgs/include/realsense2_camera_msgs/msg/detail/extrinsics__rosidl_typesupport_fastrtps_cpp.hpp
[11.997s] -- Installing: /home/jorge/capture_ws/install/realsense2_camera_msgs/include/realsense2_camera_msgs/msg/detail/metadata__rosidl_typesupport_fastrtps_cpp.hpp
[11.997s] -- Installing: /home/jorge/capture_ws/install/realsense2_camera_msgs/include/realsense2_camera_msgs/msg/detail/imu_info__rosidl_typesupport_fastrtps_cpp.hpp
[11.997s] -- Installing: /home/jorge/capture_ws/install/realsense2_camera_msgs/include/realsense2_camera_msgs/msg/detail/dds_fastrtps
[11.998s] -- Installing: /home/jorge/capture_ws/install/realsense2_camera_msgs/include/realsense2_camera_msgs/msg/rosidl_typesupport_fastrtps_cpp__visibility_control.h
[11.998s] -- Up-to-date: /home/jorge/capture_ws/install/realsense2_camera_msgs/include/realsense2_camera_msgs/srv
[11.998s] -- Up-to-date: /home/jorge/capture_ws/install/realsense2_camera_msgs/include/realsense2_camera_msgs/srv/detail
[11.998s] -- Installing: /home/jorge/capture_ws/install/realsense2_camera_msgs/include/realsense2_camera_msgs/srv/detail/device_info__rosidl_typesupport_fastrtps_cpp.hpp
[11.998s] -- Installing: /home/jorge/capture_ws/install/realsense2_camera_msgs/include/realsense2_camera_msgs/srv/detail/dds_fastrtps
[11.998s] -- Installing: /home/jorge/capture_ws/install/realsense2_camera_msgs/lib/librealsense2_camera_msgs__rosidl_typesupport_fastrtps_cpp.so
[11.999s] -- Set runtime path of "/home/jorge/capture_ws/install/realsense2_camera_msgs/lib/librealsense2_camera_msgs__rosidl_typesupport_fastrtps_cpp.so" to ""
[11.999s] -- Up-to-date: /home/jorge/capture_ws/install/realsense2_camera_msgs/include/realsense2_camera_msgs
[11.999s] -- Up-to-date: /home/jorge/capture_ws/install/realsense2_camera_msgs/include/realsense2_camera_msgs/msg
[11.999s] -- Up-to-date: /home/jorge/capture_ws/install/realsense2_camera_msgs/include/realsense2_camera_msgs/msg/detail
[11.999s] -- Installing: /home/jorge/capture_ws/install/realsense2_camera_msgs/include/realsense2_camera_msgs/msg/detail/extrinsics__rosidl_typesupport_introspection_c.h
[12.000s] -- Installing: /home/jorge/capture_ws/install/realsense2_camera_msgs/include/realsense2_camera_msgs/msg/detail/metadata__type_support.c
[12.000s] -- Installing: /home/jorge/capture_ws/install/realsense2_camera_msgs/include/realsense2_camera_msgs/msg/detail/extrinsics__type_support.c
[12.000s] -- Installing: /home/jorge/capture_ws/install/realsense2_camera_msgs/include/realsense2_camera_msgs/msg/detail/imu_info__rosidl_typesupport_introspection_c.h
[12.000s] -- Installing: /home/jorge/capture_ws/install/realsense2_camera_msgs/include/realsense2_camera_msgs/msg/detail/imu_info__type_support.c
[12.001s] -- Installing: /home/jorge/capture_ws/install/realsense2_camera_msgs/include/realsense2_camera_msgs/msg/detail/metadata__rosidl_typesupport_introspection_c.h
[12.001s] -- Installing: /home/jorge/capture_ws/install/realsense2_camera_msgs/include/realsense2_camera_msgs/msg/rosidl_typesupport_introspection_c__visibility_control.h
[12.001s] -- Up-to-date: /home/jorge/capture_ws/install/realsense2_camera_msgs/include/realsense2_camera_msgs/srv
[12.001s] -- Up-to-date: /home/jorge/capture_ws/install/realsense2_camera_msgs/include/realsense2_camera_msgs/srv/detail
[12.001s] -- Installing: /home/jorge/capture_ws/install/realsense2_camera_msgs/include/realsense2_camera_msgs/srv/detail/device_info__rosidl_typesupport_introspection_c.h
[12.002s] -- Installing: /home/jorge/capture_ws/install/realsense2_camera_msgs/include/realsense2_camera_msgs/srv/detail/device_info__type_support.c
[12.002s] -- Installing: /home/jorge/capture_ws/install/realsense2_camera_msgs/lib/librealsense2_camera_msgs__rosidl_typesupport_introspection_c.so
[12.002s] -- Set runtime path of "/home/jorge/capture_ws/install/realsense2_camera_msgs/lib/librealsense2_camera_msgs__rosidl_typesupport_introspection_c.so" to ""
[12.002s] -- Installing: /home/jorge/capture_ws/install/realsense2_camera_msgs/lib/librealsense2_camera_msgs__rosidl_typesupport_c.so
[12.003s] -- Set runtime path of "/home/jorge/capture_ws/install/realsense2_camera_msgs/lib/librealsense2_camera_msgs__rosidl_typesupport_c.so" to ""
[12.003s] -- Up-to-date: /home/jorge/capture_ws/install/realsense2_camera_msgs/include/realsense2_camera_msgs
[12.003s] -- Up-to-date: /home/jorge/capture_ws/install/realsense2_camera_msgs/include/realsense2_camera_msgs/msg
[12.003s] -- Installing: /home/jorge/capture_ws/install/realsense2_camera_msgs/include/realsense2_camera_msgs/msg/imu_info.hpp
[12.004s] -- Up-to-date: /home/jorge/capture_ws/install/realsense2_camera_msgs/include/realsense2_camera_msgs/msg/detail
[12.004s] -- Installing: /home/jorge/capture_ws/install/realsense2_camera_msgs/include/realsense2_camera_msgs/msg/detail/imu_info__struct.hpp
[12.004s] -- Installing: /home/jorge/capture_ws/install/realsense2_camera_msgs/include/realsense2_camera_msgs/msg/detail/metadata__type_support.hpp
[12.004s] -- Installing: /home/jorge/capture_ws/install/realsense2_camera_msgs/include/realsense2_camera_msgs/msg/detail/imu_info__traits.hpp
[12.005s] -- Installing: /home/jorge/capture_ws/install/realsense2_camera_msgs/include/realsense2_camera_msgs/msg/detail/metadata__struct.hpp
[12.005s] -- Installing: /home/jorge/capture_ws/install/realsense2_camera_msgs/include/realsense2_camera_msgs/msg/detail/metadata__traits.hpp
[12.005s] -- Installing: /home/jorge/capture_ws/install/realsense2_camera_msgs/include/realsense2_camera_msgs/msg/detail/extrinsics__type_support.hpp
[12.005s] -- Installing: /home/jorge/capture_ws/install/realsense2_camera_msgs/include/realsense2_camera_msgs/msg/detail/imu_info__type_support.hpp
[12.005s] -- Installing: /home/jorge/capture_ws/install/realsense2_camera_msgs/include/realsense2_camera_msgs/msg/detail/extrinsics__struct.hpp
[12.006s] -- Installing: /home/jorge/capture_ws/install/realsense2_camera_msgs/include/realsense2_camera_msgs/msg/detail/extrinsics__builder.hpp
[12.006s] -- Installing: /home/jorge/capture_ws/install/realsense2_camera_msgs/include/realsense2_camera_msgs/msg/detail/imu_info__builder.hpp
[12.006s] -- Installing: /home/jorge/capture_ws/install/realsense2_camera_msgs/include/realsense2_camera_msgs/msg/detail/metadata__builder.hpp
[12.006s] -- Installing: /home/jorge/capture_ws/install/realsense2_camera_msgs/include/realsense2_camera_msgs/msg/detail/extrinsics__traits.hpp
[12.006s] -- Installing: /home/jorge/capture_ws/install/realsense2_camera_msgs/include/realsense2_camera_msgs/msg/extrinsics.hpp
[12.007s] -- Installing: /home/jorge/capture_ws/install/realsense2_camera_msgs/include/realsense2_camera_msgs/msg/metadata.hpp
[12.007s] -- Installing: /home/jorge/capture_ws/install/realsense2_camera_msgs/include/realsense2_camera_msgs/msg/rosidl_generator_cpp__visibility_control.hpp
[12.007s] -- Up-to-date: /home/jorge/capture_ws/install/realsense2_camera_msgs/include/realsense2_camera_msgs/srv
[12.007s] -- Installing: /home/jorge/capture_ws/install/realsense2_camera_msgs/include/realsense2_camera_msgs/srv/device_info.hpp
[12.007s] -- Up-to-date: /home/jorge/capture_ws/install/realsense2_camera_msgs/include/realsense2_camera_msgs/srv/detail
[12.008s] -- Installing: /home/jorge/capture_ws/install/realsense2_camera_msgs/include/realsense2_camera_msgs/srv/detail/device_info__type_support.hpp
[12.008s] -- Installing: /home/jorge/capture_ws/install/realsense2_camera_msgs/include/realsense2_camera_msgs/srv/detail/device_info__builder.hpp
[12.008s] -- Installing: /home/jorge/capture_ws/install/realsense2_camera_msgs/include/realsense2_camera_msgs/srv/detail/device_info__traits.hpp
[12.008s] -- Installing: /home/jorge/capture_ws/install/realsense2_camera_msgs/include/realsense2_camera_msgs/srv/detail/device_info__struct.hpp
[12.008s] -- Up-to-date: /home/jorge/capture_ws/install/realsense2_camera_msgs/include/realsense2_camera_msgs
[12.009s] -- Up-to-date: /home/jorge/capture_ws/install/realsense2_camera_msgs/include/realsense2_camera_msgs/msg
[12.009s] -- Up-to-date: /home/jorge/capture_ws/install/realsense2_camera_msgs/include/realsense2_camera_msgs/msg/detail
[12.009s] -- Installing: /home/jorge/capture_ws/install/realsense2_camera_msgs/include/realsense2_camera_msgs/msg/detail/imu_info__rosidl_typesupport_introspection_cpp.hpp
[12.009s] -- Installing: /home/jorge/capture_ws/install/realsense2_camera_msgs/include/realsense2_camera_msgs/msg/detail/extrinsics__rosidl_typesupport_introspection_cpp.hpp
[12.009s] -- Installing: /home/jorge/capture_ws/install/realsense2_camera_msgs/include/realsense2_camera_msgs/msg/detail/extrinsics__type_support.cpp
[12.009s] -- Installing: /home/jorge/capture_ws/install/realsense2_camera_msgs/include/realsense2_camera_msgs/msg/detail/metadata__type_support.cpp
[12.010s] -- Installing: /home/jorge/capture_ws/install/realsense2_camera_msgs/include/realsense2_camera_msgs/msg/detail/imu_info__type_support.cpp
[12.010s] -- Installing: /home/jorge/capture_ws/install/realsense2_camera_msgs/include/realsense2_camera_msgs/msg/detail/metadata__rosidl_typesupport_introspection_cpp.hpp
[12.010s] -- Up-to-date: /home/jorge/capture_ws/install/realsense2_camera_msgs/include/realsense2_camera_msgs/srv
[12.010s] -- Up-to-date: /home/jorge/capture_ws/install/realsense2_camera_msgs/include/realsense2_camera_msgs/srv/detail
[12.010s] -- Installing: /home/jorge/capture_ws/install/realsense2_camera_msgs/include/realsense2_camera_msgs/srv/detail/device_info__rosidl_typesupport_introspection_cpp.hpp
[12.010s] -- Installing: /home/jorge/capture_ws/install/realsense2_camera_msgs/include/realsense2_camera_msgs/srv/detail/device_info__type_support.cpp
[12.010s] -- Installing: /home/jorge/capture_ws/install/realsense2_camera_msgs/lib/librealsense2_camera_msgs__rosidl_typesupport_introspection_cpp.so
[12.010s] -- Set runtime path of "/home/jorge/capture_ws/install/realsense2_camera_msgs/lib/librealsense2_camera_msgs__rosidl_typesupport_introspection_cpp.so" to ""
[12.010s] -- Installing: /home/jorge/capture_ws/install/realsense2_camera_msgs/lib/librealsense2_camera_msgs__rosidl_typesupport_cpp.so
[12.011s] -- Set runtime path of "/home/jorge/capture_ws/install/realsense2_camera_msgs/lib/librealsense2_camera_msgs__rosidl_typesupport_cpp.so" to ""
[12.011s] -- Installing: /home/jorge/capture_ws/install/realsense2_camera_msgs/share/realsense2_camera_msgs/environment/pythonpath.sh
[12.011s] -- Installing: /home/jorge/capture_ws/install/realsense2_camera_msgs/share/realsense2_camera_msgs/environment/pythonpath.dsv
[12.011s] -- Installing: /home/jorge/capture_ws/install/realsense2_camera_msgs/lib/python3.8/site-packages/realsense2_camera_msgs/__init__.py
[12.066s] Compiling '/home/jorge/capture_ws/install/realsense2_camera_msgs/lib/python3.8/site-packages/realsense2_camera_msgs/__init__.py'...
[12.073s] -- Installing: /home/jorge/capture_ws/install/realsense2_camera_msgs/lib/python3.8/site-packages/realsense2_camera_msgs/msg
[12.073s] -- Installing: /home/jorge/capture_ws/install/realsense2_camera_msgs/lib/python3.8/site-packages/realsense2_camera_msgs/msg/__init__.py
[12.073s] -- Installing: /home/jorge/capture_ws/install/realsense2_camera_msgs/lib/python3.8/site-packages/realsense2_camera_msgs/msg/_imu_info_s.c
[12.074s] -- Installing: /home/jorge/capture_ws/install/realsense2_camera_msgs/lib/python3.8/site-packages/realsense2_camera_msgs/msg/_extrinsics_s.c
[12.074s] -- Installing: /home/jorge/capture_ws/install/realsense2_camera_msgs/lib/python3.8/site-packages/realsense2_camera_msgs/msg/_metadata_s.c
[12.074s] -- Installing: /home/jorge/capture_ws/install/realsense2_camera_msgs/lib/python3.8/site-packages/realsense2_camera_msgs/msg/_imu_info.py
[12.074s] -- Installing: /home/jorge/capture_ws/install/realsense2_camera_msgs/lib/python3.8/site-packages/realsense2_camera_msgs/msg/_extrinsics.py
[12.074s] -- Installing: /home/jorge/capture_ws/install/realsense2_camera_msgs/lib/python3.8/site-packages/realsense2_camera_msgs/msg/_metadata.py
[12.075s] -- Installing: /home/jorge/capture_ws/install/realsense2_camera_msgs/lib/python3.8/site-packages/realsense2_camera_msgs/srv
[12.075s] -- Installing: /home/jorge/capture_ws/install/realsense2_camera_msgs/lib/python3.8/site-packages/realsense2_camera_msgs/srv/__init__.py
[12.075s] -- Installing: /home/jorge/capture_ws/install/realsense2_camera_msgs/lib/python3.8/site-packages/realsense2_camera_msgs/srv/_device_info.py
[12.075s] -- Installing: /home/jorge/capture_ws/install/realsense2_camera_msgs/lib/python3.8/site-packages/realsense2_camera_msgs/srv/_device_info_s.c
[12.076s] -- Installing: /home/jorge/capture_ws/install/realsense2_camera_msgs/lib/python3.8/site-packages/realsense2_camera_msgs/realsense2_camera_msgs_s__rosidl_typesupport_fastrtps_c.cpython-38-x86_64-linux-gnu.so
[12.076s] -- Set runtime path of "/home/jorge/capture_ws/install/realsense2_camera_msgs/lib/python3.8/site-packages/realsense2_camera_msgs/realsense2_camera_msgs_s__rosidl_typesupport_fastrtps_c.cpython-38-x86_64-linux-gnu.so" to ""
[12.077s] -- Installing: /home/jorge/capture_ws/install/realsense2_camera_msgs/lib/python3.8/site-packages/realsense2_camera_msgs/realsense2_camera_msgs_s__rosidl_typesupport_introspection_c.cpython-38-x86_64-linux-gnu.so
[12.078s] -- Set runtime path of "/home/jorge/capture_ws/install/realsense2_camera_msgs/lib/python3.8/site-packages/realsense2_camera_msgs/realsense2_camera_msgs_s__rosidl_typesupport_introspection_c.cpython-38-x86_64-linux-gnu.so" to ""
[12.078s] -- Installing: /home/jorge/capture_ws/install/realsense2_camera_msgs/lib/python3.8/site-packages/realsense2_camera_msgs/realsense2_camera_msgs_s__rosidl_typesupport_c.cpython-38-x86_64-linux-gnu.so
[12.079s] -- Set runtime path of "/home/jorge/capture_ws/install/realsense2_camera_msgs/lib/python3.8/site-packages/realsense2_camera_msgs/realsense2_camera_msgs_s__rosidl_typesupport_c.cpython-38-x86_64-linux-gnu.so" to ""
[12.079s] -- Installing: /home/jorge/capture_ws/install/realsense2_camera_msgs/lib/librealsense2_camera_msgs__python.so
[12.080s] -- Set runtime path of "/home/jorge/capture_ws/install/realsense2_camera_msgs/lib/librealsense2_camera_msgs__python.so" to ""
[12.080s] -- Installing: /home/jorge/capture_ws/install/realsense2_camera_msgs/share/realsense2_camera_msgs/msg/IMUInfo.idl
[12.080s] -- Installing: /home/jorge/capture_ws/install/realsense2_camera_msgs/share/realsense2_camera_msgs/msg/Extrinsics.idl
[12.081s] -- Installing: /home/jorge/capture_ws/install/realsense2_camera_msgs/share/realsense2_camera_msgs/msg/Metadata.idl
[12.081s] -- Installing: /home/jorge/capture_ws/install/realsense2_camera_msgs/share/realsense2_camera_msgs/srv/DeviceInfo.idl
[12.081s] -- Installing: /home/jorge/capture_ws/install/realsense2_camera_msgs/share/realsense2_camera_msgs/msg/IMUInfo.msg
[12.081s] -- Installing: /home/jorge/capture_ws/install/realsense2_camera_msgs/share/realsense2_camera_msgs/msg/Extrinsics.msg
[12.082s] -- Installing: /home/jorge/capture_ws/install/realsense2_camera_msgs/share/realsense2_camera_msgs/msg/Metadata.msg
[12.082s] -- Installing: /home/jorge/capture_ws/install/realsense2_camera_msgs/share/realsense2_camera_msgs/srv/DeviceInfo.srv
[12.082s] -- Installing: /home/jorge/capture_ws/install/realsense2_camera_msgs/share/realsense2_camera_msgs/srv/DeviceInfo_Request.msg
[12.082s] -- Installing: /home/jorge/capture_ws/install/realsense2_camera_msgs/share/realsense2_camera_msgs/srv/DeviceInfo_Response.msg
[12.083s] -- Installing: /home/jorge/capture_ws/install/realsense2_camera_msgs/share/ament_index/resource_index/package_run_dependencies/realsense2_camera_msgs
[12.083s] -- Installing: /home/jorge/capture_ws/install/realsense2_camera_msgs/share/ament_index/resource_index/parent_prefix_path/realsense2_camera_msgs
[12.083s] -- Installing: /home/jorge/capture_ws/install/realsense2_camera_msgs/share/realsense2_camera_msgs/environment/ament_prefix_path.sh
[12.083s] -- Installing: /home/jorge/capture_ws/install/realsense2_camera_msgs/share/realsense2_camera_msgs/environment/ament_prefix_path.dsv
[12.084s] -- Installing: /home/jorge/capture_ws/install/realsense2_camera_msgs/share/realsense2_camera_msgs/environment/path.sh
[12.084s] -- Installing: /home/jorge/capture_ws/install/realsense2_camera_msgs/share/realsense2_camera_msgs/environment/path.dsv
[12.084s] -- Installing: /home/jorge/capture_ws/install/realsense2_camera_msgs/share/realsense2_camera_msgs/local_setup.bash
[12.084s] -- Installing: /home/jorge/capture_ws/install/realsense2_camera_msgs/share/realsense2_camera_msgs/local_setup.sh
[12.085s] -- Installing: /home/jorge/capture_ws/install/realsense2_camera_msgs/share/realsense2_camera_msgs/local_setup.zsh
[12.085s] -- Installing: /home/jorge/capture_ws/install/realsense2_camera_msgs/share/realsense2_camera_msgs/local_setup.dsv
[12.085s] -- Installing: /home/jorge/capture_ws/install/realsense2_camera_msgs/share/realsense2_camera_msgs/package.dsv
[12.085s] -- Installing: /home/jorge/capture_ws/install/realsense2_camera_msgs/share/ament_index/resource_index/packages/realsense2_camera_msgs
[12.086s] -- Installing: /home/jorge/capture_ws/install/realsense2_camera_msgs/share/realsense2_camera_msgs/cmake/realsense2_camera_msgs__rosidl_generator_cExport.cmake
[12.086s] -- Installing: /home/jorge/capture_ws/install/realsense2_camera_msgs/share/realsense2_camera_msgs/cmake/realsense2_camera_msgs__rosidl_generator_cExport-noconfig.cmake
[12.086s] -- Installing: /home/jorge/capture_ws/install/realsense2_camera_msgs/share/realsense2_camera_msgs/cmake/realsense2_camera_msgs__rosidl_typesupport_introspection_cExport.cmake
[12.087s] -- Installing: /home/jorge/capture_ws/install/realsense2_camera_msgs/share/realsense2_camera_msgs/cmake/realsense2_camera_msgs__rosidl_typesupport_introspection_cExport-noconfig.cmake
[12.087s] -- Installing: /home/jorge/capture_ws/install/realsense2_camera_msgs/share/realsense2_camera_msgs/cmake/realsense2_camera_msgs__rosidl_typesupport_cExport.cmake
[12.087s] -- Installing: /home/jorge/capture_ws/install/realsense2_camera_msgs/share/realsense2_camera_msgs/cmake/realsense2_camera_msgs__rosidl_typesupport_cExport-noconfig.cmake
[12.088s] -- Installing: /home/jorge/capture_ws/install/realsense2_camera_msgs/share/realsense2_camera_msgs/cmake/realsense2_camera_msgs__rosidl_generator_cppExport.cmake
[12.088s] -- Installing: /home/jorge/capture_ws/install/realsense2_camera_msgs/share/realsense2_camera_msgs/cmake/realsense2_camera_msgs__rosidl_typesupport_introspection_cppExport.cmake
[12.088s] -- Installing: /home/jorge/capture_ws/install/realsense2_camera_msgs/share/realsense2_camera_msgs/cmake/realsense2_camera_msgs__rosidl_typesupport_introspection_cppExport-noconfig.cmake
[12.088s] -- Installing: /home/jorge/capture_ws/install/realsense2_camera_msgs/share/realsense2_camera_msgs/cmake/realsense2_camera_msgs__rosidl_typesupport_cppExport.cmake
[12.088s] -- Installing: /home/jorge/capture_ws/install/realsense2_camera_msgs/share/realsense2_camera_msgs/cmake/realsense2_camera_msgs__rosidl_typesupport_cppExport-noconfig.cmake
[12.089s] -- Installing: /home/jorge/capture_ws/install/realsense2_camera_msgs/share/realsense2_camera_msgs/cmake/rosidl_cmake-extras.cmake
[12.089s] -- Installing: /home/jorge/capture_ws/install/realsense2_camera_msgs/share/realsense2_camera_msgs/cmake/ament_cmake_export_dependencies-extras.cmake
[12.089s] -- Installing: /home/jorge/capture_ws/install/realsense2_camera_msgs/share/realsense2_camera_msgs/cmake/ament_cmake_export_libraries-extras.cmake
[12.089s] -- Installing: /home/jorge/capture_ws/install/realsense2_camera_msgs/share/realsense2_camera_msgs/cmake/ament_cmake_export_targets-extras.cmake
[12.090s] -- Installing: /home/jorge/capture_ws/install/realsense2_camera_msgs/share/realsense2_camera_msgs/cmake/ament_cmake_export_include_directories-extras.cmake
[12.090s] -- Installing: /home/jorge/capture_ws/install/realsense2_camera_msgs/share/realsense2_camera_msgs/cmake/rosidl_cmake_export_typesupport_libraries-extras.cmake
[12.090s] -- Installing: /home/jorge/capture_ws/install/realsense2_camera_msgs/share/realsense2_camera_msgs/cmake/rosidl_cmake_export_typesupport_targets-extras.cmake
[12.090s] -- Installing: /home/jorge/capture_ws/install/realsense2_camera_msgs/share/realsense2_camera_msgs/cmake/realsense2_camera_msgsConfig.cmake
[12.091s] -- Installing: /home/jorge/capture_ws/install/realsense2_camera_msgs/share/realsense2_camera_msgs/cmake/realsense2_camera_msgsConfig-version.cmake
[12.091s] -- Installing: /home/jorge/capture_ws/install/realsense2_camera_msgs/share/realsense2_camera_msgs/package.xml
[12.095s] Invoked command in '/home/jorge/capture_ws/build/realsense2_camera_msgs' returned '0': CMAKE_PREFIX_PATH=${CMAKE_PREFIX_PATH}:/home/jorge/capture_ws/install/ros2_aruco:/opt/ros/foxy /usr/bin/cmake --install /home/jorge/capture_ws/build/realsense2_camera_msgs
