[35m[1mScanning dependencies of target get_frames2_exe[0m
[ 20%] Built target get_aruco_exe
[ 40%] Built target get_frames_exe
[ 60%] Built target sort_dataset_exe
[ 80%] Built target send_frames_exe
[ 90%] [32mBuilding CXX object CMakeFiles/get_frames2_exe.dir/src/get_frames_code2.cpp.o[0m
[01m[K/home/jorge/capture_ws/src/cnn_pkg/src/get_frames_code2.cpp:[m[K In constructor ‘[01m[KCameraSaverNode::CameraSaverNode()[m[K’:
[01m[K/home/jorge/capture_ws/src/cnn_pkg/src/get_frames_code2.cpp:56:9:[m[K [01;35m[Kwarning: [m[K‘[01m[KCameraSaverNode::frame_count_[m[K’ will be initialized after [[01;35m[K-Wreorder[m[K]
   56 |     int [01;35m[Kframe_count_[m[K;
      |         [01;35m[K^~~~~~~~~~~~[m[K
[01m[K/home/jorge/capture_ws/src/cnn_pkg/src/get_frames_code2.cpp:53:22:[m[K [01;35m[Kwarning: [m[K  ‘[01m[Kcv::VideoCapture CameraSaverNode::cap_[m[K’ [[01;35m[K-Wreorder[m[K]
   53 |     cv::VideoCapture [01;35m[Kcap_[m[K;
      |                      [01;35m[K^~~~[m[K
[01m[K/home/jorge/capture_ws/src/cnn_pkg/src/get_frames_code2.cpp:11:5:[m[K [01;35m[Kwarning: [m[K  when initialized here [[01;35m[K-Wreorder[m[K]
   11 |     [01;35m[KCameraSaverNode[m[K()
      |     [01;35m[K^~~~~~~~~~~~~~~[m[K
[100%] [32m[1mLinking CXX executable get_frames2_exe[0m
[100%] Built target get_frames2_exe
-- Install configuration: ""
-- Up-to-date: /home/jorge/capture_ws/install/cnn_pkg/lib/cnn_pkg/get_frames_exe
-- Installing: /home/jorge/capture_ws/install/cnn_pkg/lib/cnn_pkg/get_frames2_exe
-- Set runtime path of "/home/jorge/capture_ws/install/cnn_pkg/lib/cnn_pkg/get_frames2_exe" to ""
-- Up-to-date: /home/jorge/capture_ws/install/cnn_pkg/lib/cnn_pkg/send_frames_exe
-- Up-to-date: /home/jorge/capture_ws/install/cnn_pkg/lib/cnn_pkg/get_aruco_exe
-- Up-to-date: /home/jorge/capture_ws/install/cnn_pkg/lib/cnn_pkg/sort_dataset_exe
-- Up-to-date: /home/jorge/capture_ws/install/cnn_pkg/share/ament_index/resource_index/package_run_dependencies/cnn_pkg
-- Up-to-date: /home/jorge/capture_ws/install/cnn_pkg/share/ament_index/resource_index/parent_prefix_path/cnn_pkg
-- Up-to-date: /home/jorge/capture_ws/install/cnn_pkg/share/cnn_pkg/environment/ament_prefix_path.sh
-- Up-to-date: /home/jorge/capture_ws/install/cnn_pkg/share/cnn_pkg/environment/ament_prefix_path.dsv
-- Up-to-date: /home/jorge/capture_ws/install/cnn_pkg/share/cnn_pkg/environment/path.sh
-- Up-to-date: /home/jorge/capture_ws/install/cnn_pkg/share/cnn_pkg/environment/path.dsv
-- Up-to-date: /home/jorge/capture_ws/install/cnn_pkg/share/cnn_pkg/local_setup.bash
-- Up-to-date: /home/jorge/capture_ws/install/cnn_pkg/share/cnn_pkg/local_setup.sh
-- Up-to-date: /home/jorge/capture_ws/install/cnn_pkg/share/cnn_pkg/local_setup.zsh
-- Up-to-date: /home/jorge/capture_ws/install/cnn_pkg/share/cnn_pkg/local_setup.dsv
-- Installing: /home/jorge/capture_ws/install/cnn_pkg/share/cnn_pkg/package.dsv
-- Up-to-date: /home/jorge/capture_ws/install/cnn_pkg/share/ament_index/resource_index/packages/cnn_pkg
-- Up-to-date: /home/jorge/capture_ws/install/cnn_pkg/share/cnn_pkg/cmake/cnn_pkgConfig.cmake
-- Up-to-date: /home/jorge/capture_ws/install/cnn_pkg/share/cnn_pkg/cmake/cnn_pkgConfig-version.cmake
-- Up-to-date: /home/jorge/capture_ws/install/cnn_pkg/share/cnn_pkg/package.xml
