[0.050s] Invoking command in '/home/jorge/capture_ws/build/realsense2_camera_msgs': CMAKE_PREFIX_PATH=${CMAKE_PREFIX_PATH}:/home/jorge/capture_ws/install/ros2_aruco:/opt/ros/foxy /usr/bin/cmake --build /home/jorge/capture_ws/build/realsense2_camera_msgs -- -j8 -l8
[0.501s] [  1%] Built target realsense2_camera_msgs__cpp
[0.502s] [ 12%] Built target realsense2_camera_msgs__rosidl_generator_c
[0.502s] [ 25%] Built target realsense2_camera_msgs__rosidl_typesupport_cpp
[0.502s] [ 34%] Built target realsense2_camera_msgs__rosidl_typesupport_introspection_cpp
[0.502s] [ 45%] Built target realsense2_camera_msgs__rosidl_typesupport_introspection_c
[0.503s] [ 56%] Built target realsense2_camera_msgs__rosidl_typesupport_c
[0.503s] [ 58%] [32m[1mLinking CXX shared library librealsense2_camera_msgs__rosidl_typesupport_fastrtps_cpp.so[0m
[0.503s] [ 67%] Built target realsense2_camera_msgs__rosidl_typesupport_fastrtps_cpp
[0.503s] [ 69%] [32m[1mLinking CXX shared library librealsense2_camera_msgs__rosidl_typesupport_fastrtps_c.so[0m
[0.568s] [ 78%] Built target realsense2_camera_msgs__rosidl_typesupport_fastrtps_c
[0.606s] [ 78%] Built target realsense2_camera_msgs
[0.636s] [ 80%] Built target realsense2_camera_msgs__py
[0.654s] [35m[1mScanning dependencies of target realsense2_camera_msgs__python[0m
[0.693s] [ 83%] [32mBuilding C object CMakeFiles/realsense2_camera_msgs__python.dir/rosidl_generator_py/realsense2_camera_msgs/msg/_metadata_s.c.o[0m
[0.693s] [ 83%] [32mBuilding C object CMakeFiles/realsense2_camera_msgs__python.dir/rosidl_generator_py/realsense2_camera_msgs/msg/_imu_info_s.c.o[0m
[0.693s] [ 85%] [32mBuilding C object CMakeFiles/realsense2_camera_msgs__python.dir/rosidl_generator_py/realsense2_camera_msgs/msg/_extrinsics_s.c.o[0m
[0.700s] [ 87%] [32mBuilding C object CMakeFiles/realsense2_camera_msgs__python.dir/rosidl_generator_py/realsense2_camera_msgs/srv/_device_info_s.c.o[0m
[0.899s] [ 89%] [32m[1mLinking C shared library rosidl_generator_py/realsense2_camera_msgs/librealsense2_camera_msgs__python.so[0m
[0.955s] [ 89%] Built target realsense2_camera_msgs__python
[0.972s] [35m[1mScanning dependencies of target realsense2_camera_msgs__rosidl_typesupport_c__pyext[0m
[0.973s] [35m[1mScanning dependencies of target realsense2_camera_msgs__rosidl_typesupport_fastrtps_c__pyext[0m
[0.974s] [35m[1mScanning dependencies of target realsense2_camera_msgs__rosidl_typesupport_introspection_c__pyext[0m
[1.006s] [ 90%] [32mBuilding C object CMakeFiles/realsense2_camera_msgs__rosidl_typesupport_c__pyext.dir/rosidl_generator_py/realsense2_camera_msgs/_realsense2_camera_msgs_s.ep.rosidl_typesupport_c.c.o[0m
[1.008s] [ 92%] [32mBuilding C object CMakeFiles/realsense2_camera_msgs__rosidl_typesupport_fastrtps_c__pyext.dir/rosidl_generator_py/realsense2_camera_msgs/_realsense2_camera_msgs_s.ep.rosidl_typesupport_fastrtps_c.c.o[0m
[1.018s] [ 94%] [32mBuilding C object CMakeFiles/realsense2_camera_msgs__rosidl_typesupport_introspection_c__pyext.dir/rosidl_generator_py/realsense2_camera_msgs/_realsense2_camera_msgs_s.ep.rosidl_typesupport_introspection_c.c.o[0m
[1.207s] [ 96%] [32m[1mLinking C shared library rosidl_generator_py/realsense2_camera_msgs/realsense2_camera_msgs_s__rosidl_typesupport_c.cpython-38-x86_64-linux-gnu.so[0m
[1.210s] [ 98%] [32m[1mLinking C shared library rosidl_generator_py/realsense2_camera_msgs/realsense2_camera_msgs_s__rosidl_typesupport_introspection_c.cpython-38-x86_64-linux-gnu.so[0m
[1.223s] [100%] [32m[1mLinking CXX shared library rosidl_generator_py/realsense2_camera_msgs/realsense2_camera_msgs_s__rosidl_typesupport_fastrtps_c.cpython-38-x86_64-linux-gnu.so[0m
[1.278s] [100%] Built target realsense2_camera_msgs__rosidl_typesupport_c__pyext
[1.284s] [100%] Built target realsense2_camera_msgs__rosidl_typesupport_introspection_c__pyext
[1.361s] [100%] Built target realsense2_camera_msgs__rosidl_typesupport_fastrtps_c__pyext
[1.380s] Invoked command in '/home/jorge/capture_ws/build/realsense2_camera_msgs' returned '0': CMAKE_PREFIX_PATH=${CMAKE_PREFIX_PATH}:/home/jorge/capture_ws/install/ros2_aruco:/opt/ros/foxy /usr/bin/cmake --build /home/jorge/capture_ws/build/realsense2_camera_msgs -- -j8 -l8
[1.498s] Invoking command in '/home/jorge/capture_ws/build/realsense2_camera_msgs': CMAKE_PREFIX_PATH=${CMAKE_PREFIX_PATH}:/home/jorge/capture_ws/install/ros2_aruco:/opt/ros/foxy /usr/bin/cmake --install /home/jorge/capture_ws/build/realsense2_camera_msgs
[1.516s] -- Install configuration: ""
[1.517s] -- Up-to-date: /home/jorge/capture_ws/install/realsense2_camera_msgs/share/ament_index/resource_index/rosidl_interfaces/realsense2_camera_msgs
[1.517s] -- Up-to-date: /home/jorge/capture_ws/install/realsense2_camera_msgs/include/realsense2_camera_msgs
[1.517s] -- Up-to-date: /home/jorge/capture_ws/install/realsense2_camera_msgs/include/realsense2_camera_msgs/msg
[1.517s] -- Up-to-date: /home/jorge/capture_ws/install/realsense2_camera_msgs/include/realsense2_camera_msgs/msg/imu_info.h
[1.517s] -- Up-to-date: /home/jorge/capture_ws/install/realsense2_camera_msgs/include/realsense2_camera_msgs/msg/metadata.h
[1.518s] -- Up-to-date: /home/jorge/capture_ws/install/realsense2_camera_msgs/include/realsense2_camera_msgs/msg/detail
[1.518s] -- Up-to-date: /home/jorge/capture_ws/install/realsense2_camera_msgs/include/realsense2_camera_msgs/msg/detail/metadata__type_support.h
[1.520s] -- Up-to-date: /home/jorge/capture_ws/install/realsense2_camera_msgs/include/realsense2_camera_msgs/msg/detail/imu_info__type_support.h
[1.520s] -- Up-to-date: /home/jorge/capture_ws/install/realsense2_camera_msgs/include/realsense2_camera_msgs/msg/detail/extrinsics__functions.c
[1.520s] -- Up-to-date: /home/jorge/capture_ws/install/realsense2_camera_msgs/include/realsense2_camera_msgs/msg/detail/imu_info__functions.c
[1.521s] -- Up-to-date: /home/jorge/capture_ws/install/realsense2_camera_msgs/include/realsense2_camera_msgs/msg/detail/metadata__functions.h
[1.521s] -- Up-to-date: /home/jorge/capture_ws/install/realsense2_camera_msgs/include/realsense2_camera_msgs/msg/detail/extrinsics__functions.h
[1.521s] -- Up-to-date: /home/jorge/capture_ws/install/realsense2_camera_msgs/include/realsense2_camera_msgs/msg/detail/extrinsics__type_support.h
[1.521s] -- Up-to-date: /home/jorge/capture_ws/install/realsense2_camera_msgs/include/realsense2_camera_msgs/msg/detail/extrinsics__struct.h
[1.521s] -- Up-to-date: /home/jorge/capture_ws/install/realsense2_camera_msgs/include/realsense2_camera_msgs/msg/detail/metadata__functions.c
[1.521s] -- Up-to-date: /home/jorge/capture_ws/install/realsense2_camera_msgs/include/realsense2_camera_msgs/msg/detail/imu_info__struct.h
[1.522s] -- Up-to-date: /home/jorge/capture_ws/install/realsense2_camera_msgs/include/realsense2_camera_msgs/msg/detail/metadata__struct.h
[1.522s] -- Up-to-date: /home/jorge/capture_ws/install/realsense2_camera_msgs/include/realsense2_camera_msgs/msg/detail/imu_info__functions.h
[1.522s] -- Up-to-date: /home/jorge/capture_ws/install/realsense2_camera_msgs/include/realsense2_camera_msgs/msg/extrinsics.h
[1.522s] -- Up-to-date: /home/jorge/capture_ws/install/realsense2_camera_msgs/include/realsense2_camera_msgs/msg/rosidl_generator_c__visibility_control.h
[1.522s] -- Up-to-date: /home/jorge/capture_ws/install/realsense2_camera_msgs/include/realsense2_camera_msgs/srv
[1.522s] -- Up-to-date: /home/jorge/capture_ws/install/realsense2_camera_msgs/include/realsense2_camera_msgs/srv/detail
[1.523s] -- Up-to-date: /home/jorge/capture_ws/install/realsense2_camera_msgs/include/realsense2_camera_msgs/srv/detail/device_info__functions.c
[1.523s] -- Up-to-date: /home/jorge/capture_ws/install/realsense2_camera_msgs/include/realsense2_camera_msgs/srv/detail/device_info__type_support.h
[1.523s] -- Up-to-date: /home/jorge/capture_ws/install/realsense2_camera_msgs/include/realsense2_camera_msgs/srv/detail/device_info__functions.h
[1.524s] -- Up-to-date: /home/jorge/capture_ws/install/realsense2_camera_msgs/include/realsense2_camera_msgs/srv/detail/device_info__struct.h
[1.524s] -- Up-to-date: /home/jorge/capture_ws/install/realsense2_camera_msgs/include/realsense2_camera_msgs/srv/device_info.h
[1.524s] -- Up-to-date: /home/jorge/capture_ws/install/realsense2_camera_msgs/share/realsense2_camera_msgs/environment/library_path.sh
[1.524s] -- Up-to-date: /home/jorge/capture_ws/install/realsense2_camera_msgs/share/realsense2_camera_msgs/environment/library_path.dsv
[1.525s] -- Up-to-date: /home/jorge/capture_ws/install/realsense2_camera_msgs/lib/librealsense2_camera_msgs__rosidl_generator_c.so
[1.526s] -- Up-to-date: /home/jorge/capture_ws/install/realsense2_camera_msgs/include/realsense2_camera_msgs
[1.526s] -- Up-to-date: /home/jorge/capture_ws/install/realsense2_camera_msgs/include/realsense2_camera_msgs/msg
[1.526s] -- Up-to-date: /home/jorge/capture_ws/install/realsense2_camera_msgs/include/realsense2_camera_msgs/msg/detail
[1.528s] -- Up-to-date: /home/jorge/capture_ws/install/realsense2_camera_msgs/include/realsense2_camera_msgs/msg/detail/imu_info__rosidl_typesupport_fastrtps_c.h
[1.529s] -- Up-to-date: /home/jorge/capture_ws/install/realsense2_camera_msgs/include/realsense2_camera_msgs/msg/detail/metadata__rosidl_typesupport_fastrtps_c.h
[1.529s] -- Up-to-date: /home/jorge/capture_ws/install/realsense2_camera_msgs/include/realsense2_camera_msgs/msg/detail/extrinsics__rosidl_typesupport_fastrtps_c.h
[1.529s] -- Up-to-date: /home/jorge/capture_ws/install/realsense2_camera_msgs/include/realsense2_camera_msgs/msg/rosidl_typesupport_fastrtps_c__visibility_control.h
[1.529s] -- Up-to-date: /home/jorge/capture_ws/install/realsense2_camera_msgs/include/realsense2_camera_msgs/srv
[1.529s] -- Up-to-date: /home/jorge/capture_ws/install/realsense2_camera_msgs/include/realsense2_camera_msgs/srv/detail
[1.529s] -- Up-to-date: /home/jorge/capture_ws/install/realsense2_camera_msgs/include/realsense2_camera_msgs/srv/detail/device_info__rosidl_typesupport_fastrtps_c.h
[1.530s] -- Installing: /home/jorge/capture_ws/install/realsense2_camera_msgs/lib/librealsense2_camera_msgs__rosidl_typesupport_fastrtps_c.so
[1.530s] -- Set runtime path of "/home/jorge/capture_ws/install/realsense2_camera_msgs/lib/librealsense2_camera_msgs__rosidl_typesupport_fastrtps_c.so" to ""
[1.530s] -- Up-to-date: /home/jorge/capture_ws/install/realsense2_camera_msgs/include/realsense2_camera_msgs
[1.530s] -- Up-to-date: /home/jorge/capture_ws/install/realsense2_camera_msgs/include/realsense2_camera_msgs/msg
[1.531s] -- Up-to-date: /home/jorge/capture_ws/install/realsense2_camera_msgs/include/realsense2_camera_msgs/msg/detail
[1.531s] -- Up-to-date: /home/jorge/capture_ws/install/realsense2_camera_msgs/include/realsense2_camera_msgs/msg/detail/extrinsics__rosidl_typesupport_fastrtps_cpp.hpp
[1.532s] -- Up-to-date: /home/jorge/capture_ws/install/realsense2_camera_msgs/include/realsense2_camera_msgs/msg/detail/metadata__rosidl_typesupport_fastrtps_cpp.hpp
[1.532s] -- Up-to-date: /home/jorge/capture_ws/install/realsense2_camera_msgs/include/realsense2_camera_msgs/msg/detail/imu_info__rosidl_typesupport_fastrtps_cpp.hpp
[1.532s] -- Up-to-date: /home/jorge/capture_ws/install/realsense2_camera_msgs/include/realsense2_camera_msgs/msg/detail/dds_fastrtps
[1.532s] -- Up-to-date: /home/jorge/capture_ws/install/realsense2_camera_msgs/include/realsense2_camera_msgs/msg/rosidl_typesupport_fastrtps_cpp__visibility_control.h
[1.532s] -- Up-to-date: /home/jorge/capture_ws/install/realsense2_camera_msgs/include/realsense2_camera_msgs/srv
[1.532s] -- Up-to-date: /home/jorge/capture_ws/install/realsense2_camera_msgs/include/realsense2_camera_msgs/srv/detail
[1.532s] -- Up-to-date: /home/jorge/capture_ws/install/realsense2_camera_msgs/include/realsense2_camera_msgs/srv/detail/device_info__rosidl_typesupport_fastrtps_cpp.hpp
[1.533s] -- Up-to-date: /home/jorge/capture_ws/install/realsense2_camera_msgs/include/realsense2_camera_msgs/srv/detail/dds_fastrtps
[1.533s] -- Installing: /home/jorge/capture_ws/install/realsense2_camera_msgs/lib/librealsense2_camera_msgs__rosidl_typesupport_fastrtps_cpp.so
[1.534s] -- Set runtime path of "/home/jorge/capture_ws/install/realsense2_camera_msgs/lib/librealsense2_camera_msgs__rosidl_typesupport_fastrtps_cpp.so" to ""
[1.534s] -- Up-to-date: /home/jorge/capture_ws/install/realsense2_camera_msgs/include/realsense2_camera_msgs
[1.535s] -- Up-to-date: /home/jorge/capture_ws/install/realsense2_camera_msgs/include/realsense2_camera_msgs/msg
[1.535s] -- Up-to-date: /home/jorge/capture_ws/install/realsense2_camera_msgs/include/realsense2_camera_msgs/msg/detail
[1.535s] -- Up-to-date: /home/jorge/capture_ws/install/realsense2_camera_msgs/include/realsense2_camera_msgs/msg/detail/extrinsics__rosidl_typesupport_introspection_c.h
[1.535s] -- Up-to-date: /home/jorge/capture_ws/install/realsense2_camera_msgs/include/realsense2_camera_msgs/msg/detail/metadata__type_support.c
[1.536s] -- Up-to-date: /home/jorge/capture_ws/install/realsense2_camera_msgs/include/realsense2_camera_msgs/msg/detail/extrinsics__type_support.c
[1.536s] -- Up-to-date: /home/jorge/capture_ws/install/realsense2_camera_msgs/include/realsense2_camera_msgs/msg/detail/imu_info__rosidl_typesupport_introspection_c.h
[1.536s] -- Up-to-date: /home/jorge/capture_ws/install/realsense2_camera_msgs/include/realsense2_camera_msgs/msg/detail/imu_info__type_support.c
[1.536s] -- Up-to-date: /home/jorge/capture_ws/install/realsense2_camera_msgs/include/realsense2_camera_msgs/msg/detail/metadata__rosidl_typesupport_introspection_c.h
[1.536s] -- Up-to-date: /home/jorge/capture_ws/install/realsense2_camera_msgs/include/realsense2_camera_msgs/msg/rosidl_typesupport_introspection_c__visibility_control.h
[1.537s] -- Up-to-date: /home/jorge/capture_ws/install/realsense2_camera_msgs/include/realsense2_camera_msgs/srv
[1.537s] -- Up-to-date: /home/jorge/capture_ws/install/realsense2_camera_msgs/include/realsense2_camera_msgs/srv/detail
[1.537s] -- Up-to-date: /home/jorge/capture_ws/install/realsense2_camera_msgs/include/realsense2_camera_msgs/srv/detail/device_info__rosidl_typesupport_introspection_c.h
[1.537s] -- Up-to-date: /home/jorge/capture_ws/install/realsense2_camera_msgs/include/realsense2_camera_msgs/srv/detail/device_info__type_support.c
[1.537s] -- Up-to-date: /home/jorge/capture_ws/install/realsense2_camera_msgs/lib/librealsense2_camera_msgs__rosidl_typesupport_introspection_c.so
[1.538s] -- Up-to-date: /home/jorge/capture_ws/install/realsense2_camera_msgs/lib/librealsense2_camera_msgs__rosidl_typesupport_c.so
[1.538s] -- Up-to-date: /home/jorge/capture_ws/install/realsense2_camera_msgs/include/realsense2_camera_msgs
[1.538s] -- Up-to-date: /home/jorge/capture_ws/install/realsense2_camera_msgs/include/realsense2_camera_msgs/msg
[1.538s] -- Up-to-date: /home/jorge/capture_ws/install/realsense2_camera_msgs/include/realsense2_camera_msgs/msg/imu_info.hpp
[1.539s] -- Up-to-date: /home/jorge/capture_ws/install/realsense2_camera_msgs/include/realsense2_camera_msgs/msg/detail
[1.539s] -- Up-to-date: /home/jorge/capture_ws/install/realsense2_camera_msgs/include/realsense2_camera_msgs/msg/detail/imu_info__struct.hpp
[1.539s] -- Up-to-date: /home/jorge/capture_ws/install/realsense2_camera_msgs/include/realsense2_camera_msgs/msg/detail/metadata__type_support.hpp
[1.539s] -- Up-to-date: /home/jorge/capture_ws/install/realsense2_camera_msgs/include/realsense2_camera_msgs/msg/detail/imu_info__traits.hpp
[1.539s] -- Up-to-date: /home/jorge/capture_ws/install/realsense2_camera_msgs/include/realsense2_camera_msgs/msg/detail/metadata__struct.hpp
[1.539s] -- Up-to-date: /home/jorge/capture_ws/install/realsense2_camera_msgs/include/realsense2_camera_msgs/msg/detail/metadata__traits.hpp
[1.539s] -- Up-to-date: /home/jorge/capture_ws/install/realsense2_camera_msgs/include/realsense2_camera_msgs/msg/detail/extrinsics__type_support.hpp
[1.540s] -- Up-to-date: /home/jorge/capture_ws/install/realsense2_camera_msgs/include/realsense2_camera_msgs/msg/detail/imu_info__type_support.hpp
[1.540s] -- Up-to-date: /home/jorge/capture_ws/install/realsense2_camera_msgs/include/realsense2_camera_msgs/msg/detail/extrinsics__struct.hpp
[1.540s] -- Up-to-date: /home/jorge/capture_ws/install/realsense2_camera_msgs/include/realsense2_camera_msgs/msg/detail/extrinsics__builder.hpp
[1.540s] -- Up-to-date: /home/jorge/capture_ws/install/realsense2_camera_msgs/include/realsense2_camera_msgs/msg/detail/imu_info__builder.hpp
[1.540s] -- Up-to-date: /home/jorge/capture_ws/install/realsense2_camera_msgs/include/realsense2_camera_msgs/msg/detail/metadata__builder.hpp
[1.540s] -- Up-to-date: /home/jorge/capture_ws/install/realsense2_camera_msgs/include/realsense2_camera_msgs/msg/detail/extrinsics__traits.hpp
[1.540s] -- Up-to-date: /home/jorge/capture_ws/install/realsense2_camera_msgs/include/realsense2_camera_msgs/msg/extrinsics.hpp
[1.541s] -- Up-to-date: /home/jorge/capture_ws/install/realsense2_camera_msgs/include/realsense2_camera_msgs/msg/metadata.hpp
[1.541s] -- Up-to-date: /home/jorge/capture_ws/install/realsense2_camera_msgs/include/realsense2_camera_msgs/msg/rosidl_generator_cpp__visibility_control.hpp
[1.541s] -- Up-to-date: /home/jorge/capture_ws/install/realsense2_camera_msgs/include/realsense2_camera_msgs/srv
[1.541s] -- Up-to-date: /home/jorge/capture_ws/install/realsense2_camera_msgs/include/realsense2_camera_msgs/srv/device_info.hpp
[1.541s] -- Up-to-date: /home/jorge/capture_ws/install/realsense2_camera_msgs/include/realsense2_camera_msgs/srv/detail
[1.541s] -- Up-to-date: /home/jorge/capture_ws/install/realsense2_camera_msgs/include/realsense2_camera_msgs/srv/detail/device_info__type_support.hpp
[1.541s] -- Up-to-date: /home/jorge/capture_ws/install/realsense2_camera_msgs/include/realsense2_camera_msgs/srv/detail/device_info__builder.hpp
[1.541s] -- Up-to-date: /home/jorge/capture_ws/install/realsense2_camera_msgs/include/realsense2_camera_msgs/srv/detail/device_info__traits.hpp
[1.542s] -- Up-to-date: /home/jorge/capture_ws/install/realsense2_camera_msgs/include/realsense2_camera_msgs/srv/detail/device_info__struct.hpp
[1.542s] -- Up-to-date: /home/jorge/capture_ws/install/realsense2_camera_msgs/include/realsense2_camera_msgs
[1.542s] -- Up-to-date: /home/jorge/capture_ws/install/realsense2_camera_msgs/include/realsense2_camera_msgs/msg
[1.542s] -- Up-to-date: /home/jorge/capture_ws/install/realsense2_camera_msgs/include/realsense2_camera_msgs/msg/detail
[1.542s] -- Up-to-date: /home/jorge/capture_ws/install/realsense2_camera_msgs/include/realsense2_camera_msgs/msg/detail/imu_info__rosidl_typesupport_introspection_cpp.hpp
[1.542s] -- Up-to-date: /home/jorge/capture_ws/install/realsense2_camera_msgs/include/realsense2_camera_msgs/msg/detail/extrinsics__rosidl_typesupport_introspection_cpp.hpp
[1.543s] -- Up-to-date: /home/jorge/capture_ws/install/realsense2_camera_msgs/include/realsense2_camera_msgs/msg/detail/extrinsics__type_support.cpp
[1.543s] -- Up-to-date: /home/jorge/capture_ws/install/realsense2_camera_msgs/include/realsense2_camera_msgs/msg/detail/metadata__type_support.cpp
[1.543s] -- Up-to-date: /home/jorge/capture_ws/install/realsense2_camera_msgs/include/realsense2_camera_msgs/msg/detail/imu_info__type_support.cpp
[1.543s] -- Up-to-date: /home/jorge/capture_ws/install/realsense2_camera_msgs/include/realsense2_camera_msgs/msg/detail/metadata__rosidl_typesupport_introspection_cpp.hpp
[1.543s] -- Up-to-date: /home/jorge/capture_ws/install/realsense2_camera_msgs/include/realsense2_camera_msgs/srv
[1.543s] -- Up-to-date: /home/jorge/capture_ws/install/realsense2_camera_msgs/include/realsense2_camera_msgs/srv/detail
[1.543s] -- Up-to-date: /home/jorge/capture_ws/install/realsense2_camera_msgs/include/realsense2_camera_msgs/srv/detail/device_info__rosidl_typesupport_introspection_cpp.hpp
[1.543s] -- Up-to-date: /home/jorge/capture_ws/install/realsense2_camera_msgs/include/realsense2_camera_msgs/srv/detail/device_info__type_support.cpp
[1.544s] -- Up-to-date: /home/jorge/capture_ws/install/realsense2_camera_msgs/lib/librealsense2_camera_msgs__rosidl_typesupport_introspection_cpp.so
[1.544s] -- Up-to-date: /home/jorge/capture_ws/install/realsense2_camera_msgs/lib/librealsense2_camera_msgs__rosidl_typesupport_cpp.so
[1.544s] -- Up-to-date: /home/jorge/capture_ws/install/realsense2_camera_msgs/share/realsense2_camera_msgs/environment/pythonpath.sh
[1.544s] -- Up-to-date: /home/jorge/capture_ws/install/realsense2_camera_msgs/share/realsense2_camera_msgs/environment/pythonpath.dsv
[1.544s] -- Up-to-date: /home/jorge/capture_ws/install/realsense2_camera_msgs/lib/python3.8/site-packages/realsense2_camera_msgs/__init__.py
[1.569s] -- Up-to-date: /home/jorge/capture_ws/install/realsense2_camera_msgs/lib/python3.8/site-packages/realsense2_camera_msgs/msg
[1.570s] -- Up-to-date: /home/jorge/capture_ws/install/realsense2_camera_msgs/lib/python3.8/site-packages/realsense2_camera_msgs/msg/__init__.py
[1.570s] -- Up-to-date: /home/jorge/capture_ws/install/realsense2_camera_msgs/lib/python3.8/site-packages/realsense2_camera_msgs/msg/_imu_info_s.c
[1.570s] -- Up-to-date: /home/jorge/capture_ws/install/realsense2_camera_msgs/lib/python3.8/site-packages/realsense2_camera_msgs/msg/_extrinsics_s.c
[1.570s] -- Up-to-date: /home/jorge/capture_ws/install/realsense2_camera_msgs/lib/python3.8/site-packages/realsense2_camera_msgs/msg/_metadata_s.c
[1.570s] -- Up-to-date: /home/jorge/capture_ws/install/realsense2_camera_msgs/lib/python3.8/site-packages/realsense2_camera_msgs/msg/_imu_info.py
[1.570s] -- Up-to-date: /home/jorge/capture_ws/install/realsense2_camera_msgs/lib/python3.8/site-packages/realsense2_camera_msgs/msg/_extrinsics.py
[1.570s] -- Up-to-date: /home/jorge/capture_ws/install/realsense2_camera_msgs/lib/python3.8/site-packages/realsense2_camera_msgs/msg/_metadata.py
[1.571s] -- Up-to-date: /home/jorge/capture_ws/install/realsense2_camera_msgs/lib/python3.8/site-packages/realsense2_camera_msgs/srv
[1.571s] -- Up-to-date: /home/jorge/capture_ws/install/realsense2_camera_msgs/lib/python3.8/site-packages/realsense2_camera_msgs/srv/__init__.py
[1.571s] -- Up-to-date: /home/jorge/capture_ws/install/realsense2_camera_msgs/lib/python3.8/site-packages/realsense2_camera_msgs/srv/_device_info.py
[1.571s] -- Up-to-date: /home/jorge/capture_ws/install/realsense2_camera_msgs/lib/python3.8/site-packages/realsense2_camera_msgs/srv/_device_info_s.c
[1.571s] -- Installing: /home/jorge/capture_ws/install/realsense2_camera_msgs/lib/python3.8/site-packages/realsense2_camera_msgs/realsense2_camera_msgs_s__rosidl_typesupport_fastrtps_c.cpython-38-x86_64-linux-gnu.so
[1.572s] -- Set runtime path of "/home/jorge/capture_ws/install/realsense2_camera_msgs/lib/python3.8/site-packages/realsense2_camera_msgs/realsense2_camera_msgs_s__rosidl_typesupport_fastrtps_c.cpython-38-x86_64-linux-gnu.so" to ""
[1.573s] -- Installing: /home/jorge/capture_ws/install/realsense2_camera_msgs/lib/python3.8/site-packages/realsense2_camera_msgs/realsense2_camera_msgs_s__rosidl_typesupport_introspection_c.cpython-38-x86_64-linux-gnu.so
[1.574s] -- Set runtime path of "/home/jorge/capture_ws/install/realsense2_camera_msgs/lib/python3.8/site-packages/realsense2_camera_msgs/realsense2_camera_msgs_s__rosidl_typesupport_introspection_c.cpython-38-x86_64-linux-gnu.so" to ""
[1.575s] -- Installing: /home/jorge/capture_ws/install/realsense2_camera_msgs/lib/python3.8/site-packages/realsense2_camera_msgs/realsense2_camera_msgs_s__rosidl_typesupport_c.cpython-38-x86_64-linux-gnu.so
[1.577s] -- Set runtime path of "/home/jorge/capture_ws/install/realsense2_camera_msgs/lib/python3.8/site-packages/realsense2_camera_msgs/realsense2_camera_msgs_s__rosidl_typesupport_c.cpython-38-x86_64-linux-gnu.so" to ""
[1.578s] -- Installing: /home/jorge/capture_ws/install/realsense2_camera_msgs/lib/librealsense2_camera_msgs__python.so
[1.578s] -- Set runtime path of "/home/jorge/capture_ws/install/realsense2_camera_msgs/lib/librealsense2_camera_msgs__python.so" to ""
[1.579s] -- Up-to-date: /home/jorge/capture_ws/install/realsense2_camera_msgs/share/realsense2_camera_msgs/msg/IMUInfo.idl
[1.579s] -- Up-to-date: /home/jorge/capture_ws/install/realsense2_camera_msgs/share/realsense2_camera_msgs/msg/Extrinsics.idl
[1.579s] -- Up-to-date: /home/jorge/capture_ws/install/realsense2_camera_msgs/share/realsense2_camera_msgs/msg/Metadata.idl
[1.579s] -- Up-to-date: /home/jorge/capture_ws/install/realsense2_camera_msgs/share/realsense2_camera_msgs/srv/DeviceInfo.idl
[1.579s] -- Up-to-date: /home/jorge/capture_ws/install/realsense2_camera_msgs/share/realsense2_camera_msgs/msg/IMUInfo.msg
[1.579s] -- Up-to-date: /home/jorge/capture_ws/install/realsense2_camera_msgs/share/realsense2_camera_msgs/msg/Extrinsics.msg
[1.580s] -- Up-to-date: /home/jorge/capture_ws/install/realsense2_camera_msgs/share/realsense2_camera_msgs/msg/Metadata.msg
[1.580s] -- Up-to-date: /home/jorge/capture_ws/install/realsense2_camera_msgs/share/realsense2_camera_msgs/srv/DeviceInfo.srv
[1.580s] -- Up-to-date: /home/jorge/capture_ws/install/realsense2_camera_msgs/share/realsense2_camera_msgs/srv/DeviceInfo_Request.msg
[1.580s] -- Up-to-date: /home/jorge/capture_ws/install/realsense2_camera_msgs/share/realsense2_camera_msgs/srv/DeviceInfo_Response.msg
[1.580s] -- Up-to-date: /home/jorge/capture_ws/install/realsense2_camera_msgs/share/ament_index/resource_index/package_run_dependencies/realsense2_camera_msgs
[1.580s] -- Up-to-date: /home/jorge/capture_ws/install/realsense2_camera_msgs/share/ament_index/resource_index/parent_prefix_path/realsense2_camera_msgs
[1.581s] -- Up-to-date: /home/jorge/capture_ws/install/realsense2_camera_msgs/share/realsense2_camera_msgs/environment/ament_prefix_path.sh
[1.581s] -- Up-to-date: /home/jorge/capture_ws/install/realsense2_camera_msgs/share/realsense2_camera_msgs/environment/ament_prefix_path.dsv
[1.581s] -- Up-to-date: /home/jorge/capture_ws/install/realsense2_camera_msgs/share/realsense2_camera_msgs/environment/path.sh
[1.581s] -- Up-to-date: /home/jorge/capture_ws/install/realsense2_camera_msgs/share/realsense2_camera_msgs/environment/path.dsv
[1.581s] -- Up-to-date: /home/jorge/capture_ws/install/realsense2_camera_msgs/share/realsense2_camera_msgs/local_setup.bash
[1.581s] -- Up-to-date: /home/jorge/capture_ws/install/realsense2_camera_msgs/share/realsense2_camera_msgs/local_setup.sh
[1.582s] -- Up-to-date: /home/jorge/capture_ws/install/realsense2_camera_msgs/share/realsense2_camera_msgs/local_setup.zsh
[1.582s] -- Up-to-date: /home/jorge/capture_ws/install/realsense2_camera_msgs/share/realsense2_camera_msgs/local_setup.dsv
[1.582s] -- Installing: /home/jorge/capture_ws/install/realsense2_camera_msgs/share/realsense2_camera_msgs/package.dsv
[1.582s] -- Up-to-date: /home/jorge/capture_ws/install/realsense2_camera_msgs/share/ament_index/resource_index/packages/realsense2_camera_msgs
[1.582s] -- Up-to-date: /home/jorge/capture_ws/install/realsense2_camera_msgs/share/realsense2_camera_msgs/cmake/realsense2_camera_msgs__rosidl_generator_cExport.cmake
[1.583s] -- Up-to-date: /home/jorge/capture_ws/install/realsense2_camera_msgs/share/realsense2_camera_msgs/cmake/realsense2_camera_msgs__rosidl_generator_cExport-noconfig.cmake
[1.583s] -- Up-to-date: /home/jorge/capture_ws/install/realsense2_camera_msgs/share/realsense2_camera_msgs/cmake/realsense2_camera_msgs__rosidl_typesupport_introspection_cExport.cmake
[1.583s] -- Up-to-date: /home/jorge/capture_ws/install/realsense2_camera_msgs/share/realsense2_camera_msgs/cmake/realsense2_camera_msgs__rosidl_typesupport_introspection_cExport-noconfig.cmake
[1.584s] -- Up-to-date: /home/jorge/capture_ws/install/realsense2_camera_msgs/share/realsense2_camera_msgs/cmake/realsense2_camera_msgs__rosidl_typesupport_cExport.cmake
[1.584s] -- Up-to-date: /home/jorge/capture_ws/install/realsense2_camera_msgs/share/realsense2_camera_msgs/cmake/realsense2_camera_msgs__rosidl_typesupport_cExport-noconfig.cmake
[1.585s] -- Up-to-date: /home/jorge/capture_ws/install/realsense2_camera_msgs/share/realsense2_camera_msgs/cmake/realsense2_camera_msgs__rosidl_generator_cppExport.cmake
[1.585s] -- Up-to-date: /home/jorge/capture_ws/install/realsense2_camera_msgs/share/realsense2_camera_msgs/cmake/realsense2_camera_msgs__rosidl_typesupport_introspection_cppExport.cmake
[1.586s] -- Up-to-date: /home/jorge/capture_ws/install/realsense2_camera_msgs/share/realsense2_camera_msgs/cmake/realsense2_camera_msgs__rosidl_typesupport_introspection_cppExport-noconfig.cmake
[1.587s] -- Up-to-date: /home/jorge/capture_ws/install/realsense2_camera_msgs/share/realsense2_camera_msgs/cmake/realsense2_camera_msgs__rosidl_typesupport_cppExport.cmake
[1.587s] -- Up-to-date: /home/jorge/capture_ws/install/realsense2_camera_msgs/share/realsense2_camera_msgs/cmake/realsense2_camera_msgs__rosidl_typesupport_cppExport-noconfig.cmake
[1.588s] -- Up-to-date: /home/jorge/capture_ws/install/realsense2_camera_msgs/share/realsense2_camera_msgs/cmake/rosidl_cmake-extras.cmake
[1.588s] -- Up-to-date: /home/jorge/capture_ws/install/realsense2_camera_msgs/share/realsense2_camera_msgs/cmake/ament_cmake_export_dependencies-extras.cmake
[1.588s] -- Up-to-date: /home/jorge/capture_ws/install/realsense2_camera_msgs/share/realsense2_camera_msgs/cmake/ament_cmake_export_libraries-extras.cmake
[1.588s] -- Up-to-date: /home/jorge/capture_ws/install/realsense2_camera_msgs/share/realsense2_camera_msgs/cmake/ament_cmake_export_targets-extras.cmake
[1.589s] -- Up-to-date: /home/jorge/capture_ws/install/realsense2_camera_msgs/share/realsense2_camera_msgs/cmake/ament_cmake_export_include_directories-extras.cmake
[1.589s] -- Up-to-date: /home/jorge/capture_ws/install/realsense2_camera_msgs/share/realsense2_camera_msgs/cmake/rosidl_cmake_export_typesupport_libraries-extras.cmake
[1.589s] -- Up-to-date: /home/jorge/capture_ws/install/realsense2_camera_msgs/share/realsense2_camera_msgs/cmake/rosidl_cmake_export_typesupport_targets-extras.cmake
[1.589s] -- Up-to-date: /home/jorge/capture_ws/install/realsense2_camera_msgs/share/realsense2_camera_msgs/cmake/realsense2_camera_msgsConfig.cmake
[1.589s] -- Up-to-date: /home/jorge/capture_ws/install/realsense2_camera_msgs/share/realsense2_camera_msgs/cmake/realsense2_camera_msgsConfig-version.cmake
[1.589s] -- Up-to-date: /home/jorge/capture_ws/install/realsense2_camera_msgs/share/realsense2_camera_msgs/package.xml
[1.609s] Invoked command in '/home/jorge/capture_ws/build/realsense2_camera_msgs' returned '0': CMAKE_PREFIX_PATH=${CMAKE_PREFIX_PATH}:/home/jorge/capture_ws/install/ros2_aruco:/opt/ros/foxy /usr/bin/cmake --install /home/jorge/capture_ws/build/realsense2_camera_msgs
