[0.249s] DEBUG:colcon:Command line arguments: ['/usr/bin/colcon', 'build', '--packages-select', 'cnn_pkg']
[0.249s] DEBUG:colcon:Parsed command line arguments: Namespace(allow_overriding=[], ament_cmake_args=None, base_paths=['.'], build_base='build', catkin_cmake_args=None, catkin_skip_building_tests=False, cmake_args=None, cmake_clean_cache=False, cmake_clean_first=False, cmake_force_configure=False, cmake_target=None, cmake_target_skip_unavailable=False, continue_on_error=False, event_handlers=None, executor='parallel', ignore_user_meta=False, install_base='install', log_base=None, log_level=None, main=<bound method BuildVerb.main of <colcon_core.verb.build.BuildVerb object at 0x7f87bdfa05e0>>, merge_install=False, metas=['./colcon.meta'], packages_above=None, packages_above_and_dependencies=None, packages_above_depth=None, packages_end=None, packages_ignore=None, packages_ignore_regex=None, packages_select=['cnn_pkg'], packages_select_build_failed=False, packages_select_by_dep=None, packages_select_regex=None, packages_select_test_failures=False, packages_skip=None, packages_skip_build_finished=False, packages_skip_by_dep=None, packages_skip_regex=None, packages_skip_test_passed=False, packages_skip_up_to=None, packages_start=None, packages_up_to=None, packages_up_to_regex=None, parallel_workers=8, paths=None, symlink_install=False, test_result_base=None, verb_extension=<colcon_core.verb.build.BuildVerb object at 0x7f87bdfa05e0>, verb_name='build', verb_parser=<colcon_defaults.argument_parser.defaults.DefaultArgumentsDecorator object at 0x7f87bdee5f40>)
[0.456s] Level 1:colcon.colcon_core.package_discovery:discover_packages(colcon_meta) check parameters
[0.456s] Level 1:colcon.colcon_core.package_discovery:discover_packages(recursive) check parameters
[0.456s] Level 1:colcon.colcon_core.package_discovery:discover_packages(ignore) check parameters
[0.456s] Level 1:colcon.colcon_core.package_discovery:discover_packages(path) check parameters
[0.456s] Level 1:colcon.colcon_core.package_discovery:discover_packages(colcon_meta) discover
[0.456s] Level 1:colcon.colcon_core.package_discovery:discover_packages(recursive) discover
[0.456s] INFO:colcon.colcon_core.package_discovery:Crawling recursively for packages in '/home/jorge/capture_ws'
[0.457s] Level 1:colcon.colcon_core.package_identification:_identify(.) by extensions ['ignore', 'ignore_ament_install']
[0.457s] Level 1:colcon.colcon_core.package_identification:_identify(.) by extension 'ignore'
[0.457s] Level 1:colcon.colcon_core.package_identification:_identify(.) by extension 'ignore_ament_install'
[0.457s] Level 1:colcon.colcon_core.package_identification:_identify(.) by extensions ['colcon_pkg']
[0.457s] Level 1:colcon.colcon_core.package_identification:_identify(.) by extension 'colcon_pkg'
[0.457s] Level 1:colcon.colcon_core.package_identification:_identify(.) by extensions ['colcon_meta']
[0.457s] Level 1:colcon.colcon_core.package_identification:_identify(.) by extension 'colcon_meta'
[0.457s] Level 1:colcon.colcon_core.package_identification:_identify(.) by extensions ['ros']
[0.457s] Level 1:colcon.colcon_core.package_identification:_identify(.) by extension 'ros'
[0.469s] Level 1:colcon.colcon_core.package_identification:_identify(.) by extensions ['cmake', 'python']
[0.470s] Level 1:colcon.colcon_core.package_identification:_identify(.) by extension 'cmake'
[0.470s] Level 1:colcon.colcon_core.package_identification:_identify(.) by extension 'python'
[0.470s] Level 1:colcon.colcon_core.package_identification:_identify(.) by extensions ['python_setup_py']
[0.470s] Level 1:colcon.colcon_core.package_identification:_identify(.) by extension 'python_setup_py'
[0.470s] Level 1:colcon.colcon_core.package_identification:_identify(build) by extensions ['ignore', 'ignore_ament_install']
[0.470s] Level 1:colcon.colcon_core.package_identification:_identify(build) by extension 'ignore'
[0.470s] Level 1:colcon.colcon_core.package_identification:_identify(build) ignored
[0.470s] Level 1:colcon.colcon_core.package_identification:_identify(install) by extensions ['ignore', 'ignore_ament_install']
[0.470s] Level 1:colcon.colcon_core.package_identification:_identify(install) by extension 'ignore'
[0.470s] Level 1:colcon.colcon_core.package_identification:_identify(install) ignored
[0.471s] Level 1:colcon.colcon_core.package_identification:_identify(log) by extensions ['ignore', 'ignore_ament_install']
[0.471s] Level 1:colcon.colcon_core.package_identification:_identify(log) by extension 'ignore'
[0.471s] Level 1:colcon.colcon_core.package_identification:_identify(log) ignored
[0.471s] Level 1:colcon.colcon_core.package_identification:_identify(saved_images) by extensions ['ignore', 'ignore_ament_install']
[0.471s] Level 1:colcon.colcon_core.package_identification:_identify(saved_images) by extension 'ignore'
[0.471s] Level 1:colcon.colcon_core.package_identification:_identify(saved_images) by extension 'ignore_ament_install'
[0.471s] Level 1:colcon.colcon_core.package_identification:_identify(saved_images) by extensions ['colcon_pkg']
[0.471s] Level 1:colcon.colcon_core.package_identification:_identify(saved_images) by extension 'colcon_pkg'
[0.471s] Level 1:colcon.colcon_core.package_identification:_identify(saved_images) by extensions ['colcon_meta']
[0.471s] Level 1:colcon.colcon_core.package_identification:_identify(saved_images) by extension 'colcon_meta'
[0.471s] Level 1:colcon.colcon_core.package_identification:_identify(saved_images) by extensions ['ros']
[0.471s] Level 1:colcon.colcon_core.package_identification:_identify(saved_images) by extension 'ros'
[0.472s] Level 1:colcon.colcon_core.package_identification:_identify(saved_images) by extensions ['cmake', 'python']
[0.472s] Level 1:colcon.colcon_core.package_identification:_identify(saved_images) by extension 'cmake'
[0.472s] Level 1:colcon.colcon_core.package_identification:_identify(saved_images) by extension 'python'
[0.472s] Level 1:colcon.colcon_core.package_identification:_identify(saved_images) by extensions ['python_setup_py']
[0.472s] Level 1:colcon.colcon_core.package_identification:_identify(saved_images) by extension 'python_setup_py'
[0.472s] Level 1:colcon.colcon_core.package_identification:_identify(src) by extensions ['ignore', 'ignore_ament_install']
[0.472s] Level 1:colcon.colcon_core.package_identification:_identify(src) by extension 'ignore'
[0.472s] Level 1:colcon.colcon_core.package_identification:_identify(src) by extension 'ignore_ament_install'
[0.472s] Level 1:colcon.colcon_core.package_identification:_identify(src) by extensions ['colcon_pkg']
[0.472s] Level 1:colcon.colcon_core.package_identification:_identify(src) by extension 'colcon_pkg'
[0.472s] Level 1:colcon.colcon_core.package_identification:_identify(src) by extensions ['colcon_meta']
[0.472s] Level 1:colcon.colcon_core.package_identification:_identify(src) by extension 'colcon_meta'
[0.472s] Level 1:colcon.colcon_core.package_identification:_identify(src) by extensions ['ros']
[0.472s] Level 1:colcon.colcon_core.package_identification:_identify(src) by extension 'ros'
[0.472s] Level 1:colcon.colcon_core.package_identification:_identify(src) by extensions ['cmake', 'python']
[0.472s] Level 1:colcon.colcon_core.package_identification:_identify(src) by extension 'cmake'
[0.473s] Level 1:colcon.colcon_core.package_identification:_identify(src) by extension 'python'
[0.473s] Level 1:colcon.colcon_core.package_identification:_identify(src) by extensions ['python_setup_py']
[0.473s] Level 1:colcon.colcon_core.package_identification:_identify(src) by extension 'python_setup_py'
[0.473s] Level 1:colcon.colcon_core.package_identification:_identify(src/alg1_pkg) by extensions ['ignore', 'ignore_ament_install']
[0.473s] Level 1:colcon.colcon_core.package_identification:_identify(src/alg1_pkg) by extension 'ignore'
[0.473s] Level 1:colcon.colcon_core.package_identification:_identify(src/alg1_pkg) by extension 'ignore_ament_install'
[0.473s] Level 1:colcon.colcon_core.package_identification:_identify(src/alg1_pkg) by extensions ['colcon_pkg']
[0.473s] Level 1:colcon.colcon_core.package_identification:_identify(src/alg1_pkg) by extension 'colcon_pkg'
[0.473s] Level 1:colcon.colcon_core.package_identification:_identify(src/alg1_pkg) by extensions ['colcon_meta']
[0.473s] Level 1:colcon.colcon_core.package_identification:_identify(src/alg1_pkg) by extension 'colcon_meta'
[0.473s] Level 1:colcon.colcon_core.package_identification:_identify(src/alg1_pkg) by extensions ['ros']
[0.473s] Level 1:colcon.colcon_core.package_identification:_identify(src/alg1_pkg) by extension 'ros'
[0.476s] DEBUG:colcon.colcon_core.package_identification:Package 'src/alg1_pkg' with type 'ros.ament_cmake' and name 'alg1_pkg'
[0.476s] Level 1:colcon.colcon_core.package_identification:_identify(src/cnn_pkg) by extensions ['ignore', 'ignore_ament_install']
[0.476s] Level 1:colcon.colcon_core.package_identification:_identify(src/cnn_pkg) by extension 'ignore'
[0.476s] Level 1:colcon.colcon_core.package_identification:_identify(src/cnn_pkg) by extension 'ignore_ament_install'
[0.476s] Level 1:colcon.colcon_core.package_identification:_identify(src/cnn_pkg) by extensions ['colcon_pkg']
[0.476s] Level 1:colcon.colcon_core.package_identification:_identify(src/cnn_pkg) by extension 'colcon_pkg'
[0.476s] Level 1:colcon.colcon_core.package_identification:_identify(src/cnn_pkg) by extensions ['colcon_meta']
[0.476s] Level 1:colcon.colcon_core.package_identification:_identify(src/cnn_pkg) by extension 'colcon_meta'
[0.477s] Level 1:colcon.colcon_core.package_identification:_identify(src/cnn_pkg) by extensions ['ros']
[0.477s] Level 1:colcon.colcon_core.package_identification:_identify(src/cnn_pkg) by extension 'ros'
[0.477s] DEBUG:colcon.colcon_core.package_identification:Package 'src/cnn_pkg' with type 'ros.ament_cmake' and name 'cnn_pkg'
[0.477s] Level 1:colcon.colcon_core.package_identification:_identify(src/dnn_pkg) by extensions ['ignore', 'ignore_ament_install']
[0.477s] Level 1:colcon.colcon_core.package_identification:_identify(src/dnn_pkg) by extension 'ignore'
[0.477s] Level 1:colcon.colcon_core.package_identification:_identify(src/dnn_pkg) by extension 'ignore_ament_install'
[0.478s] Level 1:colcon.colcon_core.package_identification:_identify(src/dnn_pkg) by extensions ['colcon_pkg']
[0.478s] Level 1:colcon.colcon_core.package_identification:_identify(src/dnn_pkg) by extension 'colcon_pkg'
[0.478s] Level 1:colcon.colcon_core.package_identification:_identify(src/dnn_pkg) by extensions ['colcon_meta']
[0.478s] Level 1:colcon.colcon_core.package_identification:_identify(src/dnn_pkg) by extension 'colcon_meta'
[0.478s] Level 1:colcon.colcon_core.package_identification:_identify(src/dnn_pkg) by extensions ['ros']
[0.478s] Level 1:colcon.colcon_core.package_identification:_identify(src/dnn_pkg) by extension 'ros'
[0.478s] DEBUG:colcon.colcon_core.package_identification:Package 'src/dnn_pkg' with type 'ros.ament_cmake' and name 'dnn_pkg'
[0.478s] Level 1:colcon.colcon_core.package_identification:_identify(src/realsense-ros) by extensions ['ignore', 'ignore_ament_install']
[0.479s] Level 1:colcon.colcon_core.package_identification:_identify(src/realsense-ros) by extension 'ignore'
[0.479s] Level 1:colcon.colcon_core.package_identification:_identify(src/realsense-ros) by extension 'ignore_ament_install'
[0.479s] Level 1:colcon.colcon_core.package_identification:_identify(src/realsense-ros) by extensions ['colcon_pkg']
[0.479s] Level 1:colcon.colcon_core.package_identification:_identify(src/realsense-ros) by extension 'colcon_pkg'
[0.479s] Level 1:colcon.colcon_core.package_identification:_identify(src/realsense-ros) by extensions ['colcon_meta']
[0.479s] Level 1:colcon.colcon_core.package_identification:_identify(src/realsense-ros) by extension 'colcon_meta'
[0.479s] Level 1:colcon.colcon_core.package_identification:_identify(src/realsense-ros) by extensions ['ros']
[0.479s] Level 1:colcon.colcon_core.package_identification:_identify(src/realsense-ros) by extension 'ros'
[0.479s] Level 1:colcon.colcon_core.package_identification:_identify(src/realsense-ros) by extensions ['cmake', 'python']
[0.479s] Level 1:colcon.colcon_core.package_identification:_identify(src/realsense-ros) by extension 'cmake'
[0.479s] Level 1:colcon.colcon_core.package_identification:_identify(src/realsense-ros) by extension 'python'
[0.479s] Level 1:colcon.colcon_core.package_identification:_identify(src/realsense-ros) by extensions ['python_setup_py']
[0.479s] Level 1:colcon.colcon_core.package_identification:_identify(src/realsense-ros) by extension 'python_setup_py'
[0.479s] Level 1:colcon.colcon_core.package_identification:_identify(src/realsense-ros/realsense2_camera) by extensions ['ignore', 'ignore_ament_install']
[0.479s] Level 1:colcon.colcon_core.package_identification:_identify(src/realsense-ros/realsense2_camera) by extension 'ignore'
[0.480s] Level 1:colcon.colcon_core.package_identification:_identify(src/realsense-ros/realsense2_camera) by extension 'ignore_ament_install'
[0.480s] Level 1:colcon.colcon_core.package_identification:_identify(src/realsense-ros/realsense2_camera) by extensions ['colcon_pkg']
[0.480s] Level 1:colcon.colcon_core.package_identification:_identify(src/realsense-ros/realsense2_camera) by extension 'colcon_pkg'
[0.480s] Level 1:colcon.colcon_core.package_identification:_identify(src/realsense-ros/realsense2_camera) by extensions ['colcon_meta']
[0.480s] Level 1:colcon.colcon_core.package_identification:_identify(src/realsense-ros/realsense2_camera) by extension 'colcon_meta'
[0.480s] Level 1:colcon.colcon_core.package_identification:_identify(src/realsense-ros/realsense2_camera) by extensions ['ros']
[0.480s] Level 1:colcon.colcon_core.package_identification:_identify(src/realsense-ros/realsense2_camera) by extension 'ros'
[0.482s] DEBUG:colcon.colcon_core.package_identification:Package 'src/realsense-ros/realsense2_camera' with type 'ros.ament_cmake' and name 'realsense2_camera'
[0.482s] Level 1:colcon.colcon_core.package_identification:_identify(src/realsense-ros/realsense2_camera_msgs) by extensions ['ignore', 'ignore_ament_install']
[0.482s] Level 1:colcon.colcon_core.package_identification:_identify(src/realsense-ros/realsense2_camera_msgs) by extension 'ignore'
[0.482s] Level 1:colcon.colcon_core.package_identification:_identify(src/realsense-ros/realsense2_camera_msgs) by extension 'ignore_ament_install'
[0.482s] Level 1:colcon.colcon_core.package_identification:_identify(src/realsense-ros/realsense2_camera_msgs) by extensions ['colcon_pkg']
[0.482s] Level 1:colcon.colcon_core.package_identification:_identify(src/realsense-ros/realsense2_camera_msgs) by extension 'colcon_pkg'
[0.482s] Level 1:colcon.colcon_core.package_identification:_identify(src/realsense-ros/realsense2_camera_msgs) by extensions ['colcon_meta']
[0.482s] Level 1:colcon.colcon_core.package_identification:_identify(src/realsense-ros/realsense2_camera_msgs) by extension 'colcon_meta'
[0.482s] Level 1:colcon.colcon_core.package_identification:_identify(src/realsense-ros/realsense2_camera_msgs) by extensions ['ros']
[0.482s] Level 1:colcon.colcon_core.package_identification:_identify(src/realsense-ros/realsense2_camera_msgs) by extension 'ros'
[0.483s] DEBUG:colcon.colcon_core.package_identification:Package 'src/realsense-ros/realsense2_camera_msgs' with type 'ros.ament_cmake' and name 'realsense2_camera_msgs'
[0.483s] Level 1:colcon.colcon_core.package_identification:_identify(src/realsense-ros/realsense2_description) by extensions ['ignore', 'ignore_ament_install']
[0.483s] Level 1:colcon.colcon_core.package_identification:_identify(src/realsense-ros/realsense2_description) by extension 'ignore'
[0.483s] Level 1:colcon.colcon_core.package_identification:_identify(src/realsense-ros/realsense2_description) by extension 'ignore_ament_install'
[0.483s] Level 1:colcon.colcon_core.package_identification:_identify(src/realsense-ros/realsense2_description) by extensions ['colcon_pkg']
[0.483s] Level 1:colcon.colcon_core.package_identification:_identify(src/realsense-ros/realsense2_description) by extension 'colcon_pkg'
[0.483s] Level 1:colcon.colcon_core.package_identification:_identify(src/realsense-ros/realsense2_description) by extensions ['colcon_meta']
[0.483s] Level 1:colcon.colcon_core.package_identification:_identify(src/realsense-ros/realsense2_description) by extension 'colcon_meta'
[0.483s] Level 1:colcon.colcon_core.package_identification:_identify(src/realsense-ros/realsense2_description) by extensions ['ros']
[0.484s] Level 1:colcon.colcon_core.package_identification:_identify(src/realsense-ros/realsense2_description) by extension 'ros'
[0.485s] DEBUG:colcon.colcon_core.package_identification:Package 'src/realsense-ros/realsense2_description' with type 'ros.ament_cmake' and name 'realsense2_description'
[0.485s] Level 1:colcon.colcon_core.package_identification:_identify(src/realsense-ros/scripts) by extensions ['ignore', 'ignore_ament_install']
[0.485s] Level 1:colcon.colcon_core.package_identification:_identify(src/realsense-ros/scripts) by extension 'ignore'
[0.485s] Level 1:colcon.colcon_core.package_identification:_identify(src/realsense-ros/scripts) by extension 'ignore_ament_install'
[0.485s] Level 1:colcon.colcon_core.package_identification:_identify(src/realsense-ros/scripts) by extensions ['colcon_pkg']
[0.485s] Level 1:colcon.colcon_core.package_identification:_identify(src/realsense-ros/scripts) by extension 'colcon_pkg'
[0.485s] Level 1:colcon.colcon_core.package_identification:_identify(src/realsense-ros/scripts) by extensions ['colcon_meta']
[0.485s] Level 1:colcon.colcon_core.package_identification:_identify(src/realsense-ros/scripts) by extension 'colcon_meta'
[0.485s] Level 1:colcon.colcon_core.package_identification:_identify(src/realsense-ros/scripts) by extensions ['ros']
[0.485s] Level 1:colcon.colcon_core.package_identification:_identify(src/realsense-ros/scripts) by extension 'ros'
[0.486s] Level 1:colcon.colcon_core.package_identification:_identify(src/realsense-ros/scripts) by extensions ['cmake', 'python']
[0.486s] Level 1:colcon.colcon_core.package_identification:_identify(src/realsense-ros/scripts) by extension 'cmake'
[0.486s] Level 1:colcon.colcon_core.package_identification:_identify(src/realsense-ros/scripts) by extension 'python'
[0.486s] Level 1:colcon.colcon_core.package_identification:_identify(src/realsense-ros/scripts) by extensions ['python_setup_py']
[0.486s] Level 1:colcon.colcon_core.package_identification:_identify(src/realsense-ros/scripts) by extension 'python_setup_py'
[0.486s] Level 1:colcon.colcon_core.package_identification:_identify(src/ros2_aruco) by extensions ['ignore', 'ignore_ament_install']
[0.486s] Level 1:colcon.colcon_core.package_identification:_identify(src/ros2_aruco) by extension 'ignore'
[0.486s] Level 1:colcon.colcon_core.package_identification:_identify(src/ros2_aruco) by extension 'ignore_ament_install'
[0.486s] Level 1:colcon.colcon_core.package_identification:_identify(src/ros2_aruco) by extensions ['colcon_pkg']
[0.486s] Level 1:colcon.colcon_core.package_identification:_identify(src/ros2_aruco) by extension 'colcon_pkg'
[0.486s] Level 1:colcon.colcon_core.package_identification:_identify(src/ros2_aruco) by extensions ['colcon_meta']
[0.486s] Level 1:colcon.colcon_core.package_identification:_identify(src/ros2_aruco) by extension 'colcon_meta'
[0.486s] Level 1:colcon.colcon_core.package_identification:_identify(src/ros2_aruco) by extensions ['ros']
[0.486s] Level 1:colcon.colcon_core.package_identification:_identify(src/ros2_aruco) by extension 'ros'
[0.487s] Level 1:colcon.colcon_core.package_identification:_identify(src/ros2_aruco) by extensions ['cmake', 'python']
[0.487s] Level 1:colcon.colcon_core.package_identification:_identify(src/ros2_aruco) by extension 'cmake'
[0.487s] Level 1:colcon.colcon_core.package_identification:_identify(src/ros2_aruco) by extension 'python'
[0.487s] Level 1:colcon.colcon_core.package_identification:_identify(src/ros2_aruco) by extensions ['python_setup_py']
[0.487s] Level 1:colcon.colcon_core.package_identification:_identify(src/ros2_aruco) by extension 'python_setup_py'
[0.487s] Level 1:colcon.colcon_core.package_identification:_identify(src/ros2_aruco/ros2_aruco) by extensions ['ignore', 'ignore_ament_install']
[0.487s] Level 1:colcon.colcon_core.package_identification:_identify(src/ros2_aruco/ros2_aruco) by extension 'ignore'
[0.487s] Level 1:colcon.colcon_core.package_identification:_identify(src/ros2_aruco/ros2_aruco) by extension 'ignore_ament_install'
[0.487s] Level 1:colcon.colcon_core.package_identification:_identify(src/ros2_aruco/ros2_aruco) by extensions ['colcon_pkg']
[0.487s] Level 1:colcon.colcon_core.package_identification:_identify(src/ros2_aruco/ros2_aruco) by extension 'colcon_pkg'
[0.487s] Level 1:colcon.colcon_core.package_identification:_identify(src/ros2_aruco/ros2_aruco) by extensions ['colcon_meta']
[0.487s] Level 1:colcon.colcon_core.package_identification:_identify(src/ros2_aruco/ros2_aruco) by extension 'colcon_meta'
[0.487s] Level 1:colcon.colcon_core.package_identification:_identify(src/ros2_aruco/ros2_aruco) by extensions ['ros']
[0.487s] Level 1:colcon.colcon_core.package_identification:_identify(src/ros2_aruco/ros2_aruco) by extension 'ros'
[0.488s] DEBUG:colcon.colcon_core.package_identification:Package 'src/ros2_aruco/ros2_aruco' with type 'ros.ament_python' and name 'ros2_aruco'
[0.488s] Level 1:colcon.colcon_core.package_identification:_identify(src/ros2_aruco/ros2_aruco_interfaces) by extensions ['ignore', 'ignore_ament_install']
[0.488s] Level 1:colcon.colcon_core.package_identification:_identify(src/ros2_aruco/ros2_aruco_interfaces) by extension 'ignore'
[0.488s] Level 1:colcon.colcon_core.package_identification:_identify(src/ros2_aruco/ros2_aruco_interfaces) by extension 'ignore_ament_install'
[0.488s] Level 1:colcon.colcon_core.package_identification:_identify(src/ros2_aruco/ros2_aruco_interfaces) by extensions ['colcon_pkg']
[0.489s] Level 1:colcon.colcon_core.package_identification:_identify(src/ros2_aruco/ros2_aruco_interfaces) by extension 'colcon_pkg'
[0.489s] Level 1:colcon.colcon_core.package_identification:_identify(src/ros2_aruco/ros2_aruco_interfaces) by extensions ['colcon_meta']
[0.489s] Level 1:colcon.colcon_core.package_identification:_identify(src/ros2_aruco/ros2_aruco_interfaces) by extension 'colcon_meta'
[0.489s] Level 1:colcon.colcon_core.package_identification:_identify(src/ros2_aruco/ros2_aruco_interfaces) by extensions ['ros']
[0.489s] Level 1:colcon.colcon_core.package_identification:_identify(src/ros2_aruco/ros2_aruco_interfaces) by extension 'ros'
[0.489s] DEBUG:colcon.colcon_core.package_identification:Package 'src/ros2_aruco/ros2_aruco_interfaces' with type 'ros.ament_cmake' and name 'ros2_aruco_interfaces'
[0.489s] Level 1:colcon.colcon_core.package_discovery:discover_packages(recursive) using defaults
[0.490s] Level 1:colcon.colcon_core.package_discovery:discover_packages(ignore) discover
[0.490s] Level 1:colcon.colcon_core.package_discovery:discover_packages(ignore) using defaults
[0.490s] Level 1:colcon.colcon_core.package_discovery:discover_packages(path) discover
[0.490s] Level 1:colcon.colcon_core.package_discovery:discover_packages(path) using defaults
[0.522s] INFO:colcon.colcon_core.package_selection:Skipping not selected package 'alg1_pkg' in 'src/alg1_pkg'
[0.522s] INFO:colcon.colcon_core.package_selection:Skipping not selected package 'dnn_pkg' in 'src/dnn_pkg'
[0.522s] INFO:colcon.colcon_core.package_selection:Skipping not selected package 'realsense2_camera_msgs' in 'src/realsense-ros/realsense2_camera_msgs'
[0.522s] INFO:colcon.colcon_core.package_selection:Skipping not selected package 'ros2_aruco' in 'src/ros2_aruco/ros2_aruco'
[0.522s] INFO:colcon.colcon_core.package_selection:Skipping not selected package 'ros2_aruco_interfaces' in 'src/ros2_aruco/ros2_aruco_interfaces'
[0.522s] INFO:colcon.colcon_core.package_selection:Skipping not selected package 'realsense2_camera' in 'src/realsense-ros/realsense2_camera'
[0.522s] INFO:colcon.colcon_core.package_selection:Skipping not selected package 'realsense2_description' in 'src/realsense-ros/realsense2_description'
[0.523s] Level 1:colcon.colcon_core.package_discovery:discover_packages(prefix_path) check parameters
[0.523s] Level 1:colcon.colcon_core.package_discovery:discover_packages(prefix_path) discover
[0.525s] DEBUG:colcon.colcon_installed_package_information.package_discovery:Found 8 installed packages in /home/jorge/capture_ws/install
[0.527s] DEBUG:colcon.colcon_installed_package_information.package_discovery:Found 269 installed packages in /opt/ros/foxy
[0.529s] Level 1:colcon.colcon_core.package_discovery:discover_packages(prefix_path) using defaults
[0.609s] Level 5:colcon.colcon_core.verb:set package 'cnn_pkg' build argument 'cmake_args' from command line to 'None'
[0.609s] Level 5:colcon.colcon_core.verb:set package 'cnn_pkg' build argument 'cmake_target' from command line to 'None'
[0.609s] Level 5:colcon.colcon_core.verb:set package 'cnn_pkg' build argument 'cmake_target_skip_unavailable' from command line to 'False'
[0.609s] Level 5:colcon.colcon_core.verb:set package 'cnn_pkg' build argument 'cmake_clean_cache' from command line to 'False'
[0.610s] Level 5:colcon.colcon_core.verb:set package 'cnn_pkg' build argument 'cmake_clean_first' from command line to 'False'
[0.610s] Level 5:colcon.colcon_core.verb:set package 'cnn_pkg' build argument 'cmake_force_configure' from command line to 'False'
[0.610s] Level 5:colcon.colcon_core.verb:set package 'cnn_pkg' build argument 'ament_cmake_args' from command line to 'None'
[0.610s] Level 5:colcon.colcon_core.verb:set package 'cnn_pkg' build argument 'catkin_cmake_args' from command line to 'None'
[0.610s] Level 5:colcon.colcon_core.verb:set package 'cnn_pkg' build argument 'catkin_skip_building_tests' from command line to 'False'
[0.610s] DEBUG:colcon.colcon_core.verb:Building package 'cnn_pkg' with the following arguments: {'ament_cmake_args': None, 'build_base': '/home/jorge/capture_ws/build/cnn_pkg', 'catkin_cmake_args': None, 'catkin_skip_building_tests': False, 'cmake_args': None, 'cmake_clean_cache': False, 'cmake_clean_first': False, 'cmake_force_configure': False, 'cmake_target': None, 'cmake_target_skip_unavailable': False, 'install_base': '/home/jorge/capture_ws/install/cnn_pkg', 'merge_install': False, 'path': '/home/jorge/capture_ws/src/cnn_pkg', 'symlink_install': False, 'test_result_base': None}
[0.610s] INFO:colcon.colcon_core.executor:Executing jobs using 'parallel' executor
[0.611s] DEBUG:colcon.colcon_parallel_executor.executor.parallel:run_until_complete
[0.611s] INFO:colcon.colcon_ros.task.ament_cmake.build:Building ROS package in '/home/jorge/capture_ws/src/cnn_pkg' with build type 'ament_cmake'
[0.611s] INFO:colcon.colcon_cmake.task.cmake.build:Building CMake package in '/home/jorge/capture_ws/src/cnn_pkg'
[0.614s] INFO:colcon.colcon_core.plugin_system:Skipping extension 'colcon_core.shell.bat': Not used on non-Windows systems
[0.614s] INFO:colcon.colcon_core.shell:Skip shell extension 'powershell' for command environment: Not usable outside of PowerShell
[0.614s] DEBUG:colcon.colcon_core.shell:Skip shell extension 'dsv' for command environment
[0.632s] DEBUG:colcon.colcon_core.event_handler.log_command:Invoking command in '/home/jorge/capture_ws/build/cnn_pkg': CMAKE_PREFIX_PATH=/home/jorge/capture_ws/install/ros2_aruco_interfaces:/home/jorge/capture_ws/install/cnn_pkg:/home/jorge/capture_ws/install/realsense2_description:/home/jorge/capture_ws/install/realsense2_camera:/home/jorge/capture_ws/install/realsense2_camera_msgs:/home/jorge/capture_ws/install/dnn_pkg:/home/jorge/capture_ws/install/alg1_pkg:/home/jorge/capture_ws/install/ros2_aruco:/opt/ros/foxy /usr/bin/cmake --build /home/jorge/capture_ws/build/cnn_pkg -- -j8 -l8
[9.559s] DEBUG:colcon.colcon_core.event_handler.log_command:Invoked command in '/home/jorge/capture_ws/build/cnn_pkg' returned '0': CMAKE_PREFIX_PATH=/home/jorge/capture_ws/install/ros2_aruco_interfaces:/home/jorge/capture_ws/install/cnn_pkg:/home/jorge/capture_ws/install/realsense2_description:/home/jorge/capture_ws/install/realsense2_camera:/home/jorge/capture_ws/install/realsense2_camera_msgs:/home/jorge/capture_ws/install/dnn_pkg:/home/jorge/capture_ws/install/alg1_pkg:/home/jorge/capture_ws/install/ros2_aruco:/opt/ros/foxy /usr/bin/cmake --build /home/jorge/capture_ws/build/cnn_pkg -- -j8 -l8
[9.648s] DEBUG:colcon.colcon_core.event_handler.log_command:Invoking command in '/home/jorge/capture_ws/build/cnn_pkg': CMAKE_PREFIX_PATH=/home/jorge/capture_ws/install/ros2_aruco_interfaces:/home/jorge/capture_ws/install/cnn_pkg:/home/jorge/capture_ws/install/realsense2_description:/home/jorge/capture_ws/install/realsense2_camera:/home/jorge/capture_ws/install/realsense2_camera_msgs:/home/jorge/capture_ws/install/dnn_pkg:/home/jorge/capture_ws/install/alg1_pkg:/home/jorge/capture_ws/install/ros2_aruco:/opt/ros/foxy /usr/bin/cmake --install /home/jorge/capture_ws/build/cnn_pkg
[9.671s] Level 1:colcon.colcon_core.environment:create_environment_scripts_only(cnn_pkg)
[9.672s] DEBUG:colcon.colcon_core.event_handler.log_command:Invoked command in '/home/jorge/capture_ws/build/cnn_pkg' returned '0': CMAKE_PREFIX_PATH=/home/jorge/capture_ws/install/ros2_aruco_interfaces:/home/jorge/capture_ws/install/cnn_pkg:/home/jorge/capture_ws/install/realsense2_description:/home/jorge/capture_ws/install/realsense2_camera:/home/jorge/capture_ws/install/realsense2_camera_msgs:/home/jorge/capture_ws/install/dnn_pkg:/home/jorge/capture_ws/install/alg1_pkg:/home/jorge/capture_ws/install/ros2_aruco:/opt/ros/foxy /usr/bin/cmake --install /home/jorge/capture_ws/build/cnn_pkg
[9.675s] Level 1:colcon.colcon_core.environment:checking '/home/jorge/capture_ws/install/cnn_pkg' for CMake module files
[9.675s] Level 1:colcon.colcon_core.environment:checking '/home/jorge/capture_ws/install/cnn_pkg' for CMake config files
[9.676s] Level 1:colcon.colcon_core.shell:create_environment_hook('cnn_pkg', 'cmake_prefix_path')
[9.676s] INFO:colcon.colcon_core.shell:Creating environment hook '/home/jorge/capture_ws/install/cnn_pkg/share/cnn_pkg/hook/cmake_prefix_path.ps1'
[9.677s] INFO:colcon.colcon_core.shell:Creating environment descriptor '/home/jorge/capture_ws/install/cnn_pkg/share/cnn_pkg/hook/cmake_prefix_path.dsv'
[9.677s] INFO:colcon.colcon_core.shell:Creating environment hook '/home/jorge/capture_ws/install/cnn_pkg/share/cnn_pkg/hook/cmake_prefix_path.sh'
[9.678s] Level 1:colcon.colcon_core.environment:checking '/home/jorge/capture_ws/install/cnn_pkg/lib'
[9.679s] Level 1:colcon.colcon_core.environment:checking '/home/jorge/capture_ws/install/cnn_pkg/bin'
[9.679s] Level 1:colcon.colcon_core.environment:checking '/home/jorge/capture_ws/install/cnn_pkg/lib/pkgconfig/cnn_pkg.pc'
[9.679s] Level 1:colcon.colcon_core.environment:checking '/home/jorge/capture_ws/install/cnn_pkg/lib/python3.8/site-packages'
[9.679s] Level 1:colcon.colcon_core.environment:checking '/home/jorge/capture_ws/install/cnn_pkg/bin'
[9.680s] INFO:colcon.colcon_core.shell:Creating package script '/home/jorge/capture_ws/install/cnn_pkg/share/cnn_pkg/package.ps1'
[9.681s] INFO:colcon.colcon_core.shell:Creating package descriptor '/home/jorge/capture_ws/install/cnn_pkg/share/cnn_pkg/package.dsv'
[9.681s] INFO:colcon.colcon_core.shell:Creating package script '/home/jorge/capture_ws/install/cnn_pkg/share/cnn_pkg/package.sh'
[9.682s] INFO:colcon.colcon_core.shell:Creating package script '/home/jorge/capture_ws/install/cnn_pkg/share/cnn_pkg/package.bash'
[9.683s] INFO:colcon.colcon_core.shell:Creating package script '/home/jorge/capture_ws/install/cnn_pkg/share/cnn_pkg/package.zsh'
[9.685s] Level 1:colcon.colcon_core.environment:create_file_with_runtime_dependencies(/home/jorge/capture_ws/install/cnn_pkg/share/colcon-core/packages/cnn_pkg)
[9.730s] Level 1:colcon.colcon_core.environment:create_environment_scripts_only(cnn_pkg)
[9.730s] Level 1:colcon.colcon_core.environment:checking '/home/jorge/capture_ws/install/cnn_pkg' for CMake module files
[9.731s] Level 1:colcon.colcon_core.environment:checking '/home/jorge/capture_ws/install/cnn_pkg' for CMake config files
[9.731s] Level 1:colcon.colcon_core.shell:create_environment_hook('cnn_pkg', 'cmake_prefix_path')
[9.731s] INFO:colcon.colcon_core.shell:Creating environment hook '/home/jorge/capture_ws/install/cnn_pkg/share/cnn_pkg/hook/cmake_prefix_path.ps1'
[9.732s] INFO:colcon.colcon_core.shell:Creating environment descriptor '/home/jorge/capture_ws/install/cnn_pkg/share/cnn_pkg/hook/cmake_prefix_path.dsv'
[9.733s] INFO:colcon.colcon_core.shell:Creating environment hook '/home/jorge/capture_ws/install/cnn_pkg/share/cnn_pkg/hook/cmake_prefix_path.sh'
[9.734s] Level 1:colcon.colcon_core.environment:checking '/home/jorge/capture_ws/install/cnn_pkg/lib'
[9.734s] Level 1:colcon.colcon_core.environment:checking '/home/jorge/capture_ws/install/cnn_pkg/bin'
[9.734s] Level 1:colcon.colcon_core.environment:checking '/home/jorge/capture_ws/install/cnn_pkg/lib/pkgconfig/cnn_pkg.pc'
[9.734s] Level 1:colcon.colcon_core.environment:checking '/home/jorge/capture_ws/install/cnn_pkg/lib/python3.8/site-packages'
[9.734s] Level 1:colcon.colcon_core.environment:checking '/home/jorge/capture_ws/install/cnn_pkg/bin'
[9.735s] INFO:colcon.colcon_core.shell:Creating package script '/home/jorge/capture_ws/install/cnn_pkg/share/cnn_pkg/package.ps1'
[9.736s] INFO:colcon.colcon_core.shell:Creating package descriptor '/home/jorge/capture_ws/install/cnn_pkg/share/cnn_pkg/package.dsv'
[9.736s] INFO:colcon.colcon_core.shell:Creating package script '/home/jorge/capture_ws/install/cnn_pkg/share/cnn_pkg/package.sh'
[9.737s] INFO:colcon.colcon_core.shell:Creating package script '/home/jorge/capture_ws/install/cnn_pkg/share/cnn_pkg/package.bash'
[9.737s] INFO:colcon.colcon_core.shell:Creating package script '/home/jorge/capture_ws/install/cnn_pkg/share/cnn_pkg/package.zsh'
[9.738s] Level 1:colcon.colcon_core.environment:create_file_with_runtime_dependencies(/home/jorge/capture_ws/install/cnn_pkg/share/colcon-core/packages/cnn_pkg)
[9.738s] DEBUG:colcon.colcon_parallel_executor.executor.parallel:closing loop
[9.738s] DEBUG:colcon.colcon_parallel_executor.executor.parallel:loop closed
[9.739s] DEBUG:colcon.colcon_parallel_executor.executor.parallel:run_until_complete finished with '0'
[9.739s] DEBUG:colcon.colcon_core.event_reactor:joining thread
[9.746s] INFO:colcon.colcon_core.plugin_system:Skipping extension 'colcon_notification.desktop_notification.terminal_notifier': Not used on non-Darwin systems
[9.746s] INFO:colcon.colcon_core.plugin_system:Skipping extension 'colcon_notification.desktop_notification.win32': Not used on non-Windows systems
[9.746s] INFO:colcon.colcon_notification.desktop_notification:Sending desktop notification using 'notify2'
[9.768s] DEBUG:colcon.colcon_core.event_reactor:joined thread
[9.769s] INFO:colcon.colcon_core.shell:Creating prefix script '/home/jorge/capture_ws/install/local_setup.ps1'
[9.770s] INFO:colcon.colcon_core.shell:Creating prefix util module '/home/jorge/capture_ws/install/_local_setup_util_ps1.py'
[9.771s] INFO:colcon.colcon_core.shell:Creating prefix chain script '/home/jorge/capture_ws/install/setup.ps1'
[9.773s] INFO:colcon.colcon_core.shell:Creating prefix script '/home/jorge/capture_ws/install/local_setup.sh'
[9.774s] INFO:colcon.colcon_core.shell:Creating prefix util module '/home/jorge/capture_ws/install/_local_setup_util_sh.py'
[9.774s] INFO:colcon.colcon_core.shell:Creating prefix chain script '/home/jorge/capture_ws/install/setup.sh'
[9.776s] INFO:colcon.colcon_core.shell:Creating prefix script '/home/jorge/capture_ws/install/local_setup.bash'
[9.776s] INFO:colcon.colcon_core.shell:Creating prefix chain script '/home/jorge/capture_ws/install/setup.bash'
[9.778s] INFO:colcon.colcon_core.shell:Creating prefix script '/home/jorge/capture_ws/install/local_setup.zsh'
[9.778s] INFO:colcon.colcon_core.shell:Creating prefix chain script '/home/jorge/capture_ws/install/setup.zsh'
