[0.077s] Invoking command in '/home/jorge/capture_ws/build/ros2_aruco_interfaces': CMAKE_PREFIX_PATH=${CMAKE_PREFIX_PATH}:/home/jorge/capture_ws/install/ros2_aruco:/opt/ros/foxy /usr/bin/cmake --build /home/jorge/capture_ws/build/ros2_aruco_interfaces -- -j8 -l8
[0.733s] [  3%] Built target ros2_aruco_interfaces__cpp
[0.733s] [ 12%] Built target ros2_aruco_interfaces__rosidl_generator_c
[0.734s] [ 22%] Built target ros2_aruco_interfaces__rosidl_typesupport_cpp
[0.734s] [ 32%] Built target ros2_aruco_interfaces__rosidl_typesupport_introspection_cpp
[0.734s] [ 41%] Built target ros2_aruco_interfaces__rosidl_typesupport_fastrtps_cpp
[0.734s] [ 51%] Built target ros2_aruco_interfaces__rosidl_typesupport_introspection_c
[0.734s] [ 61%] Built target ros2_aruco_interfaces__rosidl_typesupport_c
[0.734s] [ 70%] Built target ros2_aruco_interfaces__rosidl_typesupport_fastrtps_c
[0.735s] [ 70%] Built target ros2_aruco_interfaces
[0.735s] [ 74%] Built target ros2_aruco_interfaces__py
[0.735s] [ 80%] Built target ros2_aruco_interfaces__python
[0.735s] [ 87%] Built target ros2_aruco_interfaces__rosidl_typesupport_c__pyext
[0.735s] [ 93%] Built target ros2_aruco_interfaces__rosidl_typesupport_fastrtps_c__pyext
[0.735s] [100%] Built target ros2_aruco_interfaces__rosidl_typesupport_introspection_c__pyext
[0.749s] Invoked command in '/home/jorge/capture_ws/build/ros2_aruco_interfaces' returned '0': CMAKE_PREFIX_PATH=${CMAKE_PREFIX_PATH}:/home/jorge/capture_ws/install/ros2_aruco:/opt/ros/foxy /usr/bin/cmake --build /home/jorge/capture_ws/build/ros2_aruco_interfaces -- -j8 -l8
[0.845s] Invoking command in '/home/jorge/capture_ws/build/ros2_aruco_interfaces': CMAKE_PREFIX_PATH=${CMAKE_PREFIX_PATH}:/home/jorge/capture_ws/install/ros2_aruco:/opt/ros/foxy /usr/bin/cmake --install /home/jorge/capture_ws/build/ros2_aruco_interfaces
[0.863s] -- Install configuration: ""
[0.864s] -- Up-to-date: /home/jorge/capture_ws/install/ros2_aruco_interfaces/share/ament_index/resource_index/rosidl_interfaces/ros2_aruco_interfaces
[0.864s] -- Up-to-date: /home/jorge/capture_ws/install/ros2_aruco_interfaces/include/ros2_aruco_interfaces
[0.864s] -- Up-to-date: /home/jorge/capture_ws/install/ros2_aruco_interfaces/include/ros2_aruco_interfaces/msg
[0.864s] -- Up-to-date: /home/jorge/capture_ws/install/ros2_aruco_interfaces/include/ros2_aruco_interfaces/msg/detail
[0.865s] -- Up-to-date: /home/jorge/capture_ws/install/ros2_aruco_interfaces/include/ros2_aruco_interfaces/msg/detail/aruco_markers__type_support.h
[0.865s] -- Up-to-date: /home/jorge/capture_ws/install/ros2_aruco_interfaces/include/ros2_aruco_interfaces/msg/detail/aruco_markers__struct.h
[0.865s] -- Up-to-date: /home/jorge/capture_ws/install/ros2_aruco_interfaces/include/ros2_aruco_interfaces/msg/detail/aruco_markers__functions.h
[0.865s] -- Up-to-date: /home/jorge/capture_ws/install/ros2_aruco_interfaces/include/ros2_aruco_interfaces/msg/detail/aruco_markers__functions.c
[0.866s] -- Up-to-date: /home/jorge/capture_ws/install/ros2_aruco_interfaces/include/ros2_aruco_interfaces/msg/rosidl_generator_c__visibility_control.h
[0.866s] -- Up-to-date: /home/jorge/capture_ws/install/ros2_aruco_interfaces/include/ros2_aruco_interfaces/msg/aruco_markers.h
[0.866s] -- Up-to-date: /home/jorge/capture_ws/install/ros2_aruco_interfaces/share/ros2_aruco_interfaces/environment/library_path.sh
[0.866s] -- Up-to-date: /home/jorge/capture_ws/install/ros2_aruco_interfaces/share/ros2_aruco_interfaces/environment/library_path.dsv
[0.867s] -- Up-to-date: /home/jorge/capture_ws/install/ros2_aruco_interfaces/lib/libros2_aruco_interfaces__rosidl_generator_c.so
[0.868s] -- Up-to-date: /home/jorge/capture_ws/install/ros2_aruco_interfaces/include/ros2_aruco_interfaces
[0.869s] -- Up-to-date: /home/jorge/capture_ws/install/ros2_aruco_interfaces/include/ros2_aruco_interfaces/msg
[0.869s] -- Up-to-date: /home/jorge/capture_ws/install/ros2_aruco_interfaces/include/ros2_aruco_interfaces/msg/detail
[0.869s] -- Up-to-date: /home/jorge/capture_ws/install/ros2_aruco_interfaces/include/ros2_aruco_interfaces/msg/detail/aruco_markers__rosidl_typesupport_fastrtps_c.h
[0.870s] -- Up-to-date: /home/jorge/capture_ws/install/ros2_aruco_interfaces/include/ros2_aruco_interfaces/msg/rosidl_typesupport_fastrtps_c__visibility_control.h
[0.870s] -- Up-to-date: /home/jorge/capture_ws/install/ros2_aruco_interfaces/lib/libros2_aruco_interfaces__rosidl_typesupport_fastrtps_c.so
[0.871s] -- Up-to-date: /home/jorge/capture_ws/install/ros2_aruco_interfaces/include/ros2_aruco_interfaces
[0.871s] -- Up-to-date: /home/jorge/capture_ws/install/ros2_aruco_interfaces/include/ros2_aruco_interfaces/msg
[0.872s] -- Up-to-date: /home/jorge/capture_ws/install/ros2_aruco_interfaces/include/ros2_aruco_interfaces/msg/detail
[0.874s] -- Up-to-date: /home/jorge/capture_ws/install/ros2_aruco_interfaces/include/ros2_aruco_interfaces/msg/detail/aruco_markers__rosidl_typesupport_fastrtps_cpp.hpp
[0.876s] -- Up-to-date: /home/jorge/capture_ws/install/ros2_aruco_interfaces/include/ros2_aruco_interfaces/msg/detail/dds_fastrtps
[0.877s] -- Up-to-date: /home/jorge/capture_ws/install/ros2_aruco_interfaces/include/ros2_aruco_interfaces/msg/rosidl_typesupport_fastrtps_cpp__visibility_control.h
[0.877s] -- Up-to-date: /home/jorge/capture_ws/install/ros2_aruco_interfaces/lib/libros2_aruco_interfaces__rosidl_typesupport_fastrtps_cpp.so
[0.878s] -- Up-to-date: /home/jorge/capture_ws/install/ros2_aruco_interfaces/include/ros2_aruco_interfaces
[0.880s] -- Up-to-date: /home/jorge/capture_ws/install/ros2_aruco_interfaces/include/ros2_aruco_interfaces/msg
[0.880s] -- Up-to-date: /home/jorge/capture_ws/install/ros2_aruco_interfaces/include/ros2_aruco_interfaces/msg/detail
[0.881s] -- Up-to-date: /home/jorge/capture_ws/install/ros2_aruco_interfaces/include/ros2_aruco_interfaces/msg/detail/aruco_markers__rosidl_typesupport_introspection_c.h
[0.882s] -- Up-to-date: /home/jorge/capture_ws/install/ros2_aruco_interfaces/include/ros2_aruco_interfaces/msg/detail/aruco_markers__type_support.c
[0.882s] -- Up-to-date: /home/jorge/capture_ws/install/ros2_aruco_interfaces/include/ros2_aruco_interfaces/msg/rosidl_typesupport_introspection_c__visibility_control.h
[0.883s] -- Up-to-date: /home/jorge/capture_ws/install/ros2_aruco_interfaces/lib/libros2_aruco_interfaces__rosidl_typesupport_introspection_c.so
[0.884s] -- Up-to-date: /home/jorge/capture_ws/install/ros2_aruco_interfaces/lib/libros2_aruco_interfaces__rosidl_typesupport_c.so
[0.884s] -- Up-to-date: /home/jorge/capture_ws/install/ros2_aruco_interfaces/include/ros2_aruco_interfaces
[0.885s] -- Up-to-date: /home/jorge/capture_ws/install/ros2_aruco_interfaces/include/ros2_aruco_interfaces/msg
[0.885s] -- Up-to-date: /home/jorge/capture_ws/install/ros2_aruco_interfaces/include/ros2_aruco_interfaces/msg/detail
[0.885s] -- Up-to-date: /home/jorge/capture_ws/install/ros2_aruco_interfaces/include/ros2_aruco_interfaces/msg/detail/aruco_markers__struct.hpp
[0.886s] -- Up-to-date: /home/jorge/capture_ws/install/ros2_aruco_interfaces/include/ros2_aruco_interfaces/msg/detail/aruco_markers__traits.hpp
[0.888s] -- Up-to-date: /home/jorge/capture_ws/install/ros2_aruco_interfaces/include/ros2_aruco_interfaces/msg/detail/aruco_markers__builder.hpp
[0.889s] -- Up-to-date: /home/jorge/capture_ws/install/ros2_aruco_interfaces/include/ros2_aruco_interfaces/msg/detail/aruco_markers__type_support.hpp
[0.889s] -- Up-to-date: /home/jorge/capture_ws/install/ros2_aruco_interfaces/include/ros2_aruco_interfaces/msg/rosidl_generator_cpp__visibility_control.hpp
[0.889s] -- Up-to-date: /home/jorge/capture_ws/install/ros2_aruco_interfaces/include/ros2_aruco_interfaces/msg/aruco_markers.hpp
[0.890s] -- Up-to-date: /home/jorge/capture_ws/install/ros2_aruco_interfaces/include/ros2_aruco_interfaces
[0.890s] -- Up-to-date: /home/jorge/capture_ws/install/ros2_aruco_interfaces/include/ros2_aruco_interfaces/msg
[0.890s] -- Up-to-date: /home/jorge/capture_ws/install/ros2_aruco_interfaces/include/ros2_aruco_interfaces/msg/detail
[0.890s] -- Up-to-date: /home/jorge/capture_ws/install/ros2_aruco_interfaces/include/ros2_aruco_interfaces/msg/detail/aruco_markers__type_support.cpp
[0.890s] -- Up-to-date: /home/jorge/capture_ws/install/ros2_aruco_interfaces/include/ros2_aruco_interfaces/msg/detail/aruco_markers__rosidl_typesupport_introspection_cpp.hpp
[0.891s] -- Up-to-date: /home/jorge/capture_ws/install/ros2_aruco_interfaces/lib/libros2_aruco_interfaces__rosidl_typesupport_introspection_cpp.so
[0.891s] -- Up-to-date: /home/jorge/capture_ws/install/ros2_aruco_interfaces/lib/libros2_aruco_interfaces__rosidl_typesupport_cpp.so
[0.891s] -- Up-to-date: /home/jorge/capture_ws/install/ros2_aruco_interfaces/share/ros2_aruco_interfaces/environment/pythonpath.sh
[0.891s] -- Up-to-date: /home/jorge/capture_ws/install/ros2_aruco_interfaces/share/ros2_aruco_interfaces/environment/pythonpath.dsv
[0.891s] -- Up-to-date: /home/jorge/capture_ws/install/ros2_aruco_interfaces/lib/python3.8/site-packages/ros2_aruco_interfaces/__init__.py
[0.928s] -- Up-to-date: /home/jorge/capture_ws/install/ros2_aruco_interfaces/lib/python3.8/site-packages/ros2_aruco_interfaces/msg
[0.928s] -- Up-to-date: /home/jorge/capture_ws/install/ros2_aruco_interfaces/lib/python3.8/site-packages/ros2_aruco_interfaces/msg/__init__.py
[0.929s] -- Up-to-date: /home/jorge/capture_ws/install/ros2_aruco_interfaces/lib/python3.8/site-packages/ros2_aruco_interfaces/msg/_aruco_markers.py
[0.929s] -- Up-to-date: /home/jorge/capture_ws/install/ros2_aruco_interfaces/lib/python3.8/site-packages/ros2_aruco_interfaces/msg/_aruco_markers_s.c
[0.929s] -- Up-to-date: /home/jorge/capture_ws/install/ros2_aruco_interfaces/lib/python3.8/site-packages/ros2_aruco_interfaces/ros2_aruco_interfaces_s__rosidl_typesupport_fastrtps_c.cpython-38-x86_64-linux-gnu.so
[0.930s] -- Up-to-date: /home/jorge/capture_ws/install/ros2_aruco_interfaces/lib/python3.8/site-packages/ros2_aruco_interfaces/ros2_aruco_interfaces_s__rosidl_typesupport_introspection_c.cpython-38-x86_64-linux-gnu.so
[0.931s] -- Up-to-date: /home/jorge/capture_ws/install/ros2_aruco_interfaces/lib/python3.8/site-packages/ros2_aruco_interfaces/ros2_aruco_interfaces_s__rosidl_typesupport_c.cpython-38-x86_64-linux-gnu.so
[0.931s] -- Up-to-date: /home/jorge/capture_ws/install/ros2_aruco_interfaces/lib/libros2_aruco_interfaces__python.so
[0.936s] -- Up-to-date: /home/jorge/capture_ws/install/ros2_aruco_interfaces/share/ros2_aruco_interfaces/msg/ArucoMarkers.idl
[0.944s] -- Up-to-date: /home/jorge/capture_ws/install/ros2_aruco_interfaces/share/ros2_aruco_interfaces/msg/ArucoMarkers.msg
[0.945s] -- Up-to-date: /home/jorge/capture_ws/install/ros2_aruco_interfaces/share/ament_index/resource_index/package_run_dependencies/ros2_aruco_interfaces
[0.945s] -- Up-to-date: /home/jorge/capture_ws/install/ros2_aruco_interfaces/share/ament_index/resource_index/parent_prefix_path/ros2_aruco_interfaces
[0.945s] -- Up-to-date: /home/jorge/capture_ws/install/ros2_aruco_interfaces/share/ros2_aruco_interfaces/environment/ament_prefix_path.sh
[0.945s] -- Up-to-date: /home/jorge/capture_ws/install/ros2_aruco_interfaces/share/ros2_aruco_interfaces/environment/ament_prefix_path.dsv
[0.946s] -- Up-to-date: /home/jorge/capture_ws/install/ros2_aruco_interfaces/share/ros2_aruco_interfaces/environment/path.sh
[0.946s] -- Up-to-date: /home/jorge/capture_ws/install/ros2_aruco_interfaces/share/ros2_aruco_interfaces/environment/path.dsv
[0.946s] -- Up-to-date: /home/jorge/capture_ws/install/ros2_aruco_interfaces/share/ros2_aruco_interfaces/local_setup.bash
[0.948s] -- Up-to-date: /home/jorge/capture_ws/install/ros2_aruco_interfaces/share/ros2_aruco_interfaces/local_setup.sh
[0.948s] -- Up-to-date: /home/jorge/capture_ws/install/ros2_aruco_interfaces/share/ros2_aruco_interfaces/local_setup.zsh
[0.948s] -- Up-to-date: /home/jorge/capture_ws/install/ros2_aruco_interfaces/share/ros2_aruco_interfaces/local_setup.dsv
[0.949s] -- Installing: /home/jorge/capture_ws/install/ros2_aruco_interfaces/share/ros2_aruco_interfaces/package.dsv
[0.949s] -- Up-to-date: /home/jorge/capture_ws/install/ros2_aruco_interfaces/share/ament_index/resource_index/packages/ros2_aruco_interfaces
[0.949s] -- Up-to-date: /home/jorge/capture_ws/install/ros2_aruco_interfaces/share/ros2_aruco_interfaces/cmake/ros2_aruco_interfaces__rosidl_generator_cExport.cmake
[0.949s] -- Up-to-date: /home/jorge/capture_ws/install/ros2_aruco_interfaces/share/ros2_aruco_interfaces/cmake/ros2_aruco_interfaces__rosidl_generator_cExport-noconfig.cmake
[0.953s] -- Up-to-date: /home/jorge/capture_ws/install/ros2_aruco_interfaces/share/ros2_aruco_interfaces/cmake/ros2_aruco_interfaces__rosidl_typesupport_introspection_cExport.cmake
[0.954s] -- Up-to-date: /home/jorge/capture_ws/install/ros2_aruco_interfaces/share/ros2_aruco_interfaces/cmake/ros2_aruco_interfaces__rosidl_typesupport_introspection_cExport-noconfig.cmake
[0.954s] -- Up-to-date: /home/jorge/capture_ws/install/ros2_aruco_interfaces/share/ros2_aruco_interfaces/cmake/ros2_aruco_interfaces__rosidl_typesupport_cExport.cmake
[0.954s] -- Up-to-date: /home/jorge/capture_ws/install/ros2_aruco_interfaces/share/ros2_aruco_interfaces/cmake/ros2_aruco_interfaces__rosidl_typesupport_cExport-noconfig.cmake
[0.954s] -- Up-to-date: /home/jorge/capture_ws/install/ros2_aruco_interfaces/share/ros2_aruco_interfaces/cmake/ros2_aruco_interfaces__rosidl_generator_cppExport.cmake
[0.954s] -- Up-to-date: /home/jorge/capture_ws/install/ros2_aruco_interfaces/share/ros2_aruco_interfaces/cmake/ros2_aruco_interfaces__rosidl_typesupport_introspection_cppExport.cmake
[0.954s] -- Up-to-date: /home/jorge/capture_ws/install/ros2_aruco_interfaces/share/ros2_aruco_interfaces/cmake/ros2_aruco_interfaces__rosidl_typesupport_introspection_cppExport-noconfig.cmake
[0.954s] -- Up-to-date: /home/jorge/capture_ws/install/ros2_aruco_interfaces/share/ros2_aruco_interfaces/cmake/ros2_aruco_interfaces__rosidl_typesupport_cppExport.cmake
[0.954s] -- Up-to-date: /home/jorge/capture_ws/install/ros2_aruco_interfaces/share/ros2_aruco_interfaces/cmake/ros2_aruco_interfaces__rosidl_typesupport_cppExport-noconfig.cmake
[0.955s] -- Up-to-date: /home/jorge/capture_ws/install/ros2_aruco_interfaces/share/ros2_aruco_interfaces/cmake/rosidl_cmake-extras.cmake
[0.956s] -- Up-to-date: /home/jorge/capture_ws/install/ros2_aruco_interfaces/share/ros2_aruco_interfaces/cmake/ament_cmake_export_dependencies-extras.cmake
[0.957s] -- Up-to-date: /home/jorge/capture_ws/install/ros2_aruco_interfaces/share/ros2_aruco_interfaces/cmake/ament_cmake_export_libraries-extras.cmake
[0.957s] -- Up-to-date: /home/jorge/capture_ws/install/ros2_aruco_interfaces/share/ros2_aruco_interfaces/cmake/ament_cmake_export_targets-extras.cmake
[0.961s] -- Up-to-date: /home/jorge/capture_ws/install/ros2_aruco_interfaces/share/ros2_aruco_interfaces/cmake/ament_cmake_export_include_directories-extras.cmake
[0.961s] -- Up-to-date: /home/jorge/capture_ws/install/ros2_aruco_interfaces/share/ros2_aruco_interfaces/cmake/rosidl_cmake_export_typesupport_libraries-extras.cmake
[0.964s] -- Up-to-date: /home/jorge/capture_ws/install/ros2_aruco_interfaces/share/ros2_aruco_interfaces/cmake/rosidl_cmake_export_typesupport_targets-extras.cmake
[0.964s] -- Up-to-date: /home/jorge/capture_ws/install/ros2_aruco_interfaces/share/ros2_aruco_interfaces/cmake/ros2_aruco_interfacesConfig.cmake
[0.964s] -- Up-to-date: /home/jorge/capture_ws/install/ros2_aruco_interfaces/share/ros2_aruco_interfaces/cmake/ros2_aruco_interfacesConfig-version.cmake
[0.964s] -- Up-to-date: /home/jorge/capture_ws/install/ros2_aruco_interfaces/share/ros2_aruco_interfaces/package.xml
[0.986s] Invoked command in '/home/jorge/capture_ws/build/ros2_aruco_interfaces' returned '0': CMAKE_PREFIX_PATH=${CMAKE_PREFIX_PATH}:/home/jorge/capture_ws/install/ros2_aruco:/opt/ros/foxy /usr/bin/cmake --install /home/jorge/capture_ws/build/ros2_aruco_interfaces
