[0.028s] Invoking command in '/home/jorge/capture_ws/build/realsense2_description': CMAKE_PREFIX_PATH=/home/jorge/capture_ws/install/realsense2_camera_msgs:/home/jorge/capture_ws/install/cnn_pkg:/home/jorge/capture_ws/install/ros2_aruco_interfaces:/home/jorge/capture_ws/install/realsense2_description:/home/jorge/capture_ws/install/realsense2_camera:/home/jorge/capture_ws/install/dnn_pkg:/home/jorge/capture_ws/install/alg1_pkg:/home/jorge/capture_ws/install/ros2_aruco:/opt/ros/foxy LD_LIBRARY_PATH=/home/jorge/capture_ws/install/realsense2_camera_msgs/lib:/home/jorge/capture_ws/install/ros2_aruco_interfaces/lib:/home/jorge/capture_ws/install/realsense2_camera/lib:/opt/ros/foxy/opt/yaml_cpp_vendor/lib:/opt/ros/foxy/opt/rviz_ogre_vendor/lib:/opt/ros/foxy/lib/x86_64-linux-gnu:/opt/ros/foxy/lib PYTHONPATH=/home/jorge/capture_ws/install/realsense2_camera_msgs/lib/python3.8/site-packages:/home/jorge/capture_ws/install/ros2_aruco_interfaces/lib/python3.8/site-packages:/home/jorge/capture_ws/install/ros2_aruco/lib/python3.8/site-packages:/opt/ros/foxy/lib/python3.8/site-packages:/usr/local/lib/python3.8/dist-packages/tensorflow/models/research /usr/bin/cmake /home/jorge/capture_ws/src/realsense-ros/realsense2_description -DCMAKE_INSTALL_PREFIX=/home/jorge/capture_ws/install/realsense2_description
[0.125s] -- The C compiler identification is GNU 9.4.0
[0.215s] -- The CXX compiler identification is GNU 9.4.0
[0.226s] -- Check for working C compiler: /usr/bin/cc
[0.345s] -- Check for working C compiler: /usr/bin/cc -- works
[0.346s] -- Detecting C compiler ABI info
[0.448s] -- Detecting C compiler ABI info - done
[0.465s] -- Detecting C compile features
[0.465s] -- Detecting C compile features - done
[0.469s] -- Check for working CXX compiler: /usr/bin/c++
[0.570s] -- Check for working CXX compiler: /usr/bin/c++ -- works
[0.573s] -- Detecting CXX compiler ABI info
[0.726s] -- Detecting CXX compiler ABI info - done
[0.738s] -- Detecting CXX compile features
[0.739s] -- Detecting CXX compile features - done
[0.743s] -- Found ament_cmake: 0.9.12 (/opt/ros/foxy/share/ament_cmake/cmake)
[0.776s] -- Found PythonInterp: /usr/bin/python3 (found suitable version "3.8.10", minimum required is "3") 
[0.776s] -- Using PYTHON_EXECUTABLE: /usr/bin/python3
[1.216s] -- Configuring done
[1.219s] -- Generating done
[1.220s] -- Build files have been written to: /home/jorge/capture_ws/build/realsense2_description
[1.225s] Invoked command in '/home/jorge/capture_ws/build/realsense2_description' returned '0': CMAKE_PREFIX_PATH=/home/jorge/capture_ws/install/realsense2_camera_msgs:/home/jorge/capture_ws/install/cnn_pkg:/home/jorge/capture_ws/install/ros2_aruco_interfaces:/home/jorge/capture_ws/install/realsense2_description:/home/jorge/capture_ws/install/realsense2_camera:/home/jorge/capture_ws/install/dnn_pkg:/home/jorge/capture_ws/install/alg1_pkg:/home/jorge/capture_ws/install/ros2_aruco:/opt/ros/foxy LD_LIBRARY_PATH=/home/jorge/capture_ws/install/realsense2_camera_msgs/lib:/home/jorge/capture_ws/install/ros2_aruco_interfaces/lib:/home/jorge/capture_ws/install/realsense2_camera/lib:/opt/ros/foxy/opt/yaml_cpp_vendor/lib:/opt/ros/foxy/opt/rviz_ogre_vendor/lib:/opt/ros/foxy/lib/x86_64-linux-gnu:/opt/ros/foxy/lib PYTHONPATH=/home/jorge/capture_ws/install/realsense2_camera_msgs/lib/python3.8/site-packages:/home/jorge/capture_ws/install/ros2_aruco_interfaces/lib/python3.8/site-packages:/home/jorge/capture_ws/install/ros2_aruco/lib/python3.8/site-packages:/opt/ros/foxy/lib/python3.8/site-packages:/usr/local/lib/python3.8/dist-packages/tensorflow/models/research /usr/bin/cmake /home/jorge/capture_ws/src/realsense-ros/realsense2_description -DCMAKE_INSTALL_PREFIX=/home/jorge/capture_ws/install/realsense2_description
[1.229s] Invoking command in '/home/jorge/capture_ws/build/realsense2_description': CMAKE_PREFIX_PATH=/home/jorge/capture_ws/install/realsense2_camera_msgs:/home/jorge/capture_ws/install/cnn_pkg:/home/jorge/capture_ws/install/ros2_aruco_interfaces:/home/jorge/capture_ws/install/realsense2_description:/home/jorge/capture_ws/install/realsense2_camera:/home/jorge/capture_ws/install/dnn_pkg:/home/jorge/capture_ws/install/alg1_pkg:/home/jorge/capture_ws/install/ros2_aruco:/opt/ros/foxy LD_LIBRARY_PATH=/home/jorge/capture_ws/install/realsense2_camera_msgs/lib:/home/jorge/capture_ws/install/ros2_aruco_interfaces/lib:/home/jorge/capture_ws/install/realsense2_camera/lib:/opt/ros/foxy/opt/yaml_cpp_vendor/lib:/opt/ros/foxy/opt/rviz_ogre_vendor/lib:/opt/ros/foxy/lib/x86_64-linux-gnu:/opt/ros/foxy/lib PYTHONPATH=/home/jorge/capture_ws/install/realsense2_camera_msgs/lib/python3.8/site-packages:/home/jorge/capture_ws/install/ros2_aruco_interfaces/lib/python3.8/site-packages:/home/jorge/capture_ws/install/ros2_aruco/lib/python3.8/site-packages:/opt/ros/foxy/lib/python3.8/site-packages:/usr/local/lib/python3.8/dist-packages/tensorflow/models/research /usr/bin/cmake --build /home/jorge/capture_ws/build/realsense2_description -- -j8 -l8
[1.283s] Invoked command in '/home/jorge/capture_ws/build/realsense2_description' returned '0': CMAKE_PREFIX_PATH=/home/jorge/capture_ws/install/realsense2_camera_msgs:/home/jorge/capture_ws/install/cnn_pkg:/home/jorge/capture_ws/install/ros2_aruco_interfaces:/home/jorge/capture_ws/install/realsense2_description:/home/jorge/capture_ws/install/realsense2_camera:/home/jorge/capture_ws/install/dnn_pkg:/home/jorge/capture_ws/install/alg1_pkg:/home/jorge/capture_ws/install/ros2_aruco:/opt/ros/foxy LD_LIBRARY_PATH=/home/jorge/capture_ws/install/realsense2_camera_msgs/lib:/home/jorge/capture_ws/install/ros2_aruco_interfaces/lib:/home/jorge/capture_ws/install/realsense2_camera/lib:/opt/ros/foxy/opt/yaml_cpp_vendor/lib:/opt/ros/foxy/opt/rviz_ogre_vendor/lib:/opt/ros/foxy/lib/x86_64-linux-gnu:/opt/ros/foxy/lib PYTHONPATH=/home/jorge/capture_ws/install/realsense2_camera_msgs/lib/python3.8/site-packages:/home/jorge/capture_ws/install/ros2_aruco_interfaces/lib/python3.8/site-packages:/home/jorge/capture_ws/install/ros2_aruco/lib/python3.8/site-packages:/opt/ros/foxy/lib/python3.8/site-packages:/usr/local/lib/python3.8/dist-packages/tensorflow/models/research /usr/bin/cmake --build /home/jorge/capture_ws/build/realsense2_description -- -j8 -l8
[1.318s] Invoking command in '/home/jorge/capture_ws/build/realsense2_description': CMAKE_PREFIX_PATH=/home/jorge/capture_ws/install/realsense2_camera_msgs:/home/jorge/capture_ws/install/cnn_pkg:/home/jorge/capture_ws/install/ros2_aruco_interfaces:/home/jorge/capture_ws/install/realsense2_description:/home/jorge/capture_ws/install/realsense2_camera:/home/jorge/capture_ws/install/dnn_pkg:/home/jorge/capture_ws/install/alg1_pkg:/home/jorge/capture_ws/install/ros2_aruco:/opt/ros/foxy LD_LIBRARY_PATH=/home/jorge/capture_ws/install/realsense2_camera_msgs/lib:/home/jorge/capture_ws/install/ros2_aruco_interfaces/lib:/home/jorge/capture_ws/install/realsense2_camera/lib:/opt/ros/foxy/opt/yaml_cpp_vendor/lib:/opt/ros/foxy/opt/rviz_ogre_vendor/lib:/opt/ros/foxy/lib/x86_64-linux-gnu:/opt/ros/foxy/lib PYTHONPATH=/home/jorge/capture_ws/install/realsense2_camera_msgs/lib/python3.8/site-packages:/home/jorge/capture_ws/install/ros2_aruco_interfaces/lib/python3.8/site-packages:/home/jorge/capture_ws/install/ros2_aruco/lib/python3.8/site-packages:/opt/ros/foxy/lib/python3.8/site-packages:/usr/local/lib/python3.8/dist-packages/tensorflow/models/research /usr/bin/cmake --install /home/jorge/capture_ws/build/realsense2_description
[1.339s] -- Install configuration: ""
[1.339s] -- Installing: /home/jorge/capture_ws/install/realsense2_description/share/realsense2_description/launch
[1.339s] -- Installing: /home/jorge/capture_ws/install/realsense2_description/share/realsense2_description/launch/launch_utils.py
[1.340s] -- Installing: /home/jorge/capture_ws/install/realsense2_description/share/realsense2_description/launch/view_model.launch.py
[1.340s] -- Installing: /home/jorge/capture_ws/install/realsense2_description/share/realsense2_description/meshes
[1.340s] -- Installing: /home/jorge/capture_ws/install/realsense2_description/share/realsense2_description/meshes/l515.dae
[1.430s] -- Installing: /home/jorge/capture_ws/install/realsense2_description/share/realsense2_description/meshes/plug.stl
[1.432s] -- Installing: /home/jorge/capture_ws/install/realsense2_description/share/realsense2_description/meshes/plug_collision.stl
[1.432s] -- Installing: /home/jorge/capture_ws/install/realsense2_description/share/realsense2_description/meshes/d415.stl
[1.493s] -- Installing: /home/jorge/capture_ws/install/realsense2_description/share/realsense2_description/meshes/d455.stl
[1.501s] -- Installing: /home/jorge/capture_ws/install/realsense2_description/share/realsense2_description/meshes/d435.dae
[1.591s] -- Installing: /home/jorge/capture_ws/install/realsense2_description/share/realsense2_description/rviz
[1.591s] -- Installing: /home/jorge/capture_ws/install/realsense2_description/share/realsense2_description/rviz/urdf.rviz
[1.591s] -- Installing: /home/jorge/capture_ws/install/realsense2_description/share/realsense2_description/urdf
[1.592s] -- Installing: /home/jorge/capture_ws/install/realsense2_description/share/realsense2_description/urdf/test_d415_camera.urdf.xacro
[1.592s] -- Installing: /home/jorge/capture_ws/install/realsense2_description/share/realsense2_description/urdf/_l515.urdf.xacro
[1.593s] -- Installing: /home/jorge/capture_ws/install/realsense2_description/share/realsense2_description/urdf/test_d435_multiple_cameras.urdf.xacro
[1.594s] -- Installing: /home/jorge/capture_ws/install/realsense2_description/share/realsense2_description/urdf/_d435i.urdf.xacro
[1.595s] -- Installing: /home/jorge/capture_ws/install/realsense2_description/share/realsense2_description/urdf/test_r410_camera.urdf.xacro
[1.595s] -- Installing: /home/jorge/capture_ws/install/realsense2_description/share/realsense2_description/urdf/test_d455_camera.urdf.xacro
[1.596s] -- Installing: /home/jorge/capture_ws/install/realsense2_description/share/realsense2_description/urdf/test_r430_camera.urdf.xacro
[1.597s] -- Installing: /home/jorge/capture_ws/install/realsense2_description/share/realsense2_description/urdf/test_d435i_camera.urdf.xacro
[1.597s] -- Installing: /home/jorge/capture_ws/install/realsense2_description/share/realsense2_description/urdf/_materials.urdf.xacro
[1.598s] -- Installing: /home/jorge/capture_ws/install/realsense2_description/share/realsense2_description/urdf/_d435.urdf.xacro
[1.599s] -- Installing: /home/jorge/capture_ws/install/realsense2_description/share/realsense2_description/urdf/test_d435_camera.urdf.xacro
[1.599s] -- Installing: /home/jorge/capture_ws/install/realsense2_description/share/realsense2_description/urdf/_usb_plug.urdf.xacro
[1.600s] -- Installing: /home/jorge/capture_ws/install/realsense2_description/share/realsense2_description/urdf/_r410.urdf.xacro
[1.600s] -- Installing: /home/jorge/capture_ws/install/realsense2_description/share/realsense2_description/urdf/_d415.urdf.xacro
[1.600s] -- Installing: /home/jorge/capture_ws/install/realsense2_description/share/realsense2_description/urdf/_d435i_imu_modules.urdf.xacro
[1.601s] -- Installing: /home/jorge/capture_ws/install/realsense2_description/share/realsense2_description/urdf/test_l515_camera.urdf.xacro
[1.601s] -- Installing: /home/jorge/capture_ws/install/realsense2_description/share/realsense2_description/urdf/_d455.urdf.xacro
[1.602s] -- Installing: /home/jorge/capture_ws/install/realsense2_description/share/realsense2_description/urdf/_r430.urdf.xacro
[1.602s] -- Installing: /home/jorge/capture_ws/install/realsense2_description/share/ament_index/resource_index/package_run_dependencies/realsense2_description
[1.603s] -- Installing: /home/jorge/capture_ws/install/realsense2_description/share/ament_index/resource_index/parent_prefix_path/realsense2_description
[1.603s] -- Installing: /home/jorge/capture_ws/install/realsense2_description/share/realsense2_description/environment/ament_prefix_path.sh
[1.603s] -- Installing: /home/jorge/capture_ws/install/realsense2_description/share/realsense2_description/environment/ament_prefix_path.dsv
[1.603s] -- Installing: /home/jorge/capture_ws/install/realsense2_description/share/realsense2_description/environment/path.sh
[1.604s] -- Installing: /home/jorge/capture_ws/install/realsense2_description/share/realsense2_description/environment/path.dsv
[1.604s] -- Installing: /home/jorge/capture_ws/install/realsense2_description/share/realsense2_description/local_setup.bash
[1.604s] -- Installing: /home/jorge/capture_ws/install/realsense2_description/share/realsense2_description/local_setup.sh
[1.605s] -- Installing: /home/jorge/capture_ws/install/realsense2_description/share/realsense2_description/local_setup.zsh
[1.605s] -- Installing: /home/jorge/capture_ws/install/realsense2_description/share/realsense2_description/local_setup.dsv
[1.605s] -- Installing: /home/jorge/capture_ws/install/realsense2_description/share/realsense2_description/package.dsv
[1.606s] -- Installing: /home/jorge/capture_ws/install/realsense2_description/share/ament_index/resource_index/packages/realsense2_description
[1.606s] -- Installing: /home/jorge/capture_ws/install/realsense2_description/share/realsense2_description/cmake/realsense2_descriptionConfig.cmake
[1.606s] -- Installing: /home/jorge/capture_ws/install/realsense2_description/share/realsense2_description/cmake/realsense2_descriptionConfig-version.cmake
[1.606s] -- Installing: /home/jorge/capture_ws/install/realsense2_description/share/realsense2_description/package.xml
[1.615s] Invoked command in '/home/jorge/capture_ws/build/realsense2_description' returned '0': CMAKE_PREFIX_PATH=/home/jorge/capture_ws/install/realsense2_camera_msgs:/home/jorge/capture_ws/install/cnn_pkg:/home/jorge/capture_ws/install/ros2_aruco_interfaces:/home/jorge/capture_ws/install/realsense2_description:/home/jorge/capture_ws/install/realsense2_camera:/home/jorge/capture_ws/install/dnn_pkg:/home/jorge/capture_ws/install/alg1_pkg:/home/jorge/capture_ws/install/ros2_aruco:/opt/ros/foxy LD_LIBRARY_PATH=/home/jorge/capture_ws/install/realsense2_camera_msgs/lib:/home/jorge/capture_ws/install/ros2_aruco_interfaces/lib:/home/jorge/capture_ws/install/realsense2_camera/lib:/opt/ros/foxy/opt/yaml_cpp_vendor/lib:/opt/ros/foxy/opt/rviz_ogre_vendor/lib:/opt/ros/foxy/lib/x86_64-linux-gnu:/opt/ros/foxy/lib PYTHONPATH=/home/jorge/capture_ws/install/realsense2_camera_msgs/lib/python3.8/site-packages:/home/jorge/capture_ws/install/ros2_aruco_interfaces/lib/python3.8/site-packages:/home/jorge/capture_ws/install/ros2_aruco/lib/python3.8/site-packages:/opt/ros/foxy/lib/python3.8/site-packages:/usr/local/lib/python3.8/dist-packages/tensorflow/models/research /usr/bin/cmake --install /home/jorge/capture_ws/build/realsense2_description
