[0.051s] Invoking command in '/home/jorge/capture_ws/build/alg1_pkg': CMAKE_PREFIX_PATH=${CMAKE_PREFIX_PATH}:/home/jorge/capture_ws/install/ros2_aruco:/opt/ros/foxy /usr/bin/cmake --build /home/jorge/capture_ws/build/alg1_pkg -- -j8 -l8
[0.552s] [100%] Built target alg1_exe
[0.563s] Invoked command in '/home/jorge/capture_ws/build/alg1_pkg' returned '0': CMAKE_PREFIX_PATH=${CMAKE_PREFIX_PATH}:/home/jorge/capture_ws/install/ros2_aruco:/opt/ros/foxy /usr/bin/cmake --build /home/jorge/capture_ws/build/alg1_pkg -- -j8 -l8
[0.597s] Invoking command in '/home/jorge/capture_ws/build/alg1_pkg': CMAKE_PREFIX_PATH=${CMAKE_PREFIX_PATH}:/home/jorge/capture_ws/install/ros2_aruco:/opt/ros/foxy /usr/bin/cmake --install /home/jorge/capture_ws/build/alg1_pkg
[0.609s] -- Install configuration: ""
[0.611s] -- Up-to-date: /home/jorge/capture_ws/install/alg1_pkg/lib/alg1_pkg/alg1_exe
[0.611s] -- Up-to-date: /home/jorge/capture_ws/install/alg1_pkg/share/ament_index/resource_index/package_run_dependencies/alg1_pkg
[0.612s] -- Up-to-date: /home/jorge/capture_ws/install/alg1_pkg/share/ament_index/resource_index/parent_prefix_path/alg1_pkg
[0.612s] -- Up-to-date: /home/jorge/capture_ws/install/alg1_pkg/share/alg1_pkg/environment/ament_prefix_path.sh
[0.612s] -- Up-to-date: /home/jorge/capture_ws/install/alg1_pkg/share/alg1_pkg/environment/ament_prefix_path.dsv
[0.613s] -- Up-to-date: /home/jorge/capture_ws/install/alg1_pkg/share/alg1_pkg/environment/path.sh
[0.613s] -- Up-to-date: /home/jorge/capture_ws/install/alg1_pkg/share/alg1_pkg/environment/path.dsv
[0.613s] -- Up-to-date: /home/jorge/capture_ws/install/alg1_pkg/share/alg1_pkg/local_setup.bash
[0.613s] -- Up-to-date: /home/jorge/capture_ws/install/alg1_pkg/share/alg1_pkg/local_setup.sh
[0.614s] -- Up-to-date: /home/jorge/capture_ws/install/alg1_pkg/share/alg1_pkg/local_setup.zsh
[0.614s] -- Up-to-date: /home/jorge/capture_ws/install/alg1_pkg/share/alg1_pkg/local_setup.dsv
[0.614s] -- Installing: /home/jorge/capture_ws/install/alg1_pkg/share/alg1_pkg/package.dsv
[0.614s] -- Up-to-date: /home/jorge/capture_ws/install/alg1_pkg/share/ament_index/resource_index/packages/alg1_pkg
[0.615s] -- Up-to-date: /home/jorge/capture_ws/install/alg1_pkg/share/alg1_pkg/cmake/alg1_pkgConfig.cmake
[0.615s] -- Up-to-date: /home/jorge/capture_ws/install/alg1_pkg/share/alg1_pkg/cmake/alg1_pkgConfig-version.cmake
[0.615s] -- Up-to-date: /home/jorge/capture_ws/install/alg1_pkg/share/alg1_pkg/package.xml
[0.617s] Invoked command in '/home/jorge/capture_ws/build/alg1_pkg' returned '0': CMAKE_PREFIX_PATH=${CMAKE_PREFIX_PATH}:/home/jorge/capture_ws/install/ros2_aruco:/opt/ros/foxy /usr/bin/cmake --install /home/jorge/capture_ws/build/alg1_pkg
