[0.142s] Invoking command in '/home/jorge/capture_ws/build/dnn_pkg': CMAKE_PREFIX_PATH=${CMAKE_PREFIX_PATH}:/home/jorge/capture_ws/install/ros2_aruco:/opt/ros/foxy /usr/bin/cmake --build /home/jorge/capture_ws/build/dnn_pkg -- -j8 -l8
[0.650s] [100%] Built target dnn_exe
[0.653s] Invoked command in '/home/jorge/capture_ws/build/dnn_pkg' returned '0': CMAKE_PREFIX_PATH=${CMAKE_PREFIX_PATH}:/home/jorge/capture_ws/install/ros2_aruco:/opt/ros/foxy /usr/bin/cmake --build /home/jorge/capture_ws/build/dnn_pkg -- -j8 -l8
[0.690s] Invoking command in '/home/jorge/capture_ws/build/dnn_pkg': CMAKE_PREFIX_PATH=${CMAKE_PREFIX_PATH}:/home/jorge/capture_ws/install/ros2_aruco:/opt/ros/foxy /usr/bin/cmake --install /home/jorge/capture_ws/build/dnn_pkg
[0.707s] -- Install configuration: ""
[0.712s] -- Up-to-date: /home/jorge/capture_ws/install/dnn_pkg/lib/dnn_pkg/dnn_exe
[0.713s] -- Up-to-date: /home/jorge/capture_ws/install/dnn_pkg/share/ament_index/resource_index/package_run_dependencies/dnn_pkg
[0.713s] -- Up-to-date: /home/jorge/capture_ws/install/dnn_pkg/share/ament_index/resource_index/parent_prefix_path/dnn_pkg
[0.713s] -- Up-to-date: /home/jorge/capture_ws/install/dnn_pkg/share/dnn_pkg/environment/ament_prefix_path.sh
[0.713s] -- Up-to-date: /home/jorge/capture_ws/install/dnn_pkg/share/dnn_pkg/environment/ament_prefix_path.dsv
[0.713s] -- Up-to-date: /home/jorge/capture_ws/install/dnn_pkg/share/dnn_pkg/environment/path.sh
[0.713s] -- Up-to-date: /home/jorge/capture_ws/install/dnn_pkg/share/dnn_pkg/environment/path.dsv
[0.714s] -- Up-to-date: /home/jorge/capture_ws/install/dnn_pkg/share/dnn_pkg/local_setup.bash
[0.714s] -- Up-to-date: /home/jorge/capture_ws/install/dnn_pkg/share/dnn_pkg/local_setup.sh
[0.714s] -- Up-to-date: /home/jorge/capture_ws/install/dnn_pkg/share/dnn_pkg/local_setup.zsh
[0.715s] -- Up-to-date: /home/jorge/capture_ws/install/dnn_pkg/share/dnn_pkg/local_setup.dsv
[0.715s] -- Installing: /home/jorge/capture_ws/install/dnn_pkg/share/dnn_pkg/package.dsv
[0.715s] -- Up-to-date: /home/jorge/capture_ws/install/dnn_pkg/share/ament_index/resource_index/packages/dnn_pkg
[0.717s] -- Up-to-date: /home/jorge/capture_ws/install/dnn_pkg/share/dnn_pkg/cmake/dnn_pkgConfig.cmake
[0.719s] -- Up-to-date: /home/jorge/capture_ws/install/dnn_pkg/share/dnn_pkg/cmake/dnn_pkgConfig-version.cmake
[0.719s] -- Up-to-date: /home/jorge/capture_ws/install/dnn_pkg/share/dnn_pkg/package.xml
[0.752s] Invoked command in '/home/jorge/capture_ws/build/dnn_pkg' returned '0': CMAKE_PREFIX_PATH=${CMAKE_PREFIX_PATH}:/home/jorge/capture_ws/install/ros2_aruco:/opt/ros/foxy /usr/bin/cmake --install /home/jorge/capture_ws/build/dnn_pkg
