[0.124s] Invoking command in '/home/jorge/capture_ws/build/ros2_aruco_interfaces': CMAKE_PREFIX_PATH=${CMAKE_PREFIX_PATH}:/home/jorge/capture_ws/install/ros2_aruco:/opt/ros/foxy /usr/bin/cmake --build /home/jorge/capture_ws/build/ros2_aruco_interfaces -- -j8 -l8
[0.657s] [  9%] Built target ros2_aruco_interfaces__rosidl_generator_c
[0.658s] [ 12%] Built target ros2_aruco_interfaces__cpp
[0.659s] [ 22%] Built target ros2_aruco_interfaces__rosidl_typesupport_c
[0.660s] [ 32%] Built target ros2_aruco_interfaces__rosidl_typesupport_introspection_c
[0.662s] [ 41%] Built target ros2_aruco_interfaces__rosidl_typesupport_introspection_cpp
[0.666s] [ 51%] Built target ros2_aruco_interfaces__rosidl_typesupport_cpp
[0.667s] [ 61%] Built target ros2_aruco_interfaces__rosidl_typesupport_fastrtps_cpp
[0.667s] [ 70%] Built target ros2_aruco_interfaces__rosidl_typesupport_fastrtps_c
[0.668s] [ 70%] Built target ros2_aruco_interfaces
[0.671s] [ 74%] Built target ros2_aruco_interfaces__py
[0.671s] [ 80%] Built target ros2_aruco_interfaces__python
[0.672s] [ 87%] Built target ros2_aruco_interfaces__rosidl_typesupport_fastrtps_c__pyext
[0.672s] [ 93%] Built target ros2_aruco_interfaces__rosidl_typesupport_introspection_c__pyext
[0.672s] [100%] Built target ros2_aruco_interfaces__rosidl_typesupport_c__pyext
[0.675s] Invoked command in '/home/jorge/capture_ws/build/ros2_aruco_interfaces' returned '0': CMAKE_PREFIX_PATH=${CMAKE_PREFIX_PATH}:/home/jorge/capture_ws/install/ros2_aruco:/opt/ros/foxy /usr/bin/cmake --build /home/jorge/capture_ws/build/ros2_aruco_interfaces -- -j8 -l8
[0.761s] Invoking command in '/home/jorge/capture_ws/build/ros2_aruco_interfaces': CMAKE_PREFIX_PATH=${CMAKE_PREFIX_PATH}:/home/jorge/capture_ws/install/ros2_aruco:/opt/ros/foxy /usr/bin/cmake --install /home/jorge/capture_ws/build/ros2_aruco_interfaces
[0.777s] -- Install configuration: ""
[0.777s] -- Up-to-date: /home/jorge/capture_ws/install/ros2_aruco_interfaces/share/ament_index/resource_index/rosidl_interfaces/ros2_aruco_interfaces
[0.778s] -- Up-to-date: /home/jorge/capture_ws/install/ros2_aruco_interfaces/include/ros2_aruco_interfaces
[0.778s] -- Up-to-date: /home/jorge/capture_ws/install/ros2_aruco_interfaces/include/ros2_aruco_interfaces/msg
[0.778s] -- Up-to-date: /home/jorge/capture_ws/install/ros2_aruco_interfaces/include/ros2_aruco_interfaces/msg/detail
[0.778s] -- Up-to-date: /home/jorge/capture_ws/install/ros2_aruco_interfaces/include/ros2_aruco_interfaces/msg/detail/aruco_markers__type_support.h
[0.779s] -- Up-to-date: /home/jorge/capture_ws/install/ros2_aruco_interfaces/include/ros2_aruco_interfaces/msg/detail/aruco_markers__struct.h
[0.779s] -- Up-to-date: /home/jorge/capture_ws/install/ros2_aruco_interfaces/include/ros2_aruco_interfaces/msg/detail/aruco_markers__functions.h
[0.779s] -- Up-to-date: /home/jorge/capture_ws/install/ros2_aruco_interfaces/include/ros2_aruco_interfaces/msg/detail/aruco_markers__functions.c
[0.779s] -- Up-to-date: /home/jorge/capture_ws/install/ros2_aruco_interfaces/include/ros2_aruco_interfaces/msg/rosidl_generator_c__visibility_control.h
[0.779s] -- Up-to-date: /home/jorge/capture_ws/install/ros2_aruco_interfaces/include/ros2_aruco_interfaces/msg/aruco_markers.h
[0.779s] -- Up-to-date: /home/jorge/capture_ws/install/ros2_aruco_interfaces/share/ros2_aruco_interfaces/environment/library_path.sh
[0.780s] -- Up-to-date: /home/jorge/capture_ws/install/ros2_aruco_interfaces/share/ros2_aruco_interfaces/environment/library_path.dsv
[0.780s] -- Up-to-date: /home/jorge/capture_ws/install/ros2_aruco_interfaces/lib/libros2_aruco_interfaces__rosidl_generator_c.so
[0.780s] -- Up-to-date: /home/jorge/capture_ws/install/ros2_aruco_interfaces/include/ros2_aruco_interfaces
[0.780s] -- Up-to-date: /home/jorge/capture_ws/install/ros2_aruco_interfaces/include/ros2_aruco_interfaces/msg
[0.780s] -- Up-to-date: /home/jorge/capture_ws/install/ros2_aruco_interfaces/include/ros2_aruco_interfaces/msg/detail
[0.780s] -- Up-to-date: /home/jorge/capture_ws/install/ros2_aruco_interfaces/include/ros2_aruco_interfaces/msg/detail/aruco_markers__rosidl_typesupport_fastrtps_c.h
[0.780s] -- Up-to-date: /home/jorge/capture_ws/install/ros2_aruco_interfaces/include/ros2_aruco_interfaces/msg/rosidl_typesupport_fastrtps_c__visibility_control.h
[0.781s] -- Up-to-date: /home/jorge/capture_ws/install/ros2_aruco_interfaces/lib/libros2_aruco_interfaces__rosidl_typesupport_fastrtps_c.so
[0.781s] -- Up-to-date: /home/jorge/capture_ws/install/ros2_aruco_interfaces/include/ros2_aruco_interfaces
[0.781s] -- Up-to-date: /home/jorge/capture_ws/install/ros2_aruco_interfaces/include/ros2_aruco_interfaces/msg
[0.781s] -- Up-to-date: /home/jorge/capture_ws/install/ros2_aruco_interfaces/include/ros2_aruco_interfaces/msg/detail
[0.781s] -- Up-to-date: /home/jorge/capture_ws/install/ros2_aruco_interfaces/include/ros2_aruco_interfaces/msg/detail/aruco_markers__rosidl_typesupport_fastrtps_cpp.hpp
[0.781s] -- Up-to-date: /home/jorge/capture_ws/install/ros2_aruco_interfaces/include/ros2_aruco_interfaces/msg/detail/dds_fastrtps
[0.781s] -- Up-to-date: /home/jorge/capture_ws/install/ros2_aruco_interfaces/include/ros2_aruco_interfaces/msg/rosidl_typesupport_fastrtps_cpp__visibility_control.h
[0.782s] -- Up-to-date: /home/jorge/capture_ws/install/ros2_aruco_interfaces/lib/libros2_aruco_interfaces__rosidl_typesupport_fastrtps_cpp.so
[0.782s] -- Up-to-date: /home/jorge/capture_ws/install/ros2_aruco_interfaces/include/ros2_aruco_interfaces
[0.782s] -- Up-to-date: /home/jorge/capture_ws/install/ros2_aruco_interfaces/include/ros2_aruco_interfaces/msg
[0.782s] -- Up-to-date: /home/jorge/capture_ws/install/ros2_aruco_interfaces/include/ros2_aruco_interfaces/msg/detail
[0.782s] -- Up-to-date: /home/jorge/capture_ws/install/ros2_aruco_interfaces/include/ros2_aruco_interfaces/msg/detail/aruco_markers__rosidl_typesupport_introspection_c.h
[0.782s] -- Up-to-date: /home/jorge/capture_ws/install/ros2_aruco_interfaces/include/ros2_aruco_interfaces/msg/detail/aruco_markers__type_support.c
[0.783s] -- Up-to-date: /home/jorge/capture_ws/install/ros2_aruco_interfaces/include/ros2_aruco_interfaces/msg/rosidl_typesupport_introspection_c__visibility_control.h
[0.783s] -- Up-to-date: /home/jorge/capture_ws/install/ros2_aruco_interfaces/lib/libros2_aruco_interfaces__rosidl_typesupport_introspection_c.so
[0.783s] -- Up-to-date: /home/jorge/capture_ws/install/ros2_aruco_interfaces/lib/libros2_aruco_interfaces__rosidl_typesupport_c.so
[0.783s] -- Up-to-date: /home/jorge/capture_ws/install/ros2_aruco_interfaces/include/ros2_aruco_interfaces
[0.784s] -- Up-to-date: /home/jorge/capture_ws/install/ros2_aruco_interfaces/include/ros2_aruco_interfaces/msg
[0.784s] -- Up-to-date: /home/jorge/capture_ws/install/ros2_aruco_interfaces/include/ros2_aruco_interfaces/msg/detail
[0.784s] -- Up-to-date: /home/jorge/capture_ws/install/ros2_aruco_interfaces/include/ros2_aruco_interfaces/msg/detail/aruco_markers__struct.hpp
[0.784s] -- Up-to-date: /home/jorge/capture_ws/install/ros2_aruco_interfaces/include/ros2_aruco_interfaces/msg/detail/aruco_markers__traits.hpp
[0.784s] -- Up-to-date: /home/jorge/capture_ws/install/ros2_aruco_interfaces/include/ros2_aruco_interfaces/msg/detail/aruco_markers__builder.hpp
[0.784s] -- Up-to-date: /home/jorge/capture_ws/install/ros2_aruco_interfaces/include/ros2_aruco_interfaces/msg/detail/aruco_markers__type_support.hpp
[0.784s] -- Up-to-date: /home/jorge/capture_ws/install/ros2_aruco_interfaces/include/ros2_aruco_interfaces/msg/rosidl_generator_cpp__visibility_control.hpp
[0.784s] -- Up-to-date: /home/jorge/capture_ws/install/ros2_aruco_interfaces/include/ros2_aruco_interfaces/msg/aruco_markers.hpp
[0.785s] -- Up-to-date: /home/jorge/capture_ws/install/ros2_aruco_interfaces/include/ros2_aruco_interfaces
[0.785s] -- Up-to-date: /home/jorge/capture_ws/install/ros2_aruco_interfaces/include/ros2_aruco_interfaces/msg
[0.785s] -- Up-to-date: /home/jorge/capture_ws/install/ros2_aruco_interfaces/include/ros2_aruco_interfaces/msg/detail
[0.785s] -- Up-to-date: /home/jorge/capture_ws/install/ros2_aruco_interfaces/include/ros2_aruco_interfaces/msg/detail/aruco_markers__type_support.cpp
[0.785s] -- Up-to-date: /home/jorge/capture_ws/install/ros2_aruco_interfaces/include/ros2_aruco_interfaces/msg/detail/aruco_markers__rosidl_typesupport_introspection_cpp.hpp
[0.785s] -- Up-to-date: /home/jorge/capture_ws/install/ros2_aruco_interfaces/lib/libros2_aruco_interfaces__rosidl_typesupport_introspection_cpp.so
[0.786s] -- Up-to-date: /home/jorge/capture_ws/install/ros2_aruco_interfaces/lib/libros2_aruco_interfaces__rosidl_typesupport_cpp.so
[0.786s] -- Up-to-date: /home/jorge/capture_ws/install/ros2_aruco_interfaces/share/ros2_aruco_interfaces/environment/pythonpath.sh
[0.787s] -- Up-to-date: /home/jorge/capture_ws/install/ros2_aruco_interfaces/share/ros2_aruco_interfaces/environment/pythonpath.dsv
[0.787s] -- Up-to-date: /home/jorge/capture_ws/install/ros2_aruco_interfaces/lib/python3.8/site-packages/ros2_aruco_interfaces/__init__.py
[0.858s] -- Up-to-date: /home/jorge/capture_ws/install/ros2_aruco_interfaces/lib/python3.8/site-packages/ros2_aruco_interfaces/msg
[0.859s] -- Up-to-date: /home/jorge/capture_ws/install/ros2_aruco_interfaces/lib/python3.8/site-packages/ros2_aruco_interfaces/msg/__init__.py
[0.860s] -- Up-to-date: /home/jorge/capture_ws/install/ros2_aruco_interfaces/lib/python3.8/site-packages/ros2_aruco_interfaces/msg/_aruco_markers.py
[0.860s] -- Up-to-date: /home/jorge/capture_ws/install/ros2_aruco_interfaces/lib/python3.8/site-packages/ros2_aruco_interfaces/msg/_aruco_markers_s.c
[0.863s] -- Up-to-date: /home/jorge/capture_ws/install/ros2_aruco_interfaces/lib/python3.8/site-packages/ros2_aruco_interfaces/ros2_aruco_interfaces_s__rosidl_typesupport_fastrtps_c.cpython-38-x86_64-linux-gnu.so
[0.865s] -- Up-to-date: /home/jorge/capture_ws/install/ros2_aruco_interfaces/lib/python3.8/site-packages/ros2_aruco_interfaces/ros2_aruco_interfaces_s__rosidl_typesupport_introspection_c.cpython-38-x86_64-linux-gnu.so
[0.867s] -- Up-to-date: /home/jorge/capture_ws/install/ros2_aruco_interfaces/lib/python3.8/site-packages/ros2_aruco_interfaces/ros2_aruco_interfaces_s__rosidl_typesupport_c.cpython-38-x86_64-linux-gnu.so
[0.867s] -- Up-to-date: /home/jorge/capture_ws/install/ros2_aruco_interfaces/lib/libros2_aruco_interfaces__python.so
[0.867s] -- Up-to-date: /home/jorge/capture_ws/install/ros2_aruco_interfaces/share/ros2_aruco_interfaces/msg/ArucoMarkers.idl
[0.867s] -- Up-to-date: /home/jorge/capture_ws/install/ros2_aruco_interfaces/share/ros2_aruco_interfaces/msg/ArucoMarkers.msg
[0.867s] -- Up-to-date: /home/jorge/capture_ws/install/ros2_aruco_interfaces/share/ament_index/resource_index/package_run_dependencies/ros2_aruco_interfaces
[0.867s] -- Up-to-date: /home/jorge/capture_ws/install/ros2_aruco_interfaces/share/ament_index/resource_index/parent_prefix_path/ros2_aruco_interfaces
[0.868s] -- Up-to-date: /home/jorge/capture_ws/install/ros2_aruco_interfaces/share/ros2_aruco_interfaces/environment/ament_prefix_path.sh
[0.868s] -- Up-to-date: /home/jorge/capture_ws/install/ros2_aruco_interfaces/share/ros2_aruco_interfaces/environment/ament_prefix_path.dsv
[0.868s] -- Up-to-date: /home/jorge/capture_ws/install/ros2_aruco_interfaces/share/ros2_aruco_interfaces/environment/path.sh
[0.868s] -- Up-to-date: /home/jorge/capture_ws/install/ros2_aruco_interfaces/share/ros2_aruco_interfaces/environment/path.dsv
[0.868s] -- Up-to-date: /home/jorge/capture_ws/install/ros2_aruco_interfaces/share/ros2_aruco_interfaces/local_setup.bash
[0.868s] -- Up-to-date: /home/jorge/capture_ws/install/ros2_aruco_interfaces/share/ros2_aruco_interfaces/local_setup.sh
[0.868s] -- Up-to-date: /home/jorge/capture_ws/install/ros2_aruco_interfaces/share/ros2_aruco_interfaces/local_setup.zsh
[0.868s] -- Up-to-date: /home/jorge/capture_ws/install/ros2_aruco_interfaces/share/ros2_aruco_interfaces/local_setup.dsv
[0.869s] -- Installing: /home/jorge/capture_ws/install/ros2_aruco_interfaces/share/ros2_aruco_interfaces/package.dsv
[0.869s] -- Up-to-date: /home/jorge/capture_ws/install/ros2_aruco_interfaces/share/ament_index/resource_index/packages/ros2_aruco_interfaces
[0.869s] -- Up-to-date: /home/jorge/capture_ws/install/ros2_aruco_interfaces/share/ros2_aruco_interfaces/cmake/ros2_aruco_interfaces__rosidl_generator_cExport.cmake
[0.869s] -- Up-to-date: /home/jorge/capture_ws/install/ros2_aruco_interfaces/share/ros2_aruco_interfaces/cmake/ros2_aruco_interfaces__rosidl_generator_cExport-noconfig.cmake
[0.869s] -- Up-to-date: /home/jorge/capture_ws/install/ros2_aruco_interfaces/share/ros2_aruco_interfaces/cmake/ros2_aruco_interfaces__rosidl_typesupport_introspection_cExport.cmake
[0.869s] -- Up-to-date: /home/jorge/capture_ws/install/ros2_aruco_interfaces/share/ros2_aruco_interfaces/cmake/ros2_aruco_interfaces__rosidl_typesupport_introspection_cExport-noconfig.cmake
[0.869s] -- Up-to-date: /home/jorge/capture_ws/install/ros2_aruco_interfaces/share/ros2_aruco_interfaces/cmake/ros2_aruco_interfaces__rosidl_typesupport_cExport.cmake
[0.869s] -- Up-to-date: /home/jorge/capture_ws/install/ros2_aruco_interfaces/share/ros2_aruco_interfaces/cmake/ros2_aruco_interfaces__rosidl_typesupport_cExport-noconfig.cmake
[0.870s] -- Up-to-date: /home/jorge/capture_ws/install/ros2_aruco_interfaces/share/ros2_aruco_interfaces/cmake/ros2_aruco_interfaces__rosidl_generator_cppExport.cmake
[0.870s] -- Up-to-date: /home/jorge/capture_ws/install/ros2_aruco_interfaces/share/ros2_aruco_interfaces/cmake/ros2_aruco_interfaces__rosidl_typesupport_introspection_cppExport.cmake
[0.871s] -- Up-to-date: /home/jorge/capture_ws/install/ros2_aruco_interfaces/share/ros2_aruco_interfaces/cmake/ros2_aruco_interfaces__rosidl_typesupport_introspection_cppExport-noconfig.cmake
[0.871s] -- Up-to-date: /home/jorge/capture_ws/install/ros2_aruco_interfaces/share/ros2_aruco_interfaces/cmake/ros2_aruco_interfaces__rosidl_typesupport_cppExport.cmake
[0.871s] -- Up-to-date: /home/jorge/capture_ws/install/ros2_aruco_interfaces/share/ros2_aruco_interfaces/cmake/ros2_aruco_interfaces__rosidl_typesupport_cppExport-noconfig.cmake
[0.871s] -- Up-to-date: /home/jorge/capture_ws/install/ros2_aruco_interfaces/share/ros2_aruco_interfaces/cmake/rosidl_cmake-extras.cmake
[0.873s] -- Up-to-date: /home/jorge/capture_ws/install/ros2_aruco_interfaces/share/ros2_aruco_interfaces/cmake/ament_cmake_export_dependencies-extras.cmake
[0.882s] -- Up-to-date: /home/jorge/capture_ws/install/ros2_aruco_interfaces/share/ros2_aruco_interfaces/cmake/ament_cmake_export_libraries-extras.cmake
[0.882s] -- Up-to-date: /home/jorge/capture_ws/install/ros2_aruco_interfaces/share/ros2_aruco_interfaces/cmake/ament_cmake_export_targets-extras.cmake
[0.882s] -- Up-to-date: /home/jorge/capture_ws/install/ros2_aruco_interfaces/share/ros2_aruco_interfaces/cmake/ament_cmake_export_include_directories-extras.cmake
[0.882s] -- Up-to-date: /home/jorge/capture_ws/install/ros2_aruco_interfaces/share/ros2_aruco_interfaces/cmake/rosidl_cmake_export_typesupport_libraries-extras.cmake
[0.882s] -- Up-to-date: /home/jorge/capture_ws/install/ros2_aruco_interfaces/share/ros2_aruco_interfaces/cmake/rosidl_cmake_export_typesupport_targets-extras.cmake
[0.882s] -- Up-to-date: /home/jorge/capture_ws/install/ros2_aruco_interfaces/share/ros2_aruco_interfaces/cmake/ros2_aruco_interfacesConfig.cmake
[0.882s] -- Up-to-date: /home/jorge/capture_ws/install/ros2_aruco_interfaces/share/ros2_aruco_interfaces/cmake/ros2_aruco_interfacesConfig-version.cmake
[0.883s] -- Up-to-date: /home/jorge/capture_ws/install/ros2_aruco_interfaces/share/ros2_aruco_interfaces/package.xml
[0.883s] Invoked command in '/home/jorge/capture_ws/build/ros2_aruco_interfaces' returned '0': CMAKE_PREFIX_PATH=${CMAKE_PREFIX_PATH}:/home/jorge/capture_ws/install/ros2_aruco:/opt/ros/foxy /usr/bin/cmake --install /home/jorge/capture_ws/build/ros2_aruco_interfaces
