[0.045s] Invoking command in '/home/jorge/capture_ws/build/ros2_aruco_interfaces': CMAKE_PREFIX_PATH=${CMAKE_PREFIX_PATH}:/home/jorge/capture_ws/install/ros2_aruco:/opt/ros/foxy /usr/bin/cmake --build /home/jorge/capture_ws/build/ros2_aruco_interfaces -- -j8 -l8
[0.523s] [  3%] Built target ros2_aruco_interfaces__cpp
[0.523s] [ 12%] Built target ros2_aruco_interfaces__rosidl_generator_c
[0.523s] [ 22%] Built target ros2_aruco_interfaces__rosidl_typesupport_cpp
[0.523s] [ 32%] Built target ros2_aruco_interfaces__rosidl_typesupport_introspection_cpp
[0.524s] [ 41%] Built target ros2_aruco_interfaces__rosidl_typesupport_introspection_c
[0.524s] [ 51%] Built target ros2_aruco_interfaces__rosidl_typesupport_fastrtps_cpp
[0.524s] [ 61%] Built target ros2_aruco_interfaces__rosidl_typesupport_c
[0.524s] [ 70%] Built target ros2_aruco_interfaces__rosidl_typesupport_fastrtps_c
[0.525s] [ 70%] Built target ros2_aruco_interfaces
[0.525s] [ 74%] Built target ros2_aruco_interfaces__py
[0.525s] [ 80%] Built target ros2_aruco_interfaces__python
[0.525s] [ 93%] Built target ros2_aruco_interfaces__rosidl_typesupport_c__pyext
[0.526s] [ 93%] Built target ros2_aruco_interfaces__rosidl_typesupport_introspection_c__pyext
[0.526s] [100%] Built target ros2_aruco_interfaces__rosidl_typesupport_fastrtps_c__pyext
[0.530s] Invoked command in '/home/jorge/capture_ws/build/ros2_aruco_interfaces' returned '0': CMAKE_PREFIX_PATH=${CMAKE_PREFIX_PATH}:/home/jorge/capture_ws/install/ros2_aruco:/opt/ros/foxy /usr/bin/cmake --build /home/jorge/capture_ws/build/ros2_aruco_interfaces -- -j8 -l8
[0.644s] Invoking command in '/home/jorge/capture_ws/build/ros2_aruco_interfaces': CMAKE_PREFIX_PATH=${CMAKE_PREFIX_PATH}:/home/jorge/capture_ws/install/ros2_aruco:/opt/ros/foxy /usr/bin/cmake --install /home/jorge/capture_ws/build/ros2_aruco_interfaces
[0.659s] -- Install configuration: ""
[0.661s] -- Up-to-date: /home/jorge/capture_ws/install/ros2_aruco_interfaces/share/ament_index/resource_index/rosidl_interfaces/ros2_aruco_interfaces
[0.663s] -- Up-to-date: /home/jorge/capture_ws/install/ros2_aruco_interfaces/include/ros2_aruco_interfaces
[0.664s] -- Up-to-date: /home/jorge/capture_ws/install/ros2_aruco_interfaces/include/ros2_aruco_interfaces/msg
[0.664s] -- Up-to-date: /home/jorge/capture_ws/install/ros2_aruco_interfaces/include/ros2_aruco_interfaces/msg/detail
[0.664s] -- Up-to-date: /home/jorge/capture_ws/install/ros2_aruco_interfaces/include/ros2_aruco_interfaces/msg/detail/aruco_markers__type_support.h
[0.664s] -- Up-to-date: /home/jorge/capture_ws/install/ros2_aruco_interfaces/include/ros2_aruco_interfaces/msg/detail/aruco_markers__struct.h
[0.664s] -- Up-to-date: /home/jorge/capture_ws/install/ros2_aruco_interfaces/include/ros2_aruco_interfaces/msg/detail/aruco_markers__functions.h
[0.664s] -- Up-to-date: /home/jorge/capture_ws/install/ros2_aruco_interfaces/include/ros2_aruco_interfaces/msg/detail/aruco_markers__functions.c
[0.665s] -- Up-to-date: /home/jorge/capture_ws/install/ros2_aruco_interfaces/include/ros2_aruco_interfaces/msg/rosidl_generator_c__visibility_control.h
[0.665s] -- Up-to-date: /home/jorge/capture_ws/install/ros2_aruco_interfaces/include/ros2_aruco_interfaces/msg/aruco_markers.h
[0.665s] -- Up-to-date: /home/jorge/capture_ws/install/ros2_aruco_interfaces/share/ros2_aruco_interfaces/environment/library_path.sh
[0.665s] -- Up-to-date: /home/jorge/capture_ws/install/ros2_aruco_interfaces/share/ros2_aruco_interfaces/environment/library_path.dsv
[0.665s] -- Up-to-date: /home/jorge/capture_ws/install/ros2_aruco_interfaces/lib/libros2_aruco_interfaces__rosidl_generator_c.so
[0.665s] -- Up-to-date: /home/jorge/capture_ws/install/ros2_aruco_interfaces/include/ros2_aruco_interfaces
[0.665s] -- Up-to-date: /home/jorge/capture_ws/install/ros2_aruco_interfaces/include/ros2_aruco_interfaces/msg
[0.666s] -- Up-to-date: /home/jorge/capture_ws/install/ros2_aruco_interfaces/include/ros2_aruco_interfaces/msg/detail
[0.666s] -- Up-to-date: /home/jorge/capture_ws/install/ros2_aruco_interfaces/include/ros2_aruco_interfaces/msg/detail/aruco_markers__rosidl_typesupport_fastrtps_c.h
[0.666s] -- Up-to-date: /home/jorge/capture_ws/install/ros2_aruco_interfaces/include/ros2_aruco_interfaces/msg/rosidl_typesupport_fastrtps_c__visibility_control.h
[0.666s] -- Up-to-date: /home/jorge/capture_ws/install/ros2_aruco_interfaces/lib/libros2_aruco_interfaces__rosidl_typesupport_fastrtps_c.so
[0.666s] -- Up-to-date: /home/jorge/capture_ws/install/ros2_aruco_interfaces/include/ros2_aruco_interfaces
[0.666s] -- Up-to-date: /home/jorge/capture_ws/install/ros2_aruco_interfaces/include/ros2_aruco_interfaces/msg
[0.666s] -- Up-to-date: /home/jorge/capture_ws/install/ros2_aruco_interfaces/include/ros2_aruco_interfaces/msg/detail
[0.667s] -- Up-to-date: /home/jorge/capture_ws/install/ros2_aruco_interfaces/include/ros2_aruco_interfaces/msg/detail/aruco_markers__rosidl_typesupport_fastrtps_cpp.hpp
[0.667s] -- Up-to-date: /home/jorge/capture_ws/install/ros2_aruco_interfaces/include/ros2_aruco_interfaces/msg/detail/dds_fastrtps
[0.667s] -- Up-to-date: /home/jorge/capture_ws/install/ros2_aruco_interfaces/include/ros2_aruco_interfaces/msg/rosidl_typesupport_fastrtps_cpp__visibility_control.h
[0.667s] -- Up-to-date: /home/jorge/capture_ws/install/ros2_aruco_interfaces/lib/libros2_aruco_interfaces__rosidl_typesupport_fastrtps_cpp.so
[0.667s] -- Up-to-date: /home/jorge/capture_ws/install/ros2_aruco_interfaces/include/ros2_aruco_interfaces
[0.667s] -- Up-to-date: /home/jorge/capture_ws/install/ros2_aruco_interfaces/include/ros2_aruco_interfaces/msg
[0.668s] -- Up-to-date: /home/jorge/capture_ws/install/ros2_aruco_interfaces/include/ros2_aruco_interfaces/msg/detail
[0.668s] -- Up-to-date: /home/jorge/capture_ws/install/ros2_aruco_interfaces/include/ros2_aruco_interfaces/msg/detail/aruco_markers__rosidl_typesupport_introspection_c.h
[0.670s] -- Up-to-date: /home/jorge/capture_ws/install/ros2_aruco_interfaces/include/ros2_aruco_interfaces/msg/detail/aruco_markers__type_support.c
[0.671s] -- Up-to-date: /home/jorge/capture_ws/install/ros2_aruco_interfaces/include/ros2_aruco_interfaces/msg/rosidl_typesupport_introspection_c__visibility_control.h
[0.671s] -- Up-to-date: /home/jorge/capture_ws/install/ros2_aruco_interfaces/lib/libros2_aruco_interfaces__rosidl_typesupport_introspection_c.so
[0.671s] -- Up-to-date: /home/jorge/capture_ws/install/ros2_aruco_interfaces/lib/libros2_aruco_interfaces__rosidl_typesupport_c.so
[0.671s] -- Up-to-date: /home/jorge/capture_ws/install/ros2_aruco_interfaces/include/ros2_aruco_interfaces
[0.671s] -- Up-to-date: /home/jorge/capture_ws/install/ros2_aruco_interfaces/include/ros2_aruco_interfaces/msg
[0.672s] -- Up-to-date: /home/jorge/capture_ws/install/ros2_aruco_interfaces/include/ros2_aruco_interfaces/msg/detail
[0.672s] -- Up-to-date: /home/jorge/capture_ws/install/ros2_aruco_interfaces/include/ros2_aruco_interfaces/msg/detail/aruco_markers__struct.hpp
[0.672s] -- Up-to-date: /home/jorge/capture_ws/install/ros2_aruco_interfaces/include/ros2_aruco_interfaces/msg/detail/aruco_markers__traits.hpp
[0.672s] -- Up-to-date: /home/jorge/capture_ws/install/ros2_aruco_interfaces/include/ros2_aruco_interfaces/msg/detail/aruco_markers__builder.hpp
[0.672s] -- Up-to-date: /home/jorge/capture_ws/install/ros2_aruco_interfaces/include/ros2_aruco_interfaces/msg/detail/aruco_markers__type_support.hpp
[0.672s] -- Up-to-date: /home/jorge/capture_ws/install/ros2_aruco_interfaces/include/ros2_aruco_interfaces/msg/rosidl_generator_cpp__visibility_control.hpp
[0.673s] -- Up-to-date: /home/jorge/capture_ws/install/ros2_aruco_interfaces/include/ros2_aruco_interfaces/msg/aruco_markers.hpp
[0.673s] -- Up-to-date: /home/jorge/capture_ws/install/ros2_aruco_interfaces/include/ros2_aruco_interfaces
[0.673s] -- Up-to-date: /home/jorge/capture_ws/install/ros2_aruco_interfaces/include/ros2_aruco_interfaces/msg
[0.673s] -- Up-to-date: /home/jorge/capture_ws/install/ros2_aruco_interfaces/include/ros2_aruco_interfaces/msg/detail
[0.673s] -- Up-to-date: /home/jorge/capture_ws/install/ros2_aruco_interfaces/include/ros2_aruco_interfaces/msg/detail/aruco_markers__type_support.cpp
[0.674s] -- Up-to-date: /home/jorge/capture_ws/install/ros2_aruco_interfaces/include/ros2_aruco_interfaces/msg/detail/aruco_markers__rosidl_typesupport_introspection_cpp.hpp
[0.674s] -- Up-to-date: /home/jorge/capture_ws/install/ros2_aruco_interfaces/lib/libros2_aruco_interfaces__rosidl_typesupport_introspection_cpp.so
[0.674s] -- Up-to-date: /home/jorge/capture_ws/install/ros2_aruco_interfaces/lib/libros2_aruco_interfaces__rosidl_typesupport_cpp.so
[0.675s] -- Up-to-date: /home/jorge/capture_ws/install/ros2_aruco_interfaces/share/ros2_aruco_interfaces/environment/pythonpath.sh
[0.676s] -- Up-to-date: /home/jorge/capture_ws/install/ros2_aruco_interfaces/share/ros2_aruco_interfaces/environment/pythonpath.dsv
[0.676s] -- Up-to-date: /home/jorge/capture_ws/install/ros2_aruco_interfaces/lib/python3.8/site-packages/ros2_aruco_interfaces/__init__.py
[0.736s] -- Up-to-date: /home/jorge/capture_ws/install/ros2_aruco_interfaces/lib/python3.8/site-packages/ros2_aruco_interfaces/msg
[0.736s] -- Up-to-date: /home/jorge/capture_ws/install/ros2_aruco_interfaces/lib/python3.8/site-packages/ros2_aruco_interfaces/msg/__init__.py
[0.736s] -- Up-to-date: /home/jorge/capture_ws/install/ros2_aruco_interfaces/lib/python3.8/site-packages/ros2_aruco_interfaces/msg/_aruco_markers.py
[0.737s] -- Up-to-date: /home/jorge/capture_ws/install/ros2_aruco_interfaces/lib/python3.8/site-packages/ros2_aruco_interfaces/msg/_aruco_markers_s.c
[0.737s] -- Up-to-date: /home/jorge/capture_ws/install/ros2_aruco_interfaces/lib/python3.8/site-packages/ros2_aruco_interfaces/ros2_aruco_interfaces_s__rosidl_typesupport_fastrtps_c.cpython-38-x86_64-linux-gnu.so
[0.737s] -- Up-to-date: /home/jorge/capture_ws/install/ros2_aruco_interfaces/lib/python3.8/site-packages/ros2_aruco_interfaces/ros2_aruco_interfaces_s__rosidl_typesupport_introspection_c.cpython-38-x86_64-linux-gnu.so
[0.737s] -- Up-to-date: /home/jorge/capture_ws/install/ros2_aruco_interfaces/lib/python3.8/site-packages/ros2_aruco_interfaces/ros2_aruco_interfaces_s__rosidl_typesupport_c.cpython-38-x86_64-linux-gnu.so
[0.737s] -- Up-to-date: /home/jorge/capture_ws/install/ros2_aruco_interfaces/lib/libros2_aruco_interfaces__python.so
[0.738s] -- Up-to-date: /home/jorge/capture_ws/install/ros2_aruco_interfaces/share/ros2_aruco_interfaces/msg/ArucoMarkers.idl
[0.738s] -- Up-to-date: /home/jorge/capture_ws/install/ros2_aruco_interfaces/share/ros2_aruco_interfaces/msg/ArucoMarkers.msg
[0.738s] -- Up-to-date: /home/jorge/capture_ws/install/ros2_aruco_interfaces/share/ament_index/resource_index/package_run_dependencies/ros2_aruco_interfaces
[0.738s] -- Up-to-date: /home/jorge/capture_ws/install/ros2_aruco_interfaces/share/ament_index/resource_index/parent_prefix_path/ros2_aruco_interfaces
[0.738s] -- Up-to-date: /home/jorge/capture_ws/install/ros2_aruco_interfaces/share/ros2_aruco_interfaces/environment/ament_prefix_path.sh
[0.738s] -- Up-to-date: /home/jorge/capture_ws/install/ros2_aruco_interfaces/share/ros2_aruco_interfaces/environment/ament_prefix_path.dsv
[0.739s] -- Up-to-date: /home/jorge/capture_ws/install/ros2_aruco_interfaces/share/ros2_aruco_interfaces/environment/path.sh
[0.739s] -- Up-to-date: /home/jorge/capture_ws/install/ros2_aruco_interfaces/share/ros2_aruco_interfaces/environment/path.dsv
[0.739s] -- Up-to-date: /home/jorge/capture_ws/install/ros2_aruco_interfaces/share/ros2_aruco_interfaces/local_setup.bash
[0.739s] -- Up-to-date: /home/jorge/capture_ws/install/ros2_aruco_interfaces/share/ros2_aruco_interfaces/local_setup.sh
[0.739s] -- Up-to-date: /home/jorge/capture_ws/install/ros2_aruco_interfaces/share/ros2_aruco_interfaces/local_setup.zsh
[0.740s] -- Up-to-date: /home/jorge/capture_ws/install/ros2_aruco_interfaces/share/ros2_aruco_interfaces/local_setup.dsv
[0.740s] -- Installing: /home/jorge/capture_ws/install/ros2_aruco_interfaces/share/ros2_aruco_interfaces/package.dsv
[0.740s] -- Up-to-date: /home/jorge/capture_ws/install/ros2_aruco_interfaces/share/ament_index/resource_index/packages/ros2_aruco_interfaces
[0.740s] -- Up-to-date: /home/jorge/capture_ws/install/ros2_aruco_interfaces/share/ros2_aruco_interfaces/cmake/ros2_aruco_interfaces__rosidl_generator_cExport.cmake
[0.740s] -- Up-to-date: /home/jorge/capture_ws/install/ros2_aruco_interfaces/share/ros2_aruco_interfaces/cmake/ros2_aruco_interfaces__rosidl_generator_cExport-noconfig.cmake
[0.740s] -- Up-to-date: /home/jorge/capture_ws/install/ros2_aruco_interfaces/share/ros2_aruco_interfaces/cmake/ros2_aruco_interfaces__rosidl_typesupport_introspection_cExport.cmake
[0.741s] -- Up-to-date: /home/jorge/capture_ws/install/ros2_aruco_interfaces/share/ros2_aruco_interfaces/cmake/ros2_aruco_interfaces__rosidl_typesupport_introspection_cExport-noconfig.cmake
[0.741s] -- Up-to-date: /home/jorge/capture_ws/install/ros2_aruco_interfaces/share/ros2_aruco_interfaces/cmake/ros2_aruco_interfaces__rosidl_typesupport_cExport.cmake
[0.741s] -- Up-to-date: /home/jorge/capture_ws/install/ros2_aruco_interfaces/share/ros2_aruco_interfaces/cmake/ros2_aruco_interfaces__rosidl_typesupport_cExport-noconfig.cmake
[0.741s] -- Up-to-date: /home/jorge/capture_ws/install/ros2_aruco_interfaces/share/ros2_aruco_interfaces/cmake/ros2_aruco_interfaces__rosidl_generator_cppExport.cmake
[0.741s] -- Up-to-date: /home/jorge/capture_ws/install/ros2_aruco_interfaces/share/ros2_aruco_interfaces/cmake/ros2_aruco_interfaces__rosidl_typesupport_introspection_cppExport.cmake
[0.741s] -- Up-to-date: /home/jorge/capture_ws/install/ros2_aruco_interfaces/share/ros2_aruco_interfaces/cmake/ros2_aruco_interfaces__rosidl_typesupport_introspection_cppExport-noconfig.cmake
[0.742s] -- Up-to-date: /home/jorge/capture_ws/install/ros2_aruco_interfaces/share/ros2_aruco_interfaces/cmake/ros2_aruco_interfaces__rosidl_typesupport_cppExport.cmake
[0.742s] -- Up-to-date: /home/jorge/capture_ws/install/ros2_aruco_interfaces/share/ros2_aruco_interfaces/cmake/ros2_aruco_interfaces__rosidl_typesupport_cppExport-noconfig.cmake
[0.742s] -- Up-to-date: /home/jorge/capture_ws/install/ros2_aruco_interfaces/share/ros2_aruco_interfaces/cmake/rosidl_cmake-extras.cmake
[0.742s] -- Up-to-date: /home/jorge/capture_ws/install/ros2_aruco_interfaces/share/ros2_aruco_interfaces/cmake/ament_cmake_export_dependencies-extras.cmake
[0.742s] -- Up-to-date: /home/jorge/capture_ws/install/ros2_aruco_interfaces/share/ros2_aruco_interfaces/cmake/ament_cmake_export_libraries-extras.cmake
[0.743s] -- Up-to-date: /home/jorge/capture_ws/install/ros2_aruco_interfaces/share/ros2_aruco_interfaces/cmake/ament_cmake_export_targets-extras.cmake
[0.743s] -- Up-to-date: /home/jorge/capture_ws/install/ros2_aruco_interfaces/share/ros2_aruco_interfaces/cmake/ament_cmake_export_include_directories-extras.cmake
[0.744s] -- Up-to-date: /home/jorge/capture_ws/install/ros2_aruco_interfaces/share/ros2_aruco_interfaces/cmake/rosidl_cmake_export_typesupport_libraries-extras.cmake
[0.744s] -- Up-to-date: /home/jorge/capture_ws/install/ros2_aruco_interfaces/share/ros2_aruco_interfaces/cmake/rosidl_cmake_export_typesupport_targets-extras.cmake
[0.744s] -- Up-to-date: /home/jorge/capture_ws/install/ros2_aruco_interfaces/share/ros2_aruco_interfaces/cmake/ros2_aruco_interfacesConfig.cmake
[0.744s] -- Up-to-date: /home/jorge/capture_ws/install/ros2_aruco_interfaces/share/ros2_aruco_interfaces/cmake/ros2_aruco_interfacesConfig-version.cmake
[0.744s] -- Up-to-date: /home/jorge/capture_ws/install/ros2_aruco_interfaces/share/ros2_aruco_interfaces/package.xml
[0.745s] Invoked command in '/home/jorge/capture_ws/build/ros2_aruco_interfaces' returned '0': CMAKE_PREFIX_PATH=${CMAKE_PREFIX_PATH}:/home/jorge/capture_ws/install/ros2_aruco:/opt/ros/foxy /usr/bin/cmake --install /home/jorge/capture_ws/build/ros2_aruco_interfaces
