-- The C compiler identification is GNU 9.4.0
-- The CXX compiler identification is GNU 9.4.0
-- Check for working C compiler: /usr/bin/cc
-- Check for working C compiler: /usr/bin/cc -- works
-- Detecting C compiler ABI info
-- Detecting C compiler ABI info - done
-- Detecting C compile features
-- Detecting C compile features - done
-- Check for working CXX compiler: /usr/bin/c++
-- Check for working CXX compiler: /usr/bin/c++ -- works
-- Detecting CXX compiler ABI info
-- Detecting CXX compiler ABI info - done
-- Detecting CXX compile features
-- Detecting CXX compile features - done
-- Found OpenCV: /usr (found version "4.2.0") 
-- Found ament_cmake: 0.9.12 (/opt/ros/foxy/share/ament_cmake/cmake)
-- Found PythonInterp: /usr/bin/python3 (found suitable version "3.8.10", minimum required is "3") 
-- Using PYTHON_EXECUTABLE: /usr/bin/python3
-- Found rclcpp: 2.4.3 (/opt/ros/foxy/share/rclcpp/cmake)
-- Using all available rosidl_typesupport_c: rosidl_typesupport_fastrtps_c;rosidl_typesupport_introspection_c
-- Found rosidl_adapter: 1.3.1 (/opt/ros/foxy/share/rosidl_adapter/cmake)
-- Found OpenSSL: /usr/lib/x86_64-linux-gnu/libcrypto.so (found version "1.1.1f")  
-- Found FastRTPS: /opt/ros/foxy/include  
-- Using all available rosidl_typesupport_cpp: rosidl_typesupport_fastrtps_cpp;rosidl_typesupport_introspection_cpp
-- Found rmw_implementation_cmake: 1.0.4 (/opt/ros/foxy/share/rmw_implementation_cmake/cmake)
-- Using RMW implementation 'rmw_fastrtps_cpp' as default
-- Looking for pthread.h
-- Looking for pthread.h - found
-- Performing Test CMAKE_HAVE_LIBC_PTHREAD
-- Performing Test CMAKE_HAVE_LIBC_PTHREAD - Failed
-- Looking for pthread_create in pthreads
-- Looking for pthread_create in pthreads - not found
-- Looking for pthread_create in pthread
-- Looking for pthread_create in pthread - found
-- Found Threads: TRUE  
-- Found cv_bridge: 3.0.7 (/opt/ros/foxy/share/cv_bridge/cmake)
-- Found ros2_aruco_interfaces: 0.1.0 (/home/jorge/capture_ws/install/ros2_aruco_interfaces/share/ros2_aruco_interfaces/cmake)
-- Configuring done
-- Generating done
-- Build files have been written to: /home/jorge/capture_ws/build/cnn_pkg
[35m[1mScanning dependencies of target send_frames_exe[0m
[35m[1mScanning dependencies of target get_aruco_exe[0m
[35m[1mScanning dependencies of target get_frames_exe[0m
[35m[1mScanning dependencies of target get_frames2_exe[0m
[35m[1mScanning dependencies of target sort_dataset_exe[0m
[ 10%] [32mBuilding CXX object CMakeFiles/get_frames_exe.dir/src/get_frames_code.cpp.o[0m
[ 20%] [32mBuilding CXX object CMakeFiles/get_aruco_exe.dir/src/get_aruco_code.cpp.o[0m
[ 30%] [32mBuilding CXX object CMakeFiles/get_frames2_exe.dir/src/get_frames_code2.cpp.o[0m
[ 40%] [32mBuilding CXX object CMakeFiles/send_frames_exe.dir/src/send_frames_code.cpp.o[0m
[ 50%] [32mBuilding CXX object CMakeFiles/sort_dataset_exe.dir/src/sort_dataset_code.cpp.o[0m
[ 60%] [32m[1mLinking CXX executable send_frames_exe[0m
[ 60%] Built target send_frames_exe
[ 70%] [32m[1mLinking CXX executable get_aruco_exe[0m
[ 80%] [32m[1mLinking CXX executable get_frames_exe[0m
[ 80%] Built target get_aruco_exe
[ 80%] Built target get_frames_exe
[ 90%] [32m[1mLinking CXX executable get_frames2_exe[0m
[100%] [32m[1mLinking CXX executable sort_dataset_exe[0m
[100%] Built target get_frames2_exe
[100%] Built target sort_dataset_exe
-- Install configuration: ""
-- Installing: /home/jorge/capture_ws/install/cnn_pkg/lib/cnn_pkg/get_frames_exe
-- Set runtime path of "/home/jorge/capture_ws/install/cnn_pkg/lib/cnn_pkg/get_frames_exe" to ""
-- Installing: /home/jorge/capture_ws/install/cnn_pkg/lib/cnn_pkg/get_frames2_exe
-- Set runtime path of "/home/jorge/capture_ws/install/cnn_pkg/lib/cnn_pkg/get_frames2_exe" to ""
-- Installing: /home/jorge/capture_ws/install/cnn_pkg/lib/cnn_pkg/send_frames_exe
-- Set runtime path of "/home/jorge/capture_ws/install/cnn_pkg/lib/cnn_pkg/send_frames_exe" to ""
-- Installing: /home/jorge/capture_ws/install/cnn_pkg/lib/cnn_pkg/get_aruco_exe
-- Set runtime path of "/home/jorge/capture_ws/install/cnn_pkg/lib/cnn_pkg/get_aruco_exe" to ""
-- Installing: /home/jorge/capture_ws/install/cnn_pkg/lib/cnn_pkg/sort_dataset_exe
-- Set runtime path of "/home/jorge/capture_ws/install/cnn_pkg/lib/cnn_pkg/sort_dataset_exe" to ""
-- Installing: /home/jorge/capture_ws/install/cnn_pkg/share/ament_index/resource_index/package_run_dependencies/cnn_pkg
-- Installing: /home/jorge/capture_ws/install/cnn_pkg/share/ament_index/resource_index/parent_prefix_path/cnn_pkg
-- Installing: /home/jorge/capture_ws/install/cnn_pkg/share/cnn_pkg/environment/ament_prefix_path.sh
-- Installing: /home/jorge/capture_ws/install/cnn_pkg/share/cnn_pkg/environment/ament_prefix_path.dsv
-- Installing: /home/jorge/capture_ws/install/cnn_pkg/share/cnn_pkg/environment/path.sh
-- Installing: /home/jorge/capture_ws/install/cnn_pkg/share/cnn_pkg/environment/path.dsv
-- Installing: /home/jorge/capture_ws/install/cnn_pkg/share/cnn_pkg/local_setup.bash
-- Installing: /home/jorge/capture_ws/install/cnn_pkg/share/cnn_pkg/local_setup.sh
-- Installing: /home/jorge/capture_ws/install/cnn_pkg/share/cnn_pkg/local_setup.zsh
-- Installing: /home/jorge/capture_ws/install/cnn_pkg/share/cnn_pkg/local_setup.dsv
-- Installing: /home/jorge/capture_ws/install/cnn_pkg/share/cnn_pkg/package.dsv
-- Installing: /home/jorge/capture_ws/install/cnn_pkg/share/ament_index/resource_index/packages/cnn_pkg
-- Installing: /home/jorge/capture_ws/install/cnn_pkg/share/cnn_pkg/cmake/cnn_pkgConfig.cmake
-- Installing: /home/jorge/capture_ws/install/cnn_pkg/share/cnn_pkg/cmake/cnn_pkgConfig-version.cmake
-- Installing: /home/jorge/capture_ws/install/cnn_pkg/share/cnn_pkg/package.xml
