[0.044s] Invoking command in '/home/jorge/capture_ws/build/realsense2_description': CMAKE_PREFIX_PATH=/home/jorge/capture_ws/install/realsense2_camera_msgs:/home/jorge/capture_ws/install/cnn_pkg:/home/jorge/capture_ws/install/ros2_aruco_interfaces:/home/jorge/capture_ws/install/realsense2_description:/home/jorge/capture_ws/install/realsense2_camera:/home/jorge/capture_ws/install/dnn_pkg:/home/jorge/capture_ws/install/alg1_pkg:/home/jorge/capture_ws/install/ros2_aruco:/opt/ros/foxy LD_LIBRARY_PATH=/home/jorge/capture_ws/install/realsense2_camera_msgs/lib:/home/jorge/capture_ws/install/ros2_aruco_interfaces/lib:/home/jorge/capture_ws/install/realsense2_camera/lib:/opt/ros/foxy/opt/yaml_cpp_vendor/lib:/opt/ros/foxy/opt/rviz_ogre_vendor/lib:/opt/ros/foxy/lib/x86_64-linux-gnu:/opt/ros/foxy/lib PYTHONPATH=/home/jorge/capture_ws/install/realsense2_camera_msgs/lib/python3.8/site-packages:/home/jorge/capture_ws/install/ros2_aruco_interfaces/lib/python3.8/site-packages:/home/jorge/capture_ws/install/ros2_aruco/lib/python3.8/site-packages:/opt/ros/foxy/lib/python3.8/site-packages:/usr/local/lib/python3.8/dist-packages/tensorflow/models/research /usr/bin/cmake --build /home/jorge/capture_ws/build/realsense2_description -- -j8 -l8
[0.130s] Invoked command in '/home/jorge/capture_ws/build/realsense2_description' returned '0': CMAKE_PREFIX_PATH=/home/jorge/capture_ws/install/realsense2_camera_msgs:/home/jorge/capture_ws/install/cnn_pkg:/home/jorge/capture_ws/install/ros2_aruco_interfaces:/home/jorge/capture_ws/install/realsense2_description:/home/jorge/capture_ws/install/realsense2_camera:/home/jorge/capture_ws/install/dnn_pkg:/home/jorge/capture_ws/install/alg1_pkg:/home/jorge/capture_ws/install/ros2_aruco:/opt/ros/foxy LD_LIBRARY_PATH=/home/jorge/capture_ws/install/realsense2_camera_msgs/lib:/home/jorge/capture_ws/install/ros2_aruco_interfaces/lib:/home/jorge/capture_ws/install/realsense2_camera/lib:/opt/ros/foxy/opt/yaml_cpp_vendor/lib:/opt/ros/foxy/opt/rviz_ogre_vendor/lib:/opt/ros/foxy/lib/x86_64-linux-gnu:/opt/ros/foxy/lib PYTHONPATH=/home/jorge/capture_ws/install/realsense2_camera_msgs/lib/python3.8/site-packages:/home/jorge/capture_ws/install/ros2_aruco_interfaces/lib/python3.8/site-packages:/home/jorge/capture_ws/install/ros2_aruco/lib/python3.8/site-packages:/opt/ros/foxy/lib/python3.8/site-packages:/usr/local/lib/python3.8/dist-packages/tensorflow/models/research /usr/bin/cmake --build /home/jorge/capture_ws/build/realsense2_description -- -j8 -l8
[0.171s] Invoking command in '/home/jorge/capture_ws/build/realsense2_description': CMAKE_PREFIX_PATH=/home/jorge/capture_ws/install/realsense2_camera_msgs:/home/jorge/capture_ws/install/cnn_pkg:/home/jorge/capture_ws/install/ros2_aruco_interfaces:/home/jorge/capture_ws/install/realsense2_description:/home/jorge/capture_ws/install/realsense2_camera:/home/jorge/capture_ws/install/dnn_pkg:/home/jorge/capture_ws/install/alg1_pkg:/home/jorge/capture_ws/install/ros2_aruco:/opt/ros/foxy LD_LIBRARY_PATH=/home/jorge/capture_ws/install/realsense2_camera_msgs/lib:/home/jorge/capture_ws/install/ros2_aruco_interfaces/lib:/home/jorge/capture_ws/install/realsense2_camera/lib:/opt/ros/foxy/opt/yaml_cpp_vendor/lib:/opt/ros/foxy/opt/rviz_ogre_vendor/lib:/opt/ros/foxy/lib/x86_64-linux-gnu:/opt/ros/foxy/lib PYTHONPATH=/home/jorge/capture_ws/install/realsense2_camera_msgs/lib/python3.8/site-packages:/home/jorge/capture_ws/install/ros2_aruco_interfaces/lib/python3.8/site-packages:/home/jorge/capture_ws/install/ros2_aruco/lib/python3.8/site-packages:/opt/ros/foxy/lib/python3.8/site-packages:/usr/local/lib/python3.8/dist-packages/tensorflow/models/research /usr/bin/cmake --install /home/jorge/capture_ws/build/realsense2_description
[0.189s] -- Install configuration: ""
[0.190s] -- Up-to-date: /home/jorge/capture_ws/install/realsense2_description/share/realsense2_description/launch
[0.190s] -- Up-to-date: /home/jorge/capture_ws/install/realsense2_description/share/realsense2_description/launch/launch_utils.py
[0.190s] -- Up-to-date: /home/jorge/capture_ws/install/realsense2_description/share/realsense2_description/launch/view_model.launch.py
[0.190s] -- Up-to-date: /home/jorge/capture_ws/install/realsense2_description/share/realsense2_description/meshes
[0.190s] -- Up-to-date: /home/jorge/capture_ws/install/realsense2_description/share/realsense2_description/meshes/l515.dae
[0.191s] -- Up-to-date: /home/jorge/capture_ws/install/realsense2_description/share/realsense2_description/meshes/plug.stl
[0.191s] -- Up-to-date: /home/jorge/capture_ws/install/realsense2_description/share/realsense2_description/meshes/plug_collision.stl
[0.191s] -- Up-to-date: /home/jorge/capture_ws/install/realsense2_description/share/realsense2_description/meshes/d415.stl
[0.191s] -- Up-to-date: /home/jorge/capture_ws/install/realsense2_description/share/realsense2_description/meshes/d455.stl
[0.191s] -- Up-to-date: /home/jorge/capture_ws/install/realsense2_description/share/realsense2_description/meshes/d435.dae
[0.191s] -- Up-to-date: /home/jorge/capture_ws/install/realsense2_description/share/realsense2_description/rviz
[0.192s] -- Up-to-date: /home/jorge/capture_ws/install/realsense2_description/share/realsense2_description/rviz/urdf.rviz
[0.192s] -- Up-to-date: /home/jorge/capture_ws/install/realsense2_description/share/realsense2_description/urdf
[0.192s] -- Up-to-date: /home/jorge/capture_ws/install/realsense2_description/share/realsense2_description/urdf/test_d415_camera.urdf.xacro
[0.192s] -- Up-to-date: /home/jorge/capture_ws/install/realsense2_description/share/realsense2_description/urdf/_l515.urdf.xacro
[0.192s] -- Up-to-date: /home/jorge/capture_ws/install/realsense2_description/share/realsense2_description/urdf/test_d435_multiple_cameras.urdf.xacro
[0.193s] -- Up-to-date: /home/jorge/capture_ws/install/realsense2_description/share/realsense2_description/urdf/_d435i.urdf.xacro
[0.193s] -- Up-to-date: /home/jorge/capture_ws/install/realsense2_description/share/realsense2_description/urdf/test_r410_camera.urdf.xacro
[0.193s] -- Up-to-date: /home/jorge/capture_ws/install/realsense2_description/share/realsense2_description/urdf/test_d455_camera.urdf.xacro
[0.193s] -- Up-to-date: /home/jorge/capture_ws/install/realsense2_description/share/realsense2_description/urdf/test_r430_camera.urdf.xacro
[0.193s] -- Up-to-date: /home/jorge/capture_ws/install/realsense2_description/share/realsense2_description/urdf/test_d435i_camera.urdf.xacro
[0.193s] -- Up-to-date: /home/jorge/capture_ws/install/realsense2_description/share/realsense2_description/urdf/_materials.urdf.xacro
[0.193s] -- Up-to-date: /home/jorge/capture_ws/install/realsense2_description/share/realsense2_description/urdf/_d435.urdf.xacro
[0.193s] -- Up-to-date: /home/jorge/capture_ws/install/realsense2_description/share/realsense2_description/urdf/test_d435_camera.urdf.xacro
[0.194s] -- Up-to-date: /home/jorge/capture_ws/install/realsense2_description/share/realsense2_description/urdf/_usb_plug.urdf.xacro
[0.194s] -- Up-to-date: /home/jorge/capture_ws/install/realsense2_description/share/realsense2_description/urdf/_r410.urdf.xacro
[0.194s] -- Up-to-date: /home/jorge/capture_ws/install/realsense2_description/share/realsense2_description/urdf/_d415.urdf.xacro
[0.195s] -- Up-to-date: /home/jorge/capture_ws/install/realsense2_description/share/realsense2_description/urdf/_d435i_imu_modules.urdf.xacro
[0.196s] -- Up-to-date: /home/jorge/capture_ws/install/realsense2_description/share/realsense2_description/urdf/test_l515_camera.urdf.xacro
[0.196s] -- Up-to-date: /home/jorge/capture_ws/install/realsense2_description/share/realsense2_description/urdf/_d455.urdf.xacro
[0.197s] -- Up-to-date: /home/jorge/capture_ws/install/realsense2_description/share/realsense2_description/urdf/_r430.urdf.xacro
[0.197s] -- Up-to-date: /home/jorge/capture_ws/install/realsense2_description/share/ament_index/resource_index/package_run_dependencies/realsense2_description
[0.197s] -- Up-to-date: /home/jorge/capture_ws/install/realsense2_description/share/ament_index/resource_index/parent_prefix_path/realsense2_description
[0.197s] -- Up-to-date: /home/jorge/capture_ws/install/realsense2_description/share/realsense2_description/environment/ament_prefix_path.sh
[0.197s] -- Up-to-date: /home/jorge/capture_ws/install/realsense2_description/share/realsense2_description/environment/ament_prefix_path.dsv
[0.197s] -- Up-to-date: /home/jorge/capture_ws/install/realsense2_description/share/realsense2_description/environment/path.sh
[0.198s] -- Up-to-date: /home/jorge/capture_ws/install/realsense2_description/share/realsense2_description/environment/path.dsv
[0.198s] -- Up-to-date: /home/jorge/capture_ws/install/realsense2_description/share/realsense2_description/local_setup.bash
[0.198s] -- Up-to-date: /home/jorge/capture_ws/install/realsense2_description/share/realsense2_description/local_setup.sh
[0.198s] -- Up-to-date: /home/jorge/capture_ws/install/realsense2_description/share/realsense2_description/local_setup.zsh
[0.199s] -- Up-to-date: /home/jorge/capture_ws/install/realsense2_description/share/realsense2_description/local_setup.dsv
[0.199s] -- Installing: /home/jorge/capture_ws/install/realsense2_description/share/realsense2_description/package.dsv
[0.200s] -- Up-to-date: /home/jorge/capture_ws/install/realsense2_description/share/ament_index/resource_index/packages/realsense2_description
[0.200s] -- Up-to-date: /home/jorge/capture_ws/install/realsense2_description/share/realsense2_description/cmake/realsense2_descriptionConfig.cmake
[0.200s] -- Up-to-date: /home/jorge/capture_ws/install/realsense2_description/share/realsense2_description/cmake/realsense2_descriptionConfig-version.cmake
[0.200s] -- Up-to-date: /home/jorge/capture_ws/install/realsense2_description/share/realsense2_description/package.xml
[0.201s] Invoked command in '/home/jorge/capture_ws/build/realsense2_description' returned '0': CMAKE_PREFIX_PATH=/home/jorge/capture_ws/install/realsense2_camera_msgs:/home/jorge/capture_ws/install/cnn_pkg:/home/jorge/capture_ws/install/ros2_aruco_interfaces:/home/jorge/capture_ws/install/realsense2_description:/home/jorge/capture_ws/install/realsense2_camera:/home/jorge/capture_ws/install/dnn_pkg:/home/jorge/capture_ws/install/alg1_pkg:/home/jorge/capture_ws/install/ros2_aruco:/opt/ros/foxy LD_LIBRARY_PATH=/home/jorge/capture_ws/install/realsense2_camera_msgs/lib:/home/jorge/capture_ws/install/ros2_aruco_interfaces/lib:/home/jorge/capture_ws/install/realsense2_camera/lib:/opt/ros/foxy/opt/yaml_cpp_vendor/lib:/opt/ros/foxy/opt/rviz_ogre_vendor/lib:/opt/ros/foxy/lib/x86_64-linux-gnu:/opt/ros/foxy/lib PYTHONPATH=/home/jorge/capture_ws/install/realsense2_camera_msgs/lib/python3.8/site-packages:/home/jorge/capture_ws/install/ros2_aruco_interfaces/lib/python3.8/site-packages:/home/jorge/capture_ws/install/ros2_aruco/lib/python3.8/site-packages:/opt/ros/foxy/lib/python3.8/site-packages:/usr/local/lib/python3.8/dist-packages/tensorflow/models/research /usr/bin/cmake --install /home/jorge/capture_ws/build/realsense2_description
