-- Found ament_cmake: 0.9.12 (/opt/ros/foxy/share/ament_cmake/cmake)
-- Using PYTHON_EXECUTABLE: /usr/bin/python3
-- Found rclcpp: 2.4.3 (/opt/ros/foxy/share/rclcpp/cmake)
-- Using all available rosidl_typesupport_c: rosidl_typesupport_fastrtps_c;rosidl_typesupport_introspection_c
-- Found rosidl_adapter: 1.3.1 (/opt/ros/foxy/share/rosidl_adapter/cmake)
-- Using all available rosidl_typesupport_cpp: rosidl_typesupport_fastrtps_cpp;rosidl_typesupport_introspection_cpp
-- Found rmw_implementation_cmake: 1.0.4 (/opt/ros/foxy/share/rmw_implementation_cmake/cmake)
-- Using RMW implementation 'rmw_fastrtps_cpp' as default
-- Found cv_bridge: 3.0.7 (/opt/ros/foxy/share/cv_bridge/cmake)
-- Found ros2_aruco_interfaces: 0.1.0 (/home/jorge/capture_ws/install/ros2_aruco_interfaces/share/ros2_aruco_interfaces/cmake)
-- Configuring done
-- Generating done
-- Build files have been written to: /home/jorge/capture_ws/build/cnn_pkg
[35m[1mScanning dependencies of target send_frames_exe[0m
[35m[1mScanning dependencies of target get_frames_exe[0m
[35m[1mScanning dependencies of target sort_dataset_exe[0m
[35m[1mScanning dependencies of target get_aruco_exe[0m
[35m[1mScanning dependencies of target cnn_exe[0m
[ 10%] [32mBuilding CXX object CMakeFiles/sort_dataset_exe.dir/src/sort_dataset_code.cpp.o[0m
[ 20%] [32mBuilding CXX object CMakeFiles/send_frames_exe.dir/src/send_frames_code.cpp.o[0m
[ 30%] [32mBuilding CXX object CMakeFiles/get_frames_exe.dir/src/get_frames_code.cpp.o[0m
[ 40%] [32mBuilding CXX object CMakeFiles/get_aruco_exe.dir/src/get_aruco_code.cpp.o[0m
[ 50%] [32mBuilding CXX object CMakeFiles/cnn_exe.dir/src/cnn_code.cpp.o[0m
[ 60%] [32m[1mLinking CXX executable cnn_exe[0m
[ 60%] Built target cnn_exe
[ 70%] [32m[1mLinking CXX executable send_frames_exe[0m
[ 80%] [32m[1mLinking CXX executable get_frames_exe[0m
[ 80%] Built target send_frames_exe
[ 90%] [32m[1mLinking CXX executable sort_dataset_exe[0m
[ 90%] Built target get_frames_exe
[100%] [32m[1mLinking CXX executable get_aruco_exe[0m
[100%] Built target sort_dataset_exe
[100%] Built target get_aruco_exe
-- Install configuration: ""
-- Installing: /home/jorge/capture_ws/install/cnn_pkg/lib/cnn_pkg/get_frames_exe
-- Set runtime path of "/home/jorge/capture_ws/install/cnn_pkg/lib/cnn_pkg/get_frames_exe" to ""
-- Installing: /home/jorge/capture_ws/install/cnn_pkg/lib/cnn_pkg/send_frames_exe
-- Set runtime path of "/home/jorge/capture_ws/install/cnn_pkg/lib/cnn_pkg/send_frames_exe" to ""
-- Installing: /home/jorge/capture_ws/install/cnn_pkg/lib/cnn_pkg/get_aruco_exe
-- Set runtime path of "/home/jorge/capture_ws/install/cnn_pkg/lib/cnn_pkg/get_aruco_exe" to ""
-- Installing: /home/jorge/capture_ws/install/cnn_pkg/lib/cnn_pkg/sort_dataset_exe
-- Set runtime path of "/home/jorge/capture_ws/install/cnn_pkg/lib/cnn_pkg/sort_dataset_exe" to ""
-- Installing: /home/jorge/capture_ws/install/cnn_pkg/lib/cnn_pkg/cnn_exe
-- Set runtime path of "/home/jorge/capture_ws/install/cnn_pkg/lib/cnn_pkg/cnn_exe" to ""
-- Installing: /home/jorge/capture_ws/install/cnn_pkg/share/ament_index/resource_index/package_run_dependencies/cnn_pkg
-- Installing: /home/jorge/capture_ws/install/cnn_pkg/share/ament_index/resource_index/parent_prefix_path/cnn_pkg
-- Up-to-date: /home/jorge/capture_ws/install/cnn_pkg/share/cnn_pkg/environment/ament_prefix_path.sh
-- Installing: /home/jorge/capture_ws/install/cnn_pkg/share/cnn_pkg/environment/ament_prefix_path.dsv
-- Up-to-date: /home/jorge/capture_ws/install/cnn_pkg/share/cnn_pkg/environment/path.sh
-- Installing: /home/jorge/capture_ws/install/cnn_pkg/share/cnn_pkg/environment/path.dsv
-- Up-to-date: /home/jorge/capture_ws/install/cnn_pkg/share/cnn_pkg/local_setup.bash
-- Up-to-date: /home/jorge/capture_ws/install/cnn_pkg/share/cnn_pkg/local_setup.sh
-- Up-to-date: /home/jorge/capture_ws/install/cnn_pkg/share/cnn_pkg/local_setup.zsh
-- Installing: /home/jorge/capture_ws/install/cnn_pkg/share/cnn_pkg/local_setup.dsv
-- Installing: /home/jorge/capture_ws/install/cnn_pkg/share/cnn_pkg/package.dsv
-- Up-to-date: /home/jorge/capture_ws/install/cnn_pkg/share/ament_index/resource_index/packages/cnn_pkg
-- Up-to-date: /home/jorge/capture_ws/install/cnn_pkg/share/cnn_pkg/cmake/cnn_pkgConfig.cmake
-- Up-to-date: /home/jorge/capture_ws/install/cnn_pkg/share/cnn_pkg/cmake/cnn_pkgConfig-version.cmake
-- Installing: /home/jorge/capture_ws/install/cnn_pkg/share/cnn_pkg/package.xml
