[1.358s] Invoking command in '/home/jorge/capture_ws/src/ros2_aruco/ros2_aruco': PYTHONPATH=/home/jorge/capture_ws/build/ros2_aruco/prefix_override:/home/jorge/capture_ws/install/ros2_aruco/lib/python3.8/site-packages:${PYTHONPATH} /usr/bin/python3 -W ignore:setup.py install is deprecated setup.py egg_info --egg-base ../../../build/ros2_aruco build --build-base /home/jorge/capture_ws/build/ros2_aruco/build install --record /home/jorge/capture_ws/build/ros2_aruco/install.log --single-version-externally-managed install_data
[1.691s] running egg_info
[1.692s] writing ../../../build/ros2_aruco/ros2_aruco.egg-info/PKG-INFO
[1.692s] writing dependency_links to ../../../build/ros2_aruco/ros2_aruco.egg-info/dependency_links.txt
[1.692s] writing entry points to ../../../build/ros2_aruco/ros2_aruco.egg-info/entry_points.txt
[1.693s] writing requirements to ../../../build/ros2_aruco/ros2_aruco.egg-info/requires.txt
[1.693s] writing top-level names to ../../../build/ros2_aruco/ros2_aruco.egg-info/top_level.txt
[1.756s] reading manifest file '../../../build/ros2_aruco/ros2_aruco.egg-info/SOURCES.txt'
[1.758s] writing manifest file '../../../build/ros2_aruco/ros2_aruco.egg-info/SOURCES.txt'
[1.758s] running build
[1.758s] running build_py
[1.758s] copying ros2_aruco/aruco_node.py -> /home/jorge/capture_ws/build/ros2_aruco/build/lib/ros2_aruco
[1.758s] running install
[1.760s] running install_lib
[1.761s] copying /home/jorge/capture_ws/build/ros2_aruco/build/lib/ros2_aruco/aruco_node.py -> /home/jorge/capture_ws/install/ros2_aruco/lib/python3.8/site-packages/ros2_aruco
[1.762s] byte-compiling /home/jorge/capture_ws/install/ros2_aruco/lib/python3.8/site-packages/ros2_aruco/aruco_node.py to aruco_node.cpython-38.pyc
[1.765s] running install_data
[1.766s] running install_egg_info
[1.768s] removing '/home/jorge/capture_ws/install/ros2_aruco/lib/python3.8/site-packages/ros2_aruco-0.1.0-py3.8.egg-info' (and everything under it)
[1.768s] Copying ../../../build/ros2_aruco/ros2_aruco.egg-info to /home/jorge/capture_ws/install/ros2_aruco/lib/python3.8/site-packages/ros2_aruco-0.1.0-py3.8.egg-info
[1.769s] running install_scripts
[1.795s] Installing aruco_generate_marker script to /home/jorge/capture_ws/install/ros2_aruco/lib/ros2_aruco
[1.795s] Installing aruco_node script to /home/jorge/capture_ws/install/ros2_aruco/lib/ros2_aruco
[1.796s] writing list of installed files to '/home/jorge/capture_ws/build/ros2_aruco/install.log'
[1.828s] Invoked command in '/home/jorge/capture_ws/src/ros2_aruco/ros2_aruco' returned '0': PYTHONPATH=/home/jorge/capture_ws/build/ros2_aruco/prefix_override:/home/jorge/capture_ws/install/ros2_aruco/lib/python3.8/site-packages:${PYTHONPATH} /usr/bin/python3 -W ignore:setup.py install is deprecated setup.py egg_info --egg-base ../../../build/ros2_aruco build --build-base /home/jorge/capture_ws/build/ros2_aruco/build install --record /home/jorge/capture_ws/build/ros2_aruco/install.log --single-version-externally-managed install_data
