[0.148s] Invoking command in '/home/jorge/capture_ws/build/dnn_pkg': CMAKE_PREFIX_PATH=${CMAKE_PREFIX_PATH}:/home/jorge/capture_ws/install/ros2_aruco:/opt/ros/foxy /usr/bin/cmake --build /home/jorge/capture_ws/build/dnn_pkg -- -j8 -l8
[0.270s] [100%] Built target dnn_exe
[0.629s] Invoked command in '/home/jorge/capture_ws/build/dnn_pkg' returned '0': CMAKE_PREFIX_PATH=${CMAKE_PREFIX_PATH}:/home/jorge/capture_ws/install/ros2_aruco:/opt/ros/foxy /usr/bin/cmake --build /home/jorge/capture_ws/build/dnn_pkg -- -j8 -l8
[0.691s] Invoking command in '/home/jorge/capture_ws/build/dnn_pkg': CMAKE_PREFIX_PATH=${CMAKE_PREFIX_PATH}:/home/jorge/capture_ws/install/ros2_aruco:/opt/ros/foxy /usr/bin/cmake --install /home/jorge/capture_ws/build/dnn_pkg
[0.714s] -- Install configuration: ""
[0.716s] -- Up-to-date: /home/jorge/capture_ws/install/dnn_pkg/lib/dnn_pkg/dnn_exe
[0.720s] -- Up-to-date: /home/jorge/capture_ws/install/dnn_pkg/share/ament_index/resource_index/package_run_dependencies/dnn_pkg
[0.720s] -- Up-to-date: /home/jorge/capture_ws/install/dnn_pkg/share/ament_index/resource_index/parent_prefix_path/dnn_pkg
[0.721s] -- Up-to-date: /home/jorge/capture_ws/install/dnn_pkg/share/dnn_pkg/environment/ament_prefix_path.sh
[0.722s] -- Up-to-date: /home/jorge/capture_ws/install/dnn_pkg/share/dnn_pkg/environment/ament_prefix_path.dsv
[0.722s] -- Up-to-date: /home/jorge/capture_ws/install/dnn_pkg/share/dnn_pkg/environment/path.sh
[0.722s] -- Up-to-date: /home/jorge/capture_ws/install/dnn_pkg/share/dnn_pkg/environment/path.dsv
[0.722s] -- Up-to-date: /home/jorge/capture_ws/install/dnn_pkg/share/dnn_pkg/local_setup.bash
[0.723s] -- Up-to-date: /home/jorge/capture_ws/install/dnn_pkg/share/dnn_pkg/local_setup.sh
[0.723s] -- Up-to-date: /home/jorge/capture_ws/install/dnn_pkg/share/dnn_pkg/local_setup.zsh
[0.723s] -- Up-to-date: /home/jorge/capture_ws/install/dnn_pkg/share/dnn_pkg/local_setup.dsv
[0.723s] -- Installing: /home/jorge/capture_ws/install/dnn_pkg/share/dnn_pkg/package.dsv
[0.723s] -- Up-to-date: /home/jorge/capture_ws/install/dnn_pkg/share/ament_index/resource_index/packages/dnn_pkg
[0.724s] -- Up-to-date: /home/jorge/capture_ws/install/dnn_pkg/share/dnn_pkg/cmake/dnn_pkgConfig.cmake
[0.725s] -- Up-to-date: /home/jorge/capture_ws/install/dnn_pkg/share/dnn_pkg/cmake/dnn_pkgConfig-version.cmake
[0.725s] -- Up-to-date: /home/jorge/capture_ws/install/dnn_pkg/share/dnn_pkg/package.xml
[0.736s] Invoked command in '/home/jorge/capture_ws/build/dnn_pkg' returned '0': CMAKE_PREFIX_PATH=${CMAKE_PREFIX_PATH}:/home/jorge/capture_ws/install/ros2_aruco:/opt/ros/foxy /usr/bin/cmake --install /home/jorge/capture_ws/build/dnn_pkg
