[0.018s] Invoking command in '/home/jorge/capture_ws/build/cnn_pkg': CMAKE_PREFIX_PATH=/home/jorge/capture_ws/install/ros2_aruco_interfaces:/home/jorge/capture_ws/install/cnn_pkg:/home/jorge/capture_ws/install/realsense2_description:/home/jorge/capture_ws/install/realsense2_camera:/home/jorge/capture_ws/install/realsense2_camera_msgs:/home/jorge/capture_ws/install/dnn_pkg:/home/jorge/capture_ws/install/alg1_pkg:/home/jorge/capture_ws/install/ros2_aruco:/opt/ros/foxy /usr/bin/cmake --build /home/jorge/capture_ws/build/cnn_pkg -- -j8 -l8
[0.078s] [35m[1mScanning dependencies of target get_aruco_exe[0m
[0.083s] [35m[1mScanning dependencies of target send_frames_exe[0m
[0.117s] [ 30%] Built target get_frames2_exe
[0.117s] [ 50%] Built target sort_dataset_exe
[0.117s] [ 60%] Built target get_frames_exe
[0.138s] [ 70%] [32mBuilding CXX object CMakeFiles/get_aruco_exe.dir/src/get_aruco_code.cpp.o[0m
[0.155s] [ 80%] [32mBuilding CXX object CMakeFiles/send_frames_exe.dir/src/send_frames_code.cpp.o[0m
[2.833s] [01m[K/home/jorge/capture_ws/src/cnn_pkg/src/get_aruco_code.cpp:[m[K In member function ‘[01m[Kvoid PrintArucoOutputNode::arucoOutputCallback(ros2_aruco_interfaces::msg::ArucoMarkers_<std::allocator<void> >::SharedPtr)[m[K’:
[2.834s] [01m[K/home/jorge/capture_ws/src/cnn_pkg/src/get_aruco_code.cpp:71:27:[m[K [01;31m[Kerror: [m[Kno match for ‘[01m[Koperator<<[m[K’ (operand types are ‘[01m[Kstd::ostream[m[K’ {aka ‘[01m[Kstd::basic_ostream<char>[m[K’} and ‘[01m[KEigen::Quaterniond[m[K’ {aka ‘[01m[KEigen::Quaternion<double>[m[K’})
[2.836s]    71 |                 [32m[Kstd::cout[m[K [01;31m[K<<[m[K [34m[Kq[m[K << std::endl;
[2.837s]       |                 [32m[K~~~~~~~~~[m[K [01;31m[K^~[m[K [34m[K~[m[K
[2.837s]       |                      [32m[K|[m[K       [34m[K|[m[K
[2.837s]       |                      [32m[K|[m[K       [34m[KEigen::Quaterniond {aka Eigen::Quaternion<double>}[m[K
[2.837s]       |                      [32m[Kstd::ostream {aka std::basic_ostream<char>}[m[K
[2.837s] In file included from [01m[K/usr/include/c++/9/iostream:39[m[K,
[2.837s]                  from [01m[K/home/jorge/capture_ws/src/cnn_pkg/src/get_aruco_code.cpp:4[m[K:
[2.838s] [01m[K/usr/include/c++/9/ostream:108:7:[m[K [01;36m[Knote: [m[Kcandidate: ‘[01m[Kstd::basic_ostream<_CharT, _Traits>::__ostream_type& std::basic_ostream<_CharT, _Traits>::operator<<(std::basic_ostream<_CharT, _Traits>::__ostream_type& (*)(std::basic_ostream<_CharT, _Traits>::__ostream_type&)) [with _CharT = char; _Traits = std::char_traits<char>; std::basic_ostream<_CharT, _Traits>::__ostream_type = std::basic_ostream<char>][m[K’
[2.838s]   108 |       [01;36m[Koperator[m[K<<(__ostream_type& (*__pf)(__ostream_type&))
[2.838s]       |       [01;36m[K^~~~~~~~[m[K
[2.838s] [01m[K/usr/include/c++/9/ostream:108:36:[m[K [01;36m[Knote: [m[K  no known conversion for argument 1 from ‘[01m[KEigen::Quaterniond[m[K’ {aka ‘[01m[KEigen::Quaternion<double>[m[K’} to ‘[01m[Kstd::basic_ostream<char>::__ostream_type& (*)(std::basic_ostream<char>::__ostream_type&)[m[K’ {aka ‘[01m[Kstd::basic_ostream<char>& (*)(std::basic_ostream<char>&)[m[K’}
[2.838s]   108 |       operator<<([01;36m[K__ostream_type& (*__pf)(__ostream_type&)[m[K)
[2.838s]       |                  [01;36m[K~~~~~~~~~~~~~~~~~~^~~~~~~~~~~~~~~~~~~~~~[m[K
[2.838s] [01m[K/usr/include/c++/9/ostream:117:7:[m[K [01;36m[Knote: [m[Kcandidate: ‘[01m[Kstd::basic_ostream<_CharT, _Traits>::__ostream_type& std::basic_ostream<_CharT, _Traits>::operator<<(std::basic_ostream<_CharT, _Traits>::__ios_type& (*)(std::basic_ostream<_CharT, _Traits>::__ios_type&)) [with _CharT = char; _Traits = std::char_traits<char>; std::basic_ostream<_CharT, _Traits>::__ostream_type = std::basic_ostream<char>; std::basic_ostream<_CharT, _Traits>::__ios_type = std::basic_ios<char>][m[K’
[2.838s]   117 |       [01;36m[Koperator[m[K<<(__ios_type& (*__pf)(__ios_type&))
[2.839s]       |       [01;36m[K^~~~~~~~[m[K
[2.839s] [01m[K/usr/include/c++/9/ostream:117:32:[m[K [01;36m[Knote: [m[K  no known conversion for argument 1 from ‘[01m[KEigen::Quaterniond[m[K’ {aka ‘[01m[KEigen::Quaternion<double>[m[K’} to ‘[01m[Kstd::basic_ostream<char>::__ios_type& (*)(std::basic_ostream<char>::__ios_type&)[m[K’ {aka ‘[01m[Kstd::basic_ios<char>& (*)(std::basic_ios<char>&)[m[K’}
[2.839s]   117 |       operator<<([01;36m[K__ios_type& (*__pf)(__ios_type&)[m[K)
[2.839s]       |                  [01;36m[K~~~~~~~~~~~~~~^~~~~~~~~~~~~~~~~~[m[K
[2.839s] [01m[K/usr/include/c++/9/ostream:127:7:[m[K [01;36m[Knote: [m[Kcandidate: ‘[01m[Kstd::basic_ostream<_CharT, _Traits>::__ostream_type& std::basic_ostream<_CharT, _Traits>::operator<<(std::ios_base& (*)(std::ios_base&)) [with _CharT = char; _Traits = std::char_traits<char>; std::basic_ostream<_CharT, _Traits>::__ostream_type = std::basic_ostream<char>][m[K’
[2.839s]   127 |       [01;36m[Koperator[m[K<<(ios_base& (*__pf) (ios_base&))
[2.839s]       |       [01;36m[K^~~~~~~~[m[K
[2.839s] [01m[K/usr/include/c++/9/ostream:127:30:[m[K [01;36m[Knote: [m[K  no known conversion for argument 1 from ‘[01m[KEigen::Quaterniond[m[K’ {aka ‘[01m[KEigen::Quaternion<double>[m[K’} to ‘[01m[Kstd::ios_base& (*)(std::ios_base&)[m[K’
[2.839s]   127 |       operator<<([01;36m[Kios_base& (*__pf) (ios_base&)[m[K)
[2.839s]       |                  [01;36m[K~~~~~~~~~~~~^~~~~~~~~~~~~~~~~[m[K
[2.839s] [01m[K/usr/include/c++/9/ostream:166:7:[m[K [01;36m[Knote: [m[Kcandidate: ‘[01m[Kstd::basic_ostream<_CharT, _Traits>::__ostream_type& std::basic_ostream<_CharT, _Traits>::operator<<(long int) [with _CharT = char; _Traits = std::char_traits<char>; std::basic_ostream<_CharT, _Traits>::__ostream_type = std::basic_ostream<char>][m[K’
[2.840s]   166 |       [01;36m[Koperator[m[K<<(long __n)
[2.840s]       |       [01;36m[K^~~~~~~~[m[K
[2.840s] [01m[K/usr/include/c++/9/ostream:166:23:[m[K [01;36m[Knote: [m[K  no known conversion for argument 1 from ‘[01m[KEigen::Quaterniond[m[K’ {aka ‘[01m[KEigen::Quaternion<double>[m[K’} to ‘[01m[Klong int[m[K’
[2.840s]   166 |       operator<<([01;36m[Klong __n[m[K)
[2.840s]       |                  [01;36m[K~~~~~^~~[m[K
[2.840s] [01m[K/usr/include/c++/9/ostream:170:7:[m[K [01;36m[Knote: [m[Kcandidate: ‘[01m[Kstd::basic_ostream<_CharT, _Traits>::__ostream_type& std::basic_ostream<_CharT, _Traits>::operator<<(long unsigned int) [with _CharT = char; _Traits = std::char_traits<char>; std::basic_ostream<_CharT, _Traits>::__ostream_type = std::basic_ostream<char>][m[K’
[2.840s]   170 |       [01;36m[Koperator[m[K<<(unsigned long __n)
[2.840s]       |       [01;36m[K^~~~~~~~[m[K
[2.840s] [01m[K/usr/include/c++/9/ostream:170:32:[m[K [01;36m[Knote: [m[K  no known conversion for argument 1 from ‘[01m[KEigen::Quaterniond[m[K’ {aka ‘[01m[KEigen::Quaternion<double>[m[K’} to ‘[01m[Klong unsigned int[m[K’
[2.840s]   170 |       operator<<([01;36m[Kunsigned long __n[m[K)
[2.840s]       |                  [01;36m[K~~~~~~~~~~~~~~^~~[m[K
[2.841s] [01m[K/usr/include/c++/9/ostream:174:7:[m[K [01;36m[Knote: [m[Kcandidate: ‘[01m[Kstd::basic_ostream<_CharT, _Traits>::__ostream_type& std::basic_ostream<_CharT, _Traits>::operator<<(bool) [with _CharT = char; _Traits = std::char_traits<char>; std::basic_ostream<_CharT, _Traits>::__ostream_type = std::basic_ostream<char>][m[K’
[2.841s]   174 |       [01;36m[Koperator[m[K<<(bool __n)
[2.841s]       |       [01;36m[K^~~~~~~~[m[K
[2.841s] [01m[K/usr/include/c++/9/ostream:174:23:[m[K [01;36m[Knote: [m[K  no known conversion for argument 1 from ‘[01m[KEigen::Quaterniond[m[K’ {aka ‘[01m[KEigen::Quaternion<double>[m[K’} to ‘[01m[Kbool[m[K’
[2.841s]   174 |       operator<<([01;36m[Kbool __n[m[K)
[2.841s]       |                  [01;36m[K~~~~~^~~[m[K
[2.841s] In file included from [01m[K/usr/include/c++/9/ostream:702[m[K,
[2.841s]                  from [01m[K/usr/include/c++/9/iostream:39[m[K,
[2.841s]                  from [01m[K/home/jorge/capture_ws/src/cnn_pkg/src/get_aruco_code.cpp:4[m[K:
[2.841s] [01m[K/usr/include/c++/9/bits/ostream.tcc:91:5:[m[K [01;36m[Knote: [m[Kcandidate: ‘[01m[Kstd::basic_ostream<_CharT, _Traits>& std::basic_ostream<_CharT, _Traits>::operator<<(short int) [with _CharT = char; _Traits = std::char_traits<char>][m[K’
[2.841s]    91 |     [01;36m[Kbasic_ostream<_CharT, _Traits>[m[K::
[2.842s]       |     [01;36m[K^~~~~~~~~~~~~~~~~~~~~~~~~~~~~~[m[K
[2.842s] [01m[K/usr/include/c++/9/bits/ostream.tcc:92:22:[m[K [01;36m[Knote: [m[K  no known conversion for argument 1 from ‘[01m[KEigen::Quaterniond[m[K’ {aka ‘[01m[KEigen::Quaternion<double>[m[K’} to ‘[01m[Kshort int[m[K’
[2.842s]    92 |     operator<<([01;36m[Kshort __n[m[K)
[2.842s]       |                [01;36m[K~~~~~~^~~[m[K
[2.842s] In file included from [01m[K/usr/include/c++/9/iostream:39[m[K,
[2.842s]                  from [01m[K/home/jorge/capture_ws/src/cnn_pkg/src/get_aruco_code.cpp:4[m[K:
[2.842s] [01m[K/usr/include/c++/9/ostream:181:7:[m[K [01;36m[Knote: [m[Kcandidate: ‘[01m[Kstd::basic_ostream<_CharT, _Traits>::__ostream_type& std::basic_ostream<_CharT, _Traits>::operator<<(short unsigned int) [with _CharT = char; _Traits = std::char_traits<char>; std::basic_ostream<_CharT, _Traits>::__ostream_type = std::basic_ostream<char>][m[K’
[2.842s]   181 |       [01;36m[Koperator[m[K<<(unsigned short __n)
[2.842s]       |       [01;36m[K^~~~~~~~[m[K
[2.842s] [01m[K/usr/include/c++/9/ostream:181:33:[m[K [01;36m[Knote: [m[K  no known conversion for argument 1 from ‘[01m[KEigen::Quaterniond[m[K’ {aka ‘[01m[KEigen::Quaternion<double>[m[K’} to ‘[01m[Kshort unsigned int[m[K’
[2.843s]   181 |       operator<<([01;36m[Kunsigned short __n[m[K)
[2.843s]       |                  [01;36m[K~~~~~~~~~~~~~~~^~~[m[K
[2.843s] In file included from [01m[K/usr/include/c++/9/ostream:702[m[K,
[2.843s]                  from [01m[K/usr/include/c++/9/iostream:39[m[K,
[2.843s]                  from [01m[K/home/jorge/capture_ws/src/cnn_pkg/src/get_aruco_code.cpp:4[m[K:
[2.843s] [01m[K/usr/include/c++/9/bits/ostream.tcc:105:5:[m[K [01;36m[Knote: [m[Kcandidate: ‘[01m[Kstd::basic_ostream<_CharT, _Traits>& std::basic_ostream<_CharT, _Traits>::operator<<(int) [with _CharT = char; _Traits = std::char_traits<char>][m[K’
[2.843s]   105 |     [01;36m[Kbasic_ostream<_CharT, _Traits>[m[K::
[2.844s]       |     [01;36m[K^~~~~~~~~~~~~~~~~~~~~~~~~~~~~~[m[K
[2.844s] [01m[K/usr/include/c++/9/bits/ostream.tcc:106:20:[m[K [01;36m[Knote: [m[K  no known conversion for argument 1 from ‘[01m[KEigen::Quaterniond[m[K’ {aka ‘[01m[KEigen::Quaternion<double>[m[K’} to ‘[01m[Kint[m[K’
[2.844s]   106 |     operator<<([01;36m[Kint __n[m[K)
[2.844s]       |                [01;36m[K~~~~^~~[m[K
[2.844s] In file included from [01m[K/usr/include/c++/9/iostream:39[m[K,
[2.844s]                  from [01m[K/home/jorge/capture_ws/src/cnn_pkg/src/get_aruco_code.cpp:4[m[K:
[2.845s] [01m[K/usr/include/c++/9/ostream:192:7:[m[K [01;36m[Knote: [m[Kcandidate: ‘[01m[Kstd::basic_ostream<_CharT, _Traits>::__ostream_type& std::basic_ostream<_CharT, _Traits>::operator<<(unsigned int) [with _CharT = char; _Traits = std::char_traits<char>; std::basic_ostream<_CharT, _Traits>::__ostream_type = std::basic_ostream<char>][m[K’
[2.845s]   192 |       [01;36m[Koperator[m[K<<(unsigned int __n)
[2.845s]       |       [01;36m[K^~~~~~~~[m[K
[2.845s] [01m[K/usr/include/c++/9/ostream:192:31:[m[K [01;36m[Knote: [m[K  no known conversion for argument 1 from ‘[01m[KEigen::Quaterniond[m[K’ {aka ‘[01m[KEigen::Quaternion<double>[m[K’} to ‘[01m[Kunsigned int[m[K’
[2.845s]   192 |       operator<<([01;36m[Kunsigned int __n[m[K)
[2.846s]       |                  [01;36m[K~~~~~~~~~~~~~^~~[m[K
[2.846s] [01m[K/usr/include/c++/9/ostream:201:7:[m[K [01;36m[Knote: [m[Kcandidate: ‘[01m[Kstd::basic_ostream<_CharT, _Traits>::__ostream_type& std::basic_ostream<_CharT, _Traits>::operator<<(long long int) [with _CharT = char; _Traits = std::char_traits<char>; std::basic_ostream<_CharT, _Traits>::__ostream_type = std::basic_ostream<char>][m[K’
[2.846s]   201 |       [01;36m[Koperator[m[K<<(long long __n)
[2.846s]       |       [01;36m[K^~~~~~~~[m[K
[2.846s] [01m[K/usr/include/c++/9/ostream:201:28:[m[K [01;36m[Knote: [m[K  no known conversion for argument 1 from ‘[01m[KEigen::Quaterniond[m[K’ {aka ‘[01m[KEigen::Quaternion<double>[m[K’} to ‘[01m[Klong long int[m[K’
[2.846s]   201 |       operator<<([01;36m[Klong long __n[m[K)
[2.846s]       |                  [01;36m[K~~~~~~~~~~^~~[m[K
[2.846s] [01m[K/usr/include/c++/9/ostream:205:7:[m[K [01;36m[Knote: [m[Kcandidate: ‘[01m[Kstd::basic_ostream<_CharT, _Traits>::__ostream_type& std::basic_ostream<_CharT, _Traits>::operator<<(long long unsigned int) [with _CharT = char; _Traits = std::char_traits<char>; std::basic_ostream<_CharT, _Traits>::__ostream_type = std::basic_ostream<char>][m[K’
[2.847s]   205 |       [01;36m[Koperator[m[K<<(unsigned long long __n)
[2.847s]       |       [01;36m[K^~~~~~~~[m[K
[2.847s] [01m[K/usr/include/c++/9/ostream:205:37:[m[K [01;36m[Knote: [m[K  no known conversion for argument 1 from ‘[01m[KEigen::Quaterniond[m[K’ {aka ‘[01m[KEigen::Quaternion<double>[m[K’} to ‘[01m[Klong long unsigned int[m[K’
[2.847s]   205 |       operator<<([01;36m[Kunsigned long long __n[m[K)
[2.847s]       |                  [01;36m[K~~~~~~~~~~~~~~~~~~~^~~[m[K
[2.847s] [01m[K/usr/include/c++/9/ostream:220:7:[m[K [01;36m[Knote: [m[Kcandidate: ‘[01m[Kstd::basic_ostream<_CharT, _Traits>::__ostream_type& std::basic_ostream<_CharT, _Traits>::operator<<(double) [with _CharT = char; _Traits = std::char_traits<char>; std::basic_ostream<_CharT, _Traits>::__ostream_type = std::basic_ostream<char>][m[K’
[2.847s]   220 |       [01;36m[Koperator[m[K<<(double __f)
[2.847s]       |       [01;36m[K^~~~~~~~[m[K
[2.847s] [01m[K/usr/include/c++/9/ostream:220:25:[m[K [01;36m[Knote: [m[K  no known conversion for argument 1 from ‘[01m[KEigen::Quaterniond[m[K’ {aka ‘[01m[KEigen::Quaternion<double>[m[K’} to ‘[01m[Kdouble[m[K’
[2.848s]   220 |       operator<<([01;36m[Kdouble __f[m[K)
[2.848s]       |                  [01;36m[K~~~~~~~^~~[m[K
[2.848s] [01m[K/usr/include/c++/9/ostream:224:7:[m[K [01;36m[Knote: [m[Kcandidate: ‘[01m[Kstd::basic_ostream<_CharT, _Traits>::__ostream_type& std::basic_ostream<_CharT, _Traits>::operator<<(float) [with _CharT = char; _Traits = std::char_traits<char>; std::basic_ostream<_CharT, _Traits>::__ostream_type = std::basic_ostream<char>][m[K’
[2.848s]   224 |       [01;36m[Koperator[m[K<<(float __f)
[2.848s]       |       [01;36m[K^~~~~~~~[m[K
[2.848s] [01m[K/usr/include/c++/9/ostream:224:24:[m[K [01;36m[Knote: [m[K  no known conversion for argument 1 from ‘[01m[KEigen::Quaterniond[m[K’ {aka ‘[01m[KEigen::Quaternion<double>[m[K’} to ‘[01m[Kfloat[m[K’
[2.848s]   224 |       operator<<([01;36m[Kfloat __f[m[K)
[2.848s]       |                  [01;36m[K~~~~~~^~~[m[K
[2.848s] [01m[K/usr/include/c++/9/ostream:232:7:[m[K [01;36m[Knote: [m[Kcandidate: ‘[01m[Kstd::basic_ostream<_CharT, _Traits>::__ostream_type& std::basic_ostream<_CharT, _Traits>::operator<<(long double) [with _CharT = char; _Traits = std::char_traits<char>; std::basic_ostream<_CharT, _Traits>::__ostream_type = std::basic_ostream<char>][m[K’
[2.848s]   232 |       [01;36m[Koperator[m[K<<(long double __f)
[2.849s]       |       [01;36m[K^~~~~~~~[m[K
[2.849s] [01m[K/usr/include/c++/9/ostream:232:30:[m[K [01;36m[Knote: [m[K  no known conversion for argument 1 from ‘[01m[KEigen::Quaterniond[m[K’ {aka ‘[01m[KEigen::Quaternion<double>[m[K’} to ‘[01m[Klong double[m[K’
[2.849s]   232 |       operator<<([01;36m[Klong double __f[m[K)
[2.849s]       |                  [01;36m[K~~~~~~~~~~~~^~~[m[K
[2.849s] [01m[K/usr/include/c++/9/ostream:245:7:[m[K [01;36m[Knote: [m[Kcandidate: ‘[01m[Kstd::basic_ostream<_CharT, _Traits>::__ostream_type& std::basic_ostream<_CharT, _Traits>::operator<<(const void*) [with _CharT = char; _Traits = std::char_traits<char>; std::basic_ostream<_CharT, _Traits>::__ostream_type = std::basic_ostream<char>][m[K’
[2.849s]   245 |       [01;36m[Koperator[m[K<<(const void* __p)
[2.849s]       |       [01;36m[K^~~~~~~~[m[K
[2.849s] [01m[K/usr/include/c++/9/ostream:245:30:[m[K [01;36m[Knote: [m[K  no known conversion for argument 1 from ‘[01m[KEigen::Quaterniond[m[K’ {aka ‘[01m[KEigen::Quaternion<double>[m[K’} to ‘[01m[Kconst void*[m[K’
[2.849s]   245 |       operator<<([01;36m[Kconst void* __p[m[K)
[2.849s]       |                  [01;36m[K~~~~~~~~~~~~^~~[m[K
[2.849s] [01m[K/usr/include/c++/9/ostream:250:7:[m[K [01;36m[Knote: [m[Kcandidate: ‘[01m[Kstd::basic_ostream<_CharT, _Traits>::__ostream_type& std::basic_ostream<_CharT, _Traits>::operator<<(std::nullptr_t) [with _CharT = char; _Traits = std::char_traits<char>; std::basic_ostream<_CharT, _Traits>::__ostream_type = std::basic_ostream<char>; std::nullptr_t = std::nullptr_t][m[K’
[2.850s]   250 |       [01;36m[Koperator[m[K<<(nullptr_t)
[2.850s]       |       [01;36m[K^~~~~~~~[m[K
[2.850s] [01m[K/usr/include/c++/9/ostream:250:18:[m[K [01;36m[Knote: [m[K  no known conversion for argument 1 from ‘[01m[KEigen::Quaterniond[m[K’ {aka ‘[01m[KEigen::Quaternion<double>[m[K’} to ‘[01m[Kstd::nullptr_t[m[K’
[2.850s]   250 |       operator<<([01;36m[Knullptr_t[m[K)
[2.850s]       |                  [01;36m[K^~~~~~~~~[m[K
[2.850s] In file included from [01m[K/usr/include/c++/9/ostream:702[m[K,
[2.850s]                  from [01m[K/usr/include/c++/9/iostream:39[m[K,
[2.850s]                  from [01m[K/home/jorge/capture_ws/src/cnn_pkg/src/get_aruco_code.cpp:4[m[K:
[2.850s] [01m[K/usr/include/c++/9/bits/ostream.tcc:119:5:[m[K [01;36m[Knote: [m[Kcandidate: ‘[01m[Kstd::basic_ostream<_CharT, _Traits>& std::basic_ostream<_CharT, _Traits>::operator<<(std::basic_ostream<_CharT, _Traits>::__streambuf_type*) [with _CharT = char; _Traits = std::char_traits<char>; std::basic_ostream<_CharT, _Traits>::__streambuf_type = std::basic_streambuf<char>][m[K’
[2.850s]   119 |     [01;36m[Kbasic_ostream<_CharT, _Traits>[m[K::
[2.850s]       |     [01;36m[K^~~~~~~~~~~~~~~~~~~~~~~~~~~~~~[m[K
[2.851s] [01m[K/usr/include/c++/9/bits/ostream.tcc:120:34:[m[K [01;36m[Knote: [m[K  no known conversion for argument 1 from ‘[01m[KEigen::Quaterniond[m[K’ {aka ‘[01m[KEigen::Quaternion<double>[m[K’} to ‘[01m[Kstd::basic_ostream<char>::__streambuf_type*[m[K’ {aka ‘[01m[Kstd::basic_streambuf<char>*[m[K’}
[2.851s]   120 |     operator<<([01;36m[K__streambuf_type* __sbin[m[K)
[2.851s]       |                [01;36m[K~~~~~~~~~~~~~~~~~~^~~~~~[m[K
[2.851s] In file included from [01m[K/usr/include/eigen3/Eigen/Core:433[m[K,
[2.851s]                  from [01m[K/usr/include/eigen3/Eigen/Dense:1[m[K,
[2.851s]                  from [01m[K/home/jorge/capture_ws/src/cnn_pkg/src/get_aruco_code.cpp:8[m[K:
[2.851s] [01m[K/usr/include/eigen3/Eigen/src/Core/IO.h:216:16:[m[K [01;36m[Knote: [m[Kcandidate: ‘[01m[Ktemplate<class Derived> std::ostream& Eigen::operator<<(std::ostream&, const Eigen::DenseBase<Derived>&)[m[K’
[2.851s]   216 | std::ostream & [01;36m[Koperator[m[K <<
[2.851s]       |                [01;36m[K^~~~~~~~[m[K
[2.851s] [01m[K/usr/include/eigen3/Eigen/src/Core/IO.h:216:16:[m[K [01;36m[Knote: [m[K  template argument deduction/substitution failed:
[2.851s] [01m[K/home/jorge/capture_ws/src/cnn_pkg/src/get_aruco_code.cpp:71:30:[m[K [01;36m[Knote: [m[K  ‘[01m[KEigen::Quaterniond[m[K’ {aka ‘[01m[KEigen::Quaternion<double>[m[K’} is not derived from ‘[01m[Kconst Eigen::DenseBase<Derived>[m[K’
[2.852s]    71 |                 std::cout << [01;36m[Kq[m[K << std::endl;
[2.852s]       |                              [01;36m[K^[m[K
[2.852s] In file included from [01m[K/usr/include/c++/9/bits/basic_string.h:48[m[K,
[2.852s]                  from [01m[K/usr/include/c++/9/string:55[m[K,
[2.852s]                  from [01m[K/usr/include/c++/9/stdexcept:39[m[K,
[2.852s]                  from [01m[K/usr/include/c++/9/array:39[m[K,
[2.852s]                  from [01m[K/usr/include/c++/9/tuple:39[m[K,
[2.852s]                  from [01m[K/usr/include/c++/9/bits/unique_ptr.h:37[m[K,
[2.852s]                  from [01m[K/usr/include/c++/9/memory:80[m[K,
[2.852s]                  from [01m[K/home/jorge/capture_ws/src/cnn_pkg/src/get_aruco_code.cpp:2[m[K:
[2.852s] [01m[K/usr/include/c++/9/string_view:580:5:[m[K [01;36m[Knote: [m[Kcandidate: ‘[01m[Ktemplate<class _CharT, class _Traits> std::basic_ostream<_CharT, _Traits>& std::operator<<(std::basic_ostream<_CharT, _Traits>&, std::basic_string_view<_CharT, _Traits>)[m[K’
[2.853s]   580 |     [01;36m[Koperator[m[K<<(basic_ostream<_CharT, _Traits>& __os,
[2.853s]       |     [01;36m[K^~~~~~~~[m[K
[2.853s] [01m[K/usr/include/c++/9/string_view:580:5:[m[K [01;36m[Knote: [m[K  template argument deduction/substitution failed:
[2.853s] [01m[K/home/jorge/capture_ws/src/cnn_pkg/src/get_aruco_code.cpp:71:30:[m[K [01;36m[Knote: [m[K  ‘[01m[KEigen::Quaternion<double>[m[K’ is not derived from ‘[01m[Kstd::basic_string_view<_CharT, _Traits>[m[K’
[2.853s]    71 |                 std::cout << [01;36m[Kq[m[K << std::endl;
[2.853s]       |                              [01;36m[K^[m[K
[2.853s] In file included from [01m[K/usr/include/c++/9/string:55[m[K,
[2.853s]                  from [01m[K/usr/include/c++/9/stdexcept:39[m[K,
[2.853s]                  from [01m[K/usr/include/c++/9/array:39[m[K,
[2.853s]                  from [01m[K/usr/include/c++/9/tuple:39[m[K,
[2.853s]                  from [01m[K/usr/include/c++/9/bits/unique_ptr.h:37[m[K,
[2.853s]                  from [01m[K/usr/include/c++/9/memory:80[m[K,
[2.854s]                  from [01m[K/home/jorge/capture_ws/src/cnn_pkg/src/get_aruco_code.cpp:2[m[K:
[2.854s] [01m[K/usr/include/c++/9/bits/basic_string.h:6419:5:[m[K [01;36m[Knote: [m[Kcandidate: ‘[01m[Ktemplate<class _CharT, class _Traits, class _Alloc> std::basic_ostream<_CharT, _Traits>& std::operator<<(std::basic_ostream<_CharT, _Traits>&, const std::__cxx11::basic_string<_CharT, _Traits, _Allocator>&)[m[K’
[2.854s]  6419 |     [01;36m[Koperator[m[K<<(basic_ostream<_CharT, _Traits>& __os,
[2.854s]       |     [01;36m[K^~~~~~~~[m[K
[2.854s] [01m[K/usr/include/c++/9/bits/basic_string.h:6419:5:[m[K [01;36m[Knote: [m[K  template argument deduction/substitution failed:
[2.854s] [01m[K/home/jorge/capture_ws/src/cnn_pkg/src/get_aruco_code.cpp:71:30:[m[K [01;36m[Knote: [m[K  ‘[01m[KEigen::Quaterniond[m[K’ {aka ‘[01m[KEigen::Quaternion<double>[m[K’} is not derived from ‘[01m[Kconst std::__cxx11::basic_string<_CharT, _Traits, _Allocator>[m[K’
[2.854s]    71 |                 std::cout << [01;36m[Kq[m[K << std::endl;
[2.854s]       |                              [01;36m[K^[m[K
[2.854s] In file included from [01m[K/usr/include/c++/9/memory:81[m[K,
[2.854s]                  from [01m[K/home/jorge/capture_ws/src/cnn_pkg/src/get_aruco_code.cpp:2[m[K:
[2.855s] [01m[K/usr/include/c++/9/bits/shared_ptr.h:66:5:[m[K [01;36m[Knote: [m[Kcandidate: ‘[01m[Ktemplate<class _Ch, class _Tr, class _Tp, __gnu_cxx::_Lock_policy _Lp> std::basic_ostream<_CharT, _Traits>& std::operator<<(std::basic_ostream<_CharT, _Traits>&, const std::__shared_ptr<_Tp, _Lp>&)[m[K’
[2.855s]    66 |     [01;36m[Koperator[m[K<<(std::basic_ostream<_Ch, _Tr>& __os,
[2.855s]       |     [01;36m[K^~~~~~~~[m[K
[2.855s] [01m[K/usr/include/c++/9/bits/shared_ptr.h:66:5:[m[K [01;36m[Knote: [m[K  template argument deduction/substitution failed:
[2.855s] [01m[K/home/jorge/capture_ws/src/cnn_pkg/src/get_aruco_code.cpp:71:30:[m[K [01;36m[Knote: [m[K  ‘[01m[KEigen::Quaterniond[m[K’ {aka ‘[01m[KEigen::Quaternion<double>[m[K’} is not derived from ‘[01m[Kconst std::__shared_ptr<_Tp, _Lp>[m[K’
[2.855s]    71 |                 std::cout << [01;36m[Kq[m[K << std::endl;
[2.855s]       |                              [01;36m[K^[m[K
[2.855s] In file included from [01m[K/usr/include/c++/9/bits/ios_base.h:46[m[K,
[2.855s]                  from [01m[K/usr/include/c++/9/ios:42[m[K,
[2.855s]                  from [01m[K/usr/include/c++/9/ostream:38[m[K,
[2.855s]                  from [01m[K/usr/include/c++/9/iostream:39[m[K,
[2.855s]                  from [01m[K/home/jorge/capture_ws/src/cnn_pkg/src/get_aruco_code.cpp:4[m[K:
[2.855s] [01m[K/usr/include/c++/9/system_error:217:5:[m[K [01;36m[Knote: [m[Kcandidate: ‘[01m[Ktemplate<class _CharT, class _Traits> std::basic_ostream<_CharT, _Traits>& std::operator<<(std::basic_ostream<_CharT, _Traits>&, const std::error_code&)[m[K’
[2.856s]   217 |     [01;36m[Koperator[m[K<<(basic_ostream<_CharT, _Traits>& __os, const error_code& __e)
[2.856s]       |     [01;36m[K^~~~~~~~[m[K
[2.856s] [01m[K/usr/include/c++/9/system_error:217:5:[m[K [01;36m[Knote: [m[K  template argument deduction/substitution failed:
[2.856s] [01m[K/home/jorge/capture_ws/src/cnn_pkg/src/get_aruco_code.cpp:71:30:[m[K [01;36m[Knote: [m[K  cannot convert ‘[01m[Kq[m[K’ (type ‘[01m[KEigen::Quaterniond[m[K’ {aka ‘[01m[KEigen::Quaternion<double>[m[K’}) to type ‘[01m[Kconst std::error_code&[m[K’
[2.856s]    71 |                 std::cout << [01;36m[Kq[m[K << std::endl;
[2.856s]       |                              [01;36m[K^[m[K
[2.856s] In file included from [01m[K/usr/include/c++/9/iostream:39[m[K,
[2.856s]                  from [01m[K/home/jorge/capture_ws/src/cnn_pkg/src/get_aruco_code.cpp:4[m[K:
[2.856s] [01m[K/usr/include/c++/9/ostream:506:5:[m[K [01;36m[Knote: [m[Kcandidate: ‘[01m[Ktemplate<class _CharT, class _Traits> std::basic_ostream<_CharT, _Traits>& std::operator<<(std::basic_ostream<_CharT, _Traits>&, _CharT)[m[K’
[2.856s]   506 |     [01;36m[Koperator[m[K<<(basic_ostream<_CharT, _Traits>& __out, _CharT __c)
[2.856s]       |     [01;36m[K^~~~~~~~[m[K
[2.856s] [01m[K/usr/include/c++/9/ostream:506:5:[m[K [01;36m[Knote: [m[K  template argument deduction/substitution failed:
[2.857s] [01m[K/home/jorge/capture_ws/src/cnn_pkg/src/get_aruco_code.cpp:71:30:[m[K [01;36m[Knote: [m[K  deduced conflicting types for parameter ‘[01m[K_CharT[m[K’ (‘[01m[Kchar[m[K’ and ‘[01m[KEigen::Quaternion<double>[m[K’)
[2.857s]    71 |                 std::cout << [01;36m[Kq[m[K << std::endl;
[2.857s]       |                              [01;36m[K^[m[K
[2.857s] In file included from [01m[K/usr/include/c++/9/iostream:39[m[K,
[2.857s]                  from [01m[K/home/jorge/capture_ws/src/cnn_pkg/src/get_aruco_code.cpp:4[m[K:
[2.857s] [01m[K/usr/include/c++/9/ostream:511:5:[m[K [01;36m[Knote: [m[Kcandidate: ‘[01m[Ktemplate<class _CharT, class _Traits> std::basic_ostream<_CharT, _Traits>& std::operator<<(std::basic_ostream<_CharT, _Traits>&, char)[m[K’
[2.857s]   511 |     [01;36m[Koperator[m[K<<(basic_ostream<_CharT, _Traits>& __out, char __c)
[2.857s]       |     [01;36m[K^~~~~~~~[m[K
[2.857s] [01m[K/usr/include/c++/9/ostream:511:5:[m[K [01;36m[Knote: [m[K  template argument deduction/substitution failed:
[2.857s] [01m[K/home/jorge/capture_ws/src/cnn_pkg/src/get_aruco_code.cpp:71:30:[m[K [01;36m[Knote: [m[K  cannot convert ‘[01m[Kq[m[K’ (type ‘[01m[KEigen::Quaterniond[m[K’ {aka ‘[01m[KEigen::Quaternion<double>[m[K’}) to type ‘[01m[Kchar[m[K’
[2.857s]    71 |                 std::cout << [01;36m[Kq[m[K << std::endl;
[2.857s]       |                              [01;36m[K^[m[K
[2.858s] In file included from [01m[K/usr/include/c++/9/iostream:39[m[K,
[2.858s]                  from [01m[K/home/jorge/capture_ws/src/cnn_pkg/src/get_aruco_code.cpp:4[m[K:
[2.858s] [01m[K/usr/include/c++/9/ostream:517:5:[m[K [01;36m[Knote: [m[Kcandidate: ‘[01m[Ktemplate<class _Traits> std::basic_ostream<char, _Traits>& std::operator<<(std::basic_ostream<char, _Traits>&, char)[m[K’
[2.858s]   517 |     [01;36m[Koperator[m[K<<(basic_ostream<char, _Traits>& __out, char __c)
[2.858s]       |     [01;36m[K^~~~~~~~[m[K
[2.858s] [01m[K/usr/include/c++/9/ostream:517:5:[m[K [01;36m[Knote: [m[K  template argument deduction/substitution failed:
[2.858s] [01m[K/home/jorge/capture_ws/src/cnn_pkg/src/get_aruco_code.cpp:71:30:[m[K [01;36m[Knote: [m[K  cannot convert ‘[01m[Kq[m[K’ (type ‘[01m[KEigen::Quaterniond[m[K’ {aka ‘[01m[KEigen::Quaternion<double>[m[K’}) to type ‘[01m[Kchar[m[K’
[2.858s]    71 |                 std::cout << [01;36m[Kq[m[K << std::endl;
[2.858s]       |                              [01;36m[K^[m[K
[2.858s] In file included from [01m[K/usr/include/c++/9/iostream:39[m[K,
[2.858s]                  from [01m[K/home/jorge/capture_ws/src/cnn_pkg/src/get_aruco_code.cpp:4[m[K:
[2.858s] [01m[K/usr/include/c++/9/ostream:523:5:[m[K [01;36m[Knote: [m[Kcandidate: ‘[01m[Ktemplate<class _Traits> std::basic_ostream<char, _Traits>& std::operator<<(std::basic_ostream<char, _Traits>&, signed char)[m[K’
[2.859s]   523 |     [01;36m[Koperator[m[K<<(basic_ostream<char, _Traits>& __out, signed char __c)
[2.859s]       |     [01;36m[K^~~~~~~~[m[K
[2.859s] [01m[K/usr/include/c++/9/ostream:523:5:[m[K [01;36m[Knote: [m[K  template argument deduction/substitution failed:
[2.859s] [01m[K/home/jorge/capture_ws/src/cnn_pkg/src/get_aruco_code.cpp:71:30:[m[K [01;36m[Knote: [m[K  cannot convert ‘[01m[Kq[m[K’ (type ‘[01m[KEigen::Quaterniond[m[K’ {aka ‘[01m[KEigen::Quaternion<double>[m[K’}) to type ‘[01m[Ksigned char[m[K’
[2.859s]    71 |                 std::cout << [01;36m[Kq[m[K << std::endl;
[2.859s]       |                              [01;36m[K^[m[K
[2.859s] In file included from [01m[K/usr/include/c++/9/iostream:39[m[K,
[2.859s]                  from [01m[K/home/jorge/capture_ws/src/cnn_pkg/src/get_aruco_code.cpp:4[m[K:
[2.859s] [01m[K/usr/include/c++/9/ostream:528:5:[m[K [01;36m[Knote: [m[Kcandidate: ‘[01m[Ktemplate<class _Traits> std::basic_ostream<char, _Traits>& std::operator<<(std::basic_ostream<char, _Traits>&, unsigned char)[m[K’
[2.859s]   528 |     [01;36m[Koperator[m[K<<(basic_ostream<char, _Traits>& __out, unsigned char __c)
[2.859s]       |     [01;36m[K^~~~~~~~[m[K
[2.859s] [01m[K/usr/include/c++/9/ostream:528:5:[m[K [01;36m[Knote: [m[K  template argument deduction/substitution failed:
[2.860s] [01m[K/home/jorge/capture_ws/src/cnn_pkg/src/get_aruco_code.cpp:71:30:[m[K [01;36m[Knote: [m[K  cannot convert ‘[01m[Kq[m[K’ (type ‘[01m[KEigen::Quaterniond[m[K’ {aka ‘[01m[KEigen::Quaternion<double>[m[K’}) to type ‘[01m[Kunsigned char[m[K’
[2.860s]    71 |                 std::cout << [01;36m[Kq[m[K << std::endl;
[2.860s]       |                              [01;36m[K^[m[K
[2.860s] In file included from [01m[K/usr/include/c++/9/iostream:39[m[K,
[2.860s]                  from [01m[K/home/jorge/capture_ws/src/cnn_pkg/src/get_aruco_code.cpp:4[m[K:
[2.860s] [01m[K/usr/include/c++/9/ostream:548:5:[m[K [01;36m[Knote: [m[Kcandidate: ‘[01m[Ktemplate<class _CharT, class _Traits> std::basic_ostream<_CharT, _Traits>& std::operator<<(std::basic_ostream<_CharT, _Traits>&, const _CharT*)[m[K’
[2.860s]   548 |     [01;36m[Koperator[m[K<<(basic_ostream<_CharT, _Traits>& __out, const _CharT* __s)
[2.860s]       |     [01;36m[K^~~~~~~~[m[K
[2.860s] [01m[K/usr/include/c++/9/ostream:548:5:[m[K [01;36m[Knote: [m[K  template argument deduction/substitution failed:
[2.860s] [01m[K/home/jorge/capture_ws/src/cnn_pkg/src/get_aruco_code.cpp:71:30:[m[K [01;36m[Knote: [m[K  mismatched types ‘[01m[Kconst _CharT*[m[K’ and ‘[01m[KEigen::Quaternion<double>[m[K’
[2.861s]    71 |                 std::cout << [01;36m[Kq[m[K << std::endl;
[2.861s]       |                              [01;36m[K^[m[K
[2.861s] In file included from [01m[K/usr/include/c++/9/ostream:702[m[K,
[2.861s]                  from [01m[K/usr/include/c++/9/iostream:39[m[K,
[2.861s]                  from [01m[K/home/jorge/capture_ws/src/cnn_pkg/src/get_aruco_code.cpp:4[m[K:
[2.861s] [01m[K/usr/include/c++/9/bits/ostream.tcc:321:5:[m[K [01;36m[Knote: [m[Kcandidate: ‘[01m[Ktemplate<class _CharT, class _Traits> std::basic_ostream<_CharT, _Traits>& std::operator<<(std::basic_ostream<_CharT, _Traits>&, const char*)[m[K’
[2.861s]   321 |     [01;36m[Koperator[m[K<<(basic_ostream<_CharT, _Traits>& __out, const char* __s)
[2.861s]       |     [01;36m[K^~~~~~~~[m[K
[2.861s] [01m[K/usr/include/c++/9/bits/ostream.tcc:321:5:[m[K [01;36m[Knote: [m[K  template argument deduction/substitution failed:
[2.861s] [01m[K/home/jorge/capture_ws/src/cnn_pkg/src/get_aruco_code.cpp:71:30:[m[K [01;36m[Knote: [m[K  cannot convert ‘[01m[Kq[m[K’ (type ‘[01m[KEigen::Quaterniond[m[K’ {aka ‘[01m[KEigen::Quaternion<double>[m[K’}) to type ‘[01m[Kconst char*[m[K’
[2.861s]    71 |                 std::cout << [01;36m[Kq[m[K << std::endl;
[2.861s]       |                              [01;36m[K^[m[K
[2.862s] In file included from [01m[K/usr/include/c++/9/iostream:39[m[K,
[2.862s]                  from [01m[K/home/jorge/capture_ws/src/cnn_pkg/src/get_aruco_code.cpp:4[m[K:
[2.862s] [01m[K/usr/include/c++/9/ostream:565:5:[m[K [01;36m[Knote: [m[Kcandidate: ‘[01m[Ktemplate<class _Traits> std::basic_ostream<char, _Traits>& std::operator<<(std::basic_ostream<char, _Traits>&, const char*)[m[K’
[2.862s]   565 |     [01;36m[Koperator[m[K<<(basic_ostream<char, _Traits>& __out, const char* __s)
[2.862s]       |     [01;36m[K^~~~~~~~[m[K
[2.862s] [01m[K/usr/include/c++/9/ostream:565:5:[m[K [01;36m[Knote: [m[K  template argument deduction/substitution failed:
[2.862s] [01m[K/home/jorge/capture_ws/src/cnn_pkg/src/get_aruco_code.cpp:71:30:[m[K [01;36m[Knote: [m[K  cannot convert ‘[01m[Kq[m[K’ (type ‘[01m[KEigen::Quaterniond[m[K’ {aka ‘[01m[KEigen::Quaternion<double>[m[K’}) to type ‘[01m[Kconst char*[m[K’
[2.862s]    71 |                 std::cout << [01;36m[Kq[m[K << std::endl;
[2.862s]       |                              [01;36m[K^[m[K
[2.862s] In file included from [01m[K/usr/include/c++/9/iostream:39[m[K,
[2.862s]                  from [01m[K/home/jorge/capture_ws/src/cnn_pkg/src/get_aruco_code.cpp:4[m[K:
[2.863s] [01m[K/usr/include/c++/9/ostream:578:5:[m[K [01;36m[Knote: [m[Kcandidate: ‘[01m[Ktemplate<class _Traits> std::basic_ostream<char, _Traits>& std::operator<<(std::basic_ostream<char, _Traits>&, const signed char*)[m[K’
[2.863s]   578 |     [01;36m[Koperator[m[K<<(basic_ostream<char, _Traits>& __out, const signed char* __s)
[2.863s]       |     [01;36m[K^~~~~~~~[m[K
[2.863s] [01m[K/usr/include/c++/9/ostream:578:5:[m[K [01;36m[Knote: [m[K  template argument deduction/substitution failed:
[2.863s] [01m[K/home/jorge/capture_ws/src/cnn_pkg/src/get_aruco_code.cpp:71:30:[m[K [01;36m[Knote: [m[K  cannot convert ‘[01m[Kq[m[K’ (type ‘[01m[KEigen::Quaterniond[m[K’ {aka ‘[01m[KEigen::Quaternion<double>[m[K’}) to type ‘[01m[Kconst signed char*[m[K’
[2.863s]    71 |                 std::cout << [01;36m[Kq[m[K << std::endl;
[2.863s]       |                              [01;36m[K^[m[K
[2.863s] In file included from [01m[K/usr/include/c++/9/iostream:39[m[K,
[2.863s]                  from [01m[K/home/jorge/capture_ws/src/cnn_pkg/src/get_aruco_code.cpp:4[m[K:
[2.863s] [01m[K/usr/include/c++/9/ostream:583:5:[m[K [01;36m[Knote: [m[Kcandidate: ‘[01m[Ktemplate<class _Traits> std::basic_ostream<char, _Traits>& std::operator<<(std::basic_ostream<char, _Traits>&, const unsigned char*)[m[K’
[2.863s]   583 |     [01;36m[Koperator[m[K<<(basic_ostream<char, _Traits>& __out, const unsigned char* __s)
[2.864s]       |     [01;36m[K^~~~~~~~[m[K
[2.864s] [01m[K/usr/include/c++/9/ostream:583:5:[m[K [01;36m[Knote: [m[K  template argument deduction/substitution failed:
[2.864s] [01m[K/home/jorge/capture_ws/src/cnn_pkg/src/get_aruco_code.cpp:71:30:[m[K [01;36m[Knote: [m[K  cannot convert ‘[01m[Kq[m[K’ (type ‘[01m[KEigen::Quaterniond[m[K’ {aka ‘[01m[KEigen::Quaternion<double>[m[K’}) to type ‘[01m[Kconst unsigned char*[m[K’
[2.864s]    71 |                 std::cout << [01;36m[Kq[m[K << std::endl;
[2.864s]       |                              [01;36m[K^[m[K
[2.864s] In file included from [01m[K/usr/include/c++/9/iostream:39[m[K,
[2.864s]                  from [01m[K/home/jorge/capture_ws/src/cnn_pkg/src/get_aruco_code.cpp:4[m[K:
[2.864s] [01m[K/usr/include/c++/9/ostream:691:5:[m[K [01;36m[Knote: [m[Kcandidate: ‘[01m[Ktemplate<class _Ostream, class _Tp> typename std::enable_if<std::__and_<std::__not_<std::is_lvalue_reference<_Tp> >, std::__is_convertible_to_basic_ostream<_Ostream>, std::__is_insertable<typename std::__is_convertible_to_basic_ostream<_Tp>::__ostream_type, const _Tp&, void> >::value, typename std::__is_convertible_to_basic_ostream<_Tp>::__ostream_type>::type std::operator<<(_Ostream&&, const _Tp&)[m[K’
[2.864s]   691 |     [01;36m[Koperator[m[K<<(_Ostream&& __os, const _Tp& __x)
[2.864s]       |     [01;36m[K^~~~~~~~[m[K
[2.864s] [01m[K/usr/include/c++/9/ostream:691:5:[m[K [01;36m[Knote: [m[K  template argument deduction/substitution failed:
[2.864s] /usr/include/c++/9/ostream: In substitution of ‘[01m[Ktemplate<class _Ostream, class _Tp> typename std::enable_if<std::__and_<std::__not_<std::is_lvalue_reference<_Tp> >, std::__is_convertible_to_basic_ostream<_Ostream>, std::__is_insertable<typename std::__is_convertible_to_basic_ostream<_Tp>::__ostream_type, const _Tp&, void> >::value, typename std::__is_convertible_to_basic_ostream<_Tp>::__ostream_type>::type std::operator<<(_Ostream&&, const _Tp&) [with _Ostream = std::basic_ostream<char>&; _Tp = Eigen::Quaternion<double>][m[K’:
[2.865s] [01m[K/home/jorge/capture_ws/src/cnn_pkg/src/get_aruco_code.cpp:71:30:[m[K   required from here
[2.865s] [01m[K/usr/include/c++/9/ostream:691:5:[m[K [01;31m[Kerror: [m[Kno type named ‘[01m[Ktype[m[K’ in ‘[01m[Kstruct std::enable_if<false, std::basic_ostream<char>&>[m[K’
[2.865s] In file included from [01m[K/usr/include/c++/9/future:39[m[K,
[2.865s]                  from [01m[K/opt/ros/foxy/include/rclcpp/executors.hpp:18[m[K,
[2.865s]                  from [01m[K/opt/ros/foxy/include/rclcpp/rclcpp.hpp:146[m[K,
[2.865s]                  from [01m[K/home/jorge/capture_ws/src/cnn_pkg/src/get_aruco_code.cpp:5[m[K:
[2.865s] [01m[K/usr/include/c++/9/thread:322:5:[m[K [01;36m[Knote: [m[Kcandidate: ‘[01m[Ktemplate<class _CharT, class _Traits> std::basic_ostream<_CharT, _Traits>& std::operator<<(std::basic_ostream<_CharT, _Traits>&, std::thread::id)[m[K’
[2.865s]   322 |     [01;36m[Koperator[m[K<<(basic_ostream<_CharT, _Traits>& __out, thread::id __id)
[2.865s]       |     [01;36m[K^~~~~~~~[m[K
[2.865s] [01m[K/usr/include/c++/9/thread:322:5:[m[K [01;36m[Knote: [m[K  template argument deduction/substitution failed:
[2.865s] [01m[K/home/jorge/capture_ws/src/cnn_pkg/src/get_aruco_code.cpp:71:30:[m[K [01;36m[Knote: [m[K  cannot convert ‘[01m[Kq[m[K’ (type ‘[01m[KEigen::Quaterniond[m[K’ {aka ‘[01m[KEigen::Quaternion<double>[m[K’}) to type ‘[01m[Kstd::thread::id[m[K’
[2.866s]    71 |                 std::cout << [01;36m[Kq[m[K << std::endl;
[2.866s]       |                              [01;36m[K^[m[K
[2.866s] In file included from [01m[K/opt/ros/foxy/include/rclcpp/experimental/buffers/ring_buffer_implementation.hpp:19[m[K,
[2.866s]                  from [01m[K/opt/ros/foxy/include/rclcpp/experimental/create_intra_process_buffer.hpp:25[m[K,
[2.866s]                  from [01m[K/opt/ros/foxy/include/rclcpp/experimental/subscription_intra_process.hpp:29[m[K,
[2.866s]                  from [01m[K/opt/ros/foxy/include/rclcpp/experimental/intra_process_manager.hpp:34[m[K,
[2.866s]                  from [01m[K/opt/ros/foxy/include/rclcpp/subscription_base.hpp:30[m[K,
[2.866s]                  from [01m[K/opt/ros/foxy/include/rclcpp/callback_group.hpp:26[m[K,
[2.866s]                  from [01m[K/opt/ros/foxy/include/rclcpp/any_executable.hpp:20[m[K,
[2.866s]                  from [01m[K/opt/ros/foxy/include/rclcpp/memory_strategy.hpp:24[m[K,
[2.866s]                  from [01m[K/opt/ros/foxy/include/rclcpp/memory_strategies.hpp:18[m[K,
[2.866s]                  from [01m[K/opt/ros/foxy/include/rclcpp/executor_options.hpp:20[m[K,
[2.867s]                  from [01m[K/opt/ros/foxy/include/rclcpp/executor.hpp:33[m[K,
[2.867s]                  from [01m[K/opt/ros/foxy/include/rclcpp/executors/multi_threaded_executor.hpp:26[m[K,
[2.867s]                  from [01m[K/opt/ros/foxy/include/rclcpp/executors.hpp:21[m[K,
[2.867s]                  from [01m[K/opt/ros/foxy/include/rclcpp/rclcpp.hpp:146[m[K,
[2.867s]                  from [01m[K/home/jorge/capture_ws/src/cnn_pkg/src/get_aruco_code.cpp:5[m[K:
[2.867s] [01m[K/usr/include/c++/9/cstddef:130:5:[m[K [01;36m[Knote: [m[Kcandidate: ‘[01m[Ktemplate<class _IntegerType> constexpr std::__byte_op_t<_IntegerType> std::operator<<(std::byte, _IntegerType)[m[K’
[2.867s]   130 |     [01;36m[Koperator[m[K<<(byte __b, _IntegerType __shift) noexcept
[2.867s]       |     [01;36m[K^~~~~~~~[m[K
[2.867s] [01m[K/usr/include/c++/9/cstddef:130:5:[m[K [01;36m[Knote: [m[K  template argument deduction/substitution failed:
[2.867s] [01m[K/home/jorge/capture_ws/src/cnn_pkg/src/get_aruco_code.cpp:71:22:[m[K [01;36m[Knote: [m[K  cannot convert ‘[01m[Kstd::cout[m[K’ (type ‘[01m[Kstd::ostream[m[K’ {aka ‘[01m[Kstd::basic_ostream<char>[m[K’}) to type ‘[01m[Kstd::byte[m[K’
[2.867s]    71 |                 [01;36m[Kstd::cout[m[K << q << std::endl;
[2.867s]       |                 [01;36m[K~~~~~^~~~[m[K
[2.867s] In file included from [01m[K/usr/include/eigen3/Eigen/Core:96[m[K,
[2.868s]                  from [01m[K/usr/include/eigen3/Eigen/Dense:1[m[K,
[2.868s]                  from [01m[K/home/jorge/capture_ws/src/cnn_pkg/src/get_aruco_code.cpp:8[m[K:
[2.868s] [01m[K/usr/include/c++/9/complex:552:5:[m[K [01;36m[Knote: [m[Kcandidate: ‘[01m[Ktemplate<class _Tp, class _CharT, class _Traits> std::basic_ostream<_CharT, _Traits>& std::operator<<(std::basic_ostream<_CharT, _Traits>&, const std::complex<_Tp>&)[m[K’
[2.868s]   552 |     [01;36m[Koperator[m[K<<(basic_ostream<_CharT, _Traits>& __os, const complex<_Tp>& __x)
[2.868s]       |     [01;36m[K^~~~~~~~[m[K
[2.868s] [01m[K/usr/include/c++/9/complex:552:5:[m[K [01;36m[Knote: [m[K  template argument deduction/substitution failed:
[2.868s] [01m[K/home/jorge/capture_ws/src/cnn_pkg/src/get_aruco_code.cpp:71:30:[m[K [01;36m[Knote: [m[K  ‘[01m[KEigen::Quaterniond[m[K’ {aka ‘[01m[KEigen::Quaternion<double>[m[K’} is not derived from ‘[01m[Kconst std::complex<_Tp>[m[K’
[2.868s]    71 |                 std::cout << [01;36m[Kq[m[K << std::endl;
[2.868s]       |                              [01;36m[K^[m[K
[2.868s] In file included from [01m[K/home/jorge/capture_ws/src/cnn_pkg/src/get_aruco_code.cpp:13[m[K:
[2.868s] [01m[K/usr/include/c++/9/iomanip:79:5:[m[K [01;36m[Knote: [m[Kcandidate: ‘[01m[Ktemplate<class _CharT, class _Traits> std::basic_ostream<_CharT, _Traits>& std::operator<<(std::basic_ostream<_CharT, _Traits>&, std::_Resetiosflags)[m[K’
[2.869s]    79 |     [01;36m[Koperator[m[K<<(basic_ostream<_CharT, _Traits>& __os, _Resetiosflags __f)
[2.869s]       |     [01;36m[K^~~~~~~~[m[K
[2.869s] [01m[K/usr/include/c++/9/iomanip:79:5:[m[K [01;36m[Knote: [m[K  template argument deduction/substitution failed:
[2.869s] [01m[K/home/jorge/capture_ws/src/cnn_pkg/src/get_aruco_code.cpp:71:30:[m[K [01;36m[Knote: [m[K  cannot convert ‘[01m[Kq[m[K’ (type ‘[01m[KEigen::Quaterniond[m[K’ {aka ‘[01m[KEigen::Quaternion<double>[m[K’}) to type ‘[01m[Kstd::_Resetiosflags[m[K’
[2.869s]    71 |                 std::cout << [01;36m[Kq[m[K << std::endl;
[2.869s]       |                              [01;36m[K^[m[K
[2.869s] In file included from [01m[K/home/jorge/capture_ws/src/cnn_pkg/src/get_aruco_code.cpp:13[m[K:
[2.869s] [01m[K/usr/include/c++/9/iomanip:109:5:[m[K [01;36m[Knote: [m[Kcandidate: ‘[01m[Ktemplate<class _CharT, class _Traits> std::basic_ostream<_CharT, _Traits>& std::operator<<(std::basic_ostream<_CharT, _Traits>&, std::_Setiosflags)[m[K’
[2.869s]   109 |     [01;36m[Koperator[m[K<<(basic_ostream<_CharT, _Traits>& __os, _Setiosflags __f)
[2.869s]       |     [01;36m[K^~~~~~~~[m[K
[2.869s] [01m[K/usr/include/c++/9/iomanip:109:5:[m[K [01;36m[Knote: [m[K  template argument deduction/substitution failed:
[2.869s] [01m[K/home/jorge/capture_ws/src/cnn_pkg/src/get_aruco_code.cpp:71:30:[m[K [01;36m[Knote: [m[K  cannot convert ‘[01m[Kq[m[K’ (type ‘[01m[KEigen::Quaterniond[m[K’ {aka ‘[01m[KEigen::Quaternion<double>[m[K’}) to type ‘[01m[Kstd::_Setiosflags[m[K’
[2.869s]    71 |                 std::cout << [01;36m[Kq[m[K << std::endl;
[2.870s]       |                              [01;36m[K^[m[K
[2.870s] In file included from [01m[K/home/jorge/capture_ws/src/cnn_pkg/src/get_aruco_code.cpp:13[m[K:
[2.870s] [01m[K/usr/include/c++/9/iomanip:143:5:[m[K [01;36m[Knote: [m[Kcandidate: ‘[01m[Ktemplate<class _CharT, class _Traits> std::basic_ostream<_CharT, _Traits>& std::operator<<(std::basic_ostream<_CharT, _Traits>&, std::_Setbase)[m[K’
[2.870s]   143 |     [01;36m[Koperator[m[K<<(basic_ostream<_CharT, _Traits>& __os, _Setbase __f)
[2.870s]       |     [01;36m[K^~~~~~~~[m[K
[2.870s] [01m[K/usr/include/c++/9/iomanip:143:5:[m[K [01;36m[Knote: [m[K  template argument deduction/substitution failed:
[2.870s] [01m[K/home/jorge/capture_ws/src/cnn_pkg/src/get_aruco_code.cpp:71:30:[m[K [01;36m[Knote: [m[K  cannot convert ‘[01m[Kq[m[K’ (type ‘[01m[KEigen::Quaterniond[m[K’ {aka ‘[01m[KEigen::Quaternion<double>[m[K’}) to type ‘[01m[Kstd::_Setbase[m[K’
[2.870s]    71 |                 std::cout << [01;36m[Kq[m[K << std::endl;
[2.870s]       |                              [01;36m[K^[m[K
[2.870s] In file included from [01m[K/home/jorge/capture_ws/src/cnn_pkg/src/get_aruco_code.cpp:13[m[K:
[2.870s] [01m[K/usr/include/c++/9/iomanip:178:5:[m[K [01;36m[Knote: [m[Kcandidate: ‘[01m[Ktemplate<class _CharT, class _Traits> std::basic_ostream<_CharT, _Traits>& std::operator<<(std::basic_ostream<_CharT, _Traits>&, std::_Setfill<_CharT>)[m[K’
[2.871s]   178 |     [01;36m[Koperator[m[K<<(basic_ostream<_CharT, _Traits>& __os, _Setfill<_CharT> __f)
[2.871s]       |     [01;36m[K^~~~~~~~[m[K
[2.871s] [01m[K/usr/include/c++/9/iomanip:178:5:[m[K [01;36m[Knote: [m[K  template argument deduction/substitution failed:
[2.871s] [01m[K/home/jorge/capture_ws/src/cnn_pkg/src/get_aruco_code.cpp:71:30:[m[K [01;36m[Knote: [m[K  ‘[01m[KEigen::Quaternion<double>[m[K’ is not derived from ‘[01m[Kstd::_Setfill<_CharT>[m[K’
[2.871s]    71 |                 std::cout << [01;36m[Kq[m[K << std::endl;
[2.871s]       |                              [01;36m[K^[m[K
[2.871s] In file included from [01m[K/home/jorge/capture_ws/src/cnn_pkg/src/get_aruco_code.cpp:13[m[K:
[2.871s] [01m[K/usr/include/c++/9/iomanip:208:5:[m[K [01;36m[Knote: [m[Kcandidate: ‘[01m[Ktemplate<class _CharT, class _Traits> std::basic_ostream<_CharT, _Traits>& std::operator<<(std::basic_ostream<_CharT, _Traits>&, std::_Setprecision)[m[K’
[2.871s]   208 |     [01;36m[Koperator[m[K<<(basic_ostream<_CharT, _Traits>& __os, _Setprecision __f)
[2.871s]       |     [01;36m[K^~~~~~~~[m[K
[2.872s] [01m[K/usr/include/c++/9/iomanip:208:5:[m[K [01;36m[Knote: [m[K  template argument deduction/substitution failed:
[2.872s] [01m[K/home/jorge/capture_ws/src/cnn_pkg/src/get_aruco_code.cpp:71:30:[m[K [01;36m[Knote: [m[K  cannot convert ‘[01m[Kq[m[K’ (type ‘[01m[KEigen::Quaterniond[m[K’ {aka ‘[01m[KEigen::Quaternion<double>[m[K’}) to type ‘[01m[Kstd::_Setprecision[m[K’
[2.872s]    71 |                 std::cout << [01;36m[Kq[m[K << std::endl;
[2.872s]       |                              [01;36m[K^[m[K
[2.872s] In file included from [01m[K/home/jorge/capture_ws/src/cnn_pkg/src/get_aruco_code.cpp:13[m[K:
[2.872s] [01m[K/usr/include/c++/9/iomanip:238:5:[m[K [01;36m[Knote: [m[Kcandidate: ‘[01m[Ktemplate<class _CharT, class _Traits> std::basic_ostream<_CharT, _Traits>& std::operator<<(std::basic_ostream<_CharT, _Traits>&, std::_Setw)[m[K’
[2.872s]   238 |     [01;36m[Koperator[m[K<<(basic_ostream<_CharT, _Traits>& __os, _Setw __f)
[2.872s]       |     [01;36m[K^~~~~~~~[m[K
[2.872s] [01m[K/usr/include/c++/9/iomanip:238:5:[m[K [01;36m[Knote: [m[K  template argument deduction/substitution failed:
[2.872s] [01m[K/home/jorge/capture_ws/src/cnn_pkg/src/get_aruco_code.cpp:71:30:[m[K [01;36m[Knote: [m[K  cannot convert ‘[01m[Kq[m[K’ (type ‘[01m[KEigen::Quaterniond[m[K’ {aka ‘[01m[KEigen::Quaternion<double>[m[K’}) to type ‘[01m[Kstd::_Setw[m[K’
[2.872s]    71 |                 std::cout << [01;36m[Kq[m[K << std::endl;
[2.872s]       |                              [01;36m[K^[m[K
[2.873s] In file included from [01m[K/home/jorge/capture_ws/src/cnn_pkg/src/get_aruco_code.cpp:13[m[K:
[2.873s] [01m[K/usr/include/c++/9/iomanip:311:5:[m[K [01;36m[Knote: [m[Kcandidate: ‘[01m[Ktemplate<class _CharT, class _Traits, class _MoneyT> std::basic_ostream<_CharT, _Traits>& std::operator<<(std::basic_ostream<_CharT, _Traits>&, std::_Put_money<_MoneyT>)[m[K’
[2.873s]   311 |     [01;36m[Koperator[m[K<<(basic_ostream<_CharT, _Traits>& __os, _Put_money<_MoneyT> __f)
[2.873s]       |     [01;36m[K^~~~~~~~[m[K
[2.873s] [01m[K/usr/include/c++/9/iomanip:311:5:[m[K [01;36m[Knote: [m[K  template argument deduction/substitution failed:
[2.873s] [01m[K/home/jorge/capture_ws/src/cnn_pkg/src/get_aruco_code.cpp:71:30:[m[K [01;36m[Knote: [m[K  ‘[01m[KEigen::Quaternion<double>[m[K’ is not derived from ‘[01m[Kstd::_Put_money<_MoneyT>[m[K’
[2.873s]    71 |                 std::cout << [01;36m[Kq[m[K << std::endl;
[2.873s]       |                              [01;36m[K^[m[K
[2.873s] In file included from [01m[K/home/jorge/capture_ws/src/cnn_pkg/src/get_aruco_code.cpp:13[m[K:
[2.873s] [01m[K/usr/include/c++/9/iomanip:363:5:[m[K [01;36m[Knote: [m[Kcandidate: ‘[01m[Ktemplate<class _CharT, class _Traits> std::basic_ostream<_CharT, _Traits>& std::operator<<(std::basic_ostream<_CharT, _Traits>&, std::_Put_time<_CharT>)[m[K’
[2.873s]   363 |     [01;36m[Koperator[m[K<<(basic_ostream<_CharT, _Traits>& __os, _Put_time<_CharT> __f)
[2.873s]       |     [01;36m[K^~~~~~~~[m[K
[2.873s] [01m[K/usr/include/c++/9/iomanip:363:5:[m[K [01;36m[Knote: [m[K  template argument deduction/substitution failed:
[2.874s] [01m[K/home/jorge/capture_ws/src/cnn_pkg/src/get_aruco_code.cpp:71:30:[m[K [01;36m[Knote: [m[K  ‘[01m[KEigen::Quaternion<double>[m[K’ is not derived from ‘[01m[Kstd::_Put_time<_CharT>[m[K’
[2.874s]    71 |                 std::cout << [01;36m[Kq[m[K << std::endl;
[2.874s]       |                              [01;36m[K^[m[K
[3.434s] [01m[K/home/jorge/capture_ws/src/cnn_pkg/src/send_frames_code.cpp:[m[K In member function ‘[01m[Kvoid SendFramesNode::publishImage()[m[K’:
[3.434s] [01m[K/home/jorge/capture_ws/src/cnn_pkg/src/send_frames_code.cpp:47:19:[m[K [01;35m[Kwarning: [m[Kcomparison of integer expressions of different signedness: ‘[01m[Kint[m[K’ and ‘[01m[Kstd::vector<std::__cxx11::basic_string<char> >::size_type[m[K’ {aka ‘[01m[Klong unsigned int[m[K’} [[01;35m[K-Wsign-compare[m[K]
[3.435s]    47 |         if ([01;35m[Kcount < files.size()[m[K) {
[3.435s]       |             [01;35m[K~~~~~~^~~~~~~~~~~~~~[m[K
[4.683s] make[2]: *** [CMakeFiles/get_aruco_exe.dir/build.make:63: CMakeFiles/get_aruco_exe.dir/src/get_aruco_code.cpp.o] Error 1
[4.683s] make[1]: *** [CMakeFiles/Makefile2:194: CMakeFiles/get_aruco_exe.dir/all] Error 2
[4.683s] make[1]: *** Waiting for unfinished jobs....
[6.487s] [ 90%] [32m[1mLinking CXX executable send_frames_exe[0m
[7.183s] [ 90%] Built target send_frames_exe
[7.185s] make: *** [Makefile:141: all] Error 2
[7.188s] Invoked command in '/home/jorge/capture_ws/build/cnn_pkg' returned '2': CMAKE_PREFIX_PATH=/home/jorge/capture_ws/install/ros2_aruco_interfaces:/home/jorge/capture_ws/install/cnn_pkg:/home/jorge/capture_ws/install/realsense2_description:/home/jorge/capture_ws/install/realsense2_camera:/home/jorge/capture_ws/install/realsense2_camera_msgs:/home/jorge/capture_ws/install/dnn_pkg:/home/jorge/capture_ws/install/alg1_pkg:/home/jorge/capture_ws/install/ros2_aruco:/opt/ros/foxy /usr/bin/cmake --build /home/jorge/capture_ws/build/cnn_pkg -- -j8 -l8
