[0.043s] Invoking command in '/home/jorge/capture_ws/build/dnn_pkg': CMAKE_PREFIX_PATH=${CMAKE_PREFIX_PATH}:/home/jorge/capture_ws/install/ros2_aruco:/opt/ros/foxy /usr/bin/cmake /home/jorge/capture_ws/src/dnn_pkg -DCMAKE_INSTALL_PREFIX=/home/jorge/capture_ws/install/dnn_pkg
[0.487s] -- The C compiler identification is GNU 9.4.0
[0.488s] -- The CXX compiler identification is GNU 9.4.0
[0.488s] -- Check for working C compiler: /usr/bin/cc
[0.550s] -- Check for working C compiler: /usr/bin/cc -- works
[0.551s] -- Detecting C compiler ABI info
[0.675s] -- Detecting C compiler ABI info - done
[0.693s] -- Detecting C compile features
[0.695s] -- Detecting C compile features - done
[0.700s] -- Check for working CXX compiler: /usr/bin/c++
[0.827s] -- Check for working CXX compiler: /usr/bin/c++ -- works
[0.828s] -- Detecting CXX compiler ABI info
[0.962s] -- Detecting CXX compiler ABI info - done
[1.011s] -- Detecting CXX compile features
[1.012s] -- Detecting CXX compile features - done
[1.046s] -- Found OpenCV: /usr (found version "4.2.0") 
[1.049s] -- Found ament_cmake: 0.9.12 (/opt/ros/foxy/share/ament_cmake/cmake)
[1.087s] -- Found PythonInterp: /usr/bin/python3 (found suitable version "3.8.10", minimum required is "3") 
[1.087s] -- Using PYTHON_EXECUTABLE: /usr/bin/python3
[1.535s] -- Found rclcpp: 2.4.3 (/opt/ros/foxy/share/rclcpp/cmake)
[1.622s] -- Using all available rosidl_typesupport_c: rosidl_typesupport_fastrtps_c;rosidl_typesupport_introspection_c
[1.635s] -- Found rosidl_adapter: 1.3.1 (/opt/ros/foxy/share/rosidl_adapter/cmake)
[1.760s] -- Found OpenSSL: /usr/lib/x86_64-linux-gnu/libcrypto.so (found version "1.1.1f")  
[1.821s] -- Found FastRTPS: /opt/ros/foxy/include  
[1.945s] -- Using all available rosidl_typesupport_cpp: rosidl_typesupport_fastrtps_cpp;rosidl_typesupport_introspection_cpp
[2.041s] -- Found rmw_implementation_cmake: 1.0.4 (/opt/ros/foxy/share/rmw_implementation_cmake/cmake)
[2.044s] -- Using RMW implementation 'rmw_fastrtps_cpp' as default
[2.046s] -- Looking for pthread.h
[2.140s] -- Looking for pthread.h - found
[2.140s] -- Performing Test CMAKE_HAVE_LIBC_PTHREAD
[2.234s] -- Performing Test CMAKE_HAVE_LIBC_PTHREAD - Failed
[2.234s] -- Looking for pthread_create in pthreads
[2.305s] -- Looking for pthread_create in pthreads - not found
[2.305s] -- Looking for pthread_create in pthread
[2.397s] -- Looking for pthread_create in pthread - found
[2.398s] -- Found Threads: TRUE  
[2.651s] -- Found cv_bridge: 3.0.7 (/opt/ros/foxy/share/cv_bridge/cmake)
[2.950s] -- Configuring done
[2.979s] -- Generating done
[2.981s] -- Build files have been written to: /home/jorge/capture_ws/build/dnn_pkg
[2.993s] Invoked command in '/home/jorge/capture_ws/build/dnn_pkg' returned '0': CMAKE_PREFIX_PATH=${CMAKE_PREFIX_PATH}:/home/jorge/capture_ws/install/ros2_aruco:/opt/ros/foxy /usr/bin/cmake /home/jorge/capture_ws/src/dnn_pkg -DCMAKE_INSTALL_PREFIX=/home/jorge/capture_ws/install/dnn_pkg
[2.998s] Invoking command in '/home/jorge/capture_ws/build/dnn_pkg': CMAKE_PREFIX_PATH=${CMAKE_PREFIX_PATH}:/home/jorge/capture_ws/install/ros2_aruco:/opt/ros/foxy /usr/bin/cmake --build /home/jorge/capture_ws/build/dnn_pkg -- -j8 -l8
[3.066s] [35m[1mScanning dependencies of target dnn_exe[0m
[3.304s] [ 50%] [32mBuilding CXX object CMakeFiles/dnn_exe.dir/src/dnn_code.cpp.o[0m
[18.245s] [100%] [32m[1mLinking CXX executable dnn_exe[0m
[20.446s] [100%] Built target dnn_exe
[20.493s] Invoked command in '/home/jorge/capture_ws/build/dnn_pkg' returned '0': CMAKE_PREFIX_PATH=${CMAKE_PREFIX_PATH}:/home/jorge/capture_ws/install/ros2_aruco:/opt/ros/foxy /usr/bin/cmake --build /home/jorge/capture_ws/build/dnn_pkg -- -j8 -l8
[20.881s] Invoking command in '/home/jorge/capture_ws/build/dnn_pkg': CMAKE_PREFIX_PATH=${CMAKE_PREFIX_PATH}:/home/jorge/capture_ws/install/ros2_aruco:/opt/ros/foxy /usr/bin/cmake --install /home/jorge/capture_ws/build/dnn_pkg
[20.906s] -- Install configuration: ""
[20.907s] -- Installing: /home/jorge/capture_ws/install/dnn_pkg/lib/dnn_pkg/dnn_exe
[20.911s] -- Set runtime path of "/home/jorge/capture_ws/install/dnn_pkg/lib/dnn_pkg/dnn_exe" to ""
[20.911s] -- Installing: /home/jorge/capture_ws/install/dnn_pkg/share/ament_index/resource_index/package_run_dependencies/dnn_pkg
[20.918s] -- Installing: /home/jorge/capture_ws/install/dnn_pkg/share/ament_index/resource_index/parent_prefix_path/dnn_pkg
[20.926s] -- Installing: /home/jorge/capture_ws/install/dnn_pkg/share/dnn_pkg/environment/ament_prefix_path.sh
[20.926s] -- Installing: /home/jorge/capture_ws/install/dnn_pkg/share/dnn_pkg/environment/ament_prefix_path.dsv
[20.934s] -- Installing: /home/jorge/capture_ws/install/dnn_pkg/share/dnn_pkg/environment/path.sh
[20.934s] -- Installing: /home/jorge/capture_ws/install/dnn_pkg/share/dnn_pkg/environment/path.dsv
[20.935s] -- Installing: /home/jorge/capture_ws/install/dnn_pkg/share/dnn_pkg/local_setup.bash
[20.935s] -- Installing: /home/jorge/capture_ws/install/dnn_pkg/share/dnn_pkg/local_setup.sh
[20.935s] -- Installing: /home/jorge/capture_ws/install/dnn_pkg/share/dnn_pkg/local_setup.zsh
[20.936s] -- Installing: /home/jorge/capture_ws/install/dnn_pkg/share/dnn_pkg/local_setup.dsv
[20.936s] -- Installing: /home/jorge/capture_ws/install/dnn_pkg/share/dnn_pkg/package.dsv
[20.937s] -- Installing: /home/jorge/capture_ws/install/dnn_pkg/share/ament_index/resource_index/packages/dnn_pkg
[20.937s] -- Installing: /home/jorge/capture_ws/install/dnn_pkg/share/dnn_pkg/cmake/dnn_pkgConfig.cmake
[20.937s] -- Installing: /home/jorge/capture_ws/install/dnn_pkg/share/dnn_pkg/cmake/dnn_pkgConfig-version.cmake
[20.938s] -- Installing: /home/jorge/capture_ws/install/dnn_pkg/share/dnn_pkg/package.xml
[20.943s] Invoked command in '/home/jorge/capture_ws/build/dnn_pkg' returned '0': CMAKE_PREFIX_PATH=${CMAKE_PREFIX_PATH}:/home/jorge/capture_ws/install/ros2_aruco:/opt/ros/foxy /usr/bin/cmake --install /home/jorge/capture_ws/build/dnn_pkg
