[1.381s] Invoking command in '/home/jorge/capture_ws/src/ros2_aruco/ros2_aruco': PYTHONPATH=/home/jorge/capture_ws/build/ros2_aruco/prefix_override:/home/jorge/capture_ws/install/ros2_aruco/lib/python3.8/site-packages:${PYTHONPATH} /usr/bin/python3 -W ignore:setup.py install is deprecated setup.py egg_info --egg-base ../../../build/ros2_aruco build --build-base /home/jorge/capture_ws/build/ros2_aruco/build install --record /home/jorge/capture_ws/build/ros2_aruco/install.log --single-version-externally-managed install_data
[1.681s] running egg_info
[1.681s] writing ../../../build/ros2_aruco/ros2_aruco.egg-info/PKG-INFO
[1.681s] writing dependency_links to ../../../build/ros2_aruco/ros2_aruco.egg-info/dependency_links.txt
[1.681s] writing entry points to ../../../build/ros2_aruco/ros2_aruco.egg-info/entry_points.txt
[1.682s] writing requirements to ../../../build/ros2_aruco/ros2_aruco.egg-info/requires.txt
[1.682s] writing top-level names to ../../../build/ros2_aruco/ros2_aruco.egg-info/top_level.txt
[1.719s] reading manifest file '../../../build/ros2_aruco/ros2_aruco.egg-info/SOURCES.txt'
[1.720s] writing manifest file '../../../build/ros2_aruco/ros2_aruco.egg-info/SOURCES.txt'
[1.720s] running build
[1.720s] running build_py
[1.720s] copying ros2_aruco/aruco_node.py -> /home/jorge/capture_ws/build/ros2_aruco/build/lib/ros2_aruco
[1.720s] running install
[1.721s] running install_lib
[1.722s] copying /home/jorge/capture_ws/build/ros2_aruco/build/lib/ros2_aruco/aruco_node.py -> /home/jorge/capture_ws/install/ros2_aruco/lib/python3.8/site-packages/ros2_aruco
[1.723s] byte-compiling /home/jorge/capture_ws/install/ros2_aruco/lib/python3.8/site-packages/ros2_aruco/aruco_node.py to aruco_node.cpython-38.pyc
[1.725s] running install_data
[1.726s] running install_egg_info
[1.727s] removing '/home/jorge/capture_ws/install/ros2_aruco/lib/python3.8/site-packages/ros2_aruco-0.1.0-py3.8.egg-info' (and everything under it)
[1.728s] Copying ../../../build/ros2_aruco/ros2_aruco.egg-info to /home/jorge/capture_ws/install/ros2_aruco/lib/python3.8/site-packages/ros2_aruco-0.1.0-py3.8.egg-info
[1.729s] running install_scripts
[1.747s] Installing aruco_generate_marker script to /home/jorge/capture_ws/install/ros2_aruco/lib/ros2_aruco
[1.747s] Installing aruco_node script to /home/jorge/capture_ws/install/ros2_aruco/lib/ros2_aruco
[1.747s] writing list of installed files to '/home/jorge/capture_ws/build/ros2_aruco/install.log'
[1.770s] Invoked command in '/home/jorge/capture_ws/src/ros2_aruco/ros2_aruco' returned '0': PYTHONPATH=/home/jorge/capture_ws/build/ros2_aruco/prefix_override:/home/jorge/capture_ws/install/ros2_aruco/lib/python3.8/site-packages:${PYTHONPATH} /usr/bin/python3 -W ignore:setup.py install is deprecated setup.py egg_info --egg-base ../../../build/ros2_aruco build --build-base /home/jorge/capture_ws/build/ros2_aruco/build install --record /home/jorge/capture_ws/build/ros2_aruco/install.log --single-version-externally-managed install_data
