[0.139s] Invoking command in '/home/jorge/capture_ws/build/ros2_aruco_interfaces': CMAKE_PREFIX_PATH=${CMAKE_PREFIX_PATH}:/home/jorge/capture_ws/install/ros2_aruco:/opt/ros/foxy /usr/bin/cmake --build /home/jorge/capture_ws/build/ros2_aruco_interfaces -- -j8 -l8
[0.601s] [  3%] Built target ros2_aruco_interfaces__cpp
[0.602s] [ 12%] Built target ros2_aruco_interfaces__rosidl_generator_c
[0.603s] [ 22%] Built target ros2_aruco_interfaces__rosidl_typesupport_cpp
[0.605s] [ 32%] Built target ros2_aruco_interfaces__rosidl_typesupport_introspection_cpp
[0.606s] [ 41%] Built target ros2_aruco_interfaces__rosidl_typesupport_introspection_c
[0.607s] [ 51%] Built target ros2_aruco_interfaces__rosidl_typesupport_fastrtps_cpp
[0.607s] [ 61%] Built target ros2_aruco_interfaces__rosidl_typesupport_c
[0.610s] [ 70%] Built target ros2_aruco_interfaces__rosidl_typesupport_fastrtps_c
[0.611s] [ 70%] Built target ros2_aruco_interfaces
[0.611s] [ 74%] Built target ros2_aruco_interfaces__py
[0.611s] [ 80%] Built target ros2_aruco_interfaces__python
[0.613s] [ 87%] Built target ros2_aruco_interfaces__rosidl_typesupport_c__pyext
[0.613s] [100%] Built target ros2_aruco_interfaces__rosidl_typesupport_fastrtps_c__pyext
[0.614s] [100%] Built target ros2_aruco_interfaces__rosidl_typesupport_introspection_c__pyext
[0.618s] Invoked command in '/home/jorge/capture_ws/build/ros2_aruco_interfaces' returned '0': CMAKE_PREFIX_PATH=${CMAKE_PREFIX_PATH}:/home/jorge/capture_ws/install/ros2_aruco:/opt/ros/foxy /usr/bin/cmake --build /home/jorge/capture_ws/build/ros2_aruco_interfaces -- -j8 -l8
[0.699s] Invoking command in '/home/jorge/capture_ws/build/ros2_aruco_interfaces': CMAKE_PREFIX_PATH=${CMAKE_PREFIX_PATH}:/home/jorge/capture_ws/install/ros2_aruco:/opt/ros/foxy /usr/bin/cmake --install /home/jorge/capture_ws/build/ros2_aruco_interfaces
[0.717s] -- Install configuration: ""
[0.717s] -- Up-to-date: /home/jorge/capture_ws/install/ros2_aruco_interfaces/share/ament_index/resource_index/rosidl_interfaces/ros2_aruco_interfaces
[0.717s] -- Up-to-date: /home/jorge/capture_ws/install/ros2_aruco_interfaces/include/ros2_aruco_interfaces
[0.717s] -- Up-to-date: /home/jorge/capture_ws/install/ros2_aruco_interfaces/include/ros2_aruco_interfaces/msg
[0.717s] -- Up-to-date: /home/jorge/capture_ws/install/ros2_aruco_interfaces/include/ros2_aruco_interfaces/msg/detail
[0.718s] -- Up-to-date: /home/jorge/capture_ws/install/ros2_aruco_interfaces/include/ros2_aruco_interfaces/msg/detail/aruco_markers__type_support.h
[0.718s] -- Up-to-date: /home/jorge/capture_ws/install/ros2_aruco_interfaces/include/ros2_aruco_interfaces/msg/detail/aruco_markers__struct.h
[0.718s] -- Up-to-date: /home/jorge/capture_ws/install/ros2_aruco_interfaces/include/ros2_aruco_interfaces/msg/detail/aruco_markers__functions.h
[0.718s] -- Up-to-date: /home/jorge/capture_ws/install/ros2_aruco_interfaces/include/ros2_aruco_interfaces/msg/detail/aruco_markers__functions.c
[0.718s] -- Up-to-date: /home/jorge/capture_ws/install/ros2_aruco_interfaces/include/ros2_aruco_interfaces/msg/rosidl_generator_c__visibility_control.h
[0.718s] -- Up-to-date: /home/jorge/capture_ws/install/ros2_aruco_interfaces/include/ros2_aruco_interfaces/msg/aruco_markers.h
[0.719s] -- Up-to-date: /home/jorge/capture_ws/install/ros2_aruco_interfaces/share/ros2_aruco_interfaces/environment/library_path.sh
[0.719s] -- Up-to-date: /home/jorge/capture_ws/install/ros2_aruco_interfaces/share/ros2_aruco_interfaces/environment/library_path.dsv
[0.719s] -- Up-to-date: /home/jorge/capture_ws/install/ros2_aruco_interfaces/lib/libros2_aruco_interfaces__rosidl_generator_c.so
[0.719s] -- Up-to-date: /home/jorge/capture_ws/install/ros2_aruco_interfaces/include/ros2_aruco_interfaces
[0.720s] -- Up-to-date: /home/jorge/capture_ws/install/ros2_aruco_interfaces/include/ros2_aruco_interfaces/msg
[0.720s] -- Up-to-date: /home/jorge/capture_ws/install/ros2_aruco_interfaces/include/ros2_aruco_interfaces/msg/detail
[0.720s] -- Up-to-date: /home/jorge/capture_ws/install/ros2_aruco_interfaces/include/ros2_aruco_interfaces/msg/detail/aruco_markers__rosidl_typesupport_fastrtps_c.h
[0.720s] -- Up-to-date: /home/jorge/capture_ws/install/ros2_aruco_interfaces/include/ros2_aruco_interfaces/msg/rosidl_typesupport_fastrtps_c__visibility_control.h
[0.720s] -- Up-to-date: /home/jorge/capture_ws/install/ros2_aruco_interfaces/lib/libros2_aruco_interfaces__rosidl_typesupport_fastrtps_c.so
[0.721s] -- Up-to-date: /home/jorge/capture_ws/install/ros2_aruco_interfaces/include/ros2_aruco_interfaces
[0.721s] -- Up-to-date: /home/jorge/capture_ws/install/ros2_aruco_interfaces/include/ros2_aruco_interfaces/msg
[0.721s] -- Up-to-date: /home/jorge/capture_ws/install/ros2_aruco_interfaces/include/ros2_aruco_interfaces/msg/detail
[0.721s] -- Up-to-date: /home/jorge/capture_ws/install/ros2_aruco_interfaces/include/ros2_aruco_interfaces/msg/detail/aruco_markers__rosidl_typesupport_fastrtps_cpp.hpp
[0.721s] -- Up-to-date: /home/jorge/capture_ws/install/ros2_aruco_interfaces/include/ros2_aruco_interfaces/msg/detail/dds_fastrtps
[0.721s] -- Up-to-date: /home/jorge/capture_ws/install/ros2_aruco_interfaces/include/ros2_aruco_interfaces/msg/rosidl_typesupport_fastrtps_cpp__visibility_control.h
[0.722s] -- Up-to-date: /home/jorge/capture_ws/install/ros2_aruco_interfaces/lib/libros2_aruco_interfaces__rosidl_typesupport_fastrtps_cpp.so
[0.722s] -- Up-to-date: /home/jorge/capture_ws/install/ros2_aruco_interfaces/include/ros2_aruco_interfaces
[0.722s] -- Up-to-date: /home/jorge/capture_ws/install/ros2_aruco_interfaces/include/ros2_aruco_interfaces/msg
[0.722s] -- Up-to-date: /home/jorge/capture_ws/install/ros2_aruco_interfaces/include/ros2_aruco_interfaces/msg/detail
[0.723s] -- Up-to-date: /home/jorge/capture_ws/install/ros2_aruco_interfaces/include/ros2_aruco_interfaces/msg/detail/aruco_markers__rosidl_typesupport_introspection_c.h
[0.725s] -- Up-to-date: /home/jorge/capture_ws/install/ros2_aruco_interfaces/include/ros2_aruco_interfaces/msg/detail/aruco_markers__type_support.c
[0.726s] -- Up-to-date: /home/jorge/capture_ws/install/ros2_aruco_interfaces/include/ros2_aruco_interfaces/msg/rosidl_typesupport_introspection_c__visibility_control.h
[0.727s] -- Up-to-date: /home/jorge/capture_ws/install/ros2_aruco_interfaces/lib/libros2_aruco_interfaces__rosidl_typesupport_introspection_c.so
[0.727s] -- Up-to-date: /home/jorge/capture_ws/install/ros2_aruco_interfaces/lib/libros2_aruco_interfaces__rosidl_typesupport_c.so
[0.730s] -- Up-to-date: /home/jorge/capture_ws/install/ros2_aruco_interfaces/include/ros2_aruco_interfaces
[0.730s] -- Up-to-date: /home/jorge/capture_ws/install/ros2_aruco_interfaces/include/ros2_aruco_interfaces/msg
[0.730s] -- Up-to-date: /home/jorge/capture_ws/install/ros2_aruco_interfaces/include/ros2_aruco_interfaces/msg/detail
[0.731s] -- Up-to-date: /home/jorge/capture_ws/install/ros2_aruco_interfaces/include/ros2_aruco_interfaces/msg/detail/aruco_markers__struct.hpp
[0.731s] -- Up-to-date: /home/jorge/capture_ws/install/ros2_aruco_interfaces/include/ros2_aruco_interfaces/msg/detail/aruco_markers__traits.hpp
[0.732s] -- Up-to-date: /home/jorge/capture_ws/install/ros2_aruco_interfaces/include/ros2_aruco_interfaces/msg/detail/aruco_markers__builder.hpp
[0.732s] -- Up-to-date: /home/jorge/capture_ws/install/ros2_aruco_interfaces/include/ros2_aruco_interfaces/msg/detail/aruco_markers__type_support.hpp
[0.732s] -- Up-to-date: /home/jorge/capture_ws/install/ros2_aruco_interfaces/include/ros2_aruco_interfaces/msg/rosidl_generator_cpp__visibility_control.hpp
[0.732s] -- Up-to-date: /home/jorge/capture_ws/install/ros2_aruco_interfaces/include/ros2_aruco_interfaces/msg/aruco_markers.hpp
[0.733s] -- Up-to-date: /home/jorge/capture_ws/install/ros2_aruco_interfaces/include/ros2_aruco_interfaces
[0.733s] -- Up-to-date: /home/jorge/capture_ws/install/ros2_aruco_interfaces/include/ros2_aruco_interfaces/msg
[0.733s] -- Up-to-date: /home/jorge/capture_ws/install/ros2_aruco_interfaces/include/ros2_aruco_interfaces/msg/detail
[0.733s] -- Up-to-date: /home/jorge/capture_ws/install/ros2_aruco_interfaces/include/ros2_aruco_interfaces/msg/detail/aruco_markers__type_support.cpp
[0.733s] -- Up-to-date: /home/jorge/capture_ws/install/ros2_aruco_interfaces/include/ros2_aruco_interfaces/msg/detail/aruco_markers__rosidl_typesupport_introspection_cpp.hpp
[0.733s] -- Up-to-date: /home/jorge/capture_ws/install/ros2_aruco_interfaces/lib/libros2_aruco_interfaces__rosidl_typesupport_introspection_cpp.so
[0.734s] -- Up-to-date: /home/jorge/capture_ws/install/ros2_aruco_interfaces/lib/libros2_aruco_interfaces__rosidl_typesupport_cpp.so
[0.734s] -- Up-to-date: /home/jorge/capture_ws/install/ros2_aruco_interfaces/share/ros2_aruco_interfaces/environment/pythonpath.sh
[0.734s] -- Up-to-date: /home/jorge/capture_ws/install/ros2_aruco_interfaces/share/ros2_aruco_interfaces/environment/pythonpath.dsv
[0.734s] -- Up-to-date: /home/jorge/capture_ws/install/ros2_aruco_interfaces/lib/python3.8/site-packages/ros2_aruco_interfaces/__init__.py
[0.781s] -- Up-to-date: /home/jorge/capture_ws/install/ros2_aruco_interfaces/lib/python3.8/site-packages/ros2_aruco_interfaces/msg
[0.781s] -- Up-to-date: /home/jorge/capture_ws/install/ros2_aruco_interfaces/lib/python3.8/site-packages/ros2_aruco_interfaces/msg/__init__.py
[0.781s] -- Up-to-date: /home/jorge/capture_ws/install/ros2_aruco_interfaces/lib/python3.8/site-packages/ros2_aruco_interfaces/msg/_aruco_markers.py
[0.783s] -- Up-to-date: /home/jorge/capture_ws/install/ros2_aruco_interfaces/lib/python3.8/site-packages/ros2_aruco_interfaces/msg/_aruco_markers_s.c
[0.784s] -- Up-to-date: /home/jorge/capture_ws/install/ros2_aruco_interfaces/lib/python3.8/site-packages/ros2_aruco_interfaces/ros2_aruco_interfaces_s__rosidl_typesupport_fastrtps_c.cpython-38-x86_64-linux-gnu.so
[0.786s] -- Up-to-date: /home/jorge/capture_ws/install/ros2_aruco_interfaces/lib/python3.8/site-packages/ros2_aruco_interfaces/ros2_aruco_interfaces_s__rosidl_typesupport_introspection_c.cpython-38-x86_64-linux-gnu.so
[0.788s] -- Up-to-date: /home/jorge/capture_ws/install/ros2_aruco_interfaces/lib/python3.8/site-packages/ros2_aruco_interfaces/ros2_aruco_interfaces_s__rosidl_typesupport_c.cpython-38-x86_64-linux-gnu.so
[0.792s] -- Up-to-date: /home/jorge/capture_ws/install/ros2_aruco_interfaces/lib/libros2_aruco_interfaces__python.so
[0.794s] -- Up-to-date: /home/jorge/capture_ws/install/ros2_aruco_interfaces/share/ros2_aruco_interfaces/msg/ArucoMarkers.idl
[0.795s] -- Up-to-date: /home/jorge/capture_ws/install/ros2_aruco_interfaces/share/ros2_aruco_interfaces/msg/ArucoMarkers.msg
[0.795s] -- Up-to-date: /home/jorge/capture_ws/install/ros2_aruco_interfaces/share/ament_index/resource_index/package_run_dependencies/ros2_aruco_interfaces
[0.795s] -- Up-to-date: /home/jorge/capture_ws/install/ros2_aruco_interfaces/share/ament_index/resource_index/parent_prefix_path/ros2_aruco_interfaces
[0.795s] -- Up-to-date: /home/jorge/capture_ws/install/ros2_aruco_interfaces/share/ros2_aruco_interfaces/environment/ament_prefix_path.sh
[0.796s] -- Up-to-date: /home/jorge/capture_ws/install/ros2_aruco_interfaces/share/ros2_aruco_interfaces/environment/ament_prefix_path.dsv
[0.796s] -- Up-to-date: /home/jorge/capture_ws/install/ros2_aruco_interfaces/share/ros2_aruco_interfaces/environment/path.sh
[0.796s] -- Up-to-date: /home/jorge/capture_ws/install/ros2_aruco_interfaces/share/ros2_aruco_interfaces/environment/path.dsv
[0.796s] -- Up-to-date: /home/jorge/capture_ws/install/ros2_aruco_interfaces/share/ros2_aruco_interfaces/local_setup.bash
[0.796s] -- Up-to-date: /home/jorge/capture_ws/install/ros2_aruco_interfaces/share/ros2_aruco_interfaces/local_setup.sh
[0.796s] -- Up-to-date: /home/jorge/capture_ws/install/ros2_aruco_interfaces/share/ros2_aruco_interfaces/local_setup.zsh
[0.797s] -- Up-to-date: /home/jorge/capture_ws/install/ros2_aruco_interfaces/share/ros2_aruco_interfaces/local_setup.dsv
[0.797s] -- Installing: /home/jorge/capture_ws/install/ros2_aruco_interfaces/share/ros2_aruco_interfaces/package.dsv
[0.797s] -- Up-to-date: /home/jorge/capture_ws/install/ros2_aruco_interfaces/share/ament_index/resource_index/packages/ros2_aruco_interfaces
[0.798s] -- Up-to-date: /home/jorge/capture_ws/install/ros2_aruco_interfaces/share/ros2_aruco_interfaces/cmake/ros2_aruco_interfaces__rosidl_generator_cExport.cmake
[0.799s] -- Up-to-date: /home/jorge/capture_ws/install/ros2_aruco_interfaces/share/ros2_aruco_interfaces/cmake/ros2_aruco_interfaces__rosidl_generator_cExport-noconfig.cmake
[0.803s] -- Up-to-date: /home/jorge/capture_ws/install/ros2_aruco_interfaces/share/ros2_aruco_interfaces/cmake/ros2_aruco_interfaces__rosidl_typesupport_introspection_cExport.cmake
[0.804s] -- Up-to-date: /home/jorge/capture_ws/install/ros2_aruco_interfaces/share/ros2_aruco_interfaces/cmake/ros2_aruco_interfaces__rosidl_typesupport_introspection_cExport-noconfig.cmake
[0.805s] -- Up-to-date: /home/jorge/capture_ws/install/ros2_aruco_interfaces/share/ros2_aruco_interfaces/cmake/ros2_aruco_interfaces__rosidl_typesupport_cExport.cmake
[0.806s] -- Up-to-date: /home/jorge/capture_ws/install/ros2_aruco_interfaces/share/ros2_aruco_interfaces/cmake/ros2_aruco_interfaces__rosidl_typesupport_cExport-noconfig.cmake
[0.809s] -- Up-to-date: /home/jorge/capture_ws/install/ros2_aruco_interfaces/share/ros2_aruco_interfaces/cmake/ros2_aruco_interfaces__rosidl_generator_cppExport.cmake
[0.812s] -- Up-to-date: /home/jorge/capture_ws/install/ros2_aruco_interfaces/share/ros2_aruco_interfaces/cmake/ros2_aruco_interfaces__rosidl_typesupport_introspection_cppExport.cmake
[0.812s] -- Up-to-date: /home/jorge/capture_ws/install/ros2_aruco_interfaces/share/ros2_aruco_interfaces/cmake/ros2_aruco_interfaces__rosidl_typesupport_introspection_cppExport-noconfig.cmake
[0.813s] -- Up-to-date: /home/jorge/capture_ws/install/ros2_aruco_interfaces/share/ros2_aruco_interfaces/cmake/ros2_aruco_interfaces__rosidl_typesupport_cppExport.cmake
[0.813s] -- Up-to-date: /home/jorge/capture_ws/install/ros2_aruco_interfaces/share/ros2_aruco_interfaces/cmake/ros2_aruco_interfaces__rosidl_typesupport_cppExport-noconfig.cmake
[0.814s] -- Up-to-date: /home/jorge/capture_ws/install/ros2_aruco_interfaces/share/ros2_aruco_interfaces/cmake/rosidl_cmake-extras.cmake
[0.814s] -- Up-to-date: /home/jorge/capture_ws/install/ros2_aruco_interfaces/share/ros2_aruco_interfaces/cmake/ament_cmake_export_dependencies-extras.cmake
[0.814s] -- Up-to-date: /home/jorge/capture_ws/install/ros2_aruco_interfaces/share/ros2_aruco_interfaces/cmake/ament_cmake_export_libraries-extras.cmake
[0.814s] -- Up-to-date: /home/jorge/capture_ws/install/ros2_aruco_interfaces/share/ros2_aruco_interfaces/cmake/ament_cmake_export_targets-extras.cmake
[0.815s] -- Up-to-date: /home/jorge/capture_ws/install/ros2_aruco_interfaces/share/ros2_aruco_interfaces/cmake/ament_cmake_export_include_directories-extras.cmake
[0.815s] -- Up-to-date: /home/jorge/capture_ws/install/ros2_aruco_interfaces/share/ros2_aruco_interfaces/cmake/rosidl_cmake_export_typesupport_libraries-extras.cmake
[0.815s] -- Up-to-date: /home/jorge/capture_ws/install/ros2_aruco_interfaces/share/ros2_aruco_interfaces/cmake/rosidl_cmake_export_typesupport_targets-extras.cmake
[0.816s] -- Up-to-date: /home/jorge/capture_ws/install/ros2_aruco_interfaces/share/ros2_aruco_interfaces/cmake/ros2_aruco_interfacesConfig.cmake
[0.816s] -- Up-to-date: /home/jorge/capture_ws/install/ros2_aruco_interfaces/share/ros2_aruco_interfaces/cmake/ros2_aruco_interfacesConfig-version.cmake
[0.818s] -- Up-to-date: /home/jorge/capture_ws/install/ros2_aruco_interfaces/share/ros2_aruco_interfaces/package.xml
[0.821s] Invoked command in '/home/jorge/capture_ws/build/ros2_aruco_interfaces' returned '0': CMAKE_PREFIX_PATH=${CMAKE_PREFIX_PATH}:/home/jorge/capture_ws/install/ros2_aruco:/opt/ros/foxy /usr/bin/cmake --install /home/jorge/capture_ws/build/ros2_aruco_interfaces
