[1.289s] Invoking command in '/home/jorge/capture_ws/src/ros2_aruco/ros2_aruco': PYTHONPATH=/home/jorge/capture_ws/build/ros2_aruco/prefix_override:/home/jorge/capture_ws/install/ros2_aruco/lib/python3.8/site-packages:${PYTHONPATH} /usr/bin/python3 -W ignore:setup.py install is deprecated setup.py egg_info --egg-base ../../../build/ros2_aruco build --build-base /home/jorge/capture_ws/build/ros2_aruco/build install --record /home/jorge/capture_ws/build/ros2_aruco/install.log --single-version-externally-managed install_data
[1.637s] running egg_info
[1.638s] creating ../../../build/ros2_aruco/ros2_aruco.egg-info
[1.638s] writing ../../../build/ros2_aruco/ros2_aruco.egg-info/PKG-INFO
[1.639s] writing dependency_links to ../../../build/ros2_aruco/ros2_aruco.egg-info/dependency_links.txt
[1.639s] writing entry points to ../../../build/ros2_aruco/ros2_aruco.egg-info/entry_points.txt
[1.639s] writing requirements to ../../../build/ros2_aruco/ros2_aruco.egg-info/requires.txt
[1.639s] writing top-level names to ../../../build/ros2_aruco/ros2_aruco.egg-info/top_level.txt
[1.642s] writing manifest file '../../../build/ros2_aruco/ros2_aruco.egg-info/SOURCES.txt'
[1.685s] reading manifest file '../../../build/ros2_aruco/ros2_aruco.egg-info/SOURCES.txt'
[1.686s] writing manifest file '../../../build/ros2_aruco/ros2_aruco.egg-info/SOURCES.txt'
[1.687s] running build
[1.687s] running build_py
[1.687s] creating /home/jorge/capture_ws/build/ros2_aruco/build
[1.687s] creating /home/jorge/capture_ws/build/ros2_aruco/build/lib
[1.687s] creating /home/jorge/capture_ws/build/ros2_aruco/build/lib/ros2_aruco
[1.688s] copying ros2_aruco/__init__.py -> /home/jorge/capture_ws/build/ros2_aruco/build/lib/ros2_aruco
[1.688s] copying ros2_aruco/aruco_generate_marker.py -> /home/jorge/capture_ws/build/ros2_aruco/build/lib/ros2_aruco
[1.688s] copying ros2_aruco/aruco_node.py -> /home/jorge/capture_ws/build/ros2_aruco/build/lib/ros2_aruco
[1.688s] running install
[1.689s] running install_lib
[1.690s] creating /home/jorge/capture_ws/install/ros2_aruco/lib/python3.8/site-packages/ros2_aruco
[1.691s] copying /home/jorge/capture_ws/build/ros2_aruco/build/lib/ros2_aruco/__init__.py -> /home/jorge/capture_ws/install/ros2_aruco/lib/python3.8/site-packages/ros2_aruco
[1.691s] copying /home/jorge/capture_ws/build/ros2_aruco/build/lib/ros2_aruco/aruco_generate_marker.py -> /home/jorge/capture_ws/install/ros2_aruco/lib/python3.8/site-packages/ros2_aruco
[1.691s] copying /home/jorge/capture_ws/build/ros2_aruco/build/lib/ros2_aruco/aruco_node.py -> /home/jorge/capture_ws/install/ros2_aruco/lib/python3.8/site-packages/ros2_aruco
[1.692s] byte-compiling /home/jorge/capture_ws/install/ros2_aruco/lib/python3.8/site-packages/ros2_aruco/__init__.py to __init__.cpython-38.pyc
[1.695s] byte-compiling /home/jorge/capture_ws/install/ros2_aruco/lib/python3.8/site-packages/ros2_aruco/aruco_generate_marker.py to aruco_generate_marker.cpython-38.pyc
[1.695s] byte-compiling /home/jorge/capture_ws/install/ros2_aruco/lib/python3.8/site-packages/ros2_aruco/aruco_node.py to aruco_node.cpython-38.pyc
[1.697s] running install_data
[1.697s] creating /home/jorge/capture_ws/install/ros2_aruco/share/ament_index
[1.697s] creating /home/jorge/capture_ws/install/ros2_aruco/share/ament_index/resource_index
[1.698s] creating /home/jorge/capture_ws/install/ros2_aruco/share/ament_index/resource_index/packages
[1.698s] copying resource/ros2_aruco -> /home/jorge/capture_ws/install/ros2_aruco/share/ament_index/resource_index/packages
[1.698s] copying package.xml -> /home/jorge/capture_ws/install/ros2_aruco/share/ros2_aruco
[1.698s] creating /home/jorge/capture_ws/install/ros2_aruco/share/ros2_aruco/launch
[1.698s] copying launch/aruco_recognition.launch.py -> /home/jorge/capture_ws/install/ros2_aruco/share/ros2_aruco/launch
[1.698s] creating /home/jorge/capture_ws/install/ros2_aruco/share/ros2_aruco/config
[1.699s] copying config/aruco_parameters.yaml -> /home/jorge/capture_ws/install/ros2_aruco/share/ros2_aruco/config
[1.699s] running install_egg_info
[1.701s] Copying ../../../build/ros2_aruco/ros2_aruco.egg-info to /home/jorge/capture_ws/install/ros2_aruco/lib/python3.8/site-packages/ros2_aruco-0.1.0-py3.8.egg-info
[1.702s] running install_scripts
[1.726s] Installing aruco_generate_marker script to /home/jorge/capture_ws/install/ros2_aruco/lib/ros2_aruco
[1.726s] Installing aruco_node script to /home/jorge/capture_ws/install/ros2_aruco/lib/ros2_aruco
[1.726s] writing list of installed files to '/home/jorge/capture_ws/build/ros2_aruco/install.log'
[1.756s] Invoked command in '/home/jorge/capture_ws/src/ros2_aruco/ros2_aruco' returned '0': PYTHONPATH=/home/jorge/capture_ws/build/ros2_aruco/prefix_override:/home/jorge/capture_ws/install/ros2_aruco/lib/python3.8/site-packages:${PYTHONPATH} /usr/bin/python3 -W ignore:setup.py install is deprecated setup.py egg_info --egg-base ../../../build/ros2_aruco build --build-base /home/jorge/capture_ws/build/ros2_aruco/build install --record /home/jorge/capture_ws/build/ros2_aruco/install.log --single-version-externally-managed install_data
