-- Found ament_cmake: 0.9.12 (/opt/ros/foxy/share/ament_cmake/cmake)
-- Using PYTHON_EXECUTABLE: /usr/bin/python3
-- Found rclcpp: 2.4.3 (/opt/ros/foxy/share/rclcpp/cmake)
-- Using all available rosidl_typesupport_c: rosidl_typesupport_fastrtps_c;rosidl_typesupport_introspection_c
-- Found rosidl_adapter: 1.3.1 (/opt/ros/foxy/share/rosidl_adapter/cmake)
-- Using all available rosidl_typesupport_cpp: rosidl_typesupport_fastrtps_cpp;rosidl_typesupport_introspection_cpp
-- Found rmw_implementation_cmake: 1.0.4 (/opt/ros/foxy/share/rmw_implementation_cmake/cmake)
-- Using RMW implementation 'rmw_fastrtps_cpp' as default
-- Found cv_bridge: 3.0.7 (/opt/ros/foxy/share/cv_bridge/cmake)
-- Found ros2_aruco_interfaces: 0.1.0 (/home/jorge/capture_ws/install/ros2_aruco_interfaces/share/ros2_aruco_interfaces/cmake)
-- Configuring done
-- Generating done
-- Build files have been written to: /home/jorge/capture_ws/build/cnn_pkg
[35m[1mScanning dependencies of target cnn_exe[0m
[ 20%] Built target get_aruco_exe
[ 40%] Built target send_frames_exe
[ 60%] Built target get_frames_exe
[ 80%] Built target sort_dataset_exe
[ 90%] [32mBuilding CXX object CMakeFiles/cnn_exe.dir/src/cnn_code.cpp.o[0m
[100%] [32m[1mLinking CXX executable cnn_exe[0m
