[0.040s] Invoking command in '/home/jorge/capture_ws/build/alg1_pkg': CMAKE_PREFIX_PATH=${CMAKE_PREFIX_PATH}:/home/jorge/capture_ws/install/ros2_aruco:/opt/ros/foxy /usr/bin/cmake /home/jorge/capture_ws/src/alg1_pkg -DCMAKE_INSTALL_PREFIX=/home/jorge/capture_ws/install/alg1_pkg
[0.489s] -- The C compiler identification is GNU 9.4.0
[0.490s] -- The CXX compiler identification is GNU 9.4.0
[0.491s] -- Check for working C compiler: /usr/bin/cc
[0.538s] -- Check for working C compiler: /usr/bin/cc -- works
[0.540s] -- Detecting C compiler ABI info
[0.659s] -- Detecting C compiler ABI info - done
[0.681s] -- Detecting C compile features
[0.681s] -- Detecting C compile features - done
[0.685s] -- Check for working CXX compiler: /usr/bin/c++
[0.809s] -- Check for working CXX compiler: /usr/bin/c++ -- works
[0.811s] -- Detecting CXX compiler ABI info
[0.933s] -- Detecting CXX compiler ABI info - done
[1.014s] -- Detecting CXX compile features
[1.015s] -- Detecting CXX compile features - done
[1.046s] -- Found OpenCV: /usr (found version "4.2.0") 
[1.049s] -- Found ament_cmake: 0.9.12 (/opt/ros/foxy/share/ament_cmake/cmake)
[1.095s] -- Found PythonInterp: /usr/bin/python3 (found suitable version "3.8.10", minimum required is "3") 
[1.095s] -- Using PYTHON_EXECUTABLE: /usr/bin/python3
[1.535s] -- Found rclcpp: 2.4.3 (/opt/ros/foxy/share/rclcpp/cmake)
[1.627s] -- Using all available rosidl_typesupport_c: rosidl_typesupport_fastrtps_c;rosidl_typesupport_introspection_c
[1.640s] -- Found rosidl_adapter: 1.3.1 (/opt/ros/foxy/share/rosidl_adapter/cmake)
[1.784s] -- Found OpenSSL: /usr/lib/x86_64-linux-gnu/libcrypto.so (found version "1.1.1f")  
[1.832s] -- Found FastRTPS: /opt/ros/foxy/include  
[1.936s] -- Using all available rosidl_typesupport_cpp: rosidl_typesupport_fastrtps_cpp;rosidl_typesupport_introspection_cpp
[2.033s] -- Found rmw_implementation_cmake: 1.0.4 (/opt/ros/foxy/share/rmw_implementation_cmake/cmake)
[2.037s] -- Using RMW implementation 'rmw_fastrtps_cpp' as default
[2.040s] -- Looking for pthread.h
[2.134s] -- Looking for pthread.h - found
[2.134s] -- Performing Test CMAKE_HAVE_LIBC_PTHREAD
[2.231s] -- Performing Test CMAKE_HAVE_LIBC_PTHREAD - Failed
[2.231s] -- Looking for pthread_create in pthreads
[2.311s] -- Looking for pthread_create in pthreads - not found
[2.311s] -- Looking for pthread_create in pthread
[2.412s] -- Looking for pthread_create in pthread - found
[2.413s] -- Found Threads: TRUE  
[2.658s] -- Found cv_bridge: 3.0.7 (/opt/ros/foxy/share/cv_bridge/cmake)
[2.935s] -- Configuring done
[2.988s] -- Generating done
[2.990s] -- Build files have been written to: /home/jorge/capture_ws/build/alg1_pkg
[3.007s] Invoked command in '/home/jorge/capture_ws/build/alg1_pkg' returned '0': CMAKE_PREFIX_PATH=${CMAKE_PREFIX_PATH}:/home/jorge/capture_ws/install/ros2_aruco:/opt/ros/foxy /usr/bin/cmake /home/jorge/capture_ws/src/alg1_pkg -DCMAKE_INSTALL_PREFIX=/home/jorge/capture_ws/install/alg1_pkg
[3.011s] Invoking command in '/home/jorge/capture_ws/build/alg1_pkg': CMAKE_PREFIX_PATH=${CMAKE_PREFIX_PATH}:/home/jorge/capture_ws/install/ros2_aruco:/opt/ros/foxy /usr/bin/cmake --build /home/jorge/capture_ws/build/alg1_pkg -- -j8 -l8
[3.078s] [35m[1mScanning dependencies of target alg1_exe[0m
[3.310s] [ 50%] [32mBuilding CXX object CMakeFiles/alg1_exe.dir/src/alg1_code.cpp.o[0m
[16.335s] [100%] [32m[1mLinking CXX executable alg1_exe[0m
[19.168s] [100%] Built target alg1_exe
[19.238s] Invoked command in '/home/jorge/capture_ws/build/alg1_pkg' returned '0': CMAKE_PREFIX_PATH=${CMAKE_PREFIX_PATH}:/home/jorge/capture_ws/install/ros2_aruco:/opt/ros/foxy /usr/bin/cmake --build /home/jorge/capture_ws/build/alg1_pkg -- -j8 -l8
[19.389s] Invoking command in '/home/jorge/capture_ws/build/alg1_pkg': CMAKE_PREFIX_PATH=${CMAKE_PREFIX_PATH}:/home/jorge/capture_ws/install/ros2_aruco:/opt/ros/foxy /usr/bin/cmake --install /home/jorge/capture_ws/build/alg1_pkg
[19.414s] -- Install configuration: ""
[19.414s] -- Installing: /home/jorge/capture_ws/install/alg1_pkg/lib/alg1_pkg/alg1_exe
[19.419s] -- Set runtime path of "/home/jorge/capture_ws/install/alg1_pkg/lib/alg1_pkg/alg1_exe" to ""
[19.419s] -- Installing: /home/jorge/capture_ws/install/alg1_pkg/share/ament_index/resource_index/package_run_dependencies/alg1_pkg
[19.420s] -- Installing: /home/jorge/capture_ws/install/alg1_pkg/share/ament_index/resource_index/parent_prefix_path/alg1_pkg
[19.420s] -- Installing: /home/jorge/capture_ws/install/alg1_pkg/share/alg1_pkg/environment/ament_prefix_path.sh
[19.421s] -- Installing: /home/jorge/capture_ws/install/alg1_pkg/share/alg1_pkg/environment/ament_prefix_path.dsv
[19.421s] -- Installing: /home/jorge/capture_ws/install/alg1_pkg/share/alg1_pkg/environment/path.sh
[19.422s] -- Installing: /home/jorge/capture_ws/install/alg1_pkg/share/alg1_pkg/environment/path.dsv
[19.422s] -- Installing: /home/jorge/capture_ws/install/alg1_pkg/share/alg1_pkg/local_setup.bash
[19.423s] -- Installing: /home/jorge/capture_ws/install/alg1_pkg/share/alg1_pkg/local_setup.sh
[19.423s] -- Installing: /home/jorge/capture_ws/install/alg1_pkg/share/alg1_pkg/local_setup.zsh
[19.423s] -- Installing: /home/jorge/capture_ws/install/alg1_pkg/share/alg1_pkg/local_setup.dsv
[19.423s] -- Installing: /home/jorge/capture_ws/install/alg1_pkg/share/alg1_pkg/package.dsv
[19.423s] -- Installing: /home/jorge/capture_ws/install/alg1_pkg/share/ament_index/resource_index/packages/alg1_pkg
[19.435s] -- Installing: /home/jorge/capture_ws/install/alg1_pkg/share/alg1_pkg/cmake/alg1_pkgConfig.cmake
[19.435s] -- Installing: /home/jorge/capture_ws/install/alg1_pkg/share/alg1_pkg/cmake/alg1_pkgConfig-version.cmake
[19.436s] -- Installing: /home/jorge/capture_ws/install/alg1_pkg/share/alg1_pkg/package.xml
[19.436s] Invoked command in '/home/jorge/capture_ws/build/alg1_pkg' returned '0': CMAKE_PREFIX_PATH=${CMAKE_PREFIX_PATH}:/home/jorge/capture_ws/install/ros2_aruco:/opt/ros/foxy /usr/bin/cmake --install /home/jorge/capture_ws/build/alg1_pkg
