[0.020s] Invoking command in '/home/jorge/capture_ws/build/cnn_pkg': CMAKE_PREFIX_PATH=/home/jorge/capture_ws/install/ros2_aruco_interfaces:/home/jorge/capture_ws/install/cnn_pkg:/home/jorge/capture_ws/install/realsense2_description:/home/jorge/capture_ws/install/realsense2_camera:/home/jorge/capture_ws/install/realsense2_camera_msgs:/home/jorge/capture_ws/install/dnn_pkg:/home/jorge/capture_ws/install/alg1_pkg:/home/jorge/capture_ws/install/ros2_aruco:/opt/ros/foxy /usr/bin/cmake --build /home/jorge/capture_ws/build/cnn_pkg -- -j8 -l8
[0.113s] [ 20%] Built target get_frames2_exe
[0.119s] [ 40%] Built target sort_dataset_exe
[0.119s] [ 60%] Built target get_aruco_exe
[0.120s] [ 80%] Built target send_frames_exe
[0.125s] [100%] Built target get_frames_exe
[0.142s] Invoked command in '/home/jorge/capture_ws/build/cnn_pkg' returned '0': CMAKE_PREFIX_PATH=/home/jorge/capture_ws/install/ros2_aruco_interfaces:/home/jorge/capture_ws/install/cnn_pkg:/home/jorge/capture_ws/install/realsense2_description:/home/jorge/capture_ws/install/realsense2_camera:/home/jorge/capture_ws/install/realsense2_camera_msgs:/home/jorge/capture_ws/install/dnn_pkg:/home/jorge/capture_ws/install/alg1_pkg:/home/jorge/capture_ws/install/ros2_aruco:/opt/ros/foxy /usr/bin/cmake --build /home/jorge/capture_ws/build/cnn_pkg -- -j8 -l8
[0.192s] Invoking command in '/home/jorge/capture_ws/build/cnn_pkg': CMAKE_PREFIX_PATH=/home/jorge/capture_ws/install/ros2_aruco_interfaces:/home/jorge/capture_ws/install/cnn_pkg:/home/jorge/capture_ws/install/realsense2_description:/home/jorge/capture_ws/install/realsense2_camera:/home/jorge/capture_ws/install/realsense2_camera_msgs:/home/jorge/capture_ws/install/dnn_pkg:/home/jorge/capture_ws/install/alg1_pkg:/home/jorge/capture_ws/install/ros2_aruco:/opt/ros/foxy /usr/bin/cmake --install /home/jorge/capture_ws/build/cnn_pkg
[0.208s] -- Install configuration: ""
[0.208s] -- Up-to-date: /home/jorge/capture_ws/install/cnn_pkg/lib/cnn_pkg/get_frames_exe
[0.208s] -- Up-to-date: /home/jorge/capture_ws/install/cnn_pkg/lib/cnn_pkg/get_frames2_exe
[0.209s] -- Up-to-date: /home/jorge/capture_ws/install/cnn_pkg/lib/cnn_pkg/send_frames_exe
[0.210s] -- Up-to-date: /home/jorge/capture_ws/install/cnn_pkg/lib/cnn_pkg/get_aruco_exe
[0.212s] -- Up-to-date: /home/jorge/capture_ws/install/cnn_pkg/lib/cnn_pkg/sort_dataset_exe
[0.212s] -- Up-to-date: /home/jorge/capture_ws/install/cnn_pkg/share/ament_index/resource_index/package_run_dependencies/cnn_pkg
[0.212s] -- Up-to-date: /home/jorge/capture_ws/install/cnn_pkg/share/ament_index/resource_index/parent_prefix_path/cnn_pkg
[0.213s] -- Up-to-date: /home/jorge/capture_ws/install/cnn_pkg/share/cnn_pkg/environment/ament_prefix_path.sh
[0.213s] -- Up-to-date: /home/jorge/capture_ws/install/cnn_pkg/share/cnn_pkg/environment/ament_prefix_path.dsv
[0.213s] -- Up-to-date: /home/jorge/capture_ws/install/cnn_pkg/share/cnn_pkg/environment/path.sh
[0.213s] -- Up-to-date: /home/jorge/capture_ws/install/cnn_pkg/share/cnn_pkg/environment/path.dsv
[0.213s] -- Up-to-date: /home/jorge/capture_ws/install/cnn_pkg/share/cnn_pkg/local_setup.bash
[0.214s] -- Up-to-date: /home/jorge/capture_ws/install/cnn_pkg/share/cnn_pkg/local_setup.sh
[0.214s] -- Up-to-date: /home/jorge/capture_ws/install/cnn_pkg/share/cnn_pkg/local_setup.zsh
[0.214s] -- Up-to-date: /home/jorge/capture_ws/install/cnn_pkg/share/cnn_pkg/local_setup.dsv
[0.214s] -- Installing: /home/jorge/capture_ws/install/cnn_pkg/share/cnn_pkg/package.dsv
[0.214s] -- Up-to-date: /home/jorge/capture_ws/install/cnn_pkg/share/ament_index/resource_index/packages/cnn_pkg
[0.214s] -- Up-to-date: /home/jorge/capture_ws/install/cnn_pkg/share/cnn_pkg/cmake/cnn_pkgConfig.cmake
[0.215s] -- Up-to-date: /home/jorge/capture_ws/install/cnn_pkg/share/cnn_pkg/cmake/cnn_pkgConfig-version.cmake
[0.216s] -- Up-to-date: /home/jorge/capture_ws/install/cnn_pkg/share/cnn_pkg/package.xml
[0.218s] Invoked command in '/home/jorge/capture_ws/build/cnn_pkg' returned '0': CMAKE_PREFIX_PATH=/home/jorge/capture_ws/install/ros2_aruco_interfaces:/home/jorge/capture_ws/install/cnn_pkg:/home/jorge/capture_ws/install/realsense2_description:/home/jorge/capture_ws/install/realsense2_camera:/home/jorge/capture_ws/install/realsense2_camera_msgs:/home/jorge/capture_ws/install/dnn_pkg:/home/jorge/capture_ws/install/alg1_pkg:/home/jorge/capture_ws/install/ros2_aruco:/opt/ros/foxy /usr/bin/cmake --install /home/jorge/capture_ws/build/cnn_pkg
